[2023-09-05T08:26:01.548+0000] {processor.py:157} INFO - Started process (PID=239) to work on /home/airflow/.local/lib/python3.8/site-packages/airflow/example_dags/example_params_ui_tutorial.py
[2023-09-05T08:26:01.559+0000] {processor.py:829} INFO - Processing file /home/airflow/.local/lib/python3.8/site-packages/airflow/example_dags/example_params_ui_tutorial.py for tasks to queue
[2023-09-05T08:26:01.561+0000] {logging_mixin.py:151} INFO - [2023-09-05T08:26:01.560+0000] {dagbag.py:539} INFO - Filling up the DagBag from /home/airflow/.local/lib/python3.8/site-packages/airflow/example_dags/example_params_ui_tutorial.py
[2023-09-05T08:26:01.689+0000] {processor.py:839} INFO - DAG(s) dict_keys(['example_params_ui_tutorial']) retrieved from /home/airflow/.local/lib/python3.8/site-packages/airflow/example_dags/example_params_ui_tutorial.py
[2023-09-05T08:26:01.755+0000] {logging_mixin.py:151} INFO - [2023-09-05T08:26:01.754+0000] {dag.py:2907} INFO - Sync 1 DAGs
[2023-09-05T08:26:01.824+0000] {logging_mixin.py:151} INFO - [2023-09-05T08:26:01.824+0000] {dag.py:3677} INFO - Setting next_dagrun for example_params_ui_tutorial to None, run_after=None
[2023-09-05T08:26:02.090+0000] {processor.py:179} INFO - Processing /home/airflow/.local/lib/python3.8/site-packages/airflow/example_dags/example_params_ui_tutorial.py took 0.550 seconds
[2023-09-05T08:26:32.254+0000] {processor.py:157} INFO - Started process (PID=479) to work on /home/airflow/.local/lib/python3.8/site-packages/airflow/example_dags/example_params_ui_tutorial.py
[2023-09-05T08:26:32.255+0000] {processor.py:829} INFO - Processing file /home/airflow/.local/lib/python3.8/site-packages/airflow/example_dags/example_params_ui_tutorial.py for tasks to queue
[2023-09-05T08:26:32.256+0000] {logging_mixin.py:151} INFO - [2023-09-05T08:26:32.255+0000] {dagbag.py:539} INFO - Filling up the DagBag from /home/airflow/.local/lib/python3.8/site-packages/airflow/example_dags/example_params_ui_tutorial.py
[2023-09-05T08:26:32.302+0000] {processor.py:839} INFO - DAG(s) dict_keys(['example_params_ui_tutorial']) retrieved from /home/airflow/.local/lib/python3.8/site-packages/airflow/example_dags/example_params_ui_tutorial.py
[2023-09-05T08:26:32.365+0000] {logging_mixin.py:151} INFO - [2023-09-05T08:26:32.364+0000] {dag.py:2907} INFO - Sync 1 DAGs
[2023-09-05T08:26:32.376+0000] {logging_mixin.py:151} INFO - [2023-09-05T08:26:32.376+0000] {dag.py:3677} INFO - Setting next_dagrun for example_params_ui_tutorial to None, run_after=None
[2023-09-05T08:26:32.397+0000] {processor.py:179} INFO - Processing /home/airflow/.local/lib/python3.8/site-packages/airflow/example_dags/example_params_ui_tutorial.py took 0.147 seconds
[2023-09-05T08:27:03.030+0000] {processor.py:157} INFO - Started process (PID=717) to work on /home/airflow/.local/lib/python3.8/site-packages/airflow/example_dags/example_params_ui_tutorial.py
[2023-09-05T08:27:03.031+0000] {processor.py:829} INFO - Processing file /home/airflow/.local/lib/python3.8/site-packages/airflow/example_dags/example_params_ui_tutorial.py for tasks to queue
[2023-09-05T08:27:03.032+0000] {logging_mixin.py:151} INFO - [2023-09-05T08:27:03.032+0000] {dagbag.py:539} INFO - Filling up the DagBag from /home/airflow/.local/lib/python3.8/site-packages/airflow/example_dags/example_params_ui_tutorial.py
[2023-09-05T08:27:03.104+0000] {processor.py:839} INFO - DAG(s) dict_keys(['example_params_ui_tutorial']) retrieved from /home/airflow/.local/lib/python3.8/site-packages/airflow/example_dags/example_params_ui_tutorial.py
[2023-09-05T08:27:03.394+0000] {logging_mixin.py:151} INFO - [2023-09-05T08:27:03.394+0000] {dag.py:2907} INFO - Sync 1 DAGs
[2023-09-05T08:27:03.406+0000] {logging_mixin.py:151} INFO - [2023-09-05T08:27:03.406+0000] {dag.py:3677} INFO - Setting next_dagrun for example_params_ui_tutorial to None, run_after=None
[2023-09-05T08:27:03.425+0000] {processor.py:179} INFO - Processing /home/airflow/.local/lib/python3.8/site-packages/airflow/example_dags/example_params_ui_tutorial.py took 0.400 seconds
[2023-09-05T08:27:33.668+0000] {processor.py:157} INFO - Started process (PID=953) to work on /home/airflow/.local/lib/python3.8/site-packages/airflow/example_dags/example_params_ui_tutorial.py
[2023-09-05T08:27:33.669+0000] {processor.py:829} INFO - Processing file /home/airflow/.local/lib/python3.8/site-packages/airflow/example_dags/example_params_ui_tutorial.py for tasks to queue
[2023-09-05T08:27:33.671+0000] {logging_mixin.py:151} INFO - [2023-09-05T08:27:33.670+0000] {dagbag.py:539} INFO - Filling up the DagBag from /home/airflow/.local/lib/python3.8/site-packages/airflow/example_dags/example_params_ui_tutorial.py
[2023-09-05T08:27:33.748+0000] {processor.py:839} INFO - DAG(s) dict_keys(['example_params_ui_tutorial']) retrieved from /home/airflow/.local/lib/python3.8/site-packages/airflow/example_dags/example_params_ui_tutorial.py
[2023-09-05T08:27:33.856+0000] {logging_mixin.py:151} INFO - [2023-09-05T08:27:33.855+0000] {dag.py:2907} INFO - Sync 1 DAGs
[2023-09-05T08:27:33.875+0000] {logging_mixin.py:151} INFO - [2023-09-05T08:27:33.875+0000] {dag.py:3677} INFO - Setting next_dagrun for example_params_ui_tutorial to None, run_after=None
[2023-09-05T08:27:33.901+0000] {processor.py:179} INFO - Processing /home/airflow/.local/lib/python3.8/site-packages/airflow/example_dags/example_params_ui_tutorial.py took 0.246 seconds
[2023-09-05T08:28:03.990+0000] {processor.py:157} INFO - Started process (PID=1186) to work on /home/airflow/.local/lib/python3.8/site-packages/airflow/example_dags/example_params_ui_tutorial.py
[2023-09-05T08:28:03.992+0000] {processor.py:829} INFO - Processing file /home/airflow/.local/lib/python3.8/site-packages/airflow/example_dags/example_params_ui_tutorial.py for tasks to queue
[2023-09-05T08:28:03.993+0000] {logging_mixin.py:151} INFO - [2023-09-05T08:28:03.992+0000] {dagbag.py:539} INFO - Filling up the DagBag from /home/airflow/.local/lib/python3.8/site-packages/airflow/example_dags/example_params_ui_tutorial.py
[2023-09-05T08:28:04.055+0000] {processor.py:839} INFO - DAG(s) dict_keys(['example_params_ui_tutorial']) retrieved from /home/airflow/.local/lib/python3.8/site-packages/airflow/example_dags/example_params_ui_tutorial.py
[2023-09-05T08:28:04.173+0000] {logging_mixin.py:151} INFO - [2023-09-05T08:28:04.173+0000] {dag.py:2907} INFO - Sync 1 DAGs
[2023-09-05T08:28:04.205+0000] {logging_mixin.py:151} INFO - [2023-09-05T08:28:04.205+0000] {dag.py:3677} INFO - Setting next_dagrun for example_params_ui_tutorial to None, run_after=None
[2023-09-05T08:28:04.253+0000] {processor.py:179} INFO - Processing /home/airflow/.local/lib/python3.8/site-packages/airflow/example_dags/example_params_ui_tutorial.py took 0.268 seconds
[2023-09-05T08:28:35.400+0000] {processor.py:157} INFO - Started process (PID=1434) to work on /home/airflow/.local/lib/python3.8/site-packages/airflow/example_dags/example_params_ui_tutorial.py
[2023-09-05T08:28:35.407+0000] {processor.py:829} INFO - Processing file /home/airflow/.local/lib/python3.8/site-packages/airflow/example_dags/example_params_ui_tutorial.py for tasks to queue
[2023-09-05T08:28:35.409+0000] {logging_mixin.py:151} INFO - [2023-09-05T08:28:35.408+0000] {dagbag.py:539} INFO - Filling up the DagBag from /home/airflow/.local/lib/python3.8/site-packages/airflow/example_dags/example_params_ui_tutorial.py
[2023-09-05T08:28:36.265+0000] {processor.py:839} INFO - DAG(s) dict_keys(['example_params_ui_tutorial']) retrieved from /home/airflow/.local/lib/python3.8/site-packages/airflow/example_dags/example_params_ui_tutorial.py
[2023-09-05T08:28:37.268+0000] {logging_mixin.py:151} INFO - [2023-09-05T08:28:37.268+0000] {dag.py:2907} INFO - Sync 1 DAGs
[2023-09-05T08:28:37.429+0000] {logging_mixin.py:151} INFO - [2023-09-05T08:28:37.428+0000] {dag.py:3677} INFO - Setting next_dagrun for example_params_ui_tutorial to None, run_after=None
[2023-09-05T08:28:37.641+0000] {processor.py:179} INFO - Processing /home/airflow/.local/lib/python3.8/site-packages/airflow/example_dags/example_params_ui_tutorial.py took 2.275 seconds
[2023-09-05T08:29:07.866+0000] {processor.py:157} INFO - Started process (PID=1711) to work on /home/airflow/.local/lib/python3.8/site-packages/airflow/example_dags/example_params_ui_tutorial.py
[2023-09-05T08:29:07.869+0000] {processor.py:829} INFO - Processing file /home/airflow/.local/lib/python3.8/site-packages/airflow/example_dags/example_params_ui_tutorial.py for tasks to queue
[2023-09-05T08:29:07.874+0000] {logging_mixin.py:151} INFO - [2023-09-05T08:29:07.873+0000] {dagbag.py:539} INFO - Filling up the DagBag from /home/airflow/.local/lib/python3.8/site-packages/airflow/example_dags/example_params_ui_tutorial.py
[2023-09-05T08:29:07.986+0000] {processor.py:839} INFO - DAG(s) dict_keys(['example_params_ui_tutorial']) retrieved from /home/airflow/.local/lib/python3.8/site-packages/airflow/example_dags/example_params_ui_tutorial.py
[2023-09-05T08:29:08.132+0000] {logging_mixin.py:151} INFO - [2023-09-05T08:29:08.129+0000] {dag.py:2907} INFO - Sync 1 DAGs
[2023-09-05T08:29:08.152+0000] {logging_mixin.py:151} INFO - [2023-09-05T08:29:08.152+0000] {dag.py:3677} INFO - Setting next_dagrun for example_params_ui_tutorial to None, run_after=None
[2023-09-05T08:29:08.187+0000] {processor.py:179} INFO - Processing /home/airflow/.local/lib/python3.8/site-packages/airflow/example_dags/example_params_ui_tutorial.py took 0.330 seconds
[2023-09-05T08:29:38.326+0000] {processor.py:157} INFO - Started process (PID=1949) to work on /home/airflow/.local/lib/python3.8/site-packages/airflow/example_dags/example_params_ui_tutorial.py
[2023-09-05T08:29:38.328+0000] {processor.py:829} INFO - Processing file /home/airflow/.local/lib/python3.8/site-packages/airflow/example_dags/example_params_ui_tutorial.py for tasks to queue
[2023-09-05T08:29:38.329+0000] {logging_mixin.py:151} INFO - [2023-09-05T08:29:38.329+0000] {dagbag.py:539} INFO - Filling up the DagBag from /home/airflow/.local/lib/python3.8/site-packages/airflow/example_dags/example_params_ui_tutorial.py
[2023-09-05T08:29:38.389+0000] {processor.py:839} INFO - DAG(s) dict_keys(['example_params_ui_tutorial']) retrieved from /home/airflow/.local/lib/python3.8/site-packages/airflow/example_dags/example_params_ui_tutorial.py
[2023-09-05T08:29:38.458+0000] {logging_mixin.py:151} INFO - [2023-09-05T08:29:38.458+0000] {dag.py:2907} INFO - Sync 1 DAGs
[2023-09-05T08:29:38.471+0000] {logging_mixin.py:151} INFO - [2023-09-05T08:29:38.471+0000] {dag.py:3677} INFO - Setting next_dagrun for example_params_ui_tutorial to None, run_after=None
[2023-09-05T08:29:38.489+0000] {processor.py:179} INFO - Processing /home/airflow/.local/lib/python3.8/site-packages/airflow/example_dags/example_params_ui_tutorial.py took 0.170 seconds
[2023-09-05T08:30:09.083+0000] {processor.py:157} INFO - Started process (PID=2187) to work on /home/airflow/.local/lib/python3.8/site-packages/airflow/example_dags/example_params_ui_tutorial.py
[2023-09-05T08:30:09.091+0000] {processor.py:829} INFO - Processing file /home/airflow/.local/lib/python3.8/site-packages/airflow/example_dags/example_params_ui_tutorial.py for tasks to queue
[2023-09-05T08:30:09.094+0000] {logging_mixin.py:151} INFO - [2023-09-05T08:30:09.093+0000] {dagbag.py:539} INFO - Filling up the DagBag from /home/airflow/.local/lib/python3.8/site-packages/airflow/example_dags/example_params_ui_tutorial.py
[2023-09-05T08:30:09.176+0000] {processor.py:839} INFO - DAG(s) dict_keys(['example_params_ui_tutorial']) retrieved from /home/airflow/.local/lib/python3.8/site-packages/airflow/example_dags/example_params_ui_tutorial.py
[2023-09-05T08:30:09.274+0000] {logging_mixin.py:151} INFO - [2023-09-05T08:30:09.274+0000] {dag.py:2907} INFO - Sync 1 DAGs
[2023-09-05T08:30:09.291+0000] {logging_mixin.py:151} INFO - [2023-09-05T08:30:09.291+0000] {dag.py:3677} INFO - Setting next_dagrun for example_params_ui_tutorial to None, run_after=None
[2023-09-05T08:30:09.318+0000] {processor.py:179} INFO - Processing /home/airflow/.local/lib/python3.8/site-packages/airflow/example_dags/example_params_ui_tutorial.py took 0.261 seconds
[2023-09-05T08:30:39.565+0000] {processor.py:157} INFO - Started process (PID=2430) to work on /home/airflow/.local/lib/python3.8/site-packages/airflow/example_dags/example_params_ui_tutorial.py
[2023-09-05T08:30:39.566+0000] {processor.py:829} INFO - Processing file /home/airflow/.local/lib/python3.8/site-packages/airflow/example_dags/example_params_ui_tutorial.py for tasks to queue
[2023-09-05T08:30:39.566+0000] {logging_mixin.py:151} INFO - [2023-09-05T08:30:39.566+0000] {dagbag.py:539} INFO - Filling up the DagBag from /home/airflow/.local/lib/python3.8/site-packages/airflow/example_dags/example_params_ui_tutorial.py
[2023-09-05T08:30:39.618+0000] {processor.py:839} INFO - DAG(s) dict_keys(['example_params_ui_tutorial']) retrieved from /home/airflow/.local/lib/python3.8/site-packages/airflow/example_dags/example_params_ui_tutorial.py
[2023-09-05T08:30:39.709+0000] {logging_mixin.py:151} INFO - [2023-09-05T08:30:39.709+0000] {dag.py:2907} INFO - Sync 1 DAGs
[2023-09-05T08:30:39.726+0000] {logging_mixin.py:151} INFO - [2023-09-05T08:30:39.726+0000] {dag.py:3677} INFO - Setting next_dagrun for example_params_ui_tutorial to None, run_after=None
[2023-09-05T08:30:39.752+0000] {processor.py:179} INFO - Processing /home/airflow/.local/lib/python3.8/site-packages/airflow/example_dags/example_params_ui_tutorial.py took 0.191 seconds
