[2023-09-05T08:26:02.829+0000] {processor.py:157} INFO - Started process (PID=261) to work on /home/airflow/.local/lib/python3.8/site-packages/airflow/example_dags/example_branch_labels.py
[2023-09-05T08:26:02.832+0000] {processor.py:829} INFO - Processing file /home/airflow/.local/lib/python3.8/site-packages/airflow/example_dags/example_branch_labels.py for tasks to queue
[2023-09-05T08:26:02.834+0000] {logging_mixin.py:151} INFO - [2023-09-05T08:26:02.833+0000] {dagbag.py:539} INFO - Filling up the DagBag from /home/airflow/.local/lib/python3.8/site-packages/airflow/example_dags/example_branch_labels.py
[2023-09-05T08:26:02.940+0000] {processor.py:839} INFO - DAG(s) dict_keys(['example_branch_labels']) retrieved from /home/airflow/.local/lib/python3.8/site-packages/airflow/example_dags/example_branch_labels.py
[2023-09-05T08:26:03.029+0000] {logging_mixin.py:151} INFO - [2023-09-05T08:26:03.029+0000] {dag.py:2907} INFO - Sync 1 DAGs
[2023-09-05T08:26:03.280+0000] {logging_mixin.py:151} INFO - [2023-09-05T08:26:03.280+0000] {dag.py:3677} INFO - Setting next_dagrun for example_branch_labels to 2023-09-04T00:00:00+00:00, run_after=2023-09-05T00:00:00+00:00
[2023-09-05T08:26:03.470+0000] {processor.py:179} INFO - Processing /home/airflow/.local/lib/python3.8/site-packages/airflow/example_dags/example_branch_labels.py took 0.664 seconds
[2023-09-05T08:26:33.652+0000] {processor.py:157} INFO - Started process (PID=499) to work on /home/airflow/.local/lib/python3.8/site-packages/airflow/example_dags/example_branch_labels.py
[2023-09-05T08:26:33.653+0000] {processor.py:829} INFO - Processing file /home/airflow/.local/lib/python3.8/site-packages/airflow/example_dags/example_branch_labels.py for tasks to queue
[2023-09-05T08:26:33.654+0000] {logging_mixin.py:151} INFO - [2023-09-05T08:26:33.654+0000] {dagbag.py:539} INFO - Filling up the DagBag from /home/airflow/.local/lib/python3.8/site-packages/airflow/example_dags/example_branch_labels.py
[2023-09-05T08:26:33.661+0000] {processor.py:839} INFO - DAG(s) dict_keys(['example_branch_labels']) retrieved from /home/airflow/.local/lib/python3.8/site-packages/airflow/example_dags/example_branch_labels.py
[2023-09-05T08:26:33.682+0000] {logging_mixin.py:151} INFO - [2023-09-05T08:26:33.681+0000] {dag.py:2907} INFO - Sync 1 DAGs
[2023-09-05T08:26:33.703+0000] {logging_mixin.py:151} INFO - [2023-09-05T08:26:33.703+0000] {dag.py:3677} INFO - Setting next_dagrun for example_branch_labels to 2023-09-04T00:00:00+00:00, run_after=2023-09-05T00:00:00+00:00
[2023-09-05T08:26:33.720+0000] {processor.py:179} INFO - Processing /home/airflow/.local/lib/python3.8/site-packages/airflow/example_dags/example_branch_labels.py took 0.071 seconds
[2023-09-05T08:27:04.696+0000] {processor.py:157} INFO - Started process (PID=735) to work on /home/airflow/.local/lib/python3.8/site-packages/airflow/example_dags/example_branch_labels.py
[2023-09-05T08:27:04.697+0000] {processor.py:829} INFO - Processing file /home/airflow/.local/lib/python3.8/site-packages/airflow/example_dags/example_branch_labels.py for tasks to queue
[2023-09-05T08:27:04.698+0000] {logging_mixin.py:151} INFO - [2023-09-05T08:27:04.697+0000] {dagbag.py:539} INFO - Filling up the DagBag from /home/airflow/.local/lib/python3.8/site-packages/airflow/example_dags/example_branch_labels.py
[2023-09-05T08:27:04.706+0000] {processor.py:839} INFO - DAG(s) dict_keys(['example_branch_labels']) retrieved from /home/airflow/.local/lib/python3.8/site-packages/airflow/example_dags/example_branch_labels.py
[2023-09-05T08:27:04.875+0000] {logging_mixin.py:151} INFO - [2023-09-05T08:27:04.875+0000] {dag.py:2907} INFO - Sync 1 DAGs
[2023-09-05T08:27:04.911+0000] {logging_mixin.py:151} INFO - [2023-09-05T08:27:04.911+0000] {dag.py:3677} INFO - Setting next_dagrun for example_branch_labels to 2023-09-04T00:00:00+00:00, run_after=2023-09-05T00:00:00+00:00
[2023-09-05T08:27:04.936+0000] {processor.py:179} INFO - Processing /home/airflow/.local/lib/python3.8/site-packages/airflow/example_dags/example_branch_labels.py took 0.244 seconds
[2023-09-05T08:27:35.339+0000] {processor.py:157} INFO - Started process (PID=973) to work on /home/airflow/.local/lib/python3.8/site-packages/airflow/example_dags/example_branch_labels.py
[2023-09-05T08:27:35.340+0000] {processor.py:829} INFO - Processing file /home/airflow/.local/lib/python3.8/site-packages/airflow/example_dags/example_branch_labels.py for tasks to queue
[2023-09-05T08:27:35.342+0000] {logging_mixin.py:151} INFO - [2023-09-05T08:27:35.341+0000] {dagbag.py:539} INFO - Filling up the DagBag from /home/airflow/.local/lib/python3.8/site-packages/airflow/example_dags/example_branch_labels.py
[2023-09-05T08:27:35.358+0000] {processor.py:839} INFO - DAG(s) dict_keys(['example_branch_labels']) retrieved from /home/airflow/.local/lib/python3.8/site-packages/airflow/example_dags/example_branch_labels.py
[2023-09-05T08:27:35.422+0000] {logging_mixin.py:151} INFO - [2023-09-05T08:27:35.422+0000] {dag.py:2907} INFO - Sync 1 DAGs
[2023-09-05T08:27:35.495+0000] {logging_mixin.py:151} INFO - [2023-09-05T08:27:35.495+0000] {dag.py:3677} INFO - Setting next_dagrun for example_branch_labels to 2023-09-04T00:00:00+00:00, run_after=2023-09-05T00:00:00+00:00
[2023-09-05T08:27:35.532+0000] {processor.py:179} INFO - Processing /home/airflow/.local/lib/python3.8/site-packages/airflow/example_dags/example_branch_labels.py took 0.200 seconds
[2023-09-05T08:28:05.778+0000] {processor.py:157} INFO - Started process (PID=1211) to work on /home/airflow/.local/lib/python3.8/site-packages/airflow/example_dags/example_branch_labels.py
[2023-09-05T08:28:05.781+0000] {processor.py:829} INFO - Processing file /home/airflow/.local/lib/python3.8/site-packages/airflow/example_dags/example_branch_labels.py for tasks to queue
[2023-09-05T08:28:05.783+0000] {logging_mixin.py:151} INFO - [2023-09-05T08:28:05.782+0000] {dagbag.py:539} INFO - Filling up the DagBag from /home/airflow/.local/lib/python3.8/site-packages/airflow/example_dags/example_branch_labels.py
[2023-09-05T08:28:05.800+0000] {processor.py:839} INFO - DAG(s) dict_keys(['example_branch_labels']) retrieved from /home/airflow/.local/lib/python3.8/site-packages/airflow/example_dags/example_branch_labels.py
[2023-09-05T08:28:05.848+0000] {logging_mixin.py:151} INFO - [2023-09-05T08:28:05.848+0000] {dag.py:2907} INFO - Sync 1 DAGs
[2023-09-05T08:28:05.902+0000] {logging_mixin.py:151} INFO - [2023-09-05T08:28:05.901+0000] {dag.py:3677} INFO - Setting next_dagrun for example_branch_labels to 2023-09-04T00:00:00+00:00, run_after=2023-09-05T00:00:00+00:00
[2023-09-05T08:28:05.958+0000] {processor.py:179} INFO - Processing /home/airflow/.local/lib/python3.8/site-packages/airflow/example_dags/example_branch_labels.py took 0.186 seconds
[2023-09-05T08:28:41.460+0000] {processor.py:157} INFO - Started process (PID=1461) to work on /home/airflow/.local/lib/python3.8/site-packages/airflow/example_dags/example_branch_labels.py
[2023-09-05T08:28:41.472+0000] {processor.py:829} INFO - Processing file /home/airflow/.local/lib/python3.8/site-packages/airflow/example_dags/example_branch_labels.py for tasks to queue
[2023-09-05T08:28:41.474+0000] {logging_mixin.py:151} INFO - [2023-09-05T08:28:41.473+0000] {dagbag.py:539} INFO - Filling up the DagBag from /home/airflow/.local/lib/python3.8/site-packages/airflow/example_dags/example_branch_labels.py
[2023-09-05T08:28:41.663+0000] {processor.py:839} INFO - DAG(s) dict_keys(['example_branch_labels']) retrieved from /home/airflow/.local/lib/python3.8/site-packages/airflow/example_dags/example_branch_labels.py
[2023-09-05T08:28:41.892+0000] {logging_mixin.py:151} INFO - [2023-09-05T08:28:41.891+0000] {dag.py:2907} INFO - Sync 1 DAGs
[2023-09-05T08:28:42.303+0000] {logging_mixin.py:151} INFO - [2023-09-05T08:28:42.259+0000] {dag.py:3677} INFO - Setting next_dagrun for example_branch_labels to 2023-09-04T00:00:00+00:00, run_after=2023-09-05T00:00:00+00:00
[2023-09-05T08:28:42.530+0000] {processor.py:179} INFO - Processing /home/airflow/.local/lib/python3.8/site-packages/airflow/example_dags/example_branch_labels.py took 1.086 seconds
[2023-09-05T08:29:12.749+0000] {processor.py:157} INFO - Started process (PID=1736) to work on /home/airflow/.local/lib/python3.8/site-packages/airflow/example_dags/example_branch_labels.py
[2023-09-05T08:29:12.752+0000] {processor.py:829} INFO - Processing file /home/airflow/.local/lib/python3.8/site-packages/airflow/example_dags/example_branch_labels.py for tasks to queue
[2023-09-05T08:29:12.754+0000] {logging_mixin.py:151} INFO - [2023-09-05T08:29:12.753+0000] {dagbag.py:539} INFO - Filling up the DagBag from /home/airflow/.local/lib/python3.8/site-packages/airflow/example_dags/example_branch_labels.py
[2023-09-05T08:29:12.770+0000] {processor.py:839} INFO - DAG(s) dict_keys(['example_branch_labels']) retrieved from /home/airflow/.local/lib/python3.8/site-packages/airflow/example_dags/example_branch_labels.py
[2023-09-05T08:29:12.806+0000] {logging_mixin.py:151} INFO - [2023-09-05T08:29:12.806+0000] {dag.py:2907} INFO - Sync 1 DAGs
[2023-09-05T08:29:12.848+0000] {logging_mixin.py:151} INFO - [2023-09-05T08:29:12.847+0000] {dag.py:3677} INFO - Setting next_dagrun for example_branch_labels to 2023-09-04T00:00:00+00:00, run_after=2023-09-05T00:00:00+00:00
[2023-09-05T08:29:12.879+0000] {processor.py:179} INFO - Processing /home/airflow/.local/lib/python3.8/site-packages/airflow/example_dags/example_branch_labels.py took 0.142 seconds
[2023-09-05T08:29:42.962+0000] {processor.py:157} INFO - Started process (PID=1974) to work on /home/airflow/.local/lib/python3.8/site-packages/airflow/example_dags/example_branch_labels.py
[2023-09-05T08:29:42.963+0000] {processor.py:829} INFO - Processing file /home/airflow/.local/lib/python3.8/site-packages/airflow/example_dags/example_branch_labels.py for tasks to queue
[2023-09-05T08:29:42.964+0000] {logging_mixin.py:151} INFO - [2023-09-05T08:29:42.964+0000] {dagbag.py:539} INFO - Filling up the DagBag from /home/airflow/.local/lib/python3.8/site-packages/airflow/example_dags/example_branch_labels.py
[2023-09-05T08:29:42.974+0000] {processor.py:839} INFO - DAG(s) dict_keys(['example_branch_labels']) retrieved from /home/airflow/.local/lib/python3.8/site-packages/airflow/example_dags/example_branch_labels.py
[2023-09-05T08:29:42.997+0000] {logging_mixin.py:151} INFO - [2023-09-05T08:29:42.997+0000] {dag.py:2907} INFO - Sync 1 DAGs
[2023-09-05T08:29:43.023+0000] {logging_mixin.py:151} INFO - [2023-09-05T08:29:43.023+0000] {dag.py:3677} INFO - Setting next_dagrun for example_branch_labels to 2023-09-04T00:00:00+00:00, run_after=2023-09-05T00:00:00+00:00
[2023-09-05T08:29:43.041+0000] {processor.py:179} INFO - Processing /home/airflow/.local/lib/python3.8/site-packages/airflow/example_dags/example_branch_labels.py took 0.083 seconds
[2023-09-05T08:30:13.654+0000] {processor.py:157} INFO - Started process (PID=2210) to work on /home/airflow/.local/lib/python3.8/site-packages/airflow/example_dags/example_branch_labels.py
[2023-09-05T08:30:13.656+0000] {processor.py:829} INFO - Processing file /home/airflow/.local/lib/python3.8/site-packages/airflow/example_dags/example_branch_labels.py for tasks to queue
[2023-09-05T08:30:13.657+0000] {logging_mixin.py:151} INFO - [2023-09-05T08:30:13.657+0000] {dagbag.py:539} INFO - Filling up the DagBag from /home/airflow/.local/lib/python3.8/site-packages/airflow/example_dags/example_branch_labels.py
[2023-09-05T08:30:13.669+0000] {processor.py:839} INFO - DAG(s) dict_keys(['example_branch_labels']) retrieved from /home/airflow/.local/lib/python3.8/site-packages/airflow/example_dags/example_branch_labels.py
[2023-09-05T08:30:13.696+0000] {logging_mixin.py:151} INFO - [2023-09-05T08:30:13.696+0000] {dag.py:2907} INFO - Sync 1 DAGs
[2023-09-05T08:30:13.730+0000] {logging_mixin.py:151} INFO - [2023-09-05T08:30:13.730+0000] {dag.py:3677} INFO - Setting next_dagrun for example_branch_labels to 2023-09-04T00:00:00+00:00, run_after=2023-09-05T00:00:00+00:00
[2023-09-05T08:30:13.753+0000] {processor.py:179} INFO - Processing /home/airflow/.local/lib/python3.8/site-packages/airflow/example_dags/example_branch_labels.py took 0.104 seconds
[2023-09-05T08:30:43.854+0000] {processor.py:157} INFO - Started process (PID=2442) to work on /home/airflow/.local/lib/python3.8/site-packages/airflow/example_dags/example_branch_labels.py
[2023-09-05T08:30:43.855+0000] {processor.py:829} INFO - Processing file /home/airflow/.local/lib/python3.8/site-packages/airflow/example_dags/example_branch_labels.py for tasks to queue
[2023-09-05T08:30:43.856+0000] {logging_mixin.py:151} INFO - [2023-09-05T08:30:43.856+0000] {dagbag.py:539} INFO - Filling up the DagBag from /home/airflow/.local/lib/python3.8/site-packages/airflow/example_dags/example_branch_labels.py
[2023-09-05T08:30:43.875+0000] {processor.py:839} INFO - DAG(s) dict_keys(['example_branch_labels']) retrieved from /home/airflow/.local/lib/python3.8/site-packages/airflow/example_dags/example_branch_labels.py
[2023-09-05T08:30:43.912+0000] {logging_mixin.py:151} INFO - [2023-09-05T08:30:43.912+0000] {dag.py:2907} INFO - Sync 1 DAGs
[2023-09-05T08:30:43.948+0000] {logging_mixin.py:151} INFO - [2023-09-05T08:30:43.947+0000] {dag.py:3677} INFO - Setting next_dagrun for example_branch_labels to 2023-09-04T00:00:00+00:00, run_after=2023-09-05T00:00:00+00:00
[2023-09-05T08:30:43.985+0000] {processor.py:179} INFO - Processing /home/airflow/.local/lib/python3.8/site-packages/airflow/example_dags/example_branch_labels.py took 0.136 seconds
