[2023-09-05T08:26:07.435+0000] {processor.py:157} INFO - Started process (PID=329) to work on /home/airflow/.local/lib/python3.8/site-packages/airflow/example_dags/example_external_task_marker_dag.py
[2023-09-05T08:26:07.436+0000] {processor.py:829} INFO - Processing file /home/airflow/.local/lib/python3.8/site-packages/airflow/example_dags/example_external_task_marker_dag.py for tasks to queue
[2023-09-05T08:26:07.447+0000] {logging_mixin.py:151} INFO - [2023-09-05T08:26:07.446+0000] {dagbag.py:539} INFO - Filling up the DagBag from /home/airflow/.local/lib/python3.8/site-packages/airflow/example_dags/example_external_task_marker_dag.py
[2023-09-05T08:26:07.485+0000] {processor.py:839} INFO - DAG(s) dict_keys(['example_external_task_marker_parent', 'example_external_task_marker_child']) retrieved from /home/airflow/.local/lib/python3.8/site-packages/airflow/example_dags/example_external_task_marker_dag.py
[2023-09-05T08:26:07.535+0000] {logging_mixin.py:151} INFO - [2023-09-05T08:26:07.535+0000] {dag.py:2907} INFO - Sync 2 DAGs
[2023-09-05T08:26:07.561+0000] {logging_mixin.py:151} INFO - [2023-09-05T08:26:07.561+0000] {dag.py:3677} INFO - Setting next_dagrun for example_external_task_marker_child to None, run_after=None
[2023-09-05T08:26:07.576+0000] {logging_mixin.py:151} INFO - [2023-09-05T08:26:07.575+0000] {dag.py:3677} INFO - Setting next_dagrun for example_external_task_marker_parent to None, run_after=None
[2023-09-05T08:26:07.655+0000] {processor.py:179} INFO - Processing /home/airflow/.local/lib/python3.8/site-packages/airflow/example_dags/example_external_task_marker_dag.py took 0.229 seconds
[2023-09-05T08:26:38.008+0000] {processor.py:157} INFO - Started process (PID=567) to work on /home/airflow/.local/lib/python3.8/site-packages/airflow/example_dags/example_external_task_marker_dag.py
[2023-09-05T08:26:38.012+0000] {processor.py:829} INFO - Processing file /home/airflow/.local/lib/python3.8/site-packages/airflow/example_dags/example_external_task_marker_dag.py for tasks to queue
[2023-09-05T08:26:38.013+0000] {logging_mixin.py:151} INFO - [2023-09-05T08:26:38.013+0000] {dagbag.py:539} INFO - Filling up the DagBag from /home/airflow/.local/lib/python3.8/site-packages/airflow/example_dags/example_external_task_marker_dag.py
[2023-09-05T08:26:38.020+0000] {processor.py:839} INFO - DAG(s) dict_keys(['example_external_task_marker_parent', 'example_external_task_marker_child']) retrieved from /home/airflow/.local/lib/python3.8/site-packages/airflow/example_dags/example_external_task_marker_dag.py
[2023-09-05T08:26:38.047+0000] {logging_mixin.py:151} INFO - [2023-09-05T08:26:38.046+0000] {dag.py:2907} INFO - Sync 2 DAGs
[2023-09-05T08:26:38.067+0000] {logging_mixin.py:151} INFO - [2023-09-05T08:26:38.066+0000] {dag.py:3677} INFO - Setting next_dagrun for example_external_task_marker_child to None, run_after=None
[2023-09-05T08:26:38.072+0000] {logging_mixin.py:151} INFO - [2023-09-05T08:26:38.072+0000] {dag.py:3677} INFO - Setting next_dagrun for example_external_task_marker_parent to None, run_after=None
[2023-09-05T08:26:38.176+0000] {processor.py:179} INFO - Processing /home/airflow/.local/lib/python3.8/site-packages/airflow/example_dags/example_external_task_marker_dag.py took 0.171 seconds
[2023-09-05T08:27:08.668+0000] {processor.py:157} INFO - Started process (PID=805) to work on /home/airflow/.local/lib/python3.8/site-packages/airflow/example_dags/example_external_task_marker_dag.py
[2023-09-05T08:27:08.670+0000] {processor.py:829} INFO - Processing file /home/airflow/.local/lib/python3.8/site-packages/airflow/example_dags/example_external_task_marker_dag.py for tasks to queue
[2023-09-05T08:27:08.672+0000] {logging_mixin.py:151} INFO - [2023-09-05T08:27:08.671+0000] {dagbag.py:539} INFO - Filling up the DagBag from /home/airflow/.local/lib/python3.8/site-packages/airflow/example_dags/example_external_task_marker_dag.py
[2023-09-05T08:27:08.886+0000] {processor.py:839} INFO - DAG(s) dict_keys(['example_external_task_marker_child', 'example_external_task_marker_parent']) retrieved from /home/airflow/.local/lib/python3.8/site-packages/airflow/example_dags/example_external_task_marker_dag.py
[2023-09-05T08:27:08.929+0000] {logging_mixin.py:151} INFO - [2023-09-05T08:27:08.929+0000] {dag.py:2907} INFO - Sync 2 DAGs
[2023-09-05T08:27:08.951+0000] {logging_mixin.py:151} INFO - [2023-09-05T08:27:08.950+0000] {dag.py:3677} INFO - Setting next_dagrun for example_external_task_marker_child to None, run_after=None
[2023-09-05T08:27:08.955+0000] {logging_mixin.py:151} INFO - [2023-09-05T08:27:08.955+0000] {dag.py:3677} INFO - Setting next_dagrun for example_external_task_marker_parent to None, run_after=None
[2023-09-05T08:27:08.984+0000] {processor.py:179} INFO - Processing /home/airflow/.local/lib/python3.8/site-packages/airflow/example_dags/example_external_task_marker_dag.py took 0.321 seconds
[2023-09-05T08:27:39.747+0000] {processor.py:157} INFO - Started process (PID=1043) to work on /home/airflow/.local/lib/python3.8/site-packages/airflow/example_dags/example_external_task_marker_dag.py
[2023-09-05T08:27:39.748+0000] {processor.py:829} INFO - Processing file /home/airflow/.local/lib/python3.8/site-packages/airflow/example_dags/example_external_task_marker_dag.py for tasks to queue
[2023-09-05T08:27:39.749+0000] {logging_mixin.py:151} INFO - [2023-09-05T08:27:39.748+0000] {dagbag.py:539} INFO - Filling up the DagBag from /home/airflow/.local/lib/python3.8/site-packages/airflow/example_dags/example_external_task_marker_dag.py
[2023-09-05T08:27:39.760+0000] {processor.py:839} INFO - DAG(s) dict_keys(['example_external_task_marker_parent', 'example_external_task_marker_child']) retrieved from /home/airflow/.local/lib/python3.8/site-packages/airflow/example_dags/example_external_task_marker_dag.py
[2023-09-05T08:27:39.803+0000] {logging_mixin.py:151} INFO - [2023-09-05T08:27:39.803+0000] {dag.py:2907} INFO - Sync 2 DAGs
[2023-09-05T08:27:39.826+0000] {logging_mixin.py:151} INFO - [2023-09-05T08:27:39.826+0000] {dag.py:3677} INFO - Setting next_dagrun for example_external_task_marker_child to None, run_after=None
[2023-09-05T08:27:39.839+0000] {logging_mixin.py:151} INFO - [2023-09-05T08:27:39.839+0000] {dag.py:3677} INFO - Setting next_dagrun for example_external_task_marker_parent to None, run_after=None
[2023-09-05T08:27:39.889+0000] {processor.py:179} INFO - Processing /home/airflow/.local/lib/python3.8/site-packages/airflow/example_dags/example_external_task_marker_dag.py took 0.148 seconds
[2023-09-05T08:28:10.013+0000] {processor.py:157} INFO - Started process (PID=1278) to work on /home/airflow/.local/lib/python3.8/site-packages/airflow/example_dags/example_external_task_marker_dag.py
[2023-09-05T08:28:10.017+0000] {processor.py:829} INFO - Processing file /home/airflow/.local/lib/python3.8/site-packages/airflow/example_dags/example_external_task_marker_dag.py for tasks to queue
[2023-09-05T08:28:10.020+0000] {logging_mixin.py:151} INFO - [2023-09-05T08:28:10.019+0000] {dagbag.py:539} INFO - Filling up the DagBag from /home/airflow/.local/lib/python3.8/site-packages/airflow/example_dags/example_external_task_marker_dag.py
[2023-09-05T08:28:10.034+0000] {processor.py:839} INFO - DAG(s) dict_keys(['example_external_task_marker_child', 'example_external_task_marker_parent']) retrieved from /home/airflow/.local/lib/python3.8/site-packages/airflow/example_dags/example_external_task_marker_dag.py
[2023-09-05T08:28:10.095+0000] {logging_mixin.py:151} INFO - [2023-09-05T08:28:10.094+0000] {dag.py:2907} INFO - Sync 2 DAGs
[2023-09-05T08:28:10.129+0000] {logging_mixin.py:151} INFO - [2023-09-05T08:28:10.129+0000] {dag.py:3677} INFO - Setting next_dagrun for example_external_task_marker_child to None, run_after=None
[2023-09-05T08:28:10.135+0000] {logging_mixin.py:151} INFO - [2023-09-05T08:28:10.135+0000] {dag.py:3677} INFO - Setting next_dagrun for example_external_task_marker_parent to None, run_after=None
[2023-09-05T08:28:10.178+0000] {processor.py:179} INFO - Processing /home/airflow/.local/lib/python3.8/site-packages/airflow/example_dags/example_external_task_marker_dag.py took 0.172 seconds
[2023-09-05T08:28:53.330+0000] {processor.py:157} INFO - Started process (PID=1552) to work on /home/airflow/.local/lib/python3.8/site-packages/airflow/example_dags/example_external_task_marker_dag.py
[2023-09-05T08:28:53.332+0000] {processor.py:829} INFO - Processing file /home/airflow/.local/lib/python3.8/site-packages/airflow/example_dags/example_external_task_marker_dag.py for tasks to queue
[2023-09-05T08:28:53.334+0000] {logging_mixin.py:151} INFO - [2023-09-05T08:28:53.334+0000] {dagbag.py:539} INFO - Filling up the DagBag from /home/airflow/.local/lib/python3.8/site-packages/airflow/example_dags/example_external_task_marker_dag.py
[2023-09-05T08:28:53.503+0000] {processor.py:839} INFO - DAG(s) dict_keys(['example_external_task_marker_parent', 'example_external_task_marker_child']) retrieved from /home/airflow/.local/lib/python3.8/site-packages/airflow/example_dags/example_external_task_marker_dag.py
[2023-09-05T08:28:54.228+0000] {logging_mixin.py:151} INFO - [2023-09-05T08:28:54.227+0000] {dag.py:2907} INFO - Sync 2 DAGs
[2023-09-05T08:28:54.375+0000] {logging_mixin.py:151} INFO - [2023-09-05T08:28:54.374+0000] {dag.py:3677} INFO - Setting next_dagrun for example_external_task_marker_child to None, run_after=None
[2023-09-05T08:28:54.473+0000] {logging_mixin.py:151} INFO - [2023-09-05T08:28:54.472+0000] {dag.py:3677} INFO - Setting next_dagrun for example_external_task_marker_parent to None, run_after=None
[2023-09-05T08:28:54.745+0000] {processor.py:179} INFO - Processing /home/airflow/.local/lib/python3.8/site-packages/airflow/example_dags/example_external_task_marker_dag.py took 1.427 seconds
[2023-09-05T08:29:25.236+0000] {processor.py:157} INFO - Started process (PID=1806) to work on /home/airflow/.local/lib/python3.8/site-packages/airflow/example_dags/example_external_task_marker_dag.py
[2023-09-05T08:29:25.238+0000] {processor.py:829} INFO - Processing file /home/airflow/.local/lib/python3.8/site-packages/airflow/example_dags/example_external_task_marker_dag.py for tasks to queue
[2023-09-05T08:29:25.240+0000] {logging_mixin.py:151} INFO - [2023-09-05T08:29:25.239+0000] {dagbag.py:539} INFO - Filling up the DagBag from /home/airflow/.local/lib/python3.8/site-packages/airflow/example_dags/example_external_task_marker_dag.py
[2023-09-05T08:29:25.250+0000] {processor.py:839} INFO - DAG(s) dict_keys(['example_external_task_marker_child', 'example_external_task_marker_parent']) retrieved from /home/airflow/.local/lib/python3.8/site-packages/airflow/example_dags/example_external_task_marker_dag.py
[2023-09-05T08:29:25.279+0000] {logging_mixin.py:151} INFO - [2023-09-05T08:29:25.279+0000] {dag.py:2907} INFO - Sync 2 DAGs
[2023-09-05T08:29:25.291+0000] {logging_mixin.py:151} INFO - [2023-09-05T08:29:25.291+0000] {dag.py:3677} INFO - Setting next_dagrun for example_external_task_marker_child to None, run_after=None
[2023-09-05T08:29:25.294+0000] {logging_mixin.py:151} INFO - [2023-09-05T08:29:25.294+0000] {dag.py:3677} INFO - Setting next_dagrun for example_external_task_marker_parent to None, run_after=None
[2023-09-05T08:29:25.310+0000] {processor.py:179} INFO - Processing /home/airflow/.local/lib/python3.8/site-packages/airflow/example_dags/example_external_task_marker_dag.py took 0.085 seconds
[2023-09-05T08:29:55.681+0000] {processor.py:157} INFO - Started process (PID=2044) to work on /home/airflow/.local/lib/python3.8/site-packages/airflow/example_dags/example_external_task_marker_dag.py
[2023-09-05T08:29:55.684+0000] {processor.py:829} INFO - Processing file /home/airflow/.local/lib/python3.8/site-packages/airflow/example_dags/example_external_task_marker_dag.py for tasks to queue
[2023-09-05T08:29:55.686+0000] {logging_mixin.py:151} INFO - [2023-09-05T08:29:55.686+0000] {dagbag.py:539} INFO - Filling up the DagBag from /home/airflow/.local/lib/python3.8/site-packages/airflow/example_dags/example_external_task_marker_dag.py
[2023-09-05T08:29:55.699+0000] {processor.py:839} INFO - DAG(s) dict_keys(['example_external_task_marker_parent', 'example_external_task_marker_child']) retrieved from /home/airflow/.local/lib/python3.8/site-packages/airflow/example_dags/example_external_task_marker_dag.py
[2023-09-05T08:29:55.747+0000] {logging_mixin.py:151} INFO - [2023-09-05T08:29:55.746+0000] {dag.py:2907} INFO - Sync 2 DAGs
[2023-09-05T08:29:55.771+0000] {logging_mixin.py:151} INFO - [2023-09-05T08:29:55.771+0000] {dag.py:3677} INFO - Setting next_dagrun for example_external_task_marker_child to None, run_after=None
[2023-09-05T08:29:55.775+0000] {logging_mixin.py:151} INFO - [2023-09-05T08:29:55.775+0000] {dag.py:3677} INFO - Setting next_dagrun for example_external_task_marker_parent to None, run_after=None
[2023-09-05T08:29:55.808+0000] {processor.py:179} INFO - Processing /home/airflow/.local/lib/python3.8/site-packages/airflow/example_dags/example_external_task_marker_dag.py took 0.134 seconds
[2023-09-05T08:30:25.977+0000] {processor.py:157} INFO - Started process (PID=2280) to work on /home/airflow/.local/lib/python3.8/site-packages/airflow/example_dags/example_external_task_marker_dag.py
[2023-09-05T08:30:25.978+0000] {processor.py:829} INFO - Processing file /home/airflow/.local/lib/python3.8/site-packages/airflow/example_dags/example_external_task_marker_dag.py for tasks to queue
[2023-09-05T08:30:25.984+0000] {logging_mixin.py:151} INFO - [2023-09-05T08:30:25.979+0000] {dagbag.py:539} INFO - Filling up the DagBag from /home/airflow/.local/lib/python3.8/site-packages/airflow/example_dags/example_external_task_marker_dag.py
[2023-09-05T08:30:25.993+0000] {processor.py:839} INFO - DAG(s) dict_keys(['example_external_task_marker_parent', 'example_external_task_marker_child']) retrieved from /home/airflow/.local/lib/python3.8/site-packages/airflow/example_dags/example_external_task_marker_dag.py
[2023-09-05T08:30:26.062+0000] {logging_mixin.py:151} INFO - [2023-09-05T08:30:26.062+0000] {dag.py:2907} INFO - Sync 2 DAGs
[2023-09-05T08:30:26.088+0000] {logging_mixin.py:151} INFO - [2023-09-05T08:30:26.087+0000] {dag.py:3677} INFO - Setting next_dagrun for example_external_task_marker_child to None, run_after=None
[2023-09-05T08:30:26.092+0000] {logging_mixin.py:151} INFO - [2023-09-05T08:30:26.092+0000] {dag.py:3677} INFO - Setting next_dagrun for example_external_task_marker_parent to None, run_after=None
[2023-09-05T08:30:26.122+0000] {processor.py:179} INFO - Processing /home/airflow/.local/lib/python3.8/site-packages/airflow/example_dags/example_external_task_marker_dag.py took 0.150 seconds
[2023-09-05T08:30:56.209+0000] {processor.py:157} INFO - Started process (PID=2513) to work on /home/airflow/.local/lib/python3.8/site-packages/airflow/example_dags/example_external_task_marker_dag.py
[2023-09-05T08:30:56.211+0000] {processor.py:829} INFO - Processing file /home/airflow/.local/lib/python3.8/site-packages/airflow/example_dags/example_external_task_marker_dag.py for tasks to queue
[2023-09-05T08:30:56.212+0000] {logging_mixin.py:151} INFO - [2023-09-05T08:30:56.211+0000] {dagbag.py:539} INFO - Filling up the DagBag from /home/airflow/.local/lib/python3.8/site-packages/airflow/example_dags/example_external_task_marker_dag.py
[2023-09-05T08:30:56.218+0000] {processor.py:839} INFO - DAG(s) dict_keys(['example_external_task_marker_parent', 'example_external_task_marker_child']) retrieved from /home/airflow/.local/lib/python3.8/site-packages/airflow/example_dags/example_external_task_marker_dag.py
[2023-09-05T08:30:56.250+0000] {logging_mixin.py:151} INFO - [2023-09-05T08:30:56.250+0000] {dag.py:2907} INFO - Sync 2 DAGs
[2023-09-05T08:30:56.266+0000] {logging_mixin.py:151} INFO - [2023-09-05T08:30:56.266+0000] {dag.py:3677} INFO - Setting next_dagrun for example_external_task_marker_child to None, run_after=None
[2023-09-05T08:30:56.270+0000] {logging_mixin.py:151} INFO - [2023-09-05T08:30:56.270+0000] {dag.py:3677} INFO - Setting next_dagrun for example_external_task_marker_parent to None, run_after=None
[2023-09-05T08:30:56.289+0000] {processor.py:179} INFO - Processing /home/airflow/.local/lib/python3.8/site-packages/airflow/example_dags/example_external_task_marker_dag.py took 0.084 seconds
