[2023-09-05T08:26:08.424+0000] {processor.py:157} INFO - Started process (PID=351) to work on /home/airflow/.local/lib/python3.8/site-packages/airflow/example_dags/example_branch_datetime_operator.py
[2023-09-05T08:26:08.426+0000] {processor.py:829} INFO - Processing file /home/airflow/.local/lib/python3.8/site-packages/airflow/example_dags/example_branch_datetime_operator.py for tasks to queue
[2023-09-05T08:26:08.428+0000] {logging_mixin.py:151} INFO - [2023-09-05T08:26:08.427+0000] {dagbag.py:539} INFO - Filling up the DagBag from /home/airflow/.local/lib/python3.8/site-packages/airflow/example_dags/example_branch_datetime_operator.py
[2023-09-05T08:26:08.460+0000] {processor.py:839} INFO - DAG(s) dict_keys(['example_branch_datetime_operator', 'example_branch_datetime_operator_3', 'example_branch_datetime_operator_2']) retrieved from /home/airflow/.local/lib/python3.8/site-packages/airflow/example_dags/example_branch_datetime_operator.py
[2023-09-05T08:26:08.490+0000] {logging_mixin.py:151} INFO - [2023-09-05T08:26:08.489+0000] {dag.py:2907} INFO - Sync 3 DAGs
[2023-09-05T08:26:08.638+0000] {logging_mixin.py:151} INFO - [2023-09-05T08:26:08.638+0000] {dag.py:3677} INFO - Setting next_dagrun for example_branch_datetime_operator to 2023-09-04T00:00:00+00:00, run_after=2023-09-05T00:00:00+00:00
[2023-09-05T08:26:08.667+0000] {logging_mixin.py:151} INFO - [2023-09-05T08:26:08.665+0000] {dag.py:3677} INFO - Setting next_dagrun for example_branch_datetime_operator_2 to 2023-09-04T00:00:00+00:00, run_after=2023-09-05T00:00:00+00:00
[2023-09-05T08:26:08.693+0000] {logging_mixin.py:151} INFO - [2023-09-05T08:26:08.692+0000] {dag.py:3677} INFO - Setting next_dagrun for example_branch_datetime_operator_3 to 2023-09-04T00:00:00+00:00, run_after=2023-09-05T00:00:00+00:00
[2023-09-05T08:26:08.808+0000] {processor.py:179} INFO - Processing /home/airflow/.local/lib/python3.8/site-packages/airflow/example_dags/example_branch_datetime_operator.py took 0.392 seconds
[2023-09-05T08:26:39.460+0000] {processor.py:157} INFO - Started process (PID=589) to work on /home/airflow/.local/lib/python3.8/site-packages/airflow/example_dags/example_branch_datetime_operator.py
[2023-09-05T08:26:39.463+0000] {processor.py:829} INFO - Processing file /home/airflow/.local/lib/python3.8/site-packages/airflow/example_dags/example_branch_datetime_operator.py for tasks to queue
[2023-09-05T08:26:39.464+0000] {logging_mixin.py:151} INFO - [2023-09-05T08:26:39.463+0000] {dagbag.py:539} INFO - Filling up the DagBag from /home/airflow/.local/lib/python3.8/site-packages/airflow/example_dags/example_branch_datetime_operator.py
[2023-09-05T08:26:39.479+0000] {processor.py:839} INFO - DAG(s) dict_keys(['example_branch_datetime_operator', 'example_branch_datetime_operator_2', 'example_branch_datetime_operator_3']) retrieved from /home/airflow/.local/lib/python3.8/site-packages/airflow/example_dags/example_branch_datetime_operator.py
[2023-09-05T08:26:39.524+0000] {logging_mixin.py:151} INFO - [2023-09-05T08:26:39.524+0000] {dag.py:2907} INFO - Sync 3 DAGs
[2023-09-05T08:26:39.562+0000] {logging_mixin.py:151} INFO - [2023-09-05T08:26:39.562+0000] {dag.py:3677} INFO - Setting next_dagrun for example_branch_datetime_operator to 2023-09-04T00:00:00+00:00, run_after=2023-09-05T00:00:00+00:00
[2023-09-05T08:26:39.572+0000] {logging_mixin.py:151} INFO - [2023-09-05T08:26:39.572+0000] {dag.py:3677} INFO - Setting next_dagrun for example_branch_datetime_operator_2 to 2023-09-04T00:00:00+00:00, run_after=2023-09-05T00:00:00+00:00
[2023-09-05T08:26:39.577+0000] {logging_mixin.py:151} INFO - [2023-09-05T08:26:39.577+0000] {dag.py:3677} INFO - Setting next_dagrun for example_branch_datetime_operator_3 to 2023-09-04T00:00:00+00:00, run_after=2023-09-05T00:00:00+00:00
[2023-09-05T08:26:39.604+0000] {processor.py:179} INFO - Processing /home/airflow/.local/lib/python3.8/site-packages/airflow/example_dags/example_branch_datetime_operator.py took 0.149 seconds
[2023-09-05T08:27:09.727+0000] {processor.py:157} INFO - Started process (PID=825) to work on /home/airflow/.local/lib/python3.8/site-packages/airflow/example_dags/example_branch_datetime_operator.py
[2023-09-05T08:27:09.728+0000] {processor.py:829} INFO - Processing file /home/airflow/.local/lib/python3.8/site-packages/airflow/example_dags/example_branch_datetime_operator.py for tasks to queue
[2023-09-05T08:27:09.729+0000] {logging_mixin.py:151} INFO - [2023-09-05T08:27:09.728+0000] {dagbag.py:539} INFO - Filling up the DagBag from /home/airflow/.local/lib/python3.8/site-packages/airflow/example_dags/example_branch_datetime_operator.py
[2023-09-05T08:27:09.742+0000] {processor.py:839} INFO - DAG(s) dict_keys(['example_branch_datetime_operator', 'example_branch_datetime_operator_3', 'example_branch_datetime_operator_2']) retrieved from /home/airflow/.local/lib/python3.8/site-packages/airflow/example_dags/example_branch_datetime_operator.py
[2023-09-05T08:27:09.919+0000] {logging_mixin.py:151} INFO - [2023-09-05T08:27:09.919+0000] {dag.py:2907} INFO - Sync 3 DAGs
[2023-09-05T08:27:09.956+0000] {logging_mixin.py:151} INFO - [2023-09-05T08:27:09.955+0000] {dag.py:3677} INFO - Setting next_dagrun for example_branch_datetime_operator to 2023-09-04T00:00:00+00:00, run_after=2023-09-05T00:00:00+00:00
[2023-09-05T08:27:09.965+0000] {logging_mixin.py:151} INFO - [2023-09-05T08:27:09.964+0000] {dag.py:3677} INFO - Setting next_dagrun for example_branch_datetime_operator_2 to 2023-09-04T00:00:00+00:00, run_after=2023-09-05T00:00:00+00:00
[2023-09-05T08:27:09.970+0000] {logging_mixin.py:151} INFO - [2023-09-05T08:27:09.970+0000] {dag.py:3677} INFO - Setting next_dagrun for example_branch_datetime_operator_3 to 2023-09-04T00:00:00+00:00, run_after=2023-09-05T00:00:00+00:00
[2023-09-05T08:27:09.996+0000] {processor.py:179} INFO - Processing /home/airflow/.local/lib/python3.8/site-packages/airflow/example_dags/example_branch_datetime_operator.py took 0.273 seconds
[2023-09-05T08:27:40.953+0000] {processor.py:157} INFO - Started process (PID=1063) to work on /home/airflow/.local/lib/python3.8/site-packages/airflow/example_dags/example_branch_datetime_operator.py
[2023-09-05T08:27:40.954+0000] {processor.py:829} INFO - Processing file /home/airflow/.local/lib/python3.8/site-packages/airflow/example_dags/example_branch_datetime_operator.py for tasks to queue
[2023-09-05T08:27:40.964+0000] {logging_mixin.py:151} INFO - [2023-09-05T08:27:40.964+0000] {dagbag.py:539} INFO - Filling up the DagBag from /home/airflow/.local/lib/python3.8/site-packages/airflow/example_dags/example_branch_datetime_operator.py
[2023-09-05T08:27:41.016+0000] {processor.py:839} INFO - DAG(s) dict_keys(['example_branch_datetime_operator_2', 'example_branch_datetime_operator_3', 'example_branch_datetime_operator']) retrieved from /home/airflow/.local/lib/python3.8/site-packages/airflow/example_dags/example_branch_datetime_operator.py
[2023-09-05T08:27:41.149+0000] {logging_mixin.py:151} INFO - [2023-09-05T08:27:41.149+0000] {dag.py:2907} INFO - Sync 3 DAGs
[2023-09-05T08:27:41.261+0000] {logging_mixin.py:151} INFO - [2023-09-05T08:27:41.260+0000] {dag.py:3677} INFO - Setting next_dagrun for example_branch_datetime_operator to 2023-09-04T00:00:00+00:00, run_after=2023-09-05T00:00:00+00:00
[2023-09-05T08:27:41.281+0000] {logging_mixin.py:151} INFO - [2023-09-05T08:27:41.280+0000] {dag.py:3677} INFO - Setting next_dagrun for example_branch_datetime_operator_2 to 2023-09-04T00:00:00+00:00, run_after=2023-09-05T00:00:00+00:00
[2023-09-05T08:27:41.293+0000] {logging_mixin.py:151} INFO - [2023-09-05T08:27:41.293+0000] {dag.py:3677} INFO - Setting next_dagrun for example_branch_datetime_operator_3 to 2023-09-04T00:00:00+00:00, run_after=2023-09-05T00:00:00+00:00
[2023-09-05T08:27:41.389+0000] {processor.py:179} INFO - Processing /home/airflow/.local/lib/python3.8/site-packages/airflow/example_dags/example_branch_datetime_operator.py took 0.457 seconds
[2023-09-05T08:28:11.706+0000] {processor.py:157} INFO - Started process (PID=1301) to work on /home/airflow/.local/lib/python3.8/site-packages/airflow/example_dags/example_branch_datetime_operator.py
[2023-09-05T08:28:11.708+0000] {processor.py:829} INFO - Processing file /home/airflow/.local/lib/python3.8/site-packages/airflow/example_dags/example_branch_datetime_operator.py for tasks to queue
[2023-09-05T08:28:11.710+0000] {logging_mixin.py:151} INFO - [2023-09-05T08:28:11.710+0000] {dagbag.py:539} INFO - Filling up the DagBag from /home/airflow/.local/lib/python3.8/site-packages/airflow/example_dags/example_branch_datetime_operator.py
[2023-09-05T08:28:11.730+0000] {processor.py:839} INFO - DAG(s) dict_keys(['example_branch_datetime_operator_3', 'example_branch_datetime_operator_2', 'example_branch_datetime_operator']) retrieved from /home/airflow/.local/lib/python3.8/site-packages/airflow/example_dags/example_branch_datetime_operator.py
[2023-09-05T08:28:11.807+0000] {logging_mixin.py:151} INFO - [2023-09-05T08:28:11.807+0000] {dag.py:2907} INFO - Sync 3 DAGs
[2023-09-05T08:28:11.877+0000] {logging_mixin.py:151} INFO - [2023-09-05T08:28:11.876+0000] {dag.py:3677} INFO - Setting next_dagrun for example_branch_datetime_operator to 2023-09-04T00:00:00+00:00, run_after=2023-09-05T00:00:00+00:00
[2023-09-05T08:28:11.893+0000] {logging_mixin.py:151} INFO - [2023-09-05T08:28:11.892+0000] {dag.py:3677} INFO - Setting next_dagrun for example_branch_datetime_operator_2 to 2023-09-04T00:00:00+00:00, run_after=2023-09-05T00:00:00+00:00
[2023-09-05T08:28:11.899+0000] {logging_mixin.py:151} INFO - [2023-09-05T08:28:11.898+0000] {dag.py:3677} INFO - Setting next_dagrun for example_branch_datetime_operator_3 to 2023-09-04T00:00:00+00:00, run_after=2023-09-05T00:00:00+00:00
[2023-09-05T08:28:11.928+0000] {processor.py:179} INFO - Processing /home/airflow/.local/lib/python3.8/site-packages/airflow/example_dags/example_branch_datetime_operator.py took 0.227 seconds
[2023-09-05T08:28:55.936+0000] {processor.py:157} INFO - Started process (PID=1577) to work on /home/airflow/.local/lib/python3.8/site-packages/airflow/example_dags/example_branch_datetime_operator.py
[2023-09-05T08:28:55.938+0000] {processor.py:829} INFO - Processing file /home/airflow/.local/lib/python3.8/site-packages/airflow/example_dags/example_branch_datetime_operator.py for tasks to queue
[2023-09-05T08:28:55.939+0000] {logging_mixin.py:151} INFO - [2023-09-05T08:28:55.939+0000] {dagbag.py:539} INFO - Filling up the DagBag from /home/airflow/.local/lib/python3.8/site-packages/airflow/example_dags/example_branch_datetime_operator.py
[2023-09-05T08:28:56.008+0000] {processor.py:839} INFO - DAG(s) dict_keys(['example_branch_datetime_operator_2', 'example_branch_datetime_operator_3', 'example_branch_datetime_operator']) retrieved from /home/airflow/.local/lib/python3.8/site-packages/airflow/example_dags/example_branch_datetime_operator.py
[2023-09-05T08:28:56.324+0000] {logging_mixin.py:151} INFO - [2023-09-05T08:28:56.323+0000] {dag.py:2907} INFO - Sync 3 DAGs
[2023-09-05T08:28:56.395+0000] {logging_mixin.py:151} INFO - [2023-09-05T08:28:56.395+0000] {dag.py:3677} INFO - Setting next_dagrun for example_branch_datetime_operator to 2023-09-04T00:00:00+00:00, run_after=2023-09-05T00:00:00+00:00
[2023-09-05T08:28:56.432+0000] {logging_mixin.py:151} INFO - [2023-09-05T08:28:56.431+0000] {dag.py:3677} INFO - Setting next_dagrun for example_branch_datetime_operator_2 to 2023-09-04T00:00:00+00:00, run_after=2023-09-05T00:00:00+00:00
[2023-09-05T08:28:56.455+0000] {logging_mixin.py:151} INFO - [2023-09-05T08:28:56.454+0000] {dag.py:3677} INFO - Setting next_dagrun for example_branch_datetime_operator_3 to 2023-09-04T00:00:00+00:00, run_after=2023-09-05T00:00:00+00:00
[2023-09-05T08:28:56.643+0000] {processor.py:179} INFO - Processing /home/airflow/.local/lib/python3.8/site-packages/airflow/example_dags/example_branch_datetime_operator.py took 0.713 seconds
[2023-09-05T08:29:27.513+0000] {processor.py:157} INFO - Started process (PID=1826) to work on /home/airflow/.local/lib/python3.8/site-packages/airflow/example_dags/example_branch_datetime_operator.py
[2023-09-05T08:29:27.515+0000] {processor.py:829} INFO - Processing file /home/airflow/.local/lib/python3.8/site-packages/airflow/example_dags/example_branch_datetime_operator.py for tasks to queue
[2023-09-05T08:29:27.516+0000] {logging_mixin.py:151} INFO - [2023-09-05T08:29:27.515+0000] {dagbag.py:539} INFO - Filling up the DagBag from /home/airflow/.local/lib/python3.8/site-packages/airflow/example_dags/example_branch_datetime_operator.py
[2023-09-05T08:29:27.537+0000] {processor.py:839} INFO - DAG(s) dict_keys(['example_branch_datetime_operator_2', 'example_branch_datetime_operator', 'example_branch_datetime_operator_3']) retrieved from /home/airflow/.local/lib/python3.8/site-packages/airflow/example_dags/example_branch_datetime_operator.py
[2023-09-05T08:29:27.624+0000] {logging_mixin.py:151} INFO - [2023-09-05T08:29:27.624+0000] {dag.py:2907} INFO - Sync 3 DAGs
[2023-09-05T08:29:27.675+0000] {logging_mixin.py:151} INFO - [2023-09-05T08:29:27.675+0000] {dag.py:3677} INFO - Setting next_dagrun for example_branch_datetime_operator to 2023-09-04T00:00:00+00:00, run_after=2023-09-05T00:00:00+00:00
[2023-09-05T08:29:27.685+0000] {logging_mixin.py:151} INFO - [2023-09-05T08:29:27.685+0000] {dag.py:3677} INFO - Setting next_dagrun for example_branch_datetime_operator_2 to 2023-09-04T00:00:00+00:00, run_after=2023-09-05T00:00:00+00:00
[2023-09-05T08:29:27.692+0000] {logging_mixin.py:151} INFO - [2023-09-05T08:29:27.691+0000] {dag.py:3677} INFO - Setting next_dagrun for example_branch_datetime_operator_3 to 2023-09-04T00:00:00+00:00, run_after=2023-09-05T00:00:00+00:00
[2023-09-05T08:29:27.773+0000] {processor.py:179} INFO - Processing /home/airflow/.local/lib/python3.8/site-packages/airflow/example_dags/example_branch_datetime_operator.py took 0.269 seconds
[2023-09-05T08:29:58.157+0000] {processor.py:157} INFO - Started process (PID=2064) to work on /home/airflow/.local/lib/python3.8/site-packages/airflow/example_dags/example_branch_datetime_operator.py
[2023-09-05T08:29:58.161+0000] {processor.py:829} INFO - Processing file /home/airflow/.local/lib/python3.8/site-packages/airflow/example_dags/example_branch_datetime_operator.py for tasks to queue
[2023-09-05T08:29:58.168+0000] {logging_mixin.py:151} INFO - [2023-09-05T08:29:58.167+0000] {dagbag.py:539} INFO - Filling up the DagBag from /home/airflow/.local/lib/python3.8/site-packages/airflow/example_dags/example_branch_datetime_operator.py
[2023-09-05T08:29:58.204+0000] {processor.py:839} INFO - DAG(s) dict_keys(['example_branch_datetime_operator', 'example_branch_datetime_operator_3', 'example_branch_datetime_operator_2']) retrieved from /home/airflow/.local/lib/python3.8/site-packages/airflow/example_dags/example_branch_datetime_operator.py
[2023-09-05T08:29:58.290+0000] {logging_mixin.py:151} INFO - [2023-09-05T08:29:58.290+0000] {dag.py:2907} INFO - Sync 3 DAGs
[2023-09-05T08:29:58.374+0000] {logging_mixin.py:151} INFO - [2023-09-05T08:29:58.372+0000] {dag.py:3677} INFO - Setting next_dagrun for example_branch_datetime_operator to 2023-09-04T00:00:00+00:00, run_after=2023-09-05T00:00:00+00:00
[2023-09-05T08:29:58.389+0000] {logging_mixin.py:151} INFO - [2023-09-05T08:29:58.389+0000] {dag.py:3677} INFO - Setting next_dagrun for example_branch_datetime_operator_2 to 2023-09-04T00:00:00+00:00, run_after=2023-09-05T00:00:00+00:00
[2023-09-05T08:29:58.399+0000] {logging_mixin.py:151} INFO - [2023-09-05T08:29:58.397+0000] {dag.py:3677} INFO - Setting next_dagrun for example_branch_datetime_operator_3 to 2023-09-04T00:00:00+00:00, run_after=2023-09-05T00:00:00+00:00
[2023-09-05T08:29:58.449+0000] {processor.py:179} INFO - Processing /home/airflow/.local/lib/python3.8/site-packages/airflow/example_dags/example_branch_datetime_operator.py took 0.318 seconds
[2023-09-05T08:30:28.508+0000] {processor.py:157} INFO - Started process (PID=2302) to work on /home/airflow/.local/lib/python3.8/site-packages/airflow/example_dags/example_branch_datetime_operator.py
[2023-09-05T08:30:28.516+0000] {processor.py:829} INFO - Processing file /home/airflow/.local/lib/python3.8/site-packages/airflow/example_dags/example_branch_datetime_operator.py for tasks to queue
[2023-09-05T08:30:28.518+0000] {logging_mixin.py:151} INFO - [2023-09-05T08:30:28.517+0000] {dagbag.py:539} INFO - Filling up the DagBag from /home/airflow/.local/lib/python3.8/site-packages/airflow/example_dags/example_branch_datetime_operator.py
[2023-09-05T08:30:28.542+0000] {processor.py:839} INFO - DAG(s) dict_keys(['example_branch_datetime_operator', 'example_branch_datetime_operator_2', 'example_branch_datetime_operator_3']) retrieved from /home/airflow/.local/lib/python3.8/site-packages/airflow/example_dags/example_branch_datetime_operator.py
[2023-09-05T08:30:28.592+0000] {logging_mixin.py:151} INFO - [2023-09-05T08:30:28.591+0000] {dag.py:2907} INFO - Sync 3 DAGs
[2023-09-05T08:30:28.639+0000] {logging_mixin.py:151} INFO - [2023-09-05T08:30:28.639+0000] {dag.py:3677} INFO - Setting next_dagrun for example_branch_datetime_operator to 2023-09-04T00:00:00+00:00, run_after=2023-09-05T00:00:00+00:00
[2023-09-05T08:30:28.650+0000] {logging_mixin.py:151} INFO - [2023-09-05T08:30:28.649+0000] {dag.py:3677} INFO - Setting next_dagrun for example_branch_datetime_operator_2 to 2023-09-04T00:00:00+00:00, run_after=2023-09-05T00:00:00+00:00
[2023-09-05T08:30:28.654+0000] {logging_mixin.py:151} INFO - [2023-09-05T08:30:28.654+0000] {dag.py:3677} INFO - Setting next_dagrun for example_branch_datetime_operator_3 to 2023-09-04T00:00:00+00:00, run_after=2023-09-05T00:00:00+00:00
[2023-09-05T08:30:28.685+0000] {processor.py:179} INFO - Processing /home/airflow/.local/lib/python3.8/site-packages/airflow/example_dags/example_branch_datetime_operator.py took 0.182 seconds
[2023-09-05T08:30:58.785+0000] {processor.py:157} INFO - Started process (PID=2540) to work on /home/airflow/.local/lib/python3.8/site-packages/airflow/example_dags/example_branch_datetime_operator.py
[2023-09-05T08:30:58.790+0000] {processor.py:829} INFO - Processing file /home/airflow/.local/lib/python3.8/site-packages/airflow/example_dags/example_branch_datetime_operator.py for tasks to queue
[2023-09-05T08:30:58.795+0000] {logging_mixin.py:151} INFO - [2023-09-05T08:30:58.794+0000] {dagbag.py:539} INFO - Filling up the DagBag from /home/airflow/.local/lib/python3.8/site-packages/airflow/example_dags/example_branch_datetime_operator.py
[2023-09-05T08:30:58.862+0000] {processor.py:839} INFO - DAG(s) dict_keys(['example_branch_datetime_operator_2', 'example_branch_datetime_operator', 'example_branch_datetime_operator_3']) retrieved from /home/airflow/.local/lib/python3.8/site-packages/airflow/example_dags/example_branch_datetime_operator.py
[2023-09-05T08:30:58.923+0000] {logging_mixin.py:151} INFO - [2023-09-05T08:30:58.923+0000] {dag.py:2907} INFO - Sync 3 DAGs
[2023-09-05T08:30:58.951+0000] {logging_mixin.py:151} INFO - [2023-09-05T08:30:58.951+0000] {dag.py:3677} INFO - Setting next_dagrun for example_branch_datetime_operator to 2023-09-04T00:00:00+00:00, run_after=2023-09-05T00:00:00+00:00
[2023-09-05T08:30:58.957+0000] {logging_mixin.py:151} INFO - [2023-09-05T08:30:58.957+0000] {dag.py:3677} INFO - Setting next_dagrun for example_branch_datetime_operator_2 to 2023-09-04T00:00:00+00:00, run_after=2023-09-05T00:00:00+00:00
[2023-09-05T08:30:58.960+0000] {logging_mixin.py:151} INFO - [2023-09-05T08:30:58.960+0000] {dag.py:3677} INFO - Setting next_dagrun for example_branch_datetime_operator_3 to 2023-09-04T00:00:00+00:00, run_after=2023-09-05T00:00:00+00:00
[2023-09-05T08:30:58.981+0000] {processor.py:179} INFO - Processing /home/airflow/.local/lib/python3.8/site-packages/airflow/example_dags/example_branch_datetime_operator.py took 0.212 seconds
