[2023-09-05T08:26:04.032+0000] {processor.py:157} INFO - Started process (PID=274) to work on /home/airflow/.local/lib/python3.8/site-packages/airflow/example_dags/example_short_circuit_decorator.py
[2023-09-05T08:26:04.034+0000] {processor.py:829} INFO - Processing file /home/airflow/.local/lib/python3.8/site-packages/airflow/example_dags/example_short_circuit_decorator.py for tasks to queue
[2023-09-05T08:26:04.044+0000] {logging_mixin.py:151} INFO - [2023-09-05T08:26:04.043+0000] {dagbag.py:539} INFO - Filling up the DagBag from /home/airflow/.local/lib/python3.8/site-packages/airflow/example_dags/example_short_circuit_decorator.py
[2023-09-05T08:26:04.138+0000] {processor.py:839} INFO - DAG(s) dict_keys(['example_short_circuit_decorator']) retrieved from /home/airflow/.local/lib/python3.8/site-packages/airflow/example_dags/example_short_circuit_decorator.py
[2023-09-05T08:26:04.187+0000] {logging_mixin.py:151} INFO - [2023-09-05T08:26:04.187+0000] {dag.py:2907} INFO - Sync 1 DAGs
[2023-09-05T08:26:04.327+0000] {logging_mixin.py:151} INFO - [2023-09-05T08:26:04.326+0000] {dag.py:3677} INFO - Setting next_dagrun for example_short_circuit_decorator to 2023-09-04T08:26:04.325376+00:00, run_after=2023-09-05T08:26:04.325376+00:00
[2023-09-05T08:26:04.431+0000] {processor.py:179} INFO - Processing /home/airflow/.local/lib/python3.8/site-packages/airflow/example_dags/example_short_circuit_decorator.py took 0.417 seconds
[2023-09-05T08:26:34.766+0000] {processor.py:157} INFO - Started process (PID=512) to work on /home/airflow/.local/lib/python3.8/site-packages/airflow/example_dags/example_short_circuit_decorator.py
[2023-09-05T08:26:34.768+0000] {processor.py:829} INFO - Processing file /home/airflow/.local/lib/python3.8/site-packages/airflow/example_dags/example_short_circuit_decorator.py for tasks to queue
[2023-09-05T08:26:34.769+0000] {logging_mixin.py:151} INFO - [2023-09-05T08:26:34.768+0000] {dagbag.py:539} INFO - Filling up the DagBag from /home/airflow/.local/lib/python3.8/site-packages/airflow/example_dags/example_short_circuit_decorator.py
[2023-09-05T08:26:34.783+0000] {processor.py:839} INFO - DAG(s) dict_keys(['example_short_circuit_decorator']) retrieved from /home/airflow/.local/lib/python3.8/site-packages/airflow/example_dags/example_short_circuit_decorator.py
[2023-09-05T08:26:34.825+0000] {logging_mixin.py:151} INFO - [2023-09-05T08:26:34.824+0000] {dag.py:2907} INFO - Sync 1 DAGs
[2023-09-05T08:26:34.851+0000] {logging_mixin.py:151} INFO - [2023-09-05T08:26:34.850+0000] {dag.py:3677} INFO - Setting next_dagrun for example_short_circuit_decorator to 2023-09-04T08:26:34.850540+00:00, run_after=2023-09-05T08:26:34.850540+00:00
[2023-09-05T08:26:34.873+0000] {processor.py:179} INFO - Processing /home/airflow/.local/lib/python3.8/site-packages/airflow/example_dags/example_short_circuit_decorator.py took 0.110 seconds
[2023-09-05T08:27:05.027+0000] {processor.py:157} INFO - Started process (PID=750) to work on /home/airflow/.local/lib/python3.8/site-packages/airflow/example_dags/example_short_circuit_decorator.py
[2023-09-05T08:27:05.028+0000] {processor.py:829} INFO - Processing file /home/airflow/.local/lib/python3.8/site-packages/airflow/example_dags/example_short_circuit_decorator.py for tasks to queue
[2023-09-05T08:27:05.029+0000] {logging_mixin.py:151} INFO - [2023-09-05T08:27:05.029+0000] {dagbag.py:539} INFO - Filling up the DagBag from /home/airflow/.local/lib/python3.8/site-packages/airflow/example_dags/example_short_circuit_decorator.py
[2023-09-05T08:27:05.044+0000] {processor.py:839} INFO - DAG(s) dict_keys(['example_short_circuit_decorator']) retrieved from /home/airflow/.local/lib/python3.8/site-packages/airflow/example_dags/example_short_circuit_decorator.py
[2023-09-05T08:27:05.199+0000] {logging_mixin.py:151} INFO - [2023-09-05T08:27:05.199+0000] {dag.py:2907} INFO - Sync 1 DAGs
[2023-09-05T08:27:05.230+0000] {logging_mixin.py:151} INFO - [2023-09-05T08:27:05.230+0000] {dag.py:3677} INFO - Setting next_dagrun for example_short_circuit_decorator to 2023-09-04T08:27:05.229791+00:00, run_after=2023-09-05T08:27:05.229791+00:00
[2023-09-05T08:27:05.254+0000] {processor.py:179} INFO - Processing /home/airflow/.local/lib/python3.8/site-packages/airflow/example_dags/example_short_circuit_decorator.py took 0.232 seconds
[2023-09-05T08:27:35.667+0000] {processor.py:157} INFO - Started process (PID=988) to work on /home/airflow/.local/lib/python3.8/site-packages/airflow/example_dags/example_short_circuit_decorator.py
[2023-09-05T08:27:35.668+0000] {processor.py:829} INFO - Processing file /home/airflow/.local/lib/python3.8/site-packages/airflow/example_dags/example_short_circuit_decorator.py for tasks to queue
[2023-09-05T08:27:35.670+0000] {logging_mixin.py:151} INFO - [2023-09-05T08:27:35.669+0000] {dagbag.py:539} INFO - Filling up the DagBag from /home/airflow/.local/lib/python3.8/site-packages/airflow/example_dags/example_short_circuit_decorator.py
[2023-09-05T08:27:35.690+0000] {processor.py:839} INFO - DAG(s) dict_keys(['example_short_circuit_decorator']) retrieved from /home/airflow/.local/lib/python3.8/site-packages/airflow/example_dags/example_short_circuit_decorator.py
[2023-09-05T08:27:35.739+0000] {logging_mixin.py:151} INFO - [2023-09-05T08:27:35.738+0000] {dag.py:2907} INFO - Sync 1 DAGs
[2023-09-05T08:27:35.786+0000] {logging_mixin.py:151} INFO - [2023-09-05T08:27:35.786+0000] {dag.py:3677} INFO - Setting next_dagrun for example_short_circuit_decorator to 2023-09-04T08:27:35.785871+00:00, run_after=2023-09-05T08:27:35.785871+00:00
[2023-09-05T08:27:35.828+0000] {processor.py:179} INFO - Processing /home/airflow/.local/lib/python3.8/site-packages/airflow/example_dags/example_short_circuit_decorator.py took 0.167 seconds
[2023-09-05T08:28:06.100+0000] {processor.py:157} INFO - Started process (PID=1226) to work on /home/airflow/.local/lib/python3.8/site-packages/airflow/example_dags/example_short_circuit_decorator.py
[2023-09-05T08:28:06.102+0000] {processor.py:829} INFO - Processing file /home/airflow/.local/lib/python3.8/site-packages/airflow/example_dags/example_short_circuit_decorator.py for tasks to queue
[2023-09-05T08:28:06.104+0000] {logging_mixin.py:151} INFO - [2023-09-05T08:28:06.103+0000] {dagbag.py:539} INFO - Filling up the DagBag from /home/airflow/.local/lib/python3.8/site-packages/airflow/example_dags/example_short_circuit_decorator.py
[2023-09-05T08:28:06.123+0000] {processor.py:839} INFO - DAG(s) dict_keys(['example_short_circuit_decorator']) retrieved from /home/airflow/.local/lib/python3.8/site-packages/airflow/example_dags/example_short_circuit_decorator.py
[2023-09-05T08:28:06.168+0000] {logging_mixin.py:151} INFO - [2023-09-05T08:28:06.167+0000] {dag.py:2907} INFO - Sync 1 DAGs
[2023-09-05T08:28:06.204+0000] {logging_mixin.py:151} INFO - [2023-09-05T08:28:06.203+0000] {dag.py:3677} INFO - Setting next_dagrun for example_short_circuit_decorator to 2023-09-04T08:28:06.203693+00:00, run_after=2023-09-05T08:28:06.203693+00:00
[2023-09-05T08:28:06.232+0000] {processor.py:179} INFO - Processing /home/airflow/.local/lib/python3.8/site-packages/airflow/example_dags/example_short_circuit_decorator.py took 0.137 seconds
[2023-09-05T08:28:42.926+0000] {processor.py:157} INFO - Started process (PID=1475) to work on /home/airflow/.local/lib/python3.8/site-packages/airflow/example_dags/example_short_circuit_decorator.py
[2023-09-05T08:28:42.946+0000] {processor.py:829} INFO - Processing file /home/airflow/.local/lib/python3.8/site-packages/airflow/example_dags/example_short_circuit_decorator.py for tasks to queue
[2023-09-05T08:28:42.949+0000] {logging_mixin.py:151} INFO - [2023-09-05T08:28:42.948+0000] {dagbag.py:539} INFO - Filling up the DagBag from /home/airflow/.local/lib/python3.8/site-packages/airflow/example_dags/example_short_circuit_decorator.py
[2023-09-05T08:28:43.222+0000] {processor.py:839} INFO - DAG(s) dict_keys(['example_short_circuit_decorator']) retrieved from /home/airflow/.local/lib/python3.8/site-packages/airflow/example_dags/example_short_circuit_decorator.py
[2023-09-05T08:28:43.541+0000] {logging_mixin.py:151} INFO - [2023-09-05T08:28:43.540+0000] {dag.py:2907} INFO - Sync 1 DAGs
[2023-09-05T08:28:43.686+0000] {logging_mixin.py:151} INFO - [2023-09-05T08:28:43.686+0000] {dag.py:3677} INFO - Setting next_dagrun for example_short_circuit_decorator to 2023-09-04T08:28:43.685618+00:00, run_after=2023-09-05T08:28:43.685618+00:00
[2023-09-05T08:28:44.082+0000] {processor.py:179} INFO - Processing /home/airflow/.local/lib/python3.8/site-packages/airflow/example_dags/example_short_circuit_decorator.py took 1.179 seconds
[2023-09-05T08:29:15.169+0000] {processor.py:157} INFO - Started process (PID=1751) to work on /home/airflow/.local/lib/python3.8/site-packages/airflow/example_dags/example_short_circuit_decorator.py
[2023-09-05T08:29:15.170+0000] {processor.py:829} INFO - Processing file /home/airflow/.local/lib/python3.8/site-packages/airflow/example_dags/example_short_circuit_decorator.py for tasks to queue
[2023-09-05T08:29:15.172+0000] {logging_mixin.py:151} INFO - [2023-09-05T08:29:15.172+0000] {dagbag.py:539} INFO - Filling up the DagBag from /home/airflow/.local/lib/python3.8/site-packages/airflow/example_dags/example_short_circuit_decorator.py
[2023-09-05T08:29:15.197+0000] {processor.py:839} INFO - DAG(s) dict_keys(['example_short_circuit_decorator']) retrieved from /home/airflow/.local/lib/python3.8/site-packages/airflow/example_dags/example_short_circuit_decorator.py
[2023-09-05T08:29:15.249+0000] {logging_mixin.py:151} INFO - [2023-09-05T08:29:15.249+0000] {dag.py:2907} INFO - Sync 1 DAGs
[2023-09-05T08:29:15.293+0000] {logging_mixin.py:151} INFO - [2023-09-05T08:29:15.293+0000] {dag.py:3677} INFO - Setting next_dagrun for example_short_circuit_decorator to 2023-09-04T08:29:15.293071+00:00, run_after=2023-09-05T08:29:15.293071+00:00
[2023-09-05T08:29:15.336+0000] {processor.py:179} INFO - Processing /home/airflow/.local/lib/python3.8/site-packages/airflow/example_dags/example_short_circuit_decorator.py took 0.182 seconds
[2023-09-05T08:29:46.266+0000] {processor.py:157} INFO - Started process (PID=1989) to work on /home/airflow/.local/lib/python3.8/site-packages/airflow/example_dags/example_short_circuit_decorator.py
[2023-09-05T08:29:46.269+0000] {processor.py:829} INFO - Processing file /home/airflow/.local/lib/python3.8/site-packages/airflow/example_dags/example_short_circuit_decorator.py for tasks to queue
[2023-09-05T08:29:46.271+0000] {logging_mixin.py:151} INFO - [2023-09-05T08:29:46.270+0000] {dagbag.py:539} INFO - Filling up the DagBag from /home/airflow/.local/lib/python3.8/site-packages/airflow/example_dags/example_short_circuit_decorator.py
[2023-09-05T08:29:46.289+0000] {processor.py:839} INFO - DAG(s) dict_keys(['example_short_circuit_decorator']) retrieved from /home/airflow/.local/lib/python3.8/site-packages/airflow/example_dags/example_short_circuit_decorator.py
[2023-09-05T08:29:46.327+0000] {logging_mixin.py:151} INFO - [2023-09-05T08:29:46.326+0000] {dag.py:2907} INFO - Sync 1 DAGs
[2023-09-05T08:29:46.355+0000] {logging_mixin.py:151} INFO - [2023-09-05T08:29:46.355+0000] {dag.py:3677} INFO - Setting next_dagrun for example_short_circuit_decorator to 2023-09-04T08:29:46.355066+00:00, run_after=2023-09-05T08:29:46.355066+00:00
[2023-09-05T08:29:46.381+0000] {processor.py:179} INFO - Processing /home/airflow/.local/lib/python3.8/site-packages/airflow/example_dags/example_short_circuit_decorator.py took 0.121 seconds
[2023-09-05T08:30:17.038+0000] {processor.py:157} INFO - Started process (PID=2227) to work on /home/airflow/.local/lib/python3.8/site-packages/airflow/example_dags/example_short_circuit_decorator.py
[2023-09-05T08:30:17.040+0000] {processor.py:829} INFO - Processing file /home/airflow/.local/lib/python3.8/site-packages/airflow/example_dags/example_short_circuit_decorator.py for tasks to queue
[2023-09-05T08:30:17.042+0000] {logging_mixin.py:151} INFO - [2023-09-05T08:30:17.042+0000] {dagbag.py:539} INFO - Filling up the DagBag from /home/airflow/.local/lib/python3.8/site-packages/airflow/example_dags/example_short_circuit_decorator.py
[2023-09-05T08:30:17.067+0000] {processor.py:839} INFO - DAG(s) dict_keys(['example_short_circuit_decorator']) retrieved from /home/airflow/.local/lib/python3.8/site-packages/airflow/example_dags/example_short_circuit_decorator.py
[2023-09-05T08:30:17.111+0000] {logging_mixin.py:151} INFO - [2023-09-05T08:30:17.110+0000] {dag.py:2907} INFO - Sync 1 DAGs
[2023-09-05T08:30:17.146+0000] {logging_mixin.py:151} INFO - [2023-09-05T08:30:17.146+0000] {dag.py:3677} INFO - Setting next_dagrun for example_short_circuit_decorator to 2023-09-04T08:30:17.146414+00:00, run_after=2023-09-05T08:30:17.146414+00:00
[2023-09-05T08:30:17.183+0000] {processor.py:179} INFO - Processing /home/airflow/.local/lib/python3.8/site-packages/airflow/example_dags/example_short_circuit_decorator.py took 0.156 seconds
[2023-09-05T08:30:47.323+0000] {processor.py:157} INFO - Started process (PID=2468) to work on /home/airflow/.local/lib/python3.8/site-packages/airflow/example_dags/example_short_circuit_decorator.py
[2023-09-05T08:30:47.325+0000] {processor.py:829} INFO - Processing file /home/airflow/.local/lib/python3.8/site-packages/airflow/example_dags/example_short_circuit_decorator.py for tasks to queue
[2023-09-05T08:30:47.327+0000] {logging_mixin.py:151} INFO - [2023-09-05T08:30:47.326+0000] {dagbag.py:539} INFO - Filling up the DagBag from /home/airflow/.local/lib/python3.8/site-packages/airflow/example_dags/example_short_circuit_decorator.py
[2023-09-05T08:30:47.342+0000] {processor.py:839} INFO - DAG(s) dict_keys(['example_short_circuit_decorator']) retrieved from /home/airflow/.local/lib/python3.8/site-packages/airflow/example_dags/example_short_circuit_decorator.py
[2023-09-05T08:30:47.378+0000] {logging_mixin.py:151} INFO - [2023-09-05T08:30:47.377+0000] {dag.py:2907} INFO - Sync 1 DAGs
[2023-09-05T08:30:47.419+0000] {logging_mixin.py:151} INFO - [2023-09-05T08:30:47.415+0000] {dag.py:3677} INFO - Setting next_dagrun for example_short_circuit_decorator to 2023-09-04T08:30:47.415281+00:00, run_after=2023-09-05T08:30:47.415281+00:00
[2023-09-05T08:30:47.464+0000] {processor.py:179} INFO - Processing /home/airflow/.local/lib/python3.8/site-packages/airflow/example_dags/example_short_circuit_decorator.py took 0.148 seconds
