[2023-09-05T08:25:59.628+0000] {processor.py:157} INFO - Started process (PID=219) to work on /home/airflow/.local/lib/python3.8/site-packages/airflow/example_dags/example_sensors.py
[2023-09-05T08:25:59.629+0000] {processor.py:829} INFO - Processing file /home/airflow/.local/lib/python3.8/site-packages/airflow/example_dags/example_sensors.py for tasks to queue
[2023-09-05T08:25:59.630+0000] {logging_mixin.py:151} INFO - [2023-09-05T08:25:59.630+0000] {dagbag.py:539} INFO - Filling up the DagBag from /home/airflow/.local/lib/python3.8/site-packages/airflow/example_dags/example_sensors.py
[2023-09-05T08:25:59.699+0000] {processor.py:839} INFO - DAG(s) dict_keys(['example_sensors']) retrieved from /home/airflow/.local/lib/python3.8/site-packages/airflow/example_dags/example_sensors.py
[2023-09-05T08:25:59.806+0000] {logging_mixin.py:151} INFO - [2023-09-05T08:25:59.806+0000] {dag.py:2907} INFO - Sync 1 DAGs
[2023-09-05T08:25:59.923+0000] {logging_mixin.py:151} INFO - [2023-09-05T08:25:59.922+0000] {dag.py:3677} INFO - Setting next_dagrun for example_sensors to None, run_after=None
[2023-09-05T08:26:00.102+0000] {processor.py:179} INFO - Processing /home/airflow/.local/lib/python3.8/site-packages/airflow/example_dags/example_sensors.py took 0.489 seconds
[2023-09-05T08:26:30.606+0000] {processor.py:157} INFO - Started process (PID=454) to work on /home/airflow/.local/lib/python3.8/site-packages/airflow/example_dags/example_sensors.py
[2023-09-05T08:26:30.606+0000] {processor.py:829} INFO - Processing file /home/airflow/.local/lib/python3.8/site-packages/airflow/example_dags/example_sensors.py for tasks to queue
[2023-09-05T08:26:30.607+0000] {logging_mixin.py:151} INFO - [2023-09-05T08:26:30.607+0000] {dagbag.py:539} INFO - Filling up the DagBag from /home/airflow/.local/lib/python3.8/site-packages/airflow/example_dags/example_sensors.py
[2023-09-05T08:26:30.617+0000] {processor.py:839} INFO - DAG(s) dict_keys(['example_sensors']) retrieved from /home/airflow/.local/lib/python3.8/site-packages/airflow/example_dags/example_sensors.py
[2023-09-05T08:26:30.642+0000] {logging_mixin.py:151} INFO - [2023-09-05T08:26:30.642+0000] {dag.py:2907} INFO - Sync 1 DAGs
[2023-09-05T08:26:30.654+0000] {logging_mixin.py:151} INFO - [2023-09-05T08:26:30.654+0000] {dag.py:3677} INFO - Setting next_dagrun for example_sensors to None, run_after=None
[2023-09-05T08:26:30.673+0000] {processor.py:179} INFO - Processing /home/airflow/.local/lib/python3.8/site-packages/airflow/example_dags/example_sensors.py took 0.071 seconds
[2023-09-05T08:27:00.725+0000] {processor.py:157} INFO - Started process (PID=692) to work on /home/airflow/.local/lib/python3.8/site-packages/airflow/example_dags/example_sensors.py
[2023-09-05T08:27:00.726+0000] {processor.py:829} INFO - Processing file /home/airflow/.local/lib/python3.8/site-packages/airflow/example_dags/example_sensors.py for tasks to queue
[2023-09-05T08:27:00.727+0000] {logging_mixin.py:151} INFO - [2023-09-05T08:27:00.727+0000] {dagbag.py:539} INFO - Filling up the DagBag from /home/airflow/.local/lib/python3.8/site-packages/airflow/example_dags/example_sensors.py
[2023-09-05T08:27:00.736+0000] {processor.py:839} INFO - DAG(s) dict_keys(['example_sensors']) retrieved from /home/airflow/.local/lib/python3.8/site-packages/airflow/example_dags/example_sensors.py
[2023-09-05T08:27:00.865+0000] {logging_mixin.py:151} INFO - [2023-09-05T08:27:00.865+0000] {dag.py:2907} INFO - Sync 1 DAGs
[2023-09-05T08:27:00.879+0000] {logging_mixin.py:151} INFO - [2023-09-05T08:27:00.878+0000] {dag.py:3677} INFO - Setting next_dagrun for example_sensors to None, run_after=None
[2023-09-05T08:27:00.897+0000] {processor.py:179} INFO - Processing /home/airflow/.local/lib/python3.8/site-packages/airflow/example_dags/example_sensors.py took 0.175 seconds
[2023-09-05T08:27:31.140+0000] {processor.py:157} INFO - Started process (PID=928) to work on /home/airflow/.local/lib/python3.8/site-packages/airflow/example_dags/example_sensors.py
[2023-09-05T08:27:31.141+0000] {processor.py:829} INFO - Processing file /home/airflow/.local/lib/python3.8/site-packages/airflow/example_dags/example_sensors.py for tasks to queue
[2023-09-05T08:27:31.145+0000] {logging_mixin.py:151} INFO - [2023-09-05T08:27:31.142+0000] {dagbag.py:539} INFO - Filling up the DagBag from /home/airflow/.local/lib/python3.8/site-packages/airflow/example_dags/example_sensors.py
[2023-09-05T08:27:31.169+0000] {processor.py:839} INFO - DAG(s) dict_keys(['example_sensors']) retrieved from /home/airflow/.local/lib/python3.8/site-packages/airflow/example_dags/example_sensors.py
[2023-09-05T08:27:31.224+0000] {logging_mixin.py:151} INFO - [2023-09-05T08:27:31.223+0000] {dag.py:2907} INFO - Sync 1 DAGs
[2023-09-05T08:27:31.250+0000] {logging_mixin.py:151} INFO - [2023-09-05T08:27:31.250+0000] {dag.py:3677} INFO - Setting next_dagrun for example_sensors to None, run_after=None
[2023-09-05T08:27:31.285+0000] {processor.py:179} INFO - Processing /home/airflow/.local/lib/python3.8/site-packages/airflow/example_dags/example_sensors.py took 0.150 seconds
[2023-09-05T08:28:01.840+0000] {processor.py:157} INFO - Started process (PID=1166) to work on /home/airflow/.local/lib/python3.8/site-packages/airflow/example_dags/example_sensors.py
[2023-09-05T08:28:01.851+0000] {processor.py:829} INFO - Processing file /home/airflow/.local/lib/python3.8/site-packages/airflow/example_dags/example_sensors.py for tasks to queue
[2023-09-05T08:28:01.853+0000] {logging_mixin.py:151} INFO - [2023-09-05T08:28:01.852+0000] {dagbag.py:539} INFO - Filling up the DagBag from /home/airflow/.local/lib/python3.8/site-packages/airflow/example_dags/example_sensors.py
[2023-09-05T08:28:01.904+0000] {processor.py:839} INFO - DAG(s) dict_keys(['example_sensors']) retrieved from /home/airflow/.local/lib/python3.8/site-packages/airflow/example_dags/example_sensors.py
[2023-09-05T08:28:02.088+0000] {logging_mixin.py:151} INFO - [2023-09-05T08:28:02.087+0000] {dag.py:2907} INFO - Sync 1 DAGs
[2023-09-05T08:28:02.160+0000] {logging_mixin.py:151} INFO - [2023-09-05T08:28:02.159+0000] {dag.py:3677} INFO - Setting next_dagrun for example_sensors to None, run_after=None
[2023-09-05T08:28:02.248+0000] {processor.py:179} INFO - Processing /home/airflow/.local/lib/python3.8/site-packages/airflow/example_dags/example_sensors.py took 0.414 seconds
[2023-09-05T08:28:32.450+0000] {processor.py:157} INFO - Started process (PID=1399) to work on /home/airflow/.local/lib/python3.8/site-packages/airflow/example_dags/example_sensors.py
[2023-09-05T08:28:32.451+0000] {processor.py:829} INFO - Processing file /home/airflow/.local/lib/python3.8/site-packages/airflow/example_dags/example_sensors.py for tasks to queue
[2023-09-05T08:28:32.453+0000] {logging_mixin.py:151} INFO - [2023-09-05T08:28:32.452+0000] {dagbag.py:539} INFO - Filling up the DagBag from /home/airflow/.local/lib/python3.8/site-packages/airflow/example_dags/example_sensors.py
[2023-09-05T08:28:32.475+0000] {processor.py:839} INFO - DAG(s) dict_keys(['example_sensors']) retrieved from /home/airflow/.local/lib/python3.8/site-packages/airflow/example_dags/example_sensors.py
[2023-09-05T08:28:32.551+0000] {logging_mixin.py:151} INFO - [2023-09-05T08:28:32.550+0000] {dag.py:2907} INFO - Sync 1 DAGs
[2023-09-05T08:28:32.586+0000] {logging_mixin.py:151} INFO - [2023-09-05T08:28:32.586+0000] {dag.py:3677} INFO - Setting next_dagrun for example_sensors to None, run_after=None
[2023-09-05T08:28:32.731+0000] {processor.py:179} INFO - Processing /home/airflow/.local/lib/python3.8/site-packages/airflow/example_dags/example_sensors.py took 0.288 seconds
[2023-09-05T08:29:03.273+0000] {processor.py:157} INFO - Started process (PID=1680) to work on /home/airflow/.local/lib/python3.8/site-packages/airflow/example_dags/example_sensors.py
[2023-09-05T08:29:03.287+0000] {processor.py:829} INFO - Processing file /home/airflow/.local/lib/python3.8/site-packages/airflow/example_dags/example_sensors.py for tasks to queue
[2023-09-05T08:29:03.289+0000] {logging_mixin.py:151} INFO - [2023-09-05T08:29:03.288+0000] {dagbag.py:539} INFO - Filling up the DagBag from /home/airflow/.local/lib/python3.8/site-packages/airflow/example_dags/example_sensors.py
[2023-09-05T08:29:03.358+0000] {processor.py:839} INFO - DAG(s) dict_keys(['example_sensors']) retrieved from /home/airflow/.local/lib/python3.8/site-packages/airflow/example_dags/example_sensors.py
[2023-09-05T08:29:03.424+0000] {logging_mixin.py:151} INFO - [2023-09-05T08:29:03.423+0000] {dag.py:2907} INFO - Sync 1 DAGs
[2023-09-05T08:29:03.456+0000] {logging_mixin.py:151} INFO - [2023-09-05T08:29:03.455+0000] {dag.py:3677} INFO - Setting next_dagrun for example_sensors to None, run_after=None
[2023-09-05T08:29:03.542+0000] {processor.py:179} INFO - Processing /home/airflow/.local/lib/python3.8/site-packages/airflow/example_dags/example_sensors.py took 0.276 seconds
[2023-09-05T08:29:33.715+0000] {processor.py:157} INFO - Started process (PID=1922) to work on /home/airflow/.local/lib/python3.8/site-packages/airflow/example_dags/example_sensors.py
[2023-09-05T08:29:33.716+0000] {processor.py:829} INFO - Processing file /home/airflow/.local/lib/python3.8/site-packages/airflow/example_dags/example_sensors.py for tasks to queue
[2023-09-05T08:29:33.717+0000] {logging_mixin.py:151} INFO - [2023-09-05T08:29:33.716+0000] {dagbag.py:539} INFO - Filling up the DagBag from /home/airflow/.local/lib/python3.8/site-packages/airflow/example_dags/example_sensors.py
[2023-09-05T08:29:33.730+0000] {processor.py:839} INFO - DAG(s) dict_keys(['example_sensors']) retrieved from /home/airflow/.local/lib/python3.8/site-packages/airflow/example_dags/example_sensors.py
[2023-09-05T08:29:33.756+0000] {logging_mixin.py:151} INFO - [2023-09-05T08:29:33.756+0000] {dag.py:2907} INFO - Sync 1 DAGs
[2023-09-05T08:29:33.768+0000] {logging_mixin.py:151} INFO - [2023-09-05T08:29:33.768+0000] {dag.py:3677} INFO - Setting next_dagrun for example_sensors to None, run_after=None
[2023-09-05T08:29:33.789+0000] {processor.py:179} INFO - Processing /home/airflow/.local/lib/python3.8/site-packages/airflow/example_dags/example_sensors.py took 0.079 seconds
[2023-09-05T08:30:04.527+0000] {processor.py:157} INFO - Started process (PID=2162) to work on /home/airflow/.local/lib/python3.8/site-packages/airflow/example_dags/example_sensors.py
[2023-09-05T08:30:04.528+0000] {processor.py:829} INFO - Processing file /home/airflow/.local/lib/python3.8/site-packages/airflow/example_dags/example_sensors.py for tasks to queue
[2023-09-05T08:30:04.529+0000] {logging_mixin.py:151} INFO - [2023-09-05T08:30:04.529+0000] {dagbag.py:539} INFO - Filling up the DagBag from /home/airflow/.local/lib/python3.8/site-packages/airflow/example_dags/example_sensors.py
[2023-09-05T08:30:04.543+0000] {processor.py:839} INFO - DAG(s) dict_keys(['example_sensors']) retrieved from /home/airflow/.local/lib/python3.8/site-packages/airflow/example_dags/example_sensors.py
[2023-09-05T08:30:04.575+0000] {logging_mixin.py:151} INFO - [2023-09-05T08:30:04.575+0000] {dag.py:2907} INFO - Sync 1 DAGs
[2023-09-05T08:30:04.591+0000] {logging_mixin.py:151} INFO - [2023-09-05T08:30:04.591+0000] {dag.py:3677} INFO - Setting next_dagrun for example_sensors to None, run_after=None
[2023-09-05T08:30:04.612+0000] {processor.py:179} INFO - Processing /home/airflow/.local/lib/python3.8/site-packages/airflow/example_dags/example_sensors.py took 0.089 seconds
[2023-09-05T08:30:34.704+0000] {processor.py:157} INFO - Started process (PID=2400) to work on /home/airflow/.local/lib/python3.8/site-packages/airflow/example_dags/example_sensors.py
[2023-09-05T08:30:34.705+0000] {processor.py:829} INFO - Processing file /home/airflow/.local/lib/python3.8/site-packages/airflow/example_dags/example_sensors.py for tasks to queue
[2023-09-05T08:30:34.706+0000] {logging_mixin.py:151} INFO - [2023-09-05T08:30:34.706+0000] {dagbag.py:539} INFO - Filling up the DagBag from /home/airflow/.local/lib/python3.8/site-packages/airflow/example_dags/example_sensors.py
[2023-09-05T08:30:34.722+0000] {processor.py:839} INFO - DAG(s) dict_keys(['example_sensors']) retrieved from /home/airflow/.local/lib/python3.8/site-packages/airflow/example_dags/example_sensors.py
[2023-09-05T08:30:34.757+0000] {logging_mixin.py:151} INFO - [2023-09-05T08:30:34.757+0000] {dag.py:2907} INFO - Sync 1 DAGs
[2023-09-05T08:30:34.771+0000] {logging_mixin.py:151} INFO - [2023-09-05T08:30:34.771+0000] {dag.py:3677} INFO - Setting next_dagrun for example_sensors to None, run_after=None
[2023-09-05T08:30:34.795+0000] {processor.py:179} INFO - Processing /home/airflow/.local/lib/python3.8/site-packages/airflow/example_dags/example_sensors.py took 0.096 seconds
[2023-09-05T08:31:05.071+0000] {processor.py:157} INFO - Started process (PID=2636) to work on /home/airflow/.local/lib/python3.8/site-packages/airflow/example_dags/example_sensors.py
[2023-09-05T08:31:05.076+0000] {processor.py:829} INFO - Processing file /home/airflow/.local/lib/python3.8/site-packages/airflow/example_dags/example_sensors.py for tasks to queue
[2023-09-05T08:31:05.077+0000] {logging_mixin.py:151} INFO - [2023-09-05T08:31:05.077+0000] {dagbag.py:539} INFO - Filling up the DagBag from /home/airflow/.local/lib/python3.8/site-packages/airflow/example_dags/example_sensors.py
[2023-09-05T08:31:05.086+0000] {processor.py:839} INFO - DAG(s) dict_keys(['example_sensors']) retrieved from /home/airflow/.local/lib/python3.8/site-packages/airflow/example_dags/example_sensors.py
