[2023-09-05T08:26:02.951+0000] {processor.py:157} INFO - Started process (PID=264) to work on /home/airflow/.local/lib/python3.8/site-packages/airflow/example_dags/example_setup_teardown_taskflow.py
[2023-09-05T08:26:02.953+0000] {processor.py:829} INFO - Processing file /home/airflow/.local/lib/python3.8/site-packages/airflow/example_dags/example_setup_teardown_taskflow.py for tasks to queue
[2023-09-05T08:26:02.973+0000] {logging_mixin.py:151} INFO - [2023-09-05T08:26:02.955+0000] {dagbag.py:539} INFO - Filling up the DagBag from /home/airflow/.local/lib/python3.8/site-packages/airflow/example_dags/example_setup_teardown_taskflow.py
[2023-09-05T08:26:03.102+0000] {processor.py:839} INFO - DAG(s) dict_keys(['example_setup_teardown_taskflow']) retrieved from /home/airflow/.local/lib/python3.8/site-packages/airflow/example_dags/example_setup_teardown_taskflow.py
[2023-09-05T08:26:03.200+0000] {logging_mixin.py:151} INFO - [2023-09-05T08:26:03.199+0000] {dag.py:2907} INFO - Sync 1 DAGs
[2023-09-05T08:26:03.398+0000] {logging_mixin.py:151} INFO - [2023-09-05T08:26:03.398+0000] {dag.py:3677} INFO - Setting next_dagrun for example_setup_teardown_taskflow to 2023-09-04T08:26:03.397707+00:00, run_after=2023-09-05T08:26:03.397707+00:00
[2023-09-05T08:26:03.559+0000] {processor.py:179} INFO - Processing /home/airflow/.local/lib/python3.8/site-packages/airflow/example_dags/example_setup_teardown_taskflow.py took 0.653 seconds
[2023-09-05T08:26:33.743+0000] {processor.py:157} INFO - Started process (PID=504) to work on /home/airflow/.local/lib/python3.8/site-packages/airflow/example_dags/example_setup_teardown_taskflow.py
[2023-09-05T08:26:33.744+0000] {processor.py:829} INFO - Processing file /home/airflow/.local/lib/python3.8/site-packages/airflow/example_dags/example_setup_teardown_taskflow.py for tasks to queue
[2023-09-05T08:26:33.745+0000] {logging_mixin.py:151} INFO - [2023-09-05T08:26:33.745+0000] {dagbag.py:539} INFO - Filling up the DagBag from /home/airflow/.local/lib/python3.8/site-packages/airflow/example_dags/example_setup_teardown_taskflow.py
[2023-09-05T08:26:33.754+0000] {processor.py:839} INFO - DAG(s) dict_keys(['example_setup_teardown_taskflow']) retrieved from /home/airflow/.local/lib/python3.8/site-packages/airflow/example_dags/example_setup_teardown_taskflow.py
[2023-09-05T08:26:33.773+0000] {logging_mixin.py:151} INFO - [2023-09-05T08:26:33.773+0000] {dag.py:2907} INFO - Sync 1 DAGs
[2023-09-05T08:26:33.793+0000] {logging_mixin.py:151} INFO - [2023-09-05T08:26:33.793+0000] {dag.py:3677} INFO - Setting next_dagrun for example_setup_teardown_taskflow to 2023-09-04T08:26:33.793586+00:00, run_after=2023-09-05T08:26:33.793586+00:00
[2023-09-05T08:26:33.822+0000] {processor.py:179} INFO - Processing /home/airflow/.local/lib/python3.8/site-packages/airflow/example_dags/example_setup_teardown_taskflow.py took 0.082 seconds
[2023-09-05T08:27:04.747+0000] {processor.py:157} INFO - Started process (PID=740) to work on /home/airflow/.local/lib/python3.8/site-packages/airflow/example_dags/example_setup_teardown_taskflow.py
[2023-09-05T08:27:04.748+0000] {processor.py:829} INFO - Processing file /home/airflow/.local/lib/python3.8/site-packages/airflow/example_dags/example_setup_teardown_taskflow.py for tasks to queue
[2023-09-05T08:27:04.749+0000] {logging_mixin.py:151} INFO - [2023-09-05T08:27:04.749+0000] {dagbag.py:539} INFO - Filling up the DagBag from /home/airflow/.local/lib/python3.8/site-packages/airflow/example_dags/example_setup_teardown_taskflow.py
[2023-09-05T08:27:04.778+0000] {processor.py:839} INFO - DAG(s) dict_keys(['example_setup_teardown_taskflow']) retrieved from /home/airflow/.local/lib/python3.8/site-packages/airflow/example_dags/example_setup_teardown_taskflow.py
[2023-09-05T08:27:04.939+0000] {logging_mixin.py:151} INFO - [2023-09-05T08:27:04.939+0000] {dag.py:2907} INFO - Sync 1 DAGs
[2023-09-05T08:27:04.972+0000] {logging_mixin.py:151} INFO - [2023-09-05T08:27:04.971+0000] {dag.py:3677} INFO - Setting next_dagrun for example_setup_teardown_taskflow to 2023-09-04T08:27:04.971636+00:00, run_after=2023-09-05T08:27:04.971636+00:00
[2023-09-05T08:27:04.993+0000] {processor.py:179} INFO - Processing /home/airflow/.local/lib/python3.8/site-packages/airflow/example_dags/example_setup_teardown_taskflow.py took 0.251 seconds
[2023-09-05T08:27:35.437+0000] {processor.py:157} INFO - Started process (PID=978) to work on /home/airflow/.local/lib/python3.8/site-packages/airflow/example_dags/example_setup_teardown_taskflow.py
[2023-09-05T08:27:35.439+0000] {processor.py:829} INFO - Processing file /home/airflow/.local/lib/python3.8/site-packages/airflow/example_dags/example_setup_teardown_taskflow.py for tasks to queue
[2023-09-05T08:27:35.441+0000] {logging_mixin.py:151} INFO - [2023-09-05T08:27:35.440+0000] {dagbag.py:539} INFO - Filling up the DagBag from /home/airflow/.local/lib/python3.8/site-packages/airflow/example_dags/example_setup_teardown_taskflow.py
[2023-09-05T08:27:35.463+0000] {processor.py:839} INFO - DAG(s) dict_keys(['example_setup_teardown_taskflow']) retrieved from /home/airflow/.local/lib/python3.8/site-packages/airflow/example_dags/example_setup_teardown_taskflow.py
[2023-09-05T08:27:35.502+0000] {logging_mixin.py:151} INFO - [2023-09-05T08:27:35.501+0000] {dag.py:2907} INFO - Sync 1 DAGs
[2023-09-05T08:27:35.545+0000] {logging_mixin.py:151} INFO - [2023-09-05T08:27:35.545+0000] {dag.py:3677} INFO - Setting next_dagrun for example_setup_teardown_taskflow to 2023-09-04T08:27:35.544623+00:00, run_after=2023-09-05T08:27:35.544623+00:00
[2023-09-05T08:27:35.582+0000] {processor.py:179} INFO - Processing /home/airflow/.local/lib/python3.8/site-packages/airflow/example_dags/example_setup_teardown_taskflow.py took 0.152 seconds
[2023-09-05T08:28:05.898+0000] {processor.py:157} INFO - Started process (PID=1216) to work on /home/airflow/.local/lib/python3.8/site-packages/airflow/example_dags/example_setup_teardown_taskflow.py
[2023-09-05T08:28:05.900+0000] {processor.py:829} INFO - Processing file /home/airflow/.local/lib/python3.8/site-packages/airflow/example_dags/example_setup_teardown_taskflow.py for tasks to queue
[2023-09-05T08:28:05.902+0000] {logging_mixin.py:151} INFO - [2023-09-05T08:28:05.901+0000] {dagbag.py:539} INFO - Filling up the DagBag from /home/airflow/.local/lib/python3.8/site-packages/airflow/example_dags/example_setup_teardown_taskflow.py
[2023-09-05T08:28:05.926+0000] {processor.py:839} INFO - DAG(s) dict_keys(['example_setup_teardown_taskflow']) retrieved from /home/airflow/.local/lib/python3.8/site-packages/airflow/example_dags/example_setup_teardown_taskflow.py
[2023-09-05T08:28:05.970+0000] {logging_mixin.py:151} INFO - [2023-09-05T08:28:05.970+0000] {dag.py:2907} INFO - Sync 1 DAGs
[2023-09-05T08:28:06.010+0000] {logging_mixin.py:151} INFO - [2023-09-05T08:28:06.010+0000] {dag.py:3677} INFO - Setting next_dagrun for example_setup_teardown_taskflow to 2023-09-04T08:28:06.009913+00:00, run_after=2023-09-05T08:28:06.009913+00:00
[2023-09-05T08:28:06.047+0000] {processor.py:179} INFO - Processing /home/airflow/.local/lib/python3.8/site-packages/airflow/example_dags/example_setup_teardown_taskflow.py took 0.156 seconds
[2023-09-05T08:28:42.109+0000] {processor.py:157} INFO - Started process (PID=1465) to work on /home/airflow/.local/lib/python3.8/site-packages/airflow/example_dags/example_setup_teardown_taskflow.py
[2023-09-05T08:28:42.120+0000] {processor.py:829} INFO - Processing file /home/airflow/.local/lib/python3.8/site-packages/airflow/example_dags/example_setup_teardown_taskflow.py for tasks to queue
[2023-09-05T08:28:42.121+0000] {logging_mixin.py:151} INFO - [2023-09-05T08:28:42.120+0000] {dagbag.py:539} INFO - Filling up the DagBag from /home/airflow/.local/lib/python3.8/site-packages/airflow/example_dags/example_setup_teardown_taskflow.py
[2023-09-05T08:28:42.251+0000] {processor.py:839} INFO - DAG(s) dict_keys(['example_setup_teardown_taskflow']) retrieved from /home/airflow/.local/lib/python3.8/site-packages/airflow/example_dags/example_setup_teardown_taskflow.py
[2023-09-05T08:28:42.360+0000] {logging_mixin.py:151} INFO - [2023-09-05T08:28:42.360+0000] {dag.py:2907} INFO - Sync 1 DAGs
[2023-09-05T08:28:42.490+0000] {logging_mixin.py:151} INFO - [2023-09-05T08:28:42.490+0000] {dag.py:3677} INFO - Setting next_dagrun for example_setup_teardown_taskflow to 2023-09-04T08:28:42.489700+00:00, run_after=2023-09-05T08:28:42.489700+00:00
[2023-09-05T08:28:42.672+0000] {processor.py:179} INFO - Processing /home/airflow/.local/lib/python3.8/site-packages/airflow/example_dags/example_setup_teardown_taskflow.py took 0.662 seconds
[2023-09-05T08:29:12.919+0000] {processor.py:157} INFO - Started process (PID=1741) to work on /home/airflow/.local/lib/python3.8/site-packages/airflow/example_dags/example_setup_teardown_taskflow.py
[2023-09-05T08:29:12.919+0000] {processor.py:829} INFO - Processing file /home/airflow/.local/lib/python3.8/site-packages/airflow/example_dags/example_setup_teardown_taskflow.py for tasks to queue
[2023-09-05T08:29:12.920+0000] {logging_mixin.py:151} INFO - [2023-09-05T08:29:12.920+0000] {dagbag.py:539} INFO - Filling up the DagBag from /home/airflow/.local/lib/python3.8/site-packages/airflow/example_dags/example_setup_teardown_taskflow.py
[2023-09-05T08:29:12.938+0000] {processor.py:839} INFO - DAG(s) dict_keys(['example_setup_teardown_taskflow']) retrieved from /home/airflow/.local/lib/python3.8/site-packages/airflow/example_dags/example_setup_teardown_taskflow.py
[2023-09-05T08:29:12.980+0000] {logging_mixin.py:151} INFO - [2023-09-05T08:29:12.979+0000] {dag.py:2907} INFO - Sync 1 DAGs
[2023-09-05T08:29:13.014+0000] {logging_mixin.py:151} INFO - [2023-09-05T08:29:13.014+0000] {dag.py:3677} INFO - Setting next_dagrun for example_setup_teardown_taskflow to 2023-09-04T08:29:13.014040+00:00, run_after=2023-09-05T08:29:13.014040+00:00
[2023-09-05T08:29:13.047+0000] {processor.py:179} INFO - Processing /home/airflow/.local/lib/python3.8/site-packages/airflow/example_dags/example_setup_teardown_taskflow.py took 0.133 seconds
[2023-09-05T08:29:43.974+0000] {processor.py:157} INFO - Started process (PID=1979) to work on /home/airflow/.local/lib/python3.8/site-packages/airflow/example_dags/example_setup_teardown_taskflow.py
[2023-09-05T08:29:43.976+0000] {processor.py:829} INFO - Processing file /home/airflow/.local/lib/python3.8/site-packages/airflow/example_dags/example_setup_teardown_taskflow.py for tasks to queue
[2023-09-05T08:29:43.978+0000] {logging_mixin.py:151} INFO - [2023-09-05T08:29:43.977+0000] {dagbag.py:539} INFO - Filling up the DagBag from /home/airflow/.local/lib/python3.8/site-packages/airflow/example_dags/example_setup_teardown_taskflow.py
[2023-09-05T08:29:44.021+0000] {processor.py:839} INFO - DAG(s) dict_keys(['example_setup_teardown_taskflow']) retrieved from /home/airflow/.local/lib/python3.8/site-packages/airflow/example_dags/example_setup_teardown_taskflow.py
[2023-09-05T08:29:44.118+0000] {logging_mixin.py:151} INFO - [2023-09-05T08:29:44.117+0000] {dag.py:2907} INFO - Sync 1 DAGs
[2023-09-05T08:29:44.179+0000] {logging_mixin.py:151} INFO - [2023-09-05T08:29:44.179+0000] {dag.py:3677} INFO - Setting next_dagrun for example_setup_teardown_taskflow to 2023-09-04T08:29:44.178824+00:00, run_after=2023-09-05T08:29:44.178824+00:00
[2023-09-05T08:29:44.204+0000] {processor.py:179} INFO - Processing /home/airflow/.local/lib/python3.8/site-packages/airflow/example_dags/example_setup_teardown_taskflow.py took 0.234 seconds
[2023-09-05T08:30:14.839+0000] {processor.py:157} INFO - Started process (PID=2217) to work on /home/airflow/.local/lib/python3.8/site-packages/airflow/example_dags/example_setup_teardown_taskflow.py
[2023-09-05T08:30:14.842+0000] {processor.py:829} INFO - Processing file /home/airflow/.local/lib/python3.8/site-packages/airflow/example_dags/example_setup_teardown_taskflow.py for tasks to queue
[2023-09-05T08:30:14.844+0000] {logging_mixin.py:151} INFO - [2023-09-05T08:30:14.843+0000] {dagbag.py:539} INFO - Filling up the DagBag from /home/airflow/.local/lib/python3.8/site-packages/airflow/example_dags/example_setup_teardown_taskflow.py
[2023-09-05T08:30:14.866+0000] {processor.py:839} INFO - DAG(s) dict_keys(['example_setup_teardown_taskflow']) retrieved from /home/airflow/.local/lib/python3.8/site-packages/airflow/example_dags/example_setup_teardown_taskflow.py
[2023-09-05T08:30:14.911+0000] {logging_mixin.py:151} INFO - [2023-09-05T08:30:14.911+0000] {dag.py:2907} INFO - Sync 1 DAGs
[2023-09-05T08:30:14.953+0000] {logging_mixin.py:151} INFO - [2023-09-05T08:30:14.953+0000] {dag.py:3677} INFO - Setting next_dagrun for example_setup_teardown_taskflow to 2023-09-04T08:30:14.953163+00:00, run_after=2023-09-05T08:30:14.953163+00:00
[2023-09-05T08:30:14.988+0000] {processor.py:179} INFO - Processing /home/airflow/.local/lib/python3.8/site-packages/airflow/example_dags/example_setup_teardown_taskflow.py took 0.159 seconds
[2023-09-05T08:30:45.029+0000] {processor.py:157} INFO - Started process (PID=2455) to work on /home/airflow/.local/lib/python3.8/site-packages/airflow/example_dags/example_setup_teardown_taskflow.py
[2023-09-05T08:30:45.032+0000] {processor.py:829} INFO - Processing file /home/airflow/.local/lib/python3.8/site-packages/airflow/example_dags/example_setup_teardown_taskflow.py for tasks to queue
[2023-09-05T08:30:45.033+0000] {logging_mixin.py:151} INFO - [2023-09-05T08:30:45.033+0000] {dagbag.py:539} INFO - Filling up the DagBag from /home/airflow/.local/lib/python3.8/site-packages/airflow/example_dags/example_setup_teardown_taskflow.py
[2023-09-05T08:30:45.051+0000] {processor.py:839} INFO - DAG(s) dict_keys(['example_setup_teardown_taskflow']) retrieved from /home/airflow/.local/lib/python3.8/site-packages/airflow/example_dags/example_setup_teardown_taskflow.py
[2023-09-05T08:30:45.089+0000] {logging_mixin.py:151} INFO - [2023-09-05T08:30:45.089+0000] {dag.py:2907} INFO - Sync 1 DAGs
[2023-09-05T08:30:45.122+0000] {logging_mixin.py:151} INFO - [2023-09-05T08:30:45.121+0000] {dag.py:3677} INFO - Setting next_dagrun for example_setup_teardown_taskflow to 2023-09-04T08:30:45.121650+00:00, run_after=2023-09-05T08:30:45.121650+00:00
[2023-09-05T08:30:45.153+0000] {processor.py:179} INFO - Processing /home/airflow/.local/lib/python3.8/site-packages/airflow/example_dags/example_setup_teardown_taskflow.py took 0.130 seconds
