[2023-09-05T08:26:02.333+0000] {processor.py:157} INFO - Started process (PID=254) to work on /home/airflow/.local/lib/python3.8/site-packages/airflow/example_dags/example_short_circuit_operator.py
[2023-09-05T08:26:02.335+0000] {processor.py:829} INFO - Processing file /home/airflow/.local/lib/python3.8/site-packages/airflow/example_dags/example_short_circuit_operator.py for tasks to queue
[2023-09-05T08:26:02.337+0000] {logging_mixin.py:151} INFO - [2023-09-05T08:26:02.337+0000] {dagbag.py:539} INFO - Filling up the DagBag from /home/airflow/.local/lib/python3.8/site-packages/airflow/example_dags/example_short_circuit_operator.py
[2023-09-05T08:26:02.408+0000] {processor.py:839} INFO - DAG(s) dict_keys(['example_short_circuit_operator']) retrieved from /home/airflow/.local/lib/python3.8/site-packages/airflow/example_dags/example_short_circuit_operator.py
[2023-09-05T08:26:02.459+0000] {logging_mixin.py:151} INFO - [2023-09-05T08:26:02.458+0000] {dag.py:2907} INFO - Sync 1 DAGs
[2023-09-05T08:26:02.563+0000] {logging_mixin.py:151} INFO - [2023-09-05T08:26:02.563+0000] {dag.py:3677} INFO - Setting next_dagrun for example_short_circuit_operator to 2023-09-04T08:26:02.562645+00:00, run_after=2023-09-05T08:26:02.562645+00:00
[2023-09-05T08:26:02.740+0000] {processor.py:179} INFO - Processing /home/airflow/.local/lib/python3.8/site-packages/airflow/example_dags/example_short_circuit_operator.py took 0.415 seconds
[2023-09-05T08:26:33.465+0000] {processor.py:157} INFO - Started process (PID=492) to work on /home/airflow/.local/lib/python3.8/site-packages/airflow/example_dags/example_short_circuit_operator.py
[2023-09-05T08:26:33.482+0000] {processor.py:829} INFO - Processing file /home/airflow/.local/lib/python3.8/site-packages/airflow/example_dags/example_short_circuit_operator.py for tasks to queue
[2023-09-05T08:26:33.485+0000] {logging_mixin.py:151} INFO - [2023-09-05T08:26:33.484+0000] {dagbag.py:539} INFO - Filling up the DagBag from /home/airflow/.local/lib/python3.8/site-packages/airflow/example_dags/example_short_circuit_operator.py
[2023-09-05T08:26:33.511+0000] {processor.py:839} INFO - DAG(s) dict_keys(['example_short_circuit_operator']) retrieved from /home/airflow/.local/lib/python3.8/site-packages/airflow/example_dags/example_short_circuit_operator.py
[2023-09-05T08:26:33.546+0000] {logging_mixin.py:151} INFO - [2023-09-05T08:26:33.546+0000] {dag.py:2907} INFO - Sync 1 DAGs
[2023-09-05T08:26:33.569+0000] {logging_mixin.py:151} INFO - [2023-09-05T08:26:33.569+0000] {dag.py:3677} INFO - Setting next_dagrun for example_short_circuit_operator to 2023-09-04T08:26:33.569066+00:00, run_after=2023-09-05T08:26:33.569066+00:00
[2023-09-05T08:26:33.588+0000] {processor.py:179} INFO - Processing /home/airflow/.local/lib/python3.8/site-packages/airflow/example_dags/example_short_circuit_operator.py took 0.128 seconds
[2023-09-05T08:27:04.414+0000] {processor.py:157} INFO - Started process (PID=730) to work on /home/airflow/.local/lib/python3.8/site-packages/airflow/example_dags/example_short_circuit_operator.py
[2023-09-05T08:27:04.416+0000] {processor.py:829} INFO - Processing file /home/airflow/.local/lib/python3.8/site-packages/airflow/example_dags/example_short_circuit_operator.py for tasks to queue
[2023-09-05T08:27:04.417+0000] {logging_mixin.py:151} INFO - [2023-09-05T08:27:04.417+0000] {dagbag.py:539} INFO - Filling up the DagBag from /home/airflow/.local/lib/python3.8/site-packages/airflow/example_dags/example_short_circuit_operator.py
[2023-09-05T08:27:04.432+0000] {processor.py:839} INFO - DAG(s) dict_keys(['example_short_circuit_operator']) retrieved from /home/airflow/.local/lib/python3.8/site-packages/airflow/example_dags/example_short_circuit_operator.py
[2023-09-05T08:27:04.618+0000] {logging_mixin.py:151} INFO - [2023-09-05T08:27:04.618+0000] {dag.py:2907} INFO - Sync 1 DAGs
[2023-09-05T08:27:04.649+0000] {logging_mixin.py:151} INFO - [2023-09-05T08:27:04.649+0000] {dag.py:3677} INFO - Setting next_dagrun for example_short_circuit_operator to 2023-09-04T08:27:04.648923+00:00, run_after=2023-09-05T08:27:04.648923+00:00
[2023-09-05T08:27:04.668+0000] {processor.py:179} INFO - Processing /home/airflow/.local/lib/python3.8/site-packages/airflow/example_dags/example_short_circuit_operator.py took 0.261 seconds
[2023-09-05T08:27:35.147+0000] {processor.py:157} INFO - Started process (PID=968) to work on /home/airflow/.local/lib/python3.8/site-packages/airflow/example_dags/example_short_circuit_operator.py
[2023-09-05T08:27:35.148+0000] {processor.py:829} INFO - Processing file /home/airflow/.local/lib/python3.8/site-packages/airflow/example_dags/example_short_circuit_operator.py for tasks to queue
[2023-09-05T08:27:35.149+0000] {logging_mixin.py:151} INFO - [2023-09-05T08:27:35.149+0000] {dagbag.py:539} INFO - Filling up the DagBag from /home/airflow/.local/lib/python3.8/site-packages/airflow/example_dags/example_short_circuit_operator.py
[2023-09-05T08:27:35.166+0000] {processor.py:839} INFO - DAG(s) dict_keys(['example_short_circuit_operator']) retrieved from /home/airflow/.local/lib/python3.8/site-packages/airflow/example_dags/example_short_circuit_operator.py
[2023-09-05T08:27:35.204+0000] {logging_mixin.py:151} INFO - [2023-09-05T08:27:35.203+0000] {dag.py:2907} INFO - Sync 1 DAGs
[2023-09-05T08:27:35.242+0000] {logging_mixin.py:151} INFO - [2023-09-05T08:27:35.242+0000] {dag.py:3677} INFO - Setting next_dagrun for example_short_circuit_operator to 2023-09-04T08:27:35.241847+00:00, run_after=2023-09-05T08:27:35.241847+00:00
[2023-09-05T08:27:35.288+0000] {processor.py:179} INFO - Processing /home/airflow/.local/lib/python3.8/site-packages/airflow/example_dags/example_short_circuit_operator.py took 0.144 seconds
[2023-09-05T08:28:05.571+0000] {processor.py:157} INFO - Started process (PID=1206) to work on /home/airflow/.local/lib/python3.8/site-packages/airflow/example_dags/example_short_circuit_operator.py
[2023-09-05T08:28:05.574+0000] {processor.py:829} INFO - Processing file /home/airflow/.local/lib/python3.8/site-packages/airflow/example_dags/example_short_circuit_operator.py for tasks to queue
[2023-09-05T08:28:05.575+0000] {logging_mixin.py:151} INFO - [2023-09-05T08:28:05.575+0000] {dagbag.py:539} INFO - Filling up the DagBag from /home/airflow/.local/lib/python3.8/site-packages/airflow/example_dags/example_short_circuit_operator.py
[2023-09-05T08:28:05.594+0000] {processor.py:839} INFO - DAG(s) dict_keys(['example_short_circuit_operator']) retrieved from /home/airflow/.local/lib/python3.8/site-packages/airflow/example_dags/example_short_circuit_operator.py
[2023-09-05T08:28:05.637+0000] {logging_mixin.py:151} INFO - [2023-09-05T08:28:05.637+0000] {dag.py:2907} INFO - Sync 1 DAGs
[2023-09-05T08:28:05.673+0000] {logging_mixin.py:151} INFO - [2023-09-05T08:28:05.673+0000] {dag.py:3677} INFO - Setting next_dagrun for example_short_circuit_operator to 2023-09-04T08:28:05.673322+00:00, run_after=2023-09-05T08:28:05.673322+00:00
[2023-09-05T08:28:05.725+0000] {processor.py:179} INFO - Processing /home/airflow/.local/lib/python3.8/site-packages/airflow/example_dags/example_short_circuit_operator.py took 0.163 seconds
[2023-09-05T08:28:40.082+0000] {processor.py:157} INFO - Started process (PID=1454) to work on /home/airflow/.local/lib/python3.8/site-packages/airflow/example_dags/example_short_circuit_operator.py
[2023-09-05T08:28:40.116+0000] {processor.py:829} INFO - Processing file /home/airflow/.local/lib/python3.8/site-packages/airflow/example_dags/example_short_circuit_operator.py for tasks to queue
[2023-09-05T08:28:40.117+0000] {logging_mixin.py:151} INFO - [2023-09-05T08:28:40.117+0000] {dagbag.py:539} INFO - Filling up the DagBag from /home/airflow/.local/lib/python3.8/site-packages/airflow/example_dags/example_short_circuit_operator.py
[2023-09-05T08:28:40.246+0000] {processor.py:839} INFO - DAG(s) dict_keys(['example_short_circuit_operator']) retrieved from /home/airflow/.local/lib/python3.8/site-packages/airflow/example_dags/example_short_circuit_operator.py
[2023-09-05T08:28:40.624+0000] {logging_mixin.py:151} INFO - [2023-09-05T08:28:40.623+0000] {dag.py:2907} INFO - Sync 1 DAGs
[2023-09-05T08:28:40.989+0000] {logging_mixin.py:151} INFO - [2023-09-05T08:28:40.988+0000] {dag.py:3677} INFO - Setting next_dagrun for example_short_circuit_operator to 2023-09-04T08:28:40.988318+00:00, run_after=2023-09-05T08:28:40.988318+00:00
[2023-09-05T08:28:41.228+0000] {processor.py:179} INFO - Processing /home/airflow/.local/lib/python3.8/site-packages/airflow/example_dags/example_short_circuit_operator.py took 1.188 seconds
[2023-09-05T08:29:11.483+0000] {processor.py:157} INFO - Started process (PID=1729) to work on /home/airflow/.local/lib/python3.8/site-packages/airflow/example_dags/example_short_circuit_operator.py
[2023-09-05T08:29:11.484+0000] {processor.py:829} INFO - Processing file /home/airflow/.local/lib/python3.8/site-packages/airflow/example_dags/example_short_circuit_operator.py for tasks to queue
[2023-09-05T08:29:11.485+0000] {logging_mixin.py:151} INFO - [2023-09-05T08:29:11.485+0000] {dagbag.py:539} INFO - Filling up the DagBag from /home/airflow/.local/lib/python3.8/site-packages/airflow/example_dags/example_short_circuit_operator.py
[2023-09-05T08:29:11.504+0000] {processor.py:839} INFO - DAG(s) dict_keys(['example_short_circuit_operator']) retrieved from /home/airflow/.local/lib/python3.8/site-packages/airflow/example_dags/example_short_circuit_operator.py
[2023-09-05T08:29:11.552+0000] {logging_mixin.py:151} INFO - [2023-09-05T08:29:11.551+0000] {dag.py:2907} INFO - Sync 1 DAGs
[2023-09-05T08:29:11.597+0000] {logging_mixin.py:151} INFO - [2023-09-05T08:29:11.596+0000] {dag.py:3677} INFO - Setting next_dagrun for example_short_circuit_operator to 2023-09-04T08:29:11.596150+00:00, run_after=2023-09-05T08:29:11.596150+00:00
[2023-09-05T08:29:11.633+0000] {processor.py:179} INFO - Processing /home/airflow/.local/lib/python3.8/site-packages/airflow/example_dags/example_short_circuit_operator.py took 0.159 seconds
[2023-09-05T08:29:42.583+0000] {processor.py:157} INFO - Started process (PID=1967) to work on /home/airflow/.local/lib/python3.8/site-packages/airflow/example_dags/example_short_circuit_operator.py
[2023-09-05T08:29:42.584+0000] {processor.py:829} INFO - Processing file /home/airflow/.local/lib/python3.8/site-packages/airflow/example_dags/example_short_circuit_operator.py for tasks to queue
[2023-09-05T08:29:42.586+0000] {logging_mixin.py:151} INFO - [2023-09-05T08:29:42.585+0000] {dagbag.py:539} INFO - Filling up the DagBag from /home/airflow/.local/lib/python3.8/site-packages/airflow/example_dags/example_short_circuit_operator.py
[2023-09-05T08:29:42.598+0000] {processor.py:839} INFO - DAG(s) dict_keys(['example_short_circuit_operator']) retrieved from /home/airflow/.local/lib/python3.8/site-packages/airflow/example_dags/example_short_circuit_operator.py
[2023-09-05T08:29:42.622+0000] {logging_mixin.py:151} INFO - [2023-09-05T08:29:42.621+0000] {dag.py:2907} INFO - Sync 1 DAGs
[2023-09-05T08:29:42.643+0000] {logging_mixin.py:151} INFO - [2023-09-05T08:29:42.643+0000] {dag.py:3677} INFO - Setting next_dagrun for example_short_circuit_operator to 2023-09-04T08:29:42.643214+00:00, run_after=2023-09-05T08:29:42.643214+00:00
[2023-09-05T08:29:42.661+0000] {processor.py:179} INFO - Processing /home/airflow/.local/lib/python3.8/site-packages/airflow/example_dags/example_short_circuit_operator.py took 0.084 seconds
[2023-09-05T08:30:13.445+0000] {processor.py:157} INFO - Started process (PID=2205) to work on /home/airflow/.local/lib/python3.8/site-packages/airflow/example_dags/example_short_circuit_operator.py
[2023-09-05T08:30:13.450+0000] {processor.py:829} INFO - Processing file /home/airflow/.local/lib/python3.8/site-packages/airflow/example_dags/example_short_circuit_operator.py for tasks to queue
[2023-09-05T08:30:13.452+0000] {logging_mixin.py:151} INFO - [2023-09-05T08:30:13.451+0000] {dagbag.py:539} INFO - Filling up the DagBag from /home/airflow/.local/lib/python3.8/site-packages/airflow/example_dags/example_short_circuit_operator.py
[2023-09-05T08:30:13.472+0000] {processor.py:839} INFO - DAG(s) dict_keys(['example_short_circuit_operator']) retrieved from /home/airflow/.local/lib/python3.8/site-packages/airflow/example_dags/example_short_circuit_operator.py
[2023-09-05T08:30:13.525+0000] {logging_mixin.py:151} INFO - [2023-09-05T08:30:13.525+0000] {dag.py:2907} INFO - Sync 1 DAGs
[2023-09-05T08:30:13.577+0000] {logging_mixin.py:151} INFO - [2023-09-05T08:30:13.577+0000] {dag.py:3677} INFO - Setting next_dagrun for example_short_circuit_operator to 2023-09-04T08:30:13.576913+00:00, run_after=2023-09-05T08:30:13.576913+00:00
[2023-09-05T08:30:13.616+0000] {processor.py:179} INFO - Processing /home/airflow/.local/lib/python3.8/site-packages/airflow/example_dags/example_short_circuit_operator.py took 0.180 seconds
[2023-09-05T08:30:43.848+0000] {processor.py:157} INFO - Started process (PID=2440) to work on /home/airflow/.local/lib/python3.8/site-packages/airflow/example_dags/example_short_circuit_operator.py
[2023-09-05T08:30:43.848+0000] {processor.py:829} INFO - Processing file /home/airflow/.local/lib/python3.8/site-packages/airflow/example_dags/example_short_circuit_operator.py for tasks to queue
[2023-09-05T08:30:43.850+0000] {logging_mixin.py:151} INFO - [2023-09-05T08:30:43.849+0000] {dagbag.py:539} INFO - Filling up the DagBag from /home/airflow/.local/lib/python3.8/site-packages/airflow/example_dags/example_short_circuit_operator.py
[2023-09-05T08:30:43.862+0000] {processor.py:839} INFO - DAG(s) dict_keys(['example_short_circuit_operator']) retrieved from /home/airflow/.local/lib/python3.8/site-packages/airflow/example_dags/example_short_circuit_operator.py
[2023-09-05T08:30:43.911+0000] {logging_mixin.py:151} INFO - [2023-09-05T08:30:43.911+0000] {dag.py:2907} INFO - Sync 1 DAGs
[2023-09-05T08:30:43.943+0000] {logging_mixin.py:151} INFO - [2023-09-05T08:30:43.943+0000] {dag.py:3677} INFO - Setting next_dagrun for example_short_circuit_operator to 2023-09-04T08:30:43.943271+00:00, run_after=2023-09-05T08:30:43.943271+00:00
[2023-09-05T08:30:43.976+0000] {processor.py:179} INFO - Processing /home/airflow/.local/lib/python3.8/site-packages/airflow/example_dags/example_short_circuit_operator.py took 0.133 seconds
