[2023-09-05T08:26:04.824+0000] {processor.py:157} INFO - Started process (PID=289) to work on /home/airflow/.local/lib/python3.8/site-packages/airflow/example_dags/example_latest_only_with_trigger.py
[2023-09-05T08:26:04.825+0000] {processor.py:829} INFO - Processing file /home/airflow/.local/lib/python3.8/site-packages/airflow/example_dags/example_latest_only_with_trigger.py for tasks to queue
[2023-09-05T08:26:04.827+0000] {logging_mixin.py:151} INFO - [2023-09-05T08:26:04.826+0000] {dagbag.py:539} INFO - Filling up the DagBag from /home/airflow/.local/lib/python3.8/site-packages/airflow/example_dags/example_latest_only_with_trigger.py
[2023-09-05T08:26:04.841+0000] {processor.py:839} INFO - DAG(s) dict_keys(['latest_only_with_trigger']) retrieved from /home/airflow/.local/lib/python3.8/site-packages/airflow/example_dags/example_latest_only_with_trigger.py
[2023-09-05T08:26:04.896+0000] {logging_mixin.py:151} INFO - [2023-09-05T08:26:04.895+0000] {dag.py:2907} INFO - Sync 1 DAGs
[2023-09-05T08:26:05.033+0000] {logging_mixin.py:151} INFO - [2023-09-05T08:26:05.032+0000] {dag.py:3677} INFO - Setting next_dagrun for latest_only_with_trigger to 2023-09-05T04:26:05.032516+00:00, run_after=2023-09-05T08:26:05.032516+00:00
[2023-09-05T08:26:05.075+0000] {processor.py:179} INFO - Processing /home/airflow/.local/lib/python3.8/site-packages/airflow/example_dags/example_latest_only_with_trigger.py took 0.260 seconds
[2023-09-05T08:26:36.010+0000] {processor.py:157} INFO - Started process (PID=529) to work on /home/airflow/.local/lib/python3.8/site-packages/airflow/example_dags/example_latest_only_with_trigger.py
[2023-09-05T08:26:36.027+0000] {processor.py:829} INFO - Processing file /home/airflow/.local/lib/python3.8/site-packages/airflow/example_dags/example_latest_only_with_trigger.py for tasks to queue
[2023-09-05T08:26:36.028+0000] {logging_mixin.py:151} INFO - [2023-09-05T08:26:36.028+0000] {dagbag.py:539} INFO - Filling up the DagBag from /home/airflow/.local/lib/python3.8/site-packages/airflow/example_dags/example_latest_only_with_trigger.py
[2023-09-05T08:26:36.057+0000] {processor.py:839} INFO - DAG(s) dict_keys(['latest_only_with_trigger']) retrieved from /home/airflow/.local/lib/python3.8/site-packages/airflow/example_dags/example_latest_only_with_trigger.py
[2023-09-05T08:26:36.096+0000] {logging_mixin.py:151} INFO - [2023-09-05T08:26:36.096+0000] {dag.py:2907} INFO - Sync 1 DAGs
[2023-09-05T08:26:36.154+0000] {logging_mixin.py:151} INFO - [2023-09-05T08:26:36.154+0000] {dag.py:3677} INFO - Setting next_dagrun for latest_only_with_trigger to 2023-09-05T04:26:36.154365+00:00, run_after=2023-09-05T08:26:36.154365+00:00
[2023-09-05T08:26:36.218+0000] {processor.py:179} INFO - Processing /home/airflow/.local/lib/python3.8/site-packages/airflow/example_dags/example_latest_only_with_trigger.py took 0.214 seconds
[2023-09-05T08:27:06.478+0000] {processor.py:157} INFO - Started process (PID=767) to work on /home/airflow/.local/lib/python3.8/site-packages/airflow/example_dags/example_latest_only_with_trigger.py
[2023-09-05T08:27:06.481+0000] {processor.py:829} INFO - Processing file /home/airflow/.local/lib/python3.8/site-packages/airflow/example_dags/example_latest_only_with_trigger.py for tasks to queue
[2023-09-05T08:27:06.482+0000] {logging_mixin.py:151} INFO - [2023-09-05T08:27:06.482+0000] {dagbag.py:539} INFO - Filling up the DagBag from /home/airflow/.local/lib/python3.8/site-packages/airflow/example_dags/example_latest_only_with_trigger.py
[2023-09-05T08:27:06.490+0000] {processor.py:839} INFO - DAG(s) dict_keys(['latest_only_with_trigger']) retrieved from /home/airflow/.local/lib/python3.8/site-packages/airflow/example_dags/example_latest_only_with_trigger.py
[2023-09-05T08:27:06.642+0000] {logging_mixin.py:151} INFO - [2023-09-05T08:27:06.641+0000] {dag.py:2907} INFO - Sync 1 DAGs
[2023-09-05T08:27:06.667+0000] {logging_mixin.py:151} INFO - [2023-09-05T08:27:06.667+0000] {dag.py:3677} INFO - Setting next_dagrun for latest_only_with_trigger to 2023-09-05T04:27:06.667486+00:00, run_after=2023-09-05T08:27:06.667486+00:00
[2023-09-05T08:27:06.686+0000] {processor.py:179} INFO - Processing /home/airflow/.local/lib/python3.8/site-packages/airflow/example_dags/example_latest_only_with_trigger.py took 0.217 seconds
[2023-09-05T08:27:37.072+0000] {processor.py:157} INFO - Started process (PID=1005) to work on /home/airflow/.local/lib/python3.8/site-packages/airflow/example_dags/example_latest_only_with_trigger.py
[2023-09-05T08:27:37.077+0000] {processor.py:829} INFO - Processing file /home/airflow/.local/lib/python3.8/site-packages/airflow/example_dags/example_latest_only_with_trigger.py for tasks to queue
[2023-09-05T08:27:37.079+0000] {logging_mixin.py:151} INFO - [2023-09-05T08:27:37.078+0000] {dagbag.py:539} INFO - Filling up the DagBag from /home/airflow/.local/lib/python3.8/site-packages/airflow/example_dags/example_latest_only_with_trigger.py
[2023-09-05T08:27:37.098+0000] {processor.py:839} INFO - DAG(s) dict_keys(['latest_only_with_trigger']) retrieved from /home/airflow/.local/lib/python3.8/site-packages/airflow/example_dags/example_latest_only_with_trigger.py
[2023-09-05T08:27:37.143+0000] {logging_mixin.py:151} INFO - [2023-09-05T08:27:37.142+0000] {dag.py:2907} INFO - Sync 1 DAGs
[2023-09-05T08:27:37.179+0000] {logging_mixin.py:151} INFO - [2023-09-05T08:27:37.178+0000] {dag.py:3677} INFO - Setting next_dagrun for latest_only_with_trigger to 2023-09-05T04:27:37.178496+00:00, run_after=2023-09-05T08:27:37.178496+00:00
[2023-09-05T08:27:37.204+0000] {processor.py:179} INFO - Processing /home/airflow/.local/lib/python3.8/site-packages/airflow/example_dags/example_latest_only_with_trigger.py took 0.148 seconds
[2023-09-05T08:28:07.337+0000] {processor.py:157} INFO - Started process (PID=1243) to work on /home/airflow/.local/lib/python3.8/site-packages/airflow/example_dags/example_latest_only_with_trigger.py
[2023-09-05T08:28:07.338+0000] {processor.py:829} INFO - Processing file /home/airflow/.local/lib/python3.8/site-packages/airflow/example_dags/example_latest_only_with_trigger.py for tasks to queue
[2023-09-05T08:28:07.339+0000] {logging_mixin.py:151} INFO - [2023-09-05T08:28:07.339+0000] {dagbag.py:539} INFO - Filling up the DagBag from /home/airflow/.local/lib/python3.8/site-packages/airflow/example_dags/example_latest_only_with_trigger.py
[2023-09-05T08:28:07.349+0000] {processor.py:839} INFO - DAG(s) dict_keys(['latest_only_with_trigger']) retrieved from /home/airflow/.local/lib/python3.8/site-packages/airflow/example_dags/example_latest_only_with_trigger.py
[2023-09-05T08:28:07.392+0000] {logging_mixin.py:151} INFO - [2023-09-05T08:28:07.392+0000] {dag.py:2907} INFO - Sync 1 DAGs
[2023-09-05T08:28:07.440+0000] {logging_mixin.py:151} INFO - [2023-09-05T08:28:07.440+0000] {dag.py:3677} INFO - Setting next_dagrun for latest_only_with_trigger to 2023-09-05T04:28:07.439848+00:00, run_after=2023-09-05T08:28:07.439848+00:00
[2023-09-05T08:28:07.470+0000] {processor.py:179} INFO - Processing /home/airflow/.local/lib/python3.8/site-packages/airflow/example_dags/example_latest_only_with_trigger.py took 0.147 seconds
[2023-09-05T08:28:45.099+0000] {processor.py:157} INFO - Started process (PID=1494) to work on /home/airflow/.local/lib/python3.8/site-packages/airflow/example_dags/example_latest_only_with_trigger.py
[2023-09-05T08:28:45.112+0000] {processor.py:829} INFO - Processing file /home/airflow/.local/lib/python3.8/site-packages/airflow/example_dags/example_latest_only_with_trigger.py for tasks to queue
[2023-09-05T08:28:45.124+0000] {logging_mixin.py:151} INFO - [2023-09-05T08:28:45.123+0000] {dagbag.py:539} INFO - Filling up the DagBag from /home/airflow/.local/lib/python3.8/site-packages/airflow/example_dags/example_latest_only_with_trigger.py
[2023-09-05T08:28:45.194+0000] {processor.py:839} INFO - DAG(s) dict_keys(['latest_only_with_trigger']) retrieved from /home/airflow/.local/lib/python3.8/site-packages/airflow/example_dags/example_latest_only_with_trigger.py
[2023-09-05T08:28:45.388+0000] {logging_mixin.py:151} INFO - [2023-09-05T08:28:45.387+0000] {dag.py:2907} INFO - Sync 1 DAGs
[2023-09-05T08:28:45.696+0000] {logging_mixin.py:151} INFO - [2023-09-05T08:28:45.688+0000] {dag.py:3677} INFO - Setting next_dagrun for latest_only_with_trigger to 2023-09-05T04:28:45.688320+00:00, run_after=2023-09-05T08:28:45.688320+00:00
[2023-09-05T08:28:45.837+0000] {processor.py:179} INFO - Processing /home/airflow/.local/lib/python3.8/site-packages/airflow/example_dags/example_latest_only_with_trigger.py took 0.796 seconds
[2023-09-05T08:29:16.409+0000] {processor.py:157} INFO - Started process (PID=1766) to work on /home/airflow/.local/lib/python3.8/site-packages/airflow/example_dags/example_latest_only_with_trigger.py
[2023-09-05T08:29:16.411+0000] {processor.py:829} INFO - Processing file /home/airflow/.local/lib/python3.8/site-packages/airflow/example_dags/example_latest_only_with_trigger.py for tasks to queue
[2023-09-05T08:29:16.413+0000] {logging_mixin.py:151} INFO - [2023-09-05T08:29:16.412+0000] {dagbag.py:539} INFO - Filling up the DagBag from /home/airflow/.local/lib/python3.8/site-packages/airflow/example_dags/example_latest_only_with_trigger.py
[2023-09-05T08:29:16.430+0000] {processor.py:839} INFO - DAG(s) dict_keys(['latest_only_with_trigger']) retrieved from /home/airflow/.local/lib/python3.8/site-packages/airflow/example_dags/example_latest_only_with_trigger.py
[2023-09-05T08:29:16.492+0000] {logging_mixin.py:151} INFO - [2023-09-05T08:29:16.491+0000] {dag.py:2907} INFO - Sync 1 DAGs
[2023-09-05T08:29:16.547+0000] {logging_mixin.py:151} INFO - [2023-09-05T08:29:16.547+0000] {dag.py:3677} INFO - Setting next_dagrun for latest_only_with_trigger to 2023-09-05T04:29:16.547260+00:00, run_after=2023-09-05T08:29:16.547260+00:00
[2023-09-05T08:29:16.580+0000] {processor.py:179} INFO - Processing /home/airflow/.local/lib/python3.8/site-packages/airflow/example_dags/example_latest_only_with_trigger.py took 0.181 seconds
[2023-09-05T08:29:47.423+0000] {processor.py:157} INFO - Started process (PID=2004) to work on /home/airflow/.local/lib/python3.8/site-packages/airflow/example_dags/example_latest_only_with_trigger.py
[2023-09-05T08:29:47.425+0000] {processor.py:829} INFO - Processing file /home/airflow/.local/lib/python3.8/site-packages/airflow/example_dags/example_latest_only_with_trigger.py for tasks to queue
[2023-09-05T08:29:47.427+0000] {logging_mixin.py:151} INFO - [2023-09-05T08:29:47.426+0000] {dagbag.py:539} INFO - Filling up the DagBag from /home/airflow/.local/lib/python3.8/site-packages/airflow/example_dags/example_latest_only_with_trigger.py
[2023-09-05T08:29:47.437+0000] {processor.py:839} INFO - DAG(s) dict_keys(['latest_only_with_trigger']) retrieved from /home/airflow/.local/lib/python3.8/site-packages/airflow/example_dags/example_latest_only_with_trigger.py
[2023-09-05T08:29:47.459+0000] {logging_mixin.py:151} INFO - [2023-09-05T08:29:47.459+0000] {dag.py:2907} INFO - Sync 1 DAGs
[2023-09-05T08:29:47.482+0000] {logging_mixin.py:151} INFO - [2023-09-05T08:29:47.482+0000] {dag.py:3677} INFO - Setting next_dagrun for latest_only_with_trigger to 2023-09-05T04:29:47.481846+00:00, run_after=2023-09-05T08:29:47.481846+00:00
[2023-09-05T08:29:47.500+0000] {processor.py:179} INFO - Processing /home/airflow/.local/lib/python3.8/site-packages/airflow/example_dags/example_latest_only_with_trigger.py took 0.084 seconds
[2023-09-05T08:30:18.226+0000] {processor.py:157} INFO - Started process (PID=2242) to work on /home/airflow/.local/lib/python3.8/site-packages/airflow/example_dags/example_latest_only_with_trigger.py
[2023-09-05T08:30:18.228+0000] {processor.py:829} INFO - Processing file /home/airflow/.local/lib/python3.8/site-packages/airflow/example_dags/example_latest_only_with_trigger.py for tasks to queue
[2023-09-05T08:30:18.229+0000] {logging_mixin.py:151} INFO - [2023-09-05T08:30:18.228+0000] {dagbag.py:539} INFO - Filling up the DagBag from /home/airflow/.local/lib/python3.8/site-packages/airflow/example_dags/example_latest_only_with_trigger.py
[2023-09-05T08:30:18.239+0000] {processor.py:839} INFO - DAG(s) dict_keys(['latest_only_with_trigger']) retrieved from /home/airflow/.local/lib/python3.8/site-packages/airflow/example_dags/example_latest_only_with_trigger.py
[2023-09-05T08:30:18.263+0000] {logging_mixin.py:151} INFO - [2023-09-05T08:30:18.263+0000] {dag.py:2907} INFO - Sync 1 DAGs
[2023-09-05T08:30:18.291+0000] {logging_mixin.py:151} INFO - [2023-09-05T08:30:18.291+0000] {dag.py:3677} INFO - Setting next_dagrun for latest_only_with_trigger to 2023-09-05T04:30:18.291585+00:00, run_after=2023-09-05T08:30:18.291585+00:00
[2023-09-05T08:30:18.335+0000] {processor.py:179} INFO - Processing /home/airflow/.local/lib/python3.8/site-packages/airflow/example_dags/example_latest_only_with_trigger.py took 0.112 seconds
[2023-09-05T08:30:48.572+0000] {processor.py:157} INFO - Started process (PID=2480) to work on /home/airflow/.local/lib/python3.8/site-packages/airflow/example_dags/example_latest_only_with_trigger.py
[2023-09-05T08:30:48.577+0000] {processor.py:829} INFO - Processing file /home/airflow/.local/lib/python3.8/site-packages/airflow/example_dags/example_latest_only_with_trigger.py for tasks to queue
[2023-09-05T08:30:48.579+0000] {logging_mixin.py:151} INFO - [2023-09-05T08:30:48.579+0000] {dagbag.py:539} INFO - Filling up the DagBag from /home/airflow/.local/lib/python3.8/site-packages/airflow/example_dags/example_latest_only_with_trigger.py
[2023-09-05T08:30:48.598+0000] {processor.py:839} INFO - DAG(s) dict_keys(['latest_only_with_trigger']) retrieved from /home/airflow/.local/lib/python3.8/site-packages/airflow/example_dags/example_latest_only_with_trigger.py
[2023-09-05T08:30:48.628+0000] {logging_mixin.py:151} INFO - [2023-09-05T08:30:48.628+0000] {dag.py:2907} INFO - Sync 1 DAGs
[2023-09-05T08:30:48.656+0000] {logging_mixin.py:151} INFO - [2023-09-05T08:30:48.655+0000] {dag.py:3677} INFO - Setting next_dagrun for latest_only_with_trigger to 2023-09-05T04:30:48.655685+00:00, run_after=2023-09-05T08:30:48.655685+00:00
[2023-09-05T08:30:48.681+0000] {processor.py:179} INFO - Processing /home/airflow/.local/lib/python3.8/site-packages/airflow/example_dags/example_latest_only_with_trigger.py took 0.128 seconds
