[2023-09-05T08:26:08.934+0000] {processor.py:157} INFO - Started process (PID=359) to work on /home/airflow/.local/lib/python3.8/site-packages/airflow/example_dags/example_time_delta_sensor_async.py
[2023-09-05T08:26:08.944+0000] {processor.py:829} INFO - Processing file /home/airflow/.local/lib/python3.8/site-packages/airflow/example_dags/example_time_delta_sensor_async.py for tasks to queue
[2023-09-05T08:26:08.947+0000] {logging_mixin.py:151} INFO - [2023-09-05T08:26:08.947+0000] {dagbag.py:539} INFO - Filling up the DagBag from /home/airflow/.local/lib/python3.8/site-packages/airflow/example_dags/example_time_delta_sensor_async.py
[2023-09-05T08:26:08.967+0000] {processor.py:839} INFO - DAG(s) dict_keys(['example_time_delta_sensor_async']) retrieved from /home/airflow/.local/lib/python3.8/site-packages/airflow/example_dags/example_time_delta_sensor_async.py
[2023-09-05T08:26:09.018+0000] {logging_mixin.py:151} INFO - [2023-09-05T08:26:09.017+0000] {dag.py:2907} INFO - Sync 1 DAGs
[2023-09-05T08:26:09.126+0000] {logging_mixin.py:151} INFO - [2023-09-05T08:26:09.125+0000] {dag.py:3677} INFO - Setting next_dagrun for example_time_delta_sensor_async to None, run_after=None
[2023-09-05T08:26:09.242+0000] {processor.py:179} INFO - Processing /home/airflow/.local/lib/python3.8/site-packages/airflow/example_dags/example_time_delta_sensor_async.py took 0.323 seconds
[2023-09-05T08:26:39.609+0000] {processor.py:157} INFO - Started process (PID=597) to work on /home/airflow/.local/lib/python3.8/site-packages/airflow/example_dags/example_time_delta_sensor_async.py
[2023-09-05T08:26:39.611+0000] {processor.py:829} INFO - Processing file /home/airflow/.local/lib/python3.8/site-packages/airflow/example_dags/example_time_delta_sensor_async.py for tasks to queue
[2023-09-05T08:26:39.612+0000] {logging_mixin.py:151} INFO - [2023-09-05T08:26:39.611+0000] {dagbag.py:539} INFO - Filling up the DagBag from /home/airflow/.local/lib/python3.8/site-packages/airflow/example_dags/example_time_delta_sensor_async.py
[2023-09-05T08:26:39.620+0000] {processor.py:839} INFO - DAG(s) dict_keys(['example_time_delta_sensor_async']) retrieved from /home/airflow/.local/lib/python3.8/site-packages/airflow/example_dags/example_time_delta_sensor_async.py
[2023-09-05T08:26:39.646+0000] {logging_mixin.py:151} INFO - [2023-09-05T08:26:39.645+0000] {dag.py:2907} INFO - Sync 1 DAGs
[2023-09-05T08:26:39.664+0000] {logging_mixin.py:151} INFO - [2023-09-05T08:26:39.664+0000] {dag.py:3677} INFO - Setting next_dagrun for example_time_delta_sensor_async to None, run_after=None
[2023-09-05T08:26:39.690+0000] {processor.py:179} INFO - Processing /home/airflow/.local/lib/python3.8/site-packages/airflow/example_dags/example_time_delta_sensor_async.py took 0.085 seconds
[2023-09-05T08:27:10.029+0000] {processor.py:157} INFO - Started process (PID=835) to work on /home/airflow/.local/lib/python3.8/site-packages/airflow/example_dags/example_time_delta_sensor_async.py
[2023-09-05T08:27:10.031+0000] {processor.py:829} INFO - Processing file /home/airflow/.local/lib/python3.8/site-packages/airflow/example_dags/example_time_delta_sensor_async.py for tasks to queue
[2023-09-05T08:27:10.032+0000] {logging_mixin.py:151} INFO - [2023-09-05T08:27:10.031+0000] {dagbag.py:539} INFO - Filling up the DagBag from /home/airflow/.local/lib/python3.8/site-packages/airflow/example_dags/example_time_delta_sensor_async.py
[2023-09-05T08:27:10.037+0000] {processor.py:839} INFO - DAG(s) dict_keys(['example_time_delta_sensor_async']) retrieved from /home/airflow/.local/lib/python3.8/site-packages/airflow/example_dags/example_time_delta_sensor_async.py
[2023-09-05T08:27:10.187+0000] {logging_mixin.py:151} INFO - [2023-09-05T08:27:10.187+0000] {dag.py:2907} INFO - Sync 1 DAGs
[2023-09-05T08:27:10.203+0000] {logging_mixin.py:151} INFO - [2023-09-05T08:27:10.202+0000] {dag.py:3677} INFO - Setting next_dagrun for example_time_delta_sensor_async to None, run_after=None
[2023-09-05T08:27:10.227+0000] {processor.py:179} INFO - Processing /home/airflow/.local/lib/python3.8/site-packages/airflow/example_dags/example_time_delta_sensor_async.py took 0.201 seconds
[2023-09-05T08:27:41.550+0000] {processor.py:157} INFO - Started process (PID=1074) to work on /home/airflow/.local/lib/python3.8/site-packages/airflow/example_dags/example_time_delta_sensor_async.py
[2023-09-05T08:27:41.556+0000] {processor.py:829} INFO - Processing file /home/airflow/.local/lib/python3.8/site-packages/airflow/example_dags/example_time_delta_sensor_async.py for tasks to queue
[2023-09-05T08:27:41.568+0000] {logging_mixin.py:151} INFO - [2023-09-05T08:27:41.568+0000] {dagbag.py:539} INFO - Filling up the DagBag from /home/airflow/.local/lib/python3.8/site-packages/airflow/example_dags/example_time_delta_sensor_async.py
[2023-09-05T08:27:41.599+0000] {processor.py:839} INFO - DAG(s) dict_keys(['example_time_delta_sensor_async']) retrieved from /home/airflow/.local/lib/python3.8/site-packages/airflow/example_dags/example_time_delta_sensor_async.py
[2023-09-05T08:27:41.699+0000] {logging_mixin.py:151} INFO - [2023-09-05T08:27:41.699+0000] {dag.py:2907} INFO - Sync 1 DAGs
[2023-09-05T08:27:41.757+0000] {logging_mixin.py:151} INFO - [2023-09-05T08:27:41.757+0000] {dag.py:3677} INFO - Setting next_dagrun for example_time_delta_sensor_async to None, run_after=None
[2023-09-05T08:27:41.870+0000] {processor.py:179} INFO - Processing /home/airflow/.local/lib/python3.8/site-packages/airflow/example_dags/example_time_delta_sensor_async.py took 0.342 seconds
[2023-09-05T08:28:12.162+0000] {processor.py:157} INFO - Started process (PID=1313) to work on /home/airflow/.local/lib/python3.8/site-packages/airflow/example_dags/example_time_delta_sensor_async.py
[2023-09-05T08:28:12.166+0000] {processor.py:829} INFO - Processing file /home/airflow/.local/lib/python3.8/site-packages/airflow/example_dags/example_time_delta_sensor_async.py for tasks to queue
[2023-09-05T08:28:12.167+0000] {logging_mixin.py:151} INFO - [2023-09-05T08:28:12.166+0000] {dagbag.py:539} INFO - Filling up the DagBag from /home/airflow/.local/lib/python3.8/site-packages/airflow/example_dags/example_time_delta_sensor_async.py
[2023-09-05T08:28:12.187+0000] {processor.py:839} INFO - DAG(s) dict_keys(['example_time_delta_sensor_async']) retrieved from /home/airflow/.local/lib/python3.8/site-packages/airflow/example_dags/example_time_delta_sensor_async.py
[2023-09-05T08:28:12.255+0000] {logging_mixin.py:151} INFO - [2023-09-05T08:28:12.254+0000] {dag.py:2907} INFO - Sync 1 DAGs
[2023-09-05T08:28:12.283+0000] {logging_mixin.py:151} INFO - [2023-09-05T08:28:12.278+0000] {dag.py:3677} INFO - Setting next_dagrun for example_time_delta_sensor_async to None, run_after=None
[2023-09-05T08:28:12.321+0000] {processor.py:179} INFO - Processing /home/airflow/.local/lib/python3.8/site-packages/airflow/example_dags/example_time_delta_sensor_async.py took 0.165 seconds
[2023-09-05T08:28:56.902+0000] {processor.py:157} INFO - Started process (PID=1589) to work on /home/airflow/.local/lib/python3.8/site-packages/airflow/example_dags/example_time_delta_sensor_async.py
[2023-09-05T08:28:56.911+0000] {processor.py:829} INFO - Processing file /home/airflow/.local/lib/python3.8/site-packages/airflow/example_dags/example_time_delta_sensor_async.py for tasks to queue
[2023-09-05T08:28:56.913+0000] {logging_mixin.py:151} INFO - [2023-09-05T08:28:56.912+0000] {dagbag.py:539} INFO - Filling up the DagBag from /home/airflow/.local/lib/python3.8/site-packages/airflow/example_dags/example_time_delta_sensor_async.py
[2023-09-05T08:28:56.952+0000] {processor.py:839} INFO - DAG(s) dict_keys(['example_time_delta_sensor_async']) retrieved from /home/airflow/.local/lib/python3.8/site-packages/airflow/example_dags/example_time_delta_sensor_async.py
[2023-09-05T08:28:57.095+0000] {logging_mixin.py:151} INFO - [2023-09-05T08:28:57.093+0000] {dag.py:2907} INFO - Sync 1 DAGs
[2023-09-05T08:28:57.197+0000] {logging_mixin.py:151} INFO - [2023-09-05T08:28:57.193+0000] {dag.py:3677} INFO - Setting next_dagrun for example_time_delta_sensor_async to None, run_after=None
[2023-09-05T08:28:57.418+0000] {processor.py:179} INFO - Processing /home/airflow/.local/lib/python3.8/site-packages/airflow/example_dags/example_time_delta_sensor_async.py took 0.533 seconds
[2023-09-05T08:29:27.758+0000] {processor.py:157} INFO - Started process (PID=1834) to work on /home/airflow/.local/lib/python3.8/site-packages/airflow/example_dags/example_time_delta_sensor_async.py
[2023-09-05T08:29:27.767+0000] {processor.py:829} INFO - Processing file /home/airflow/.local/lib/python3.8/site-packages/airflow/example_dags/example_time_delta_sensor_async.py for tasks to queue
[2023-09-05T08:29:27.769+0000] {logging_mixin.py:151} INFO - [2023-09-05T08:29:27.768+0000] {dagbag.py:539} INFO - Filling up the DagBag from /home/airflow/.local/lib/python3.8/site-packages/airflow/example_dags/example_time_delta_sensor_async.py
[2023-09-05T08:29:27.790+0000] {processor.py:839} INFO - DAG(s) dict_keys(['example_time_delta_sensor_async']) retrieved from /home/airflow/.local/lib/python3.8/site-packages/airflow/example_dags/example_time_delta_sensor_async.py
[2023-09-05T08:29:27.850+0000] {logging_mixin.py:151} INFO - [2023-09-05T08:29:27.848+0000] {dag.py:2907} INFO - Sync 1 DAGs
[2023-09-05T08:29:27.881+0000] {logging_mixin.py:151} INFO - [2023-09-05T08:29:27.880+0000] {dag.py:3677} INFO - Setting next_dagrun for example_time_delta_sensor_async to None, run_after=None
[2023-09-05T08:29:27.930+0000] {processor.py:179} INFO - Processing /home/airflow/.local/lib/python3.8/site-packages/airflow/example_dags/example_time_delta_sensor_async.py took 0.178 seconds
[2023-09-05T08:29:58.485+0000] {processor.py:157} INFO - Started process (PID=2074) to work on /home/airflow/.local/lib/python3.8/site-packages/airflow/example_dags/example_time_delta_sensor_async.py
[2023-09-05T08:29:58.486+0000] {processor.py:829} INFO - Processing file /home/airflow/.local/lib/python3.8/site-packages/airflow/example_dags/example_time_delta_sensor_async.py for tasks to queue
[2023-09-05T08:29:58.488+0000] {logging_mixin.py:151} INFO - [2023-09-05T08:29:58.487+0000] {dagbag.py:539} INFO - Filling up the DagBag from /home/airflow/.local/lib/python3.8/site-packages/airflow/example_dags/example_time_delta_sensor_async.py
[2023-09-05T08:29:58.498+0000] {processor.py:839} INFO - DAG(s) dict_keys(['example_time_delta_sensor_async']) retrieved from /home/airflow/.local/lib/python3.8/site-packages/airflow/example_dags/example_time_delta_sensor_async.py
[2023-09-05T08:29:58.544+0000] {logging_mixin.py:151} INFO - [2023-09-05T08:29:58.543+0000] {dag.py:2907} INFO - Sync 1 DAGs
[2023-09-05T08:29:58.569+0000] {logging_mixin.py:151} INFO - [2023-09-05T08:29:58.569+0000] {dag.py:3677} INFO - Setting next_dagrun for example_time_delta_sensor_async to None, run_after=None
[2023-09-05T08:29:58.611+0000] {processor.py:179} INFO - Processing /home/airflow/.local/lib/python3.8/site-packages/airflow/example_dags/example_time_delta_sensor_async.py took 0.132 seconds
[2023-09-05T08:30:28.742+0000] {processor.py:157} INFO - Started process (PID=2312) to work on /home/airflow/.local/lib/python3.8/site-packages/airflow/example_dags/example_time_delta_sensor_async.py
[2023-09-05T08:30:28.744+0000] {processor.py:829} INFO - Processing file /home/airflow/.local/lib/python3.8/site-packages/airflow/example_dags/example_time_delta_sensor_async.py for tasks to queue
[2023-09-05T08:30:28.746+0000] {logging_mixin.py:151} INFO - [2023-09-05T08:30:28.745+0000] {dagbag.py:539} INFO - Filling up the DagBag from /home/airflow/.local/lib/python3.8/site-packages/airflow/example_dags/example_time_delta_sensor_async.py
[2023-09-05T08:30:28.753+0000] {processor.py:839} INFO - DAG(s) dict_keys(['example_time_delta_sensor_async']) retrieved from /home/airflow/.local/lib/python3.8/site-packages/airflow/example_dags/example_time_delta_sensor_async.py
[2023-09-05T08:30:28.788+0000] {logging_mixin.py:151} INFO - [2023-09-05T08:30:28.788+0000] {dag.py:2907} INFO - Sync 1 DAGs
[2023-09-05T08:30:28.815+0000] {logging_mixin.py:151} INFO - [2023-09-05T08:30:28.815+0000] {dag.py:3677} INFO - Setting next_dagrun for example_time_delta_sensor_async to None, run_after=None
[2023-09-05T08:30:28.850+0000] {processor.py:179} INFO - Processing /home/airflow/.local/lib/python3.8/site-packages/airflow/example_dags/example_time_delta_sensor_async.py took 0.113 seconds
[2023-09-05T08:30:58.988+0000] {processor.py:157} INFO - Started process (PID=2548) to work on /home/airflow/.local/lib/python3.8/site-packages/airflow/example_dags/example_time_delta_sensor_async.py
[2023-09-05T08:30:58.989+0000] {processor.py:829} INFO - Processing file /home/airflow/.local/lib/python3.8/site-packages/airflow/example_dags/example_time_delta_sensor_async.py for tasks to queue
[2023-09-05T08:30:58.990+0000] {logging_mixin.py:151} INFO - [2023-09-05T08:30:58.990+0000] {dagbag.py:539} INFO - Filling up the DagBag from /home/airflow/.local/lib/python3.8/site-packages/airflow/example_dags/example_time_delta_sensor_async.py
[2023-09-05T08:30:58.994+0000] {processor.py:839} INFO - DAG(s) dict_keys(['example_time_delta_sensor_async']) retrieved from /home/airflow/.local/lib/python3.8/site-packages/airflow/example_dags/example_time_delta_sensor_async.py
[2023-09-05T08:30:59.013+0000] {logging_mixin.py:151} INFO - [2023-09-05T08:30:59.013+0000] {dag.py:2907} INFO - Sync 1 DAGs
[2023-09-05T08:30:59.024+0000] {logging_mixin.py:151} INFO - [2023-09-05T08:30:59.024+0000] {dag.py:3677} INFO - Setting next_dagrun for example_time_delta_sensor_async to None, run_after=None
[2023-09-05T08:30:59.041+0000] {processor.py:179} INFO - Processing /home/airflow/.local/lib/python3.8/site-packages/airflow/example_dags/example_time_delta_sensor_async.py took 0.057 seconds
