[2023-09-05T08:26:08.138+0000] {processor.py:157} INFO - Started process (PID=346) to work on /home/airflow/.local/lib/python3.8/site-packages/airflow/example_dags/example_dynamic_task_mapping_with_no_taskflow_operators.py
[2023-09-05T08:26:08.139+0000] {processor.py:829} INFO - Processing file /home/airflow/.local/lib/python3.8/site-packages/airflow/example_dags/example_dynamic_task_mapping_with_no_taskflow_operators.py for tasks to queue
[2023-09-05T08:26:08.141+0000] {logging_mixin.py:151} INFO - [2023-09-05T08:26:08.140+0000] {dagbag.py:539} INFO - Filling up the DagBag from /home/airflow/.local/lib/python3.8/site-packages/airflow/example_dags/example_dynamic_task_mapping_with_no_taskflow_operators.py
[2023-09-05T08:26:08.157+0000] {processor.py:839} INFO - DAG(s) dict_keys(['example_dynamic_task_mapping_with_no_taskflow_operators']) retrieved from /home/airflow/.local/lib/python3.8/site-packages/airflow/example_dags/example_dynamic_task_mapping_with_no_taskflow_operators.py
[2023-09-05T08:26:08.192+0000] {logging_mixin.py:151} INFO - [2023-09-05T08:26:08.192+0000] {dag.py:2907} INFO - Sync 1 DAGs
[2023-09-05T08:26:08.270+0000] {logging_mixin.py:151} INFO - [2023-09-05T08:26:08.270+0000] {dag.py:3677} INFO - Setting next_dagrun for example_dynamic_task_mapping_with_no_taskflow_operators to 2023-09-04T08:26:08.269584+00:00, run_after=2023-09-05T08:26:08.269584+00:00
[2023-09-05T08:26:08.353+0000] {processor.py:179} INFO - Processing /home/airflow/.local/lib/python3.8/site-packages/airflow/example_dags/example_dynamic_task_mapping_with_no_taskflow_operators.py took 0.223 seconds
[2023-09-05T08:26:38.447+0000] {processor.py:157} INFO - Started process (PID=584) to work on /home/airflow/.local/lib/python3.8/site-packages/airflow/example_dags/example_dynamic_task_mapping_with_no_taskflow_operators.py
[2023-09-05T08:26:38.448+0000] {processor.py:829} INFO - Processing file /home/airflow/.local/lib/python3.8/site-packages/airflow/example_dags/example_dynamic_task_mapping_with_no_taskflow_operators.py for tasks to queue
[2023-09-05T08:26:38.449+0000] {logging_mixin.py:151} INFO - [2023-09-05T08:26:38.449+0000] {dagbag.py:539} INFO - Filling up the DagBag from /home/airflow/.local/lib/python3.8/site-packages/airflow/example_dags/example_dynamic_task_mapping_with_no_taskflow_operators.py
[2023-09-05T08:26:38.460+0000] {processor.py:839} INFO - DAG(s) dict_keys(['example_dynamic_task_mapping_with_no_taskflow_operators']) retrieved from /home/airflow/.local/lib/python3.8/site-packages/airflow/example_dags/example_dynamic_task_mapping_with_no_taskflow_operators.py
[2023-09-05T08:26:38.490+0000] {logging_mixin.py:151} INFO - [2023-09-05T08:26:38.490+0000] {dag.py:2907} INFO - Sync 1 DAGs
[2023-09-05T08:26:38.526+0000] {logging_mixin.py:151} INFO - [2023-09-05T08:26:38.525+0000] {dag.py:3677} INFO - Setting next_dagrun for example_dynamic_task_mapping_with_no_taskflow_operators to 2023-09-04T08:26:38.525351+00:00, run_after=2023-09-05T08:26:38.525351+00:00
[2023-09-05T08:26:38.562+0000] {processor.py:179} INFO - Processing /home/airflow/.local/lib/python3.8/site-packages/airflow/example_dags/example_dynamic_task_mapping_with_no_taskflow_operators.py took 0.120 seconds
[2023-09-05T08:27:09.537+0000] {processor.py:157} INFO - Started process (PID=820) to work on /home/airflow/.local/lib/python3.8/site-packages/airflow/example_dags/example_dynamic_task_mapping_with_no_taskflow_operators.py
[2023-09-05T08:27:09.540+0000] {processor.py:829} INFO - Processing file /home/airflow/.local/lib/python3.8/site-packages/airflow/example_dags/example_dynamic_task_mapping_with_no_taskflow_operators.py for tasks to queue
[2023-09-05T08:27:09.541+0000] {logging_mixin.py:151} INFO - [2023-09-05T08:27:09.540+0000] {dagbag.py:539} INFO - Filling up the DagBag from /home/airflow/.local/lib/python3.8/site-packages/airflow/example_dags/example_dynamic_task_mapping_with_no_taskflow_operators.py
[2023-09-05T08:27:09.727+0000] {processor.py:839} INFO - DAG(s) dict_keys(['example_dynamic_task_mapping_with_no_taskflow_operators']) retrieved from /home/airflow/.local/lib/python3.8/site-packages/airflow/example_dags/example_dynamic_task_mapping_with_no_taskflow_operators.py
[2023-09-05T08:27:09.748+0000] {logging_mixin.py:151} INFO - [2023-09-05T08:27:09.747+0000] {dag.py:2907} INFO - Sync 1 DAGs
[2023-09-05T08:27:09.782+0000] {logging_mixin.py:151} INFO - [2023-09-05T08:27:09.782+0000] {dag.py:3677} INFO - Setting next_dagrun for example_dynamic_task_mapping_with_no_taskflow_operators to 2023-09-04T08:27:09.782227+00:00, run_after=2023-09-05T08:27:09.782227+00:00
[2023-09-05T08:27:09.808+0000] {processor.py:179} INFO - Processing /home/airflow/.local/lib/python3.8/site-packages/airflow/example_dags/example_dynamic_task_mapping_with_no_taskflow_operators.py took 0.278 seconds
[2023-09-05T08:27:40.513+0000] {processor.py:157} INFO - Started process (PID=1058) to work on /home/airflow/.local/lib/python3.8/site-packages/airflow/example_dags/example_dynamic_task_mapping_with_no_taskflow_operators.py
[2023-09-05T08:27:40.517+0000] {processor.py:829} INFO - Processing file /home/airflow/.local/lib/python3.8/site-packages/airflow/example_dags/example_dynamic_task_mapping_with_no_taskflow_operators.py for tasks to queue
[2023-09-05T08:27:40.517+0000] {logging_mixin.py:151} INFO - [2023-09-05T08:27:40.517+0000] {dagbag.py:539} INFO - Filling up the DagBag from /home/airflow/.local/lib/python3.8/site-packages/airflow/example_dags/example_dynamic_task_mapping_with_no_taskflow_operators.py
[2023-09-05T08:27:40.531+0000] {processor.py:839} INFO - DAG(s) dict_keys(['example_dynamic_task_mapping_with_no_taskflow_operators']) retrieved from /home/airflow/.local/lib/python3.8/site-packages/airflow/example_dags/example_dynamic_task_mapping_with_no_taskflow_operators.py
[2023-09-05T08:27:40.597+0000] {logging_mixin.py:151} INFO - [2023-09-05T08:27:40.596+0000] {dag.py:2907} INFO - Sync 1 DAGs
[2023-09-05T08:27:40.745+0000] {logging_mixin.py:151} INFO - [2023-09-05T08:27:40.744+0000] {dag.py:3677} INFO - Setting next_dagrun for example_dynamic_task_mapping_with_no_taskflow_operators to 2023-09-04T08:27:40.744222+00:00, run_after=2023-09-05T08:27:40.744222+00:00
[2023-09-05T08:27:40.827+0000] {processor.py:179} INFO - Processing /home/airflow/.local/lib/python3.8/site-packages/airflow/example_dags/example_dynamic_task_mapping_with_no_taskflow_operators.py took 0.324 seconds
[2023-09-05T08:28:11.478+0000] {processor.py:157} INFO - Started process (PID=1296) to work on /home/airflow/.local/lib/python3.8/site-packages/airflow/example_dags/example_dynamic_task_mapping_with_no_taskflow_operators.py
[2023-09-05T08:28:11.481+0000] {processor.py:829} INFO - Processing file /home/airflow/.local/lib/python3.8/site-packages/airflow/example_dags/example_dynamic_task_mapping_with_no_taskflow_operators.py for tasks to queue
[2023-09-05T08:28:11.482+0000] {logging_mixin.py:151} INFO - [2023-09-05T08:28:11.482+0000] {dagbag.py:539} INFO - Filling up the DagBag from /home/airflow/.local/lib/python3.8/site-packages/airflow/example_dags/example_dynamic_task_mapping_with_no_taskflow_operators.py
[2023-09-05T08:28:11.498+0000] {processor.py:839} INFO - DAG(s) dict_keys(['example_dynamic_task_mapping_with_no_taskflow_operators']) retrieved from /home/airflow/.local/lib/python3.8/site-packages/airflow/example_dags/example_dynamic_task_mapping_with_no_taskflow_operators.py
[2023-09-05T08:28:11.544+0000] {logging_mixin.py:151} INFO - [2023-09-05T08:28:11.542+0000] {dag.py:2907} INFO - Sync 1 DAGs
[2023-09-05T08:28:11.604+0000] {logging_mixin.py:151} INFO - [2023-09-05T08:28:11.603+0000] {dag.py:3677} INFO - Setting next_dagrun for example_dynamic_task_mapping_with_no_taskflow_operators to 2023-09-04T08:28:11.603451+00:00, run_after=2023-09-05T08:28:11.603451+00:00
[2023-09-05T08:28:11.659+0000] {processor.py:179} INFO - Processing /home/airflow/.local/lib/python3.8/site-packages/airflow/example_dags/example_dynamic_task_mapping_with_no_taskflow_operators.py took 0.188 seconds
[2023-09-05T08:28:55.692+0000] {processor.py:157} INFO - Started process (PID=1572) to work on /home/airflow/.local/lib/python3.8/site-packages/airflow/example_dags/example_dynamic_task_mapping_with_no_taskflow_operators.py
[2023-09-05T08:28:55.701+0000] {processor.py:829} INFO - Processing file /home/airflow/.local/lib/python3.8/site-packages/airflow/example_dags/example_dynamic_task_mapping_with_no_taskflow_operators.py for tasks to queue
[2023-09-05T08:28:55.727+0000] {logging_mixin.py:151} INFO - [2023-09-05T08:28:55.726+0000] {dagbag.py:539} INFO - Filling up the DagBag from /home/airflow/.local/lib/python3.8/site-packages/airflow/example_dags/example_dynamic_task_mapping_with_no_taskflow_operators.py
[2023-09-05T08:28:55.834+0000] {processor.py:839} INFO - DAG(s) dict_keys(['example_dynamic_task_mapping_with_no_taskflow_operators']) retrieved from /home/airflow/.local/lib/python3.8/site-packages/airflow/example_dags/example_dynamic_task_mapping_with_no_taskflow_operators.py
[2023-09-05T08:28:55.952+0000] {logging_mixin.py:151} INFO - [2023-09-05T08:28:55.952+0000] {dag.py:2907} INFO - Sync 1 DAGs
[2023-09-05T08:28:56.162+0000] {logging_mixin.py:151} INFO - [2023-09-05T08:28:56.161+0000] {dag.py:3677} INFO - Setting next_dagrun for example_dynamic_task_mapping_with_no_taskflow_operators to 2023-09-04T08:28:56.161085+00:00, run_after=2023-09-05T08:28:56.161085+00:00
[2023-09-05T08:28:56.302+0000] {processor.py:179} INFO - Processing /home/airflow/.local/lib/python3.8/site-packages/airflow/example_dags/example_dynamic_task_mapping_with_no_taskflow_operators.py took 0.698 seconds
[2023-09-05T08:29:26.387+0000] {processor.py:157} INFO - Started process (PID=1819) to work on /home/airflow/.local/lib/python3.8/site-packages/airflow/example_dags/example_dynamic_task_mapping_with_no_taskflow_operators.py
[2023-09-05T08:29:26.388+0000] {processor.py:829} INFO - Processing file /home/airflow/.local/lib/python3.8/site-packages/airflow/example_dags/example_dynamic_task_mapping_with_no_taskflow_operators.py for tasks to queue
[2023-09-05T08:29:26.390+0000] {logging_mixin.py:151} INFO - [2023-09-05T08:29:26.389+0000] {dagbag.py:539} INFO - Filling up the DagBag from /home/airflow/.local/lib/python3.8/site-packages/airflow/example_dags/example_dynamic_task_mapping_with_no_taskflow_operators.py
[2023-09-05T08:29:26.401+0000] {processor.py:839} INFO - DAG(s) dict_keys(['example_dynamic_task_mapping_with_no_taskflow_operators']) retrieved from /home/airflow/.local/lib/python3.8/site-packages/airflow/example_dags/example_dynamic_task_mapping_with_no_taskflow_operators.py
[2023-09-05T08:29:26.450+0000] {logging_mixin.py:151} INFO - [2023-09-05T08:29:26.449+0000] {dag.py:2907} INFO - Sync 1 DAGs
[2023-09-05T08:29:26.496+0000] {logging_mixin.py:151} INFO - [2023-09-05T08:29:26.496+0000] {dag.py:3677} INFO - Setting next_dagrun for example_dynamic_task_mapping_with_no_taskflow_operators to 2023-09-04T08:29:26.496010+00:00, run_after=2023-09-05T08:29:26.496010+00:00
[2023-09-05T08:29:26.524+0000] {processor.py:179} INFO - Processing /home/airflow/.local/lib/python3.8/site-packages/airflow/example_dags/example_dynamic_task_mapping_with_no_taskflow_operators.py took 0.142 seconds
[2023-09-05T08:29:56.985+0000] {processor.py:157} INFO - Started process (PID=2057) to work on /home/airflow/.local/lib/python3.8/site-packages/airflow/example_dags/example_dynamic_task_mapping_with_no_taskflow_operators.py
[2023-09-05T08:29:56.995+0000] {processor.py:829} INFO - Processing file /home/airflow/.local/lib/python3.8/site-packages/airflow/example_dags/example_dynamic_task_mapping_with_no_taskflow_operators.py for tasks to queue
[2023-09-05T08:29:56.997+0000] {logging_mixin.py:151} INFO - [2023-09-05T08:29:56.996+0000] {dagbag.py:539} INFO - Filling up the DagBag from /home/airflow/.local/lib/python3.8/site-packages/airflow/example_dags/example_dynamic_task_mapping_with_no_taskflow_operators.py
[2023-09-05T08:29:57.016+0000] {processor.py:839} INFO - DAG(s) dict_keys(['example_dynamic_task_mapping_with_no_taskflow_operators']) retrieved from /home/airflow/.local/lib/python3.8/site-packages/airflow/example_dags/example_dynamic_task_mapping_with_no_taskflow_operators.py
[2023-09-05T08:29:57.076+0000] {logging_mixin.py:151} INFO - [2023-09-05T08:29:57.075+0000] {dag.py:2907} INFO - Sync 1 DAGs
[2023-09-05T08:29:57.128+0000] {logging_mixin.py:151} INFO - [2023-09-05T08:29:57.127+0000] {dag.py:3677} INFO - Setting next_dagrun for example_dynamic_task_mapping_with_no_taskflow_operators to 2023-09-04T08:29:57.126158+00:00, run_after=2023-09-05T08:29:57.126158+00:00
[2023-09-05T08:29:57.172+0000] {processor.py:179} INFO - Processing /home/airflow/.local/lib/python3.8/site-packages/airflow/example_dags/example_dynamic_task_mapping_with_no_taskflow_operators.py took 0.192 seconds
[2023-09-05T08:30:27.349+0000] {processor.py:157} INFO - Started process (PID=2295) to work on /home/airflow/.local/lib/python3.8/site-packages/airflow/example_dags/example_dynamic_task_mapping_with_no_taskflow_operators.py
[2023-09-05T08:30:27.350+0000] {processor.py:829} INFO - Processing file /home/airflow/.local/lib/python3.8/site-packages/airflow/example_dags/example_dynamic_task_mapping_with_no_taskflow_operators.py for tasks to queue
[2023-09-05T08:30:27.351+0000] {logging_mixin.py:151} INFO - [2023-09-05T08:30:27.350+0000] {dagbag.py:539} INFO - Filling up the DagBag from /home/airflow/.local/lib/python3.8/site-packages/airflow/example_dags/example_dynamic_task_mapping_with_no_taskflow_operators.py
[2023-09-05T08:30:27.361+0000] {processor.py:839} INFO - DAG(s) dict_keys(['example_dynamic_task_mapping_with_no_taskflow_operators']) retrieved from /home/airflow/.local/lib/python3.8/site-packages/airflow/example_dags/example_dynamic_task_mapping_with_no_taskflow_operators.py
[2023-09-05T08:30:27.402+0000] {logging_mixin.py:151} INFO - [2023-09-05T08:30:27.401+0000] {dag.py:2907} INFO - Sync 1 DAGs
[2023-09-05T08:30:27.439+0000] {logging_mixin.py:151} INFO - [2023-09-05T08:30:27.439+0000] {dag.py:3677} INFO - Setting next_dagrun for example_dynamic_task_mapping_with_no_taskflow_operators to 2023-09-04T08:30:27.439573+00:00, run_after=2023-09-05T08:30:27.439573+00:00
[2023-09-05T08:30:27.468+0000] {processor.py:179} INFO - Processing /home/airflow/.local/lib/python3.8/site-packages/airflow/example_dags/example_dynamic_task_mapping_with_no_taskflow_operators.py took 0.124 seconds
[2023-09-05T08:30:57.618+0000] {processor.py:157} INFO - Started process (PID=2533) to work on /home/airflow/.local/lib/python3.8/site-packages/airflow/example_dags/example_dynamic_task_mapping_with_no_taskflow_operators.py
[2023-09-05T08:30:57.620+0000] {processor.py:829} INFO - Processing file /home/airflow/.local/lib/python3.8/site-packages/airflow/example_dags/example_dynamic_task_mapping_with_no_taskflow_operators.py for tasks to queue
[2023-09-05T08:30:57.621+0000] {logging_mixin.py:151} INFO - [2023-09-05T08:30:57.621+0000] {dagbag.py:539} INFO - Filling up the DagBag from /home/airflow/.local/lib/python3.8/site-packages/airflow/example_dags/example_dynamic_task_mapping_with_no_taskflow_operators.py
[2023-09-05T08:30:57.630+0000] {processor.py:839} INFO - DAG(s) dict_keys(['example_dynamic_task_mapping_with_no_taskflow_operators']) retrieved from /home/airflow/.local/lib/python3.8/site-packages/airflow/example_dags/example_dynamic_task_mapping_with_no_taskflow_operators.py
[2023-09-05T08:30:57.656+0000] {logging_mixin.py:151} INFO - [2023-09-05T08:30:57.656+0000] {dag.py:2907} INFO - Sync 1 DAGs
[2023-09-05T08:30:57.689+0000] {logging_mixin.py:151} INFO - [2023-09-05T08:30:57.688+0000] {dag.py:3677} INFO - Setting next_dagrun for example_dynamic_task_mapping_with_no_taskflow_operators to 2023-09-04T08:30:57.688525+00:00, run_after=2023-09-05T08:30:57.688525+00:00
[2023-09-05T08:30:57.710+0000] {processor.py:179} INFO - Processing /home/airflow/.local/lib/python3.8/site-packages/airflow/example_dags/example_dynamic_task_mapping_with_no_taskflow_operators.py took 0.095 seconds
