[2023-09-05T08:26:02.177+0000] {processor.py:157} INFO - Started process (PID=249) to work on /home/airflow/.local/lib/python3.8/site-packages/airflow/example_dags/example_datasets.py
[2023-09-05T08:26:02.179+0000] {processor.py:829} INFO - Processing file /home/airflow/.local/lib/python3.8/site-packages/airflow/example_dags/example_datasets.py for tasks to queue
[2023-09-05T08:26:02.187+0000] {logging_mixin.py:151} INFO - [2023-09-05T08:26:02.186+0000] {dagbag.py:539} INFO - Filling up the DagBag from /home/airflow/.local/lib/python3.8/site-packages/airflow/example_dags/example_datasets.py
[2023-09-05T08:26:02.245+0000] {processor.py:839} INFO - DAG(s) dict_keys(['dataset_consumes_1_never_scheduled', 'dataset_produces_2', 'dataset_consumes_1', 'dataset_consumes_1_and_2', 'dataset_consumes_unknown_never_scheduled', 'dataset_produces_1']) retrieved from /home/airflow/.local/lib/python3.8/site-packages/airflow/example_dags/example_datasets.py
[2023-09-05T08:26:02.326+0000] {logging_mixin.py:151} INFO - [2023-09-05T08:26:02.326+0000] {dag.py:2907} INFO - Sync 6 DAGs
[2023-09-05T08:26:02.464+0000] {logging_mixin.py:151} INFO - [2023-09-05T08:26:02.464+0000] {dag.py:3677} INFO - Setting next_dagrun for dataset_consumes_1 to None, run_after=None
[2023-09-05T08:26:02.476+0000] {logging_mixin.py:151} INFO - [2023-09-05T08:26:02.475+0000] {dag.py:3677} INFO - Setting next_dagrun for dataset_consumes_1_and_2 to None, run_after=None
[2023-09-05T08:26:02.481+0000] {logging_mixin.py:151} INFO - [2023-09-05T08:26:02.481+0000] {dag.py:3677} INFO - Setting next_dagrun for dataset_consumes_1_never_scheduled to None, run_after=None
[2023-09-05T08:26:02.487+0000] {logging_mixin.py:151} INFO - [2023-09-05T08:26:02.487+0000] {dag.py:3677} INFO - Setting next_dagrun for dataset_consumes_unknown_never_scheduled to None, run_after=None
[2023-09-05T08:26:02.496+0000] {logging_mixin.py:151} INFO - [2023-09-05T08:26:02.495+0000] {dag.py:3677} INFO - Setting next_dagrun for dataset_produces_1 to 2023-09-04T00:00:00+00:00, run_after=2023-09-05T00:00:00+00:00
[2023-09-05T08:26:02.519+0000] {logging_mixin.py:151} INFO - [2023-09-05T08:26:02.519+0000] {dag.py:3677} INFO - Setting next_dagrun for dataset_produces_2 to None, run_after=None
[2023-09-05T08:26:02.755+0000] {processor.py:179} INFO - Processing /home/airflow/.local/lib/python3.8/site-packages/airflow/example_dags/example_datasets.py took 0.589 seconds
[2023-09-05T08:26:33.459+0000] {processor.py:157} INFO - Started process (PID=489) to work on /home/airflow/.local/lib/python3.8/site-packages/airflow/example_dags/example_datasets.py
[2023-09-05T08:26:33.482+0000] {processor.py:829} INFO - Processing file /home/airflow/.local/lib/python3.8/site-packages/airflow/example_dags/example_datasets.py for tasks to queue
[2023-09-05T08:26:33.485+0000] {logging_mixin.py:151} INFO - [2023-09-05T08:26:33.484+0000] {dagbag.py:539} INFO - Filling up the DagBag from /home/airflow/.local/lib/python3.8/site-packages/airflow/example_dags/example_datasets.py
[2023-09-05T08:26:33.512+0000] {processor.py:839} INFO - DAG(s) dict_keys(['dataset_produces_2', 'dataset_consumes_unknown_never_scheduled', 'dataset_consumes_1_never_scheduled', 'dataset_consumes_1', 'dataset_consumes_1_and_2', 'dataset_produces_1']) retrieved from /home/airflow/.local/lib/python3.8/site-packages/airflow/example_dags/example_datasets.py
[2023-09-05T08:26:33.561+0000] {logging_mixin.py:151} INFO - [2023-09-05T08:26:33.561+0000] {dag.py:2907} INFO - Sync 6 DAGs
[2023-09-05T08:26:33.584+0000] {logging_mixin.py:151} INFO - [2023-09-05T08:26:33.584+0000] {dag.py:3677} INFO - Setting next_dagrun for dataset_consumes_1 to None, run_after=None
[2023-09-05T08:26:33.588+0000] {logging_mixin.py:151} INFO - [2023-09-05T08:26:33.588+0000] {dag.py:3677} INFO - Setting next_dagrun for dataset_consumes_1_and_2 to None, run_after=None
[2023-09-05T08:26:33.592+0000] {logging_mixin.py:151} INFO - [2023-09-05T08:26:33.592+0000] {dag.py:3677} INFO - Setting next_dagrun for dataset_consumes_1_never_scheduled to None, run_after=None
[2023-09-05T08:26:33.594+0000] {logging_mixin.py:151} INFO - [2023-09-05T08:26:33.594+0000] {dag.py:3677} INFO - Setting next_dagrun for dataset_consumes_unknown_never_scheduled to None, run_after=None
[2023-09-05T08:26:33.598+0000] {logging_mixin.py:151} INFO - [2023-09-05T08:26:33.598+0000] {dag.py:3677} INFO - Setting next_dagrun for dataset_produces_1 to 2023-09-04T00:00:00+00:00, run_after=2023-09-05T00:00:00+00:00
[2023-09-05T08:26:33.600+0000] {logging_mixin.py:151} INFO - [2023-09-05T08:26:33.600+0000] {dag.py:3677} INFO - Setting next_dagrun for dataset_produces_2 to None, run_after=None
[2023-09-05T08:26:33.633+0000] {processor.py:179} INFO - Processing /home/airflow/.local/lib/python3.8/site-packages/airflow/example_dags/example_datasets.py took 0.181 seconds
[2023-09-05T08:27:04.401+0000] {processor.py:157} INFO - Started process (PID=727) to work on /home/airflow/.local/lib/python3.8/site-packages/airflow/example_dags/example_datasets.py
[2023-09-05T08:27:04.404+0000] {processor.py:829} INFO - Processing file /home/airflow/.local/lib/python3.8/site-packages/airflow/example_dags/example_datasets.py for tasks to queue
[2023-09-05T08:27:04.405+0000] {logging_mixin.py:151} INFO - [2023-09-05T08:27:04.405+0000] {dagbag.py:539} INFO - Filling up the DagBag from /home/airflow/.local/lib/python3.8/site-packages/airflow/example_dags/example_datasets.py
[2023-09-05T08:27:04.426+0000] {processor.py:839} INFO - DAG(s) dict_keys(['dataset_consumes_1_and_2', 'dataset_consumes_1', 'dataset_produces_2', 'dataset_consumes_unknown_never_scheduled', 'dataset_consumes_1_never_scheduled', 'dataset_produces_1']) retrieved from /home/airflow/.local/lib/python3.8/site-packages/airflow/example_dags/example_datasets.py
[2023-09-05T08:27:04.634+0000] {logging_mixin.py:151} INFO - [2023-09-05T08:27:04.633+0000] {dag.py:2907} INFO - Sync 6 DAGs
[2023-09-05T08:27:04.663+0000] {logging_mixin.py:151} INFO - [2023-09-05T08:27:04.663+0000] {dag.py:3677} INFO - Setting next_dagrun for dataset_consumes_1 to None, run_after=None
[2023-09-05T08:27:04.666+0000] {logging_mixin.py:151} INFO - [2023-09-05T08:27:04.666+0000] {dag.py:3677} INFO - Setting next_dagrun for dataset_consumes_1_and_2 to None, run_after=None
[2023-09-05T08:27:04.667+0000] {logging_mixin.py:151} INFO - [2023-09-05T08:27:04.667+0000] {dag.py:3677} INFO - Setting next_dagrun for dataset_consumes_1_never_scheduled to None, run_after=None
[2023-09-05T08:27:04.669+0000] {logging_mixin.py:151} INFO - [2023-09-05T08:27:04.668+0000] {dag.py:3677} INFO - Setting next_dagrun for dataset_consumes_unknown_never_scheduled to None, run_after=None
[2023-09-05T08:27:04.674+0000] {logging_mixin.py:151} INFO - [2023-09-05T08:27:04.674+0000] {dag.py:3677} INFO - Setting next_dagrun for dataset_produces_1 to 2023-09-04T00:00:00+00:00, run_after=2023-09-05T00:00:00+00:00
[2023-09-05T08:27:04.676+0000] {logging_mixin.py:151} INFO - [2023-09-05T08:27:04.676+0000] {dag.py:3677} INFO - Setting next_dagrun for dataset_produces_2 to None, run_after=None
[2023-09-05T08:27:04.715+0000] {processor.py:179} INFO - Processing /home/airflow/.local/lib/python3.8/site-packages/airflow/example_dags/example_datasets.py took 0.319 seconds
[2023-09-05T08:27:35.133+0000] {processor.py:157} INFO - Started process (PID=965) to work on /home/airflow/.local/lib/python3.8/site-packages/airflow/example_dags/example_datasets.py
[2023-09-05T08:27:35.135+0000] {processor.py:829} INFO - Processing file /home/airflow/.local/lib/python3.8/site-packages/airflow/example_dags/example_datasets.py for tasks to queue
[2023-09-05T08:27:35.137+0000] {logging_mixin.py:151} INFO - [2023-09-05T08:27:35.136+0000] {dagbag.py:539} INFO - Filling up the DagBag from /home/airflow/.local/lib/python3.8/site-packages/airflow/example_dags/example_datasets.py
[2023-09-05T08:27:35.153+0000] {processor.py:839} INFO - DAG(s) dict_keys(['dataset_consumes_unknown_never_scheduled', 'dataset_produces_1', 'dataset_consumes_1', 'dataset_consumes_1_and_2', 'dataset_consumes_1_never_scheduled', 'dataset_produces_2']) retrieved from /home/airflow/.local/lib/python3.8/site-packages/airflow/example_dags/example_datasets.py
[2023-09-05T08:27:35.222+0000] {logging_mixin.py:151} INFO - [2023-09-05T08:27:35.221+0000] {dag.py:2907} INFO - Sync 6 DAGs
[2023-09-05T08:27:35.267+0000] {logging_mixin.py:151} INFO - [2023-09-05T08:27:35.266+0000] {dag.py:3677} INFO - Setting next_dagrun for dataset_consumes_1 to None, run_after=None
[2023-09-05T08:27:35.273+0000] {logging_mixin.py:151} INFO - [2023-09-05T08:27:35.273+0000] {dag.py:3677} INFO - Setting next_dagrun for dataset_consumes_1_and_2 to None, run_after=None
[2023-09-05T08:27:35.276+0000] {logging_mixin.py:151} INFO - [2023-09-05T08:27:35.276+0000] {dag.py:3677} INFO - Setting next_dagrun for dataset_consumes_1_never_scheduled to None, run_after=None
[2023-09-05T08:27:35.279+0000] {logging_mixin.py:151} INFO - [2023-09-05T08:27:35.278+0000] {dag.py:3677} INFO - Setting next_dagrun for dataset_consumes_unknown_never_scheduled to None, run_after=None
[2023-09-05T08:27:35.285+0000] {logging_mixin.py:151} INFO - [2023-09-05T08:27:35.285+0000] {dag.py:3677} INFO - Setting next_dagrun for dataset_produces_1 to 2023-09-04T00:00:00+00:00, run_after=2023-09-05T00:00:00+00:00
[2023-09-05T08:27:35.288+0000] {logging_mixin.py:151} INFO - [2023-09-05T08:27:35.287+0000] {dag.py:3677} INFO - Setting next_dagrun for dataset_produces_2 to None, run_after=None
[2023-09-05T08:27:35.368+0000] {processor.py:179} INFO - Processing /home/airflow/.local/lib/python3.8/site-packages/airflow/example_dags/example_datasets.py took 0.247 seconds
[2023-09-05T08:28:05.561+0000] {processor.py:157} INFO - Started process (PID=1203) to work on /home/airflow/.local/lib/python3.8/site-packages/airflow/example_dags/example_datasets.py
[2023-09-05T08:28:05.563+0000] {processor.py:829} INFO - Processing file /home/airflow/.local/lib/python3.8/site-packages/airflow/example_dags/example_datasets.py for tasks to queue
[2023-09-05T08:28:05.565+0000] {logging_mixin.py:151} INFO - [2023-09-05T08:28:05.564+0000] {dagbag.py:539} INFO - Filling up the DagBag from /home/airflow/.local/lib/python3.8/site-packages/airflow/example_dags/example_datasets.py
[2023-09-05T08:28:05.592+0000] {processor.py:839} INFO - DAG(s) dict_keys(['dataset_consumes_1_and_2', 'dataset_produces_1', 'dataset_consumes_unknown_never_scheduled', 'dataset_consumes_1_never_scheduled', 'dataset_consumes_1', 'dataset_produces_2']) retrieved from /home/airflow/.local/lib/python3.8/site-packages/airflow/example_dags/example_datasets.py
[2023-09-05T08:28:05.662+0000] {logging_mixin.py:151} INFO - [2023-09-05T08:28:05.662+0000] {dag.py:2907} INFO - Sync 6 DAGs
[2023-09-05T08:28:05.714+0000] {logging_mixin.py:151} INFO - [2023-09-05T08:28:05.713+0000] {dag.py:3677} INFO - Setting next_dagrun for dataset_consumes_1 to None, run_after=None
[2023-09-05T08:28:05.727+0000] {logging_mixin.py:151} INFO - [2023-09-05T08:28:05.727+0000] {dag.py:3677} INFO - Setting next_dagrun for dataset_consumes_1_and_2 to None, run_after=None
[2023-09-05T08:28:05.732+0000] {logging_mixin.py:151} INFO - [2023-09-05T08:28:05.732+0000] {dag.py:3677} INFO - Setting next_dagrun for dataset_consumes_1_never_scheduled to None, run_after=None
[2023-09-05T08:28:05.737+0000] {logging_mixin.py:151} INFO - [2023-09-05T08:28:05.737+0000] {dag.py:3677} INFO - Setting next_dagrun for dataset_consumes_unknown_never_scheduled to None, run_after=None
[2023-09-05T08:28:05.747+0000] {logging_mixin.py:151} INFO - [2023-09-05T08:28:05.747+0000] {dag.py:3677} INFO - Setting next_dagrun for dataset_produces_1 to 2023-09-04T00:00:00+00:00, run_after=2023-09-05T00:00:00+00:00
[2023-09-05T08:28:05.749+0000] {logging_mixin.py:151} INFO - [2023-09-05T08:28:05.749+0000] {dag.py:3677} INFO - Setting next_dagrun for dataset_produces_2 to None, run_after=None
[2023-09-05T08:28:05.841+0000] {processor.py:179} INFO - Processing /home/airflow/.local/lib/python3.8/site-packages/airflow/example_dags/example_datasets.py took 0.286 seconds
[2023-09-05T08:28:37.953+0000] {processor.py:157} INFO - Started process (PID=1449) to work on /home/airflow/.local/lib/python3.8/site-packages/airflow/example_dags/example_datasets.py
[2023-09-05T08:28:37.967+0000] {processor.py:829} INFO - Processing file /home/airflow/.local/lib/python3.8/site-packages/airflow/example_dags/example_datasets.py for tasks to queue
[2023-09-05T08:28:37.969+0000] {logging_mixin.py:151} INFO - [2023-09-05T08:28:37.968+0000] {dagbag.py:539} INFO - Filling up the DagBag from /home/airflow/.local/lib/python3.8/site-packages/airflow/example_dags/example_datasets.py
[2023-09-05T08:28:38.154+0000] {processor.py:839} INFO - DAG(s) dict_keys(['dataset_consumes_1_never_scheduled', 'dataset_consumes_1_and_2', 'dataset_consumes_unknown_never_scheduled', 'dataset_produces_1', 'dataset_produces_2', 'dataset_consumes_1']) retrieved from /home/airflow/.local/lib/python3.8/site-packages/airflow/example_dags/example_datasets.py
[2023-09-05T08:28:38.691+0000] {logging_mixin.py:151} INFO - [2023-09-05T08:28:38.691+0000] {dag.py:2907} INFO - Sync 6 DAGs
[2023-09-05T08:28:39.036+0000] {logging_mixin.py:151} INFO - [2023-09-05T08:28:39.036+0000] {dag.py:3677} INFO - Setting next_dagrun for dataset_consumes_1 to None, run_after=None
[2023-09-05T08:28:39.092+0000] {logging_mixin.py:151} INFO - [2023-09-05T08:28:39.092+0000] {dag.py:3677} INFO - Setting next_dagrun for dataset_consumes_1_and_2 to None, run_after=None
[2023-09-05T08:28:39.124+0000] {logging_mixin.py:151} INFO - [2023-09-05T08:28:39.123+0000] {dag.py:3677} INFO - Setting next_dagrun for dataset_consumes_1_never_scheduled to None, run_after=None
[2023-09-05T08:28:39.164+0000] {logging_mixin.py:151} INFO - [2023-09-05T08:28:39.163+0000] {dag.py:3677} INFO - Setting next_dagrun for dataset_consumes_unknown_never_scheduled to None, run_after=None
[2023-09-05T08:28:39.220+0000] {logging_mixin.py:151} INFO - [2023-09-05T08:28:39.219+0000] {dag.py:3677} INFO - Setting next_dagrun for dataset_produces_1 to 2023-09-04T00:00:00+00:00, run_after=2023-09-05T00:00:00+00:00
[2023-09-05T08:28:39.226+0000] {logging_mixin.py:151} INFO - [2023-09-05T08:28:39.225+0000] {dag.py:3677} INFO - Setting next_dagrun for dataset_produces_2 to None, run_after=None
[2023-09-05T08:28:39.667+0000] {processor.py:179} INFO - Processing /home/airflow/.local/lib/python3.8/site-packages/airflow/example_dags/example_datasets.py took 1.722 seconds
[2023-09-05T08:29:10.184+0000] {processor.py:157} INFO - Started process (PID=1721) to work on /home/airflow/.local/lib/python3.8/site-packages/airflow/example_dags/example_datasets.py
[2023-09-05T08:29:10.185+0000] {processor.py:829} INFO - Processing file /home/airflow/.local/lib/python3.8/site-packages/airflow/example_dags/example_datasets.py for tasks to queue
[2023-09-05T08:29:10.187+0000] {logging_mixin.py:151} INFO - [2023-09-05T08:29:10.186+0000] {dagbag.py:539} INFO - Filling up the DagBag from /home/airflow/.local/lib/python3.8/site-packages/airflow/example_dags/example_datasets.py
[2023-09-05T08:29:10.205+0000] {processor.py:839} INFO - DAG(s) dict_keys(['dataset_produces_1', 'dataset_consumes_1_and_2', 'dataset_consumes_unknown_never_scheduled', 'dataset_consumes_1', 'dataset_consumes_1_never_scheduled', 'dataset_produces_2']) retrieved from /home/airflow/.local/lib/python3.8/site-packages/airflow/example_dags/example_datasets.py
[2023-09-05T08:29:10.272+0000] {logging_mixin.py:151} INFO - [2023-09-05T08:29:10.272+0000] {dag.py:2907} INFO - Sync 6 DAGs
[2023-09-05T08:29:10.319+0000] {logging_mixin.py:151} INFO - [2023-09-05T08:29:10.319+0000] {dag.py:3677} INFO - Setting next_dagrun for dataset_consumes_1 to None, run_after=None
[2023-09-05T08:29:10.324+0000] {logging_mixin.py:151} INFO - [2023-09-05T08:29:10.324+0000] {dag.py:3677} INFO - Setting next_dagrun for dataset_consumes_1_and_2 to None, run_after=None
[2023-09-05T08:29:10.329+0000] {logging_mixin.py:151} INFO - [2023-09-05T08:29:10.329+0000] {dag.py:3677} INFO - Setting next_dagrun for dataset_consumes_1_never_scheduled to None, run_after=None
[2023-09-05T08:29:10.332+0000] {logging_mixin.py:151} INFO - [2023-09-05T08:29:10.332+0000] {dag.py:3677} INFO - Setting next_dagrun for dataset_consumes_unknown_never_scheduled to None, run_after=None
[2023-09-05T08:29:10.337+0000] {logging_mixin.py:151} INFO - [2023-09-05T08:29:10.336+0000] {dag.py:3677} INFO - Setting next_dagrun for dataset_produces_1 to 2023-09-04T00:00:00+00:00, run_after=2023-09-05T00:00:00+00:00
[2023-09-05T08:29:10.338+0000] {logging_mixin.py:151} INFO - [2023-09-05T08:29:10.338+0000] {dag.py:3677} INFO - Setting next_dagrun for dataset_produces_2 to None, run_after=None
[2023-09-05T08:29:10.400+0000] {processor.py:179} INFO - Processing /home/airflow/.local/lib/python3.8/site-packages/airflow/example_dags/example_datasets.py took 0.226 seconds
[2023-09-05T08:29:40.503+0000] {processor.py:157} INFO - Started process (PID=1959) to work on /home/airflow/.local/lib/python3.8/site-packages/airflow/example_dags/example_datasets.py
[2023-09-05T08:29:40.505+0000] {processor.py:829} INFO - Processing file /home/airflow/.local/lib/python3.8/site-packages/airflow/example_dags/example_datasets.py for tasks to queue
[2023-09-05T08:29:40.506+0000] {logging_mixin.py:151} INFO - [2023-09-05T08:29:40.506+0000] {dagbag.py:539} INFO - Filling up the DagBag from /home/airflow/.local/lib/python3.8/site-packages/airflow/example_dags/example_datasets.py
[2023-09-05T08:29:40.519+0000] {processor.py:839} INFO - DAG(s) dict_keys(['dataset_produces_1', 'dataset_consumes_1', 'dataset_produces_2', 'dataset_consumes_unknown_never_scheduled', 'dataset_consumes_1_and_2', 'dataset_consumes_1_never_scheduled']) retrieved from /home/airflow/.local/lib/python3.8/site-packages/airflow/example_dags/example_datasets.py
[2023-09-05T08:29:40.557+0000] {logging_mixin.py:151} INFO - [2023-09-05T08:29:40.557+0000] {dag.py:2907} INFO - Sync 6 DAGs
[2023-09-05T08:29:40.579+0000] {logging_mixin.py:151} INFO - [2023-09-05T08:29:40.579+0000] {dag.py:3677} INFO - Setting next_dagrun for dataset_consumes_1 to None, run_after=None
[2023-09-05T08:29:40.582+0000] {logging_mixin.py:151} INFO - [2023-09-05T08:29:40.582+0000] {dag.py:3677} INFO - Setting next_dagrun for dataset_consumes_1_and_2 to None, run_after=None
[2023-09-05T08:29:40.583+0000] {logging_mixin.py:151} INFO - [2023-09-05T08:29:40.583+0000] {dag.py:3677} INFO - Setting next_dagrun for dataset_consumes_1_never_scheduled to None, run_after=None
[2023-09-05T08:29:40.584+0000] {logging_mixin.py:151} INFO - [2023-09-05T08:29:40.584+0000] {dag.py:3677} INFO - Setting next_dagrun for dataset_consumes_unknown_never_scheduled to None, run_after=None
[2023-09-05T08:29:40.587+0000] {logging_mixin.py:151} INFO - [2023-09-05T08:29:40.587+0000] {dag.py:3677} INFO - Setting next_dagrun for dataset_produces_1 to 2023-09-04T00:00:00+00:00, run_after=2023-09-05T00:00:00+00:00
[2023-09-05T08:29:40.588+0000] {logging_mixin.py:151} INFO - [2023-09-05T08:29:40.588+0000] {dag.py:3677} INFO - Setting next_dagrun for dataset_produces_2 to None, run_after=None
[2023-09-05T08:29:40.618+0000] {processor.py:179} INFO - Processing /home/airflow/.local/lib/python3.8/site-packages/airflow/example_dags/example_datasets.py took 0.122 seconds
[2023-09-05T08:30:11.326+0000] {processor.py:157} INFO - Started process (PID=2197) to work on /home/airflow/.local/lib/python3.8/site-packages/airflow/example_dags/example_datasets.py
[2023-09-05T08:30:11.327+0000] {processor.py:829} INFO - Processing file /home/airflow/.local/lib/python3.8/site-packages/airflow/example_dags/example_datasets.py for tasks to queue
[2023-09-05T08:30:11.328+0000] {logging_mixin.py:151} INFO - [2023-09-05T08:30:11.328+0000] {dagbag.py:539} INFO - Filling up the DagBag from /home/airflow/.local/lib/python3.8/site-packages/airflow/example_dags/example_datasets.py
[2023-09-05T08:30:11.346+0000] {processor.py:839} INFO - DAG(s) dict_keys(['dataset_produces_2', 'dataset_consumes_1_and_2', 'dataset_produces_1', 'dataset_consumes_unknown_never_scheduled', 'dataset_consumes_1', 'dataset_consumes_1_never_scheduled']) retrieved from /home/airflow/.local/lib/python3.8/site-packages/airflow/example_dags/example_datasets.py
[2023-09-05T08:30:11.399+0000] {logging_mixin.py:151} INFO - [2023-09-05T08:30:11.398+0000] {dag.py:2907} INFO - Sync 6 DAGs
[2023-09-05T08:30:11.430+0000] {logging_mixin.py:151} INFO - [2023-09-05T08:30:11.430+0000] {dag.py:3677} INFO - Setting next_dagrun for dataset_consumes_1 to None, run_after=None
[2023-09-05T08:30:11.435+0000] {logging_mixin.py:151} INFO - [2023-09-05T08:30:11.435+0000] {dag.py:3677} INFO - Setting next_dagrun for dataset_consumes_1_and_2 to None, run_after=None
[2023-09-05T08:30:11.437+0000] {logging_mixin.py:151} INFO - [2023-09-05T08:30:11.437+0000] {dag.py:3677} INFO - Setting next_dagrun for dataset_consumes_1_never_scheduled to None, run_after=None
[2023-09-05T08:30:11.438+0000] {logging_mixin.py:151} INFO - [2023-09-05T08:30:11.438+0000] {dag.py:3677} INFO - Setting next_dagrun for dataset_consumes_unknown_never_scheduled to None, run_after=None
[2023-09-05T08:30:11.441+0000] {logging_mixin.py:151} INFO - [2023-09-05T08:30:11.441+0000] {dag.py:3677} INFO - Setting next_dagrun for dataset_produces_1 to 2023-09-04T00:00:00+00:00, run_after=2023-09-05T00:00:00+00:00
[2023-09-05T08:30:11.443+0000] {logging_mixin.py:151} INFO - [2023-09-05T08:30:11.442+0000] {dag.py:3677} INFO - Setting next_dagrun for dataset_produces_2 to None, run_after=None
[2023-09-05T08:30:11.479+0000] {processor.py:179} INFO - Processing /home/airflow/.local/lib/python3.8/site-packages/airflow/example_dags/example_datasets.py took 0.160 seconds
[2023-09-05T08:30:41.614+0000] {processor.py:157} INFO - Started process (PID=2435) to work on /home/airflow/.local/lib/python3.8/site-packages/airflow/example_dags/example_datasets.py
[2023-09-05T08:30:41.617+0000] {processor.py:829} INFO - Processing file /home/airflow/.local/lib/python3.8/site-packages/airflow/example_dags/example_datasets.py for tasks to queue
[2023-09-05T08:30:41.621+0000] {logging_mixin.py:151} INFO - [2023-09-05T08:30:41.620+0000] {dagbag.py:539} INFO - Filling up the DagBag from /home/airflow/.local/lib/python3.8/site-packages/airflow/example_dags/example_datasets.py
[2023-09-05T08:30:41.650+0000] {processor.py:839} INFO - DAG(s) dict_keys(['dataset_produces_2', 'dataset_produces_1', 'dataset_consumes_1_and_2', 'dataset_consumes_1_never_scheduled', 'dataset_consumes_1', 'dataset_consumes_unknown_never_scheduled']) retrieved from /home/airflow/.local/lib/python3.8/site-packages/airflow/example_dags/example_datasets.py
[2023-09-05T08:30:41.721+0000] {logging_mixin.py:151} INFO - [2023-09-05T08:30:41.721+0000] {dag.py:2907} INFO - Sync 6 DAGs
[2023-09-05T08:30:41.757+0000] {logging_mixin.py:151} INFO - [2023-09-05T08:30:41.756+0000] {dag.py:3677} INFO - Setting next_dagrun for dataset_consumes_1 to None, run_after=None
[2023-09-05T08:30:41.761+0000] {logging_mixin.py:151} INFO - [2023-09-05T08:30:41.760+0000] {dag.py:3677} INFO - Setting next_dagrun for dataset_consumes_1_and_2 to None, run_after=None
[2023-09-05T08:30:41.762+0000] {logging_mixin.py:151} INFO - [2023-09-05T08:30:41.762+0000] {dag.py:3677} INFO - Setting next_dagrun for dataset_consumes_1_never_scheduled to None, run_after=None
[2023-09-05T08:30:41.764+0000] {logging_mixin.py:151} INFO - [2023-09-05T08:30:41.764+0000] {dag.py:3677} INFO - Setting next_dagrun for dataset_consumes_unknown_never_scheduled to None, run_after=None
[2023-09-05T08:30:41.771+0000] {logging_mixin.py:151} INFO - [2023-09-05T08:30:41.771+0000] {dag.py:3677} INFO - Setting next_dagrun for dataset_produces_1 to 2023-09-04T00:00:00+00:00, run_after=2023-09-05T00:00:00+00:00
[2023-09-05T08:30:41.773+0000] {logging_mixin.py:151} INFO - [2023-09-05T08:30:41.773+0000] {dag.py:3677} INFO - Setting next_dagrun for dataset_produces_2 to None, run_after=None
[2023-09-05T08:30:41.825+0000] {processor.py:179} INFO - Processing /home/airflow/.local/lib/python3.8/site-packages/airflow/example_dags/example_datasets.py took 0.219 seconds
