[2023-09-05T08:26:04.582+0000] {processor.py:157} INFO - Started process (PID=284) to work on /home/airflow/.local/lib/python3.8/site-packages/airflow/example_dags/example_trigger_target_dag.py
[2023-09-05T08:26:04.590+0000] {processor.py:829} INFO - Processing file /home/airflow/.local/lib/python3.8/site-packages/airflow/example_dags/example_trigger_target_dag.py for tasks to queue
[2023-09-05T08:26:04.592+0000] {logging_mixin.py:151} INFO - [2023-09-05T08:26:04.592+0000] {dagbag.py:539} INFO - Filling up the DagBag from /home/airflow/.local/lib/python3.8/site-packages/airflow/example_dags/example_trigger_target_dag.py
[2023-09-05T08:26:04.619+0000] {processor.py:839} INFO - DAG(s) dict_keys(['example_trigger_target_dag']) retrieved from /home/airflow/.local/lib/python3.8/site-packages/airflow/example_dags/example_trigger_target_dag.py
[2023-09-05T08:26:04.690+0000] {logging_mixin.py:151} INFO - [2023-09-05T08:26:04.690+0000] {dag.py:2907} INFO - Sync 1 DAGs
[2023-09-05T08:26:04.783+0000] {logging_mixin.py:151} INFO - [2023-09-05T08:26:04.782+0000] {dag.py:3677} INFO - Setting next_dagrun for example_trigger_target_dag to None, run_after=None
[2023-09-05T08:26:04.854+0000] {processor.py:179} INFO - Processing /home/airflow/.local/lib/python3.8/site-packages/airflow/example_dags/example_trigger_target_dag.py took 0.280 seconds
[2023-09-05T08:26:34.905+0000] {processor.py:157} INFO - Started process (PID=522) to work on /home/airflow/.local/lib/python3.8/site-packages/airflow/example_dags/example_trigger_target_dag.py
[2023-09-05T08:26:34.906+0000] {processor.py:829} INFO - Processing file /home/airflow/.local/lib/python3.8/site-packages/airflow/example_dags/example_trigger_target_dag.py for tasks to queue
[2023-09-05T08:26:34.907+0000] {logging_mixin.py:151} INFO - [2023-09-05T08:26:34.907+0000] {dagbag.py:539} INFO - Filling up the DagBag from /home/airflow/.local/lib/python3.8/site-packages/airflow/example_dags/example_trigger_target_dag.py
[2023-09-05T08:26:34.915+0000] {processor.py:839} INFO - DAG(s) dict_keys(['example_trigger_target_dag']) retrieved from /home/airflow/.local/lib/python3.8/site-packages/airflow/example_dags/example_trigger_target_dag.py
[2023-09-05T08:26:34.934+0000] {logging_mixin.py:151} INFO - [2023-09-05T08:26:34.933+0000] {dag.py:2907} INFO - Sync 1 DAGs
[2023-09-05T08:26:34.947+0000] {logging_mixin.py:151} INFO - [2023-09-05T08:26:34.947+0000] {dag.py:3677} INFO - Setting next_dagrun for example_trigger_target_dag to None, run_after=None
[2023-09-05T08:26:34.965+0000] {processor.py:179} INFO - Processing /home/airflow/.local/lib/python3.8/site-packages/airflow/example_dags/example_trigger_target_dag.py took 0.066 seconds
[2023-09-05T08:27:05.286+0000] {processor.py:157} INFO - Started process (PID=760) to work on /home/airflow/.local/lib/python3.8/site-packages/airflow/example_dags/example_trigger_target_dag.py
[2023-09-05T08:27:05.291+0000] {processor.py:829} INFO - Processing file /home/airflow/.local/lib/python3.8/site-packages/airflow/example_dags/example_trigger_target_dag.py for tasks to queue
[2023-09-05T08:27:05.292+0000] {logging_mixin.py:151} INFO - [2023-09-05T08:27:05.292+0000] {dagbag.py:539} INFO - Filling up the DagBag from /home/airflow/.local/lib/python3.8/site-packages/airflow/example_dags/example_trigger_target_dag.py
[2023-09-05T08:27:05.298+0000] {processor.py:839} INFO - DAG(s) dict_keys(['example_trigger_target_dag']) retrieved from /home/airflow/.local/lib/python3.8/site-packages/airflow/example_dags/example_trigger_target_dag.py
[2023-09-05T08:27:05.435+0000] {logging_mixin.py:151} INFO - [2023-09-05T08:27:05.435+0000] {dag.py:2907} INFO - Sync 1 DAGs
[2023-09-05T08:27:05.448+0000] {logging_mixin.py:151} INFO - [2023-09-05T08:27:05.448+0000] {dag.py:3677} INFO - Setting next_dagrun for example_trigger_target_dag to None, run_after=None
[2023-09-05T08:27:05.465+0000] {processor.py:179} INFO - Processing /home/airflow/.local/lib/python3.8/site-packages/airflow/example_dags/example_trigger_target_dag.py took 0.182 seconds
[2023-09-05T08:27:35.880+0000] {processor.py:157} INFO - Started process (PID=998) to work on /home/airflow/.local/lib/python3.8/site-packages/airflow/example_dags/example_trigger_target_dag.py
[2023-09-05T08:27:35.882+0000] {processor.py:829} INFO - Processing file /home/airflow/.local/lib/python3.8/site-packages/airflow/example_dags/example_trigger_target_dag.py for tasks to queue
[2023-09-05T08:27:35.890+0000] {logging_mixin.py:151} INFO - [2023-09-05T08:27:35.883+0000] {dagbag.py:539} INFO - Filling up the DagBag from /home/airflow/.local/lib/python3.8/site-packages/airflow/example_dags/example_trigger_target_dag.py
[2023-09-05T08:27:35.901+0000] {processor.py:839} INFO - DAG(s) dict_keys(['example_trigger_target_dag']) retrieved from /home/airflow/.local/lib/python3.8/site-packages/airflow/example_dags/example_trigger_target_dag.py
[2023-09-05T08:27:35.952+0000] {logging_mixin.py:151} INFO - [2023-09-05T08:27:35.951+0000] {dag.py:2907} INFO - Sync 1 DAGs
[2023-09-05T08:27:35.990+0000] {logging_mixin.py:151} INFO - [2023-09-05T08:27:35.989+0000] {dag.py:3677} INFO - Setting next_dagrun for example_trigger_target_dag to None, run_after=None
[2023-09-05T08:27:36.035+0000] {processor.py:179} INFO - Processing /home/airflow/.local/lib/python3.8/site-packages/airflow/example_dags/example_trigger_target_dag.py took 0.162 seconds
[2023-09-05T08:28:06.268+0000] {processor.py:157} INFO - Started process (PID=1236) to work on /home/airflow/.local/lib/python3.8/site-packages/airflow/example_dags/example_trigger_target_dag.py
[2023-09-05T08:28:06.269+0000] {processor.py:829} INFO - Processing file /home/airflow/.local/lib/python3.8/site-packages/airflow/example_dags/example_trigger_target_dag.py for tasks to queue
[2023-09-05T08:28:06.270+0000] {logging_mixin.py:151} INFO - [2023-09-05T08:28:06.269+0000] {dagbag.py:539} INFO - Filling up the DagBag from /home/airflow/.local/lib/python3.8/site-packages/airflow/example_dags/example_trigger_target_dag.py
[2023-09-05T08:28:06.278+0000] {processor.py:839} INFO - DAG(s) dict_keys(['example_trigger_target_dag']) retrieved from /home/airflow/.local/lib/python3.8/site-packages/airflow/example_dags/example_trigger_target_dag.py
[2023-09-05T08:28:06.301+0000] {logging_mixin.py:151} INFO - [2023-09-05T08:28:06.301+0000] {dag.py:2907} INFO - Sync 1 DAGs
[2023-09-05T08:28:06.313+0000] {logging_mixin.py:151} INFO - [2023-09-05T08:28:06.313+0000] {dag.py:3677} INFO - Setting next_dagrun for example_trigger_target_dag to None, run_after=None
[2023-09-05T08:28:06.330+0000] {processor.py:179} INFO - Processing /home/airflow/.local/lib/python3.8/site-packages/airflow/example_dags/example_trigger_target_dag.py took 0.067 seconds
[2023-09-05T08:28:44.363+0000] {processor.py:157} INFO - Started process (PID=1489) to work on /home/airflow/.local/lib/python3.8/site-packages/airflow/example_dags/example_trigger_target_dag.py
[2023-09-05T08:28:44.373+0000] {processor.py:829} INFO - Processing file /home/airflow/.local/lib/python3.8/site-packages/airflow/example_dags/example_trigger_target_dag.py for tasks to queue
[2023-09-05T08:28:44.375+0000] {logging_mixin.py:151} INFO - [2023-09-05T08:28:44.374+0000] {dagbag.py:539} INFO - Filling up the DagBag from /home/airflow/.local/lib/python3.8/site-packages/airflow/example_dags/example_trigger_target_dag.py
[2023-09-05T08:28:44.454+0000] {processor.py:839} INFO - DAG(s) dict_keys(['example_trigger_target_dag']) retrieved from /home/airflow/.local/lib/python3.8/site-packages/airflow/example_dags/example_trigger_target_dag.py
[2023-09-05T08:28:44.655+0000] {logging_mixin.py:151} INFO - [2023-09-05T08:28:44.655+0000] {dag.py:2907} INFO - Sync 1 DAGs
[2023-09-05T08:28:44.756+0000] {logging_mixin.py:151} INFO - [2023-09-05T08:28:44.756+0000] {dag.py:3677} INFO - Setting next_dagrun for example_trigger_target_dag to None, run_after=None
[2023-09-05T08:28:44.862+0000] {processor.py:179} INFO - Processing /home/airflow/.local/lib/python3.8/site-packages/airflow/example_dags/example_trigger_target_dag.py took 0.524 seconds
[2023-09-05T08:29:15.184+0000] {processor.py:157} INFO - Started process (PID=1754) to work on /home/airflow/.local/lib/python3.8/site-packages/airflow/example_dags/example_trigger_target_dag.py
[2023-09-05T08:29:15.185+0000] {processor.py:829} INFO - Processing file /home/airflow/.local/lib/python3.8/site-packages/airflow/example_dags/example_trigger_target_dag.py for tasks to queue
[2023-09-05T08:29:15.186+0000] {logging_mixin.py:151} INFO - [2023-09-05T08:29:15.186+0000] {dagbag.py:539} INFO - Filling up the DagBag from /home/airflow/.local/lib/python3.8/site-packages/airflow/example_dags/example_trigger_target_dag.py
[2023-09-05T08:29:15.197+0000] {processor.py:839} INFO - DAG(s) dict_keys(['example_trigger_target_dag']) retrieved from /home/airflow/.local/lib/python3.8/site-packages/airflow/example_dags/example_trigger_target_dag.py
[2023-09-05T08:29:15.236+0000] {logging_mixin.py:151} INFO - [2023-09-05T08:29:15.236+0000] {dag.py:2907} INFO - Sync 1 DAGs
[2023-09-05T08:29:15.264+0000] {logging_mixin.py:151} INFO - [2023-09-05T08:29:15.264+0000] {dag.py:3677} INFO - Setting next_dagrun for example_trigger_target_dag to None, run_after=None
[2023-09-05T08:29:15.310+0000] {processor.py:179} INFO - Processing /home/airflow/.local/lib/python3.8/site-packages/airflow/example_dags/example_trigger_target_dag.py took 0.134 seconds
[2023-09-05T08:29:46.401+0000] {processor.py:157} INFO - Started process (PID=1999) to work on /home/airflow/.local/lib/python3.8/site-packages/airflow/example_dags/example_trigger_target_dag.py
[2023-09-05T08:29:46.402+0000] {processor.py:829} INFO - Processing file /home/airflow/.local/lib/python3.8/site-packages/airflow/example_dags/example_trigger_target_dag.py for tasks to queue
[2023-09-05T08:29:46.402+0000] {logging_mixin.py:151} INFO - [2023-09-05T08:29:46.402+0000] {dagbag.py:539} INFO - Filling up the DagBag from /home/airflow/.local/lib/python3.8/site-packages/airflow/example_dags/example_trigger_target_dag.py
[2023-09-05T08:29:46.408+0000] {processor.py:839} INFO - DAG(s) dict_keys(['example_trigger_target_dag']) retrieved from /home/airflow/.local/lib/python3.8/site-packages/airflow/example_dags/example_trigger_target_dag.py
[2023-09-05T08:29:46.435+0000] {logging_mixin.py:151} INFO - [2023-09-05T08:29:46.435+0000] {dag.py:2907} INFO - Sync 1 DAGs
[2023-09-05T08:29:46.456+0000] {logging_mixin.py:151} INFO - [2023-09-05T08:29:46.456+0000] {dag.py:3677} INFO - Setting next_dagrun for example_trigger_target_dag to None, run_after=None
[2023-09-05T08:29:46.477+0000] {processor.py:179} INFO - Processing /home/airflow/.local/lib/python3.8/site-packages/airflow/example_dags/example_trigger_target_dag.py took 0.080 seconds
[2023-09-05T08:30:17.215+0000] {processor.py:157} INFO - Started process (PID=2237) to work on /home/airflow/.local/lib/python3.8/site-packages/airflow/example_dags/example_trigger_target_dag.py
[2023-09-05T08:30:17.216+0000] {processor.py:829} INFO - Processing file /home/airflow/.local/lib/python3.8/site-packages/airflow/example_dags/example_trigger_target_dag.py for tasks to queue
[2023-09-05T08:30:17.217+0000] {logging_mixin.py:151} INFO - [2023-09-05T08:30:17.217+0000] {dagbag.py:539} INFO - Filling up the DagBag from /home/airflow/.local/lib/python3.8/site-packages/airflow/example_dags/example_trigger_target_dag.py
[2023-09-05T08:30:17.227+0000] {processor.py:839} INFO - DAG(s) dict_keys(['example_trigger_target_dag']) retrieved from /home/airflow/.local/lib/python3.8/site-packages/airflow/example_dags/example_trigger_target_dag.py
[2023-09-05T08:30:17.253+0000] {logging_mixin.py:151} INFO - [2023-09-05T08:30:17.252+0000] {dag.py:2907} INFO - Sync 1 DAGs
[2023-09-05T08:30:17.273+0000] {logging_mixin.py:151} INFO - [2023-09-05T08:30:17.272+0000] {dag.py:3677} INFO - Setting next_dagrun for example_trigger_target_dag to None, run_after=None
[2023-09-05T08:30:17.296+0000] {processor.py:179} INFO - Processing /home/airflow/.local/lib/python3.8/site-packages/airflow/example_dags/example_trigger_target_dag.py took 0.086 seconds
[2023-09-05T08:30:47.467+0000] {processor.py:157} INFO - Started process (PID=2473) to work on /home/airflow/.local/lib/python3.8/site-packages/airflow/example_dags/example_trigger_target_dag.py
[2023-09-05T08:30:47.469+0000] {processor.py:829} INFO - Processing file /home/airflow/.local/lib/python3.8/site-packages/airflow/example_dags/example_trigger_target_dag.py for tasks to queue
[2023-09-05T08:30:47.471+0000] {logging_mixin.py:151} INFO - [2023-09-05T08:30:47.470+0000] {dagbag.py:539} INFO - Filling up the DagBag from /home/airflow/.local/lib/python3.8/site-packages/airflow/example_dags/example_trigger_target_dag.py
[2023-09-05T08:30:47.479+0000] {processor.py:839} INFO - DAG(s) dict_keys(['example_trigger_target_dag']) retrieved from /home/airflow/.local/lib/python3.8/site-packages/airflow/example_dags/example_trigger_target_dag.py
[2023-09-05T08:30:47.515+0000] {logging_mixin.py:151} INFO - [2023-09-05T08:30:47.514+0000] {dag.py:2907} INFO - Sync 1 DAGs
[2023-09-05T08:30:47.534+0000] {logging_mixin.py:151} INFO - [2023-09-05T08:30:47.533+0000] {dag.py:3677} INFO - Setting next_dagrun for example_trigger_target_dag to None, run_after=None
[2023-09-05T08:30:47.560+0000] {processor.py:179} INFO - Processing /home/airflow/.local/lib/python3.8/site-packages/airflow/example_dags/example_trigger_target_dag.py took 0.098 seconds
