[2023-09-05T08:25:57.446+0000] {processor.py:157} INFO - Started process (PID=199) to work on /home/airflow/.local/lib/python3.8/site-packages/airflow/example_dags/example_dag_decorator.py
[2023-09-05T08:25:57.450+0000] {processor.py:829} INFO - Processing file /home/airflow/.local/lib/python3.8/site-packages/airflow/example_dags/example_dag_decorator.py for tasks to queue
[2023-09-05T08:25:57.451+0000] {logging_mixin.py:151} INFO - [2023-09-05T08:25:57.451+0000] {dagbag.py:539} INFO - Filling up the DagBag from /home/airflow/.local/lib/python3.8/site-packages/airflow/example_dags/example_dag_decorator.py
[2023-09-05T08:25:58.330+0000] {processor.py:839} INFO - DAG(s) dict_keys(['example_dag_decorator']) retrieved from /home/airflow/.local/lib/python3.8/site-packages/airflow/example_dags/example_dag_decorator.py
[2023-09-05T08:25:58.381+0000] {logging_mixin.py:151} INFO - [2023-09-05T08:25:58.381+0000] {dag.py:2907} INFO - Sync 1 DAGs
[2023-09-05T08:25:58.461+0000] {logging_mixin.py:151} INFO - [2023-09-05T08:25:58.461+0000] {dag.py:3677} INFO - Setting next_dagrun for example_dag_decorator to None, run_after=None
[2023-09-05T08:25:58.660+0000] {processor.py:179} INFO - Processing /home/airflow/.local/lib/python3.8/site-packages/airflow/example_dags/example_dag_decorator.py took 1.255 seconds
[2023-09-05T08:26:28.882+0000] {processor.py:157} INFO - Started process (PID=434) to work on /home/airflow/.local/lib/python3.8/site-packages/airflow/example_dags/example_dag_decorator.py
[2023-09-05T08:26:28.884+0000] {processor.py:829} INFO - Processing file /home/airflow/.local/lib/python3.8/site-packages/airflow/example_dags/example_dag_decorator.py for tasks to queue
[2023-09-05T08:26:28.886+0000] {logging_mixin.py:151} INFO - [2023-09-05T08:26:28.885+0000] {dagbag.py:539} INFO - Filling up the DagBag from /home/airflow/.local/lib/python3.8/site-packages/airflow/example_dags/example_dag_decorator.py
[2023-09-05T08:26:28.980+0000] {processor.py:839} INFO - DAG(s) dict_keys(['example_dag_decorator']) retrieved from /home/airflow/.local/lib/python3.8/site-packages/airflow/example_dags/example_dag_decorator.py
[2023-09-05T08:26:29.205+0000] {logging_mixin.py:151} INFO - [2023-09-05T08:26:29.204+0000] {dag.py:2907} INFO - Sync 1 DAGs
[2023-09-05T08:26:29.217+0000] {logging_mixin.py:151} INFO - [2023-09-05T08:26:29.217+0000] {dag.py:3677} INFO - Setting next_dagrun for example_dag_decorator to None, run_after=None
[2023-09-05T08:26:29.273+0000] {processor.py:179} INFO - Processing /home/airflow/.local/lib/python3.8/site-packages/airflow/example_dags/example_dag_decorator.py took 0.405 seconds
[2023-09-05T08:26:59.941+0000] {processor.py:157} INFO - Started process (PID=672) to work on /home/airflow/.local/lib/python3.8/site-packages/airflow/example_dags/example_dag_decorator.py
[2023-09-05T08:26:59.944+0000] {processor.py:829} INFO - Processing file /home/airflow/.local/lib/python3.8/site-packages/airflow/example_dags/example_dag_decorator.py for tasks to queue
[2023-09-05T08:26:59.947+0000] {logging_mixin.py:151} INFO - [2023-09-05T08:26:59.946+0000] {dagbag.py:539} INFO - Filling up the DagBag from /home/airflow/.local/lib/python3.8/site-packages/airflow/example_dags/example_dag_decorator.py
[2023-09-05T08:27:00.236+0000] {processor.py:839} INFO - DAG(s) dict_keys(['example_dag_decorator']) retrieved from /home/airflow/.local/lib/python3.8/site-packages/airflow/example_dags/example_dag_decorator.py
[2023-09-05T08:27:00.398+0000] {logging_mixin.py:151} INFO - [2023-09-05T08:27:00.397+0000] {dag.py:2907} INFO - Sync 1 DAGs
[2023-09-05T08:27:00.417+0000] {logging_mixin.py:151} INFO - [2023-09-05T08:27:00.417+0000] {dag.py:3677} INFO - Setting next_dagrun for example_dag_decorator to None, run_after=None
[2023-09-05T08:27:00.449+0000] {processor.py:179} INFO - Processing /home/airflow/.local/lib/python3.8/site-packages/airflow/example_dags/example_dag_decorator.py took 0.520 seconds
[2023-09-05T08:27:30.621+0000] {processor.py:157} INFO - Started process (PID=915) to work on /home/airflow/.local/lib/python3.8/site-packages/airflow/example_dags/example_dag_decorator.py
[2023-09-05T08:27:30.622+0000] {processor.py:829} INFO - Processing file /home/airflow/.local/lib/python3.8/site-packages/airflow/example_dags/example_dag_decorator.py for tasks to queue
[2023-09-05T08:27:30.624+0000] {logging_mixin.py:151} INFO - [2023-09-05T08:27:30.623+0000] {dagbag.py:539} INFO - Filling up the DagBag from /home/airflow/.local/lib/python3.8/site-packages/airflow/example_dags/example_dag_decorator.py
[2023-09-05T08:27:30.854+0000] {processor.py:839} INFO - DAG(s) dict_keys(['example_dag_decorator']) retrieved from /home/airflow/.local/lib/python3.8/site-packages/airflow/example_dags/example_dag_decorator.py
[2023-09-05T08:27:31.125+0000] {logging_mixin.py:151} INFO - [2023-09-05T08:27:31.124+0000] {dag.py:2907} INFO - Sync 1 DAGs
[2023-09-05T08:27:31.150+0000] {logging_mixin.py:151} INFO - [2023-09-05T08:27:31.149+0000] {dag.py:3677} INFO - Setting next_dagrun for example_dag_decorator to None, run_after=None
[2023-09-05T08:27:31.188+0000] {processor.py:179} INFO - Processing /home/airflow/.local/lib/python3.8/site-packages/airflow/example_dags/example_dag_decorator.py took 0.573 seconds
[2023-09-05T08:28:01.726+0000] {processor.py:157} INFO - Started process (PID=1162) to work on /home/airflow/.local/lib/python3.8/site-packages/airflow/example_dags/example_dag_decorator.py
[2023-09-05T08:28:01.734+0000] {processor.py:829} INFO - Processing file /home/airflow/.local/lib/python3.8/site-packages/airflow/example_dags/example_dag_decorator.py for tasks to queue
[2023-09-05T08:28:01.735+0000] {logging_mixin.py:151} INFO - [2023-09-05T08:28:01.735+0000] {dagbag.py:539} INFO - Filling up the DagBag from /home/airflow/.local/lib/python3.8/site-packages/airflow/example_dags/example_dag_decorator.py
[2023-09-05T08:28:02.093+0000] {processor.py:839} INFO - DAG(s) dict_keys(['example_dag_decorator']) retrieved from /home/airflow/.local/lib/python3.8/site-packages/airflow/example_dags/example_dag_decorator.py
[2023-09-05T08:28:02.478+0000] {logging_mixin.py:151} INFO - [2023-09-05T08:28:02.477+0000] {dag.py:2907} INFO - Sync 1 DAGs
[2023-09-05T08:28:02.511+0000] {logging_mixin.py:151} INFO - [2023-09-05T08:28:02.510+0000] {dag.py:3677} INFO - Setting next_dagrun for example_dag_decorator to None, run_after=None
[2023-09-05T08:28:02.560+0000] {processor.py:179} INFO - Processing /home/airflow/.local/lib/python3.8/site-packages/airflow/example_dags/example_dag_decorator.py took 0.866 seconds
[2023-09-05T08:28:32.765+0000] {processor.py:157} INFO - Started process (PID=1404) to work on /home/airflow/.local/lib/python3.8/site-packages/airflow/example_dags/example_dag_decorator.py
[2023-09-05T08:28:32.772+0000] {processor.py:829} INFO - Processing file /home/airflow/.local/lib/python3.8/site-packages/airflow/example_dags/example_dag_decorator.py for tasks to queue
[2023-09-05T08:28:32.774+0000] {logging_mixin.py:151} INFO - [2023-09-05T08:28:32.773+0000] {dagbag.py:539} INFO - Filling up the DagBag from /home/airflow/.local/lib/python3.8/site-packages/airflow/example_dags/example_dag_decorator.py
[2023-09-05T08:28:33.160+0000] {processor.py:839} INFO - DAG(s) dict_keys(['example_dag_decorator']) retrieved from /home/airflow/.local/lib/python3.8/site-packages/airflow/example_dags/example_dag_decorator.py
[2023-09-05T08:28:33.278+0000] {logging_mixin.py:151} INFO - [2023-09-05T08:28:33.275+0000] {dag.py:2907} INFO - Sync 1 DAGs
[2023-09-05T08:28:33.358+0000] {logging_mixin.py:151} INFO - [2023-09-05T08:28:33.358+0000] {dag.py:3677} INFO - Setting next_dagrun for example_dag_decorator to None, run_after=None
[2023-09-05T08:28:33.520+0000] {processor.py:179} INFO - Processing /home/airflow/.local/lib/python3.8/site-packages/airflow/example_dags/example_dag_decorator.py took 0.769 seconds
[2023-09-05T08:29:03.710+0000] {processor.py:157} INFO - Started process (PID=1688) to work on /home/airflow/.local/lib/python3.8/site-packages/airflow/example_dags/example_dag_decorator.py
[2023-09-05T08:29:03.721+0000] {processor.py:829} INFO - Processing file /home/airflow/.local/lib/python3.8/site-packages/airflow/example_dags/example_dag_decorator.py for tasks to queue
[2023-09-05T08:29:03.723+0000] {logging_mixin.py:151} INFO - [2023-09-05T08:29:03.722+0000] {dagbag.py:539} INFO - Filling up the DagBag from /home/airflow/.local/lib/python3.8/site-packages/airflow/example_dags/example_dag_decorator.py
[2023-09-05T08:29:04.309+0000] {processor.py:839} INFO - DAG(s) dict_keys(['example_dag_decorator']) retrieved from /home/airflow/.local/lib/python3.8/site-packages/airflow/example_dags/example_dag_decorator.py
[2023-09-05T08:29:04.885+0000] {logging_mixin.py:151} INFO - [2023-09-05T08:29:04.884+0000] {dag.py:2907} INFO - Sync 1 DAGs
[2023-09-05T08:29:04.913+0000] {logging_mixin.py:151} INFO - [2023-09-05T08:29:04.912+0000] {dag.py:3677} INFO - Setting next_dagrun for example_dag_decorator to None, run_after=None
[2023-09-05T08:29:05.004+0000] {processor.py:179} INFO - Processing /home/airflow/.local/lib/python3.8/site-packages/airflow/example_dags/example_dag_decorator.py took 1.318 seconds
[2023-09-05T08:29:35.842+0000] {processor.py:157} INFO - Started process (PID=1929) to work on /home/airflow/.local/lib/python3.8/site-packages/airflow/example_dags/example_dag_decorator.py
[2023-09-05T08:29:35.843+0000] {processor.py:829} INFO - Processing file /home/airflow/.local/lib/python3.8/site-packages/airflow/example_dags/example_dag_decorator.py for tasks to queue
[2023-09-05T08:29:35.844+0000] {logging_mixin.py:151} INFO - [2023-09-05T08:29:35.844+0000] {dagbag.py:539} INFO - Filling up the DagBag from /home/airflow/.local/lib/python3.8/site-packages/airflow/example_dags/example_dag_decorator.py
[2023-09-05T08:29:35.955+0000] {processor.py:839} INFO - DAG(s) dict_keys(['example_dag_decorator']) retrieved from /home/airflow/.local/lib/python3.8/site-packages/airflow/example_dags/example_dag_decorator.py
[2023-09-05T08:29:36.211+0000] {logging_mixin.py:151} INFO - [2023-09-05T08:29:36.210+0000] {dag.py:2907} INFO - Sync 1 DAGs
[2023-09-05T08:29:36.227+0000] {logging_mixin.py:151} INFO - [2023-09-05T08:29:36.227+0000] {dag.py:3677} INFO - Setting next_dagrun for example_dag_decorator to None, run_after=None
[2023-09-05T08:29:36.252+0000] {processor.py:179} INFO - Processing /home/airflow/.local/lib/python3.8/site-packages/airflow/example_dags/example_dag_decorator.py took 0.422 seconds
[2023-09-05T08:30:06.612+0000] {processor.py:157} INFO - Started process (PID=2167) to work on /home/airflow/.local/lib/python3.8/site-packages/airflow/example_dags/example_dag_decorator.py
[2023-09-05T08:30:06.618+0000] {processor.py:829} INFO - Processing file /home/airflow/.local/lib/python3.8/site-packages/airflow/example_dags/example_dag_decorator.py for tasks to queue
[2023-09-05T08:30:06.627+0000] {logging_mixin.py:151} INFO - [2023-09-05T08:30:06.625+0000] {dagbag.py:539} INFO - Filling up the DagBag from /home/airflow/.local/lib/python3.8/site-packages/airflow/example_dags/example_dag_decorator.py
[2023-09-05T08:30:06.765+0000] {processor.py:839} INFO - DAG(s) dict_keys(['example_dag_decorator']) retrieved from /home/airflow/.local/lib/python3.8/site-packages/airflow/example_dags/example_dag_decorator.py
[2023-09-05T08:30:06.935+0000] {logging_mixin.py:151} INFO - [2023-09-05T08:30:06.935+0000] {dag.py:2907} INFO - Sync 1 DAGs
[2023-09-05T08:30:06.946+0000] {logging_mixin.py:151} INFO - [2023-09-05T08:30:06.946+0000] {dag.py:3677} INFO - Setting next_dagrun for example_dag_decorator to None, run_after=None
[2023-09-05T08:30:06.969+0000] {processor.py:179} INFO - Processing /home/airflow/.local/lib/python3.8/site-packages/airflow/example_dags/example_dag_decorator.py took 0.376 seconds
[2023-09-05T08:30:37.094+0000] {processor.py:157} INFO - Started process (PID=2415) to work on /home/airflow/.local/lib/python3.8/site-packages/airflow/example_dags/example_dag_decorator.py
[2023-09-05T08:30:37.094+0000] {processor.py:829} INFO - Processing file /home/airflow/.local/lib/python3.8/site-packages/airflow/example_dags/example_dag_decorator.py for tasks to queue
[2023-09-05T08:30:37.095+0000] {logging_mixin.py:151} INFO - [2023-09-05T08:30:37.095+0000] {dagbag.py:539} INFO - Filling up the DagBag from /home/airflow/.local/lib/python3.8/site-packages/airflow/example_dags/example_dag_decorator.py
[2023-09-05T08:30:37.230+0000] {processor.py:839} INFO - DAG(s) dict_keys(['example_dag_decorator']) retrieved from /home/airflow/.local/lib/python3.8/site-packages/airflow/example_dags/example_dag_decorator.py
[2023-09-05T08:30:37.436+0000] {logging_mixin.py:151} INFO - [2023-09-05T08:30:37.436+0000] {dag.py:2907} INFO - Sync 1 DAGs
[2023-09-05T08:30:37.452+0000] {logging_mixin.py:151} INFO - [2023-09-05T08:30:37.452+0000] {dag.py:3677} INFO - Setting next_dagrun for example_dag_decorator to None, run_after=None
[2023-09-05T08:30:37.482+0000] {processor.py:179} INFO - Processing /home/airflow/.local/lib/python3.8/site-packages/airflow/example_dags/example_dag_decorator.py took 0.393 seconds
