[2023-09-05T08:26:07.833+0000] {processor.py:157} INFO - Started process (PID=339) to work on /home/airflow/.local/lib/python3.8/site-packages/airflow/example_dags/example_sensor_decorator.py
[2023-09-05T08:26:07.847+0000] {processor.py:829} INFO - Processing file /home/airflow/.local/lib/python3.8/site-packages/airflow/example_dags/example_sensor_decorator.py for tasks to queue
[2023-09-05T08:26:07.849+0000] {logging_mixin.py:151} INFO - [2023-09-05T08:26:07.849+0000] {dagbag.py:539} INFO - Filling up the DagBag from /home/airflow/.local/lib/python3.8/site-packages/airflow/example_dags/example_sensor_decorator.py
[2023-09-05T08:26:07.867+0000] {processor.py:839} INFO - DAG(s) dict_keys(['example_sensor_decorator']) retrieved from /home/airflow/.local/lib/python3.8/site-packages/airflow/example_dags/example_sensor_decorator.py
[2023-09-05T08:26:07.917+0000] {logging_mixin.py:151} INFO - [2023-09-05T08:26:07.917+0000] {dag.py:2907} INFO - Sync 1 DAGs
[2023-09-05T08:26:07.979+0000] {logging_mixin.py:151} INFO - [2023-09-05T08:26:07.978+0000] {dag.py:3677} INFO - Setting next_dagrun for example_sensor_decorator to None, run_after=None
[2023-09-05T08:26:08.062+0000] {processor.py:179} INFO - Processing /home/airflow/.local/lib/python3.8/site-packages/airflow/example_dags/example_sensor_decorator.py took 0.253 seconds
[2023-09-05T08:26:38.342+0000] {processor.py:157} INFO - Started process (PID=577) to work on /home/airflow/.local/lib/python3.8/site-packages/airflow/example_dags/example_sensor_decorator.py
[2023-09-05T08:26:38.344+0000] {processor.py:829} INFO - Processing file /home/airflow/.local/lib/python3.8/site-packages/airflow/example_dags/example_sensor_decorator.py for tasks to queue
[2023-09-05T08:26:38.346+0000] {logging_mixin.py:151} INFO - [2023-09-05T08:26:38.346+0000] {dagbag.py:539} INFO - Filling up the DagBag from /home/airflow/.local/lib/python3.8/site-packages/airflow/example_dags/example_sensor_decorator.py
[2023-09-05T08:26:38.354+0000] {processor.py:839} INFO - DAG(s) dict_keys(['example_sensor_decorator']) retrieved from /home/airflow/.local/lib/python3.8/site-packages/airflow/example_dags/example_sensor_decorator.py
[2023-09-05T08:26:38.377+0000] {logging_mixin.py:151} INFO - [2023-09-05T08:26:38.377+0000] {dag.py:2907} INFO - Sync 1 DAGs
[2023-09-05T08:26:38.392+0000] {logging_mixin.py:151} INFO - [2023-09-05T08:26:38.392+0000] {dag.py:3677} INFO - Setting next_dagrun for example_sensor_decorator to None, run_after=None
[2023-09-05T08:26:38.415+0000] {processor.py:179} INFO - Processing /home/airflow/.local/lib/python3.8/site-packages/airflow/example_dags/example_sensor_decorator.py took 0.076 seconds
[2023-09-05T08:27:09.402+0000] {processor.py:157} INFO - Started process (PID=815) to work on /home/airflow/.local/lib/python3.8/site-packages/airflow/example_dags/example_sensor_decorator.py
[2023-09-05T08:27:09.405+0000] {processor.py:829} INFO - Processing file /home/airflow/.local/lib/python3.8/site-packages/airflow/example_dags/example_sensor_decorator.py for tasks to queue
[2023-09-05T08:27:09.405+0000] {logging_mixin.py:151} INFO - [2023-09-05T08:27:09.405+0000] {dagbag.py:539} INFO - Filling up the DagBag from /home/airflow/.local/lib/python3.8/site-packages/airflow/example_dags/example_sensor_decorator.py
[2023-09-05T08:27:09.604+0000] {processor.py:839} INFO - DAG(s) dict_keys(['example_sensor_decorator']) retrieved from /home/airflow/.local/lib/python3.8/site-packages/airflow/example_dags/example_sensor_decorator.py
[2023-09-05T08:27:09.640+0000] {logging_mixin.py:151} INFO - [2023-09-05T08:27:09.640+0000] {dag.py:2907} INFO - Sync 1 DAGs
[2023-09-05T08:27:09.664+0000] {logging_mixin.py:151} INFO - [2023-09-05T08:27:09.664+0000] {dag.py:3677} INFO - Setting next_dagrun for example_sensor_decorator to None, run_after=None
[2023-09-05T08:27:09.690+0000] {processor.py:179} INFO - Processing /home/airflow/.local/lib/python3.8/site-packages/airflow/example_dags/example_sensor_decorator.py took 0.294 seconds
[2023-09-05T08:27:40.270+0000] {processor.py:157} INFO - Started process (PID=1053) to work on /home/airflow/.local/lib/python3.8/site-packages/airflow/example_dags/example_sensor_decorator.py
[2023-09-05T08:27:40.272+0000] {processor.py:829} INFO - Processing file /home/airflow/.local/lib/python3.8/site-packages/airflow/example_dags/example_sensor_decorator.py for tasks to queue
[2023-09-05T08:27:40.274+0000] {logging_mixin.py:151} INFO - [2023-09-05T08:27:40.273+0000] {dagbag.py:539} INFO - Filling up the DagBag from /home/airflow/.local/lib/python3.8/site-packages/airflow/example_dags/example_sensor_decorator.py
[2023-09-05T08:27:40.305+0000] {processor.py:839} INFO - DAG(s) dict_keys(['example_sensor_decorator']) retrieved from /home/airflow/.local/lib/python3.8/site-packages/airflow/example_dags/example_sensor_decorator.py
[2023-09-05T08:27:40.360+0000] {logging_mixin.py:151} INFO - [2023-09-05T08:27:40.359+0000] {dag.py:2907} INFO - Sync 1 DAGs
[2023-09-05T08:27:40.390+0000] {logging_mixin.py:151} INFO - [2023-09-05T08:27:40.390+0000] {dag.py:3677} INFO - Setting next_dagrun for example_sensor_decorator to None, run_after=None
[2023-09-05T08:27:40.446+0000] {processor.py:179} INFO - Processing /home/airflow/.local/lib/python3.8/site-packages/airflow/example_dags/example_sensor_decorator.py took 0.188 seconds
[2023-09-05T08:28:11.268+0000] {processor.py:157} INFO - Started process (PID=1291) to work on /home/airflow/.local/lib/python3.8/site-packages/airflow/example_dags/example_sensor_decorator.py
[2023-09-05T08:28:11.270+0000] {processor.py:829} INFO - Processing file /home/airflow/.local/lib/python3.8/site-packages/airflow/example_dags/example_sensor_decorator.py for tasks to queue
[2023-09-05T08:28:11.271+0000] {logging_mixin.py:151} INFO - [2023-09-05T08:28:11.270+0000] {dagbag.py:539} INFO - Filling up the DagBag from /home/airflow/.local/lib/python3.8/site-packages/airflow/example_dags/example_sensor_decorator.py
[2023-09-05T08:28:11.282+0000] {processor.py:839} INFO - DAG(s) dict_keys(['example_sensor_decorator']) retrieved from /home/airflow/.local/lib/python3.8/site-packages/airflow/example_dags/example_sensor_decorator.py
[2023-09-05T08:28:11.320+0000] {logging_mixin.py:151} INFO - [2023-09-05T08:28:11.320+0000] {dag.py:2907} INFO - Sync 1 DAGs
[2023-09-05T08:28:11.344+0000] {logging_mixin.py:151} INFO - [2023-09-05T08:28:11.343+0000] {dag.py:3677} INFO - Setting next_dagrun for example_sensor_decorator to None, run_after=None
[2023-09-05T08:28:11.395+0000] {processor.py:179} INFO - Processing /home/airflow/.local/lib/python3.8/site-packages/airflow/example_dags/example_sensor_decorator.py took 0.132 seconds
[2023-09-05T08:28:55.014+0000] {processor.py:157} INFO - Started process (PID=1564) to work on /home/airflow/.local/lib/python3.8/site-packages/airflow/example_dags/example_sensor_decorator.py
[2023-09-05T08:28:55.020+0000] {processor.py:829} INFO - Processing file /home/airflow/.local/lib/python3.8/site-packages/airflow/example_dags/example_sensor_decorator.py for tasks to queue
[2023-09-05T08:28:55.021+0000] {logging_mixin.py:151} INFO - [2023-09-05T08:28:55.021+0000] {dagbag.py:539} INFO - Filling up the DagBag from /home/airflow/.local/lib/python3.8/site-packages/airflow/example_dags/example_sensor_decorator.py
[2023-09-05T08:28:55.060+0000] {processor.py:839} INFO - DAG(s) dict_keys(['example_sensor_decorator']) retrieved from /home/airflow/.local/lib/python3.8/site-packages/airflow/example_dags/example_sensor_decorator.py
[2023-09-05T08:28:55.152+0000] {logging_mixin.py:151} INFO - [2023-09-05T08:28:55.151+0000] {dag.py:2907} INFO - Sync 1 DAGs
[2023-09-05T08:28:55.266+0000] {logging_mixin.py:151} INFO - [2023-09-05T08:28:55.265+0000] {dag.py:3677} INFO - Setting next_dagrun for example_sensor_decorator to None, run_after=None
[2023-09-05T08:28:55.757+0000] {processor.py:179} INFO - Processing /home/airflow/.local/lib/python3.8/site-packages/airflow/example_dags/example_sensor_decorator.py took 0.790 seconds
[2023-09-05T08:29:26.254+0000] {processor.py:157} INFO - Started process (PID=1814) to work on /home/airflow/.local/lib/python3.8/site-packages/airflow/example_dags/example_sensor_decorator.py
[2023-09-05T08:29:26.255+0000] {processor.py:829} INFO - Processing file /home/airflow/.local/lib/python3.8/site-packages/airflow/example_dags/example_sensor_decorator.py for tasks to queue
[2023-09-05T08:29:26.256+0000] {logging_mixin.py:151} INFO - [2023-09-05T08:29:26.256+0000] {dagbag.py:539} INFO - Filling up the DagBag from /home/airflow/.local/lib/python3.8/site-packages/airflow/example_dags/example_sensor_decorator.py
[2023-09-05T08:29:26.265+0000] {processor.py:839} INFO - DAG(s) dict_keys(['example_sensor_decorator']) retrieved from /home/airflow/.local/lib/python3.8/site-packages/airflow/example_dags/example_sensor_decorator.py
[2023-09-05T08:29:26.304+0000] {logging_mixin.py:151} INFO - [2023-09-05T08:29:26.303+0000] {dag.py:2907} INFO - Sync 1 DAGs
[2023-09-05T08:29:26.323+0000] {logging_mixin.py:151} INFO - [2023-09-05T08:29:26.323+0000] {dag.py:3677} INFO - Setting next_dagrun for example_sensor_decorator to None, run_after=None
[2023-09-05T08:29:26.353+0000] {processor.py:179} INFO - Processing /home/airflow/.local/lib/python3.8/site-packages/airflow/example_dags/example_sensor_decorator.py took 0.106 seconds
[2023-09-05T08:29:56.746+0000] {processor.py:157} INFO - Started process (PID=2052) to work on /home/airflow/.local/lib/python3.8/site-packages/airflow/example_dags/example_sensor_decorator.py
[2023-09-05T08:29:56.750+0000] {processor.py:829} INFO - Processing file /home/airflow/.local/lib/python3.8/site-packages/airflow/example_dags/example_sensor_decorator.py for tasks to queue
[2023-09-05T08:29:56.752+0000] {logging_mixin.py:151} INFO - [2023-09-05T08:29:56.751+0000] {dagbag.py:539} INFO - Filling up the DagBag from /home/airflow/.local/lib/python3.8/site-packages/airflow/example_dags/example_sensor_decorator.py
[2023-09-05T08:29:56.769+0000] {processor.py:839} INFO - DAG(s) dict_keys(['example_sensor_decorator']) retrieved from /home/airflow/.local/lib/python3.8/site-packages/airflow/example_dags/example_sensor_decorator.py
[2023-09-05T08:29:56.834+0000] {logging_mixin.py:151} INFO - [2023-09-05T08:29:56.833+0000] {dag.py:2907} INFO - Sync 1 DAGs
[2023-09-05T08:29:56.862+0000] {logging_mixin.py:151} INFO - [2023-09-05T08:29:56.862+0000] {dag.py:3677} INFO - Setting next_dagrun for example_sensor_decorator to None, run_after=None
[2023-09-05T08:29:56.906+0000] {processor.py:179} INFO - Processing /home/airflow/.local/lib/python3.8/site-packages/airflow/example_dags/example_sensor_decorator.py took 0.166 seconds
[2023-09-05T08:30:27.193+0000] {processor.py:157} INFO - Started process (PID=2290) to work on /home/airflow/.local/lib/python3.8/site-packages/airflow/example_dags/example_sensor_decorator.py
[2023-09-05T08:30:27.194+0000] {processor.py:829} INFO - Processing file /home/airflow/.local/lib/python3.8/site-packages/airflow/example_dags/example_sensor_decorator.py for tasks to queue
[2023-09-05T08:30:27.197+0000] {logging_mixin.py:151} INFO - [2023-09-05T08:30:27.197+0000] {dagbag.py:539} INFO - Filling up the DagBag from /home/airflow/.local/lib/python3.8/site-packages/airflow/example_dags/example_sensor_decorator.py
[2023-09-05T08:30:27.205+0000] {processor.py:839} INFO - DAG(s) dict_keys(['example_sensor_decorator']) retrieved from /home/airflow/.local/lib/python3.8/site-packages/airflow/example_dags/example_sensor_decorator.py
[2023-09-05T08:30:27.240+0000] {logging_mixin.py:151} INFO - [2023-09-05T08:30:27.239+0000] {dag.py:2907} INFO - Sync 1 DAGs
[2023-09-05T08:30:27.262+0000] {logging_mixin.py:151} INFO - [2023-09-05T08:30:27.262+0000] {dag.py:3677} INFO - Setting next_dagrun for example_sensor_decorator to None, run_after=None
[2023-09-05T08:30:27.302+0000] {processor.py:179} INFO - Processing /home/airflow/.local/lib/python3.8/site-packages/airflow/example_dags/example_sensor_decorator.py took 0.114 seconds
[2023-09-05T08:30:57.381+0000] {processor.py:157} INFO - Started process (PID=2523) to work on /home/airflow/.local/lib/python3.8/site-packages/airflow/example_dags/example_sensor_decorator.py
[2023-09-05T08:30:57.383+0000] {processor.py:829} INFO - Processing file /home/airflow/.local/lib/python3.8/site-packages/airflow/example_dags/example_sensor_decorator.py for tasks to queue
[2023-09-05T08:30:57.386+0000] {logging_mixin.py:151} INFO - [2023-09-05T08:30:57.386+0000] {dagbag.py:539} INFO - Filling up the DagBag from /home/airflow/.local/lib/python3.8/site-packages/airflow/example_dags/example_sensor_decorator.py
[2023-09-05T08:30:57.398+0000] {processor.py:839} INFO - DAG(s) dict_keys(['example_sensor_decorator']) retrieved from /home/airflow/.local/lib/python3.8/site-packages/airflow/example_dags/example_sensor_decorator.py
[2023-09-05T08:30:57.439+0000] {logging_mixin.py:151} INFO - [2023-09-05T08:30:57.439+0000] {dag.py:2907} INFO - Sync 1 DAGs
[2023-09-05T08:30:57.454+0000] {logging_mixin.py:151} INFO - [2023-09-05T08:30:57.454+0000] {dag.py:3677} INFO - Setting next_dagrun for example_sensor_decorator to None, run_after=None
[2023-09-05T08:30:57.474+0000] {processor.py:179} INFO - Processing /home/airflow/.local/lib/python3.8/site-packages/airflow/example_dags/example_sensor_decorator.py took 0.099 seconds
