[2023-09-05T08:25:54.318+0000] {processor.py:157} INFO - Started process (PID=164) to work on /home/airflow/.local/lib/python3.8/site-packages/airflow/example_dags/example_local_kubernetes_executor.py
[2023-09-05T08:25:54.333+0000] {processor.py:829} INFO - Processing file /home/airflow/.local/lib/python3.8/site-packages/airflow/example_dags/example_local_kubernetes_executor.py for tasks to queue
[2023-09-05T08:25:54.335+0000] {logging_mixin.py:151} INFO - [2023-09-05T08:25:54.334+0000] {dagbag.py:539} INFO - Filling up the DagBag from /home/airflow/.local/lib/python3.8/site-packages/airflow/example_dags/example_local_kubernetes_executor.py
[2023-09-05T08:26:00.559+0000] {processor.py:839} INFO - DAG(s) dict_keys(['example_local_kubernetes_executor']) retrieved from /home/airflow/.local/lib/python3.8/site-packages/airflow/example_dags/example_local_kubernetes_executor.py
[2023-09-05T08:26:00.743+0000] {logging_mixin.py:151} INFO - [2023-09-05T08:26:00.741+0000] {dag.py:2907} INFO - Sync 1 DAGs
[2023-09-05T08:26:00.837+0000] {logging_mixin.py:151} INFO - [2023-09-05T08:26:00.836+0000] {dag.py:3677} INFO - Setting next_dagrun for example_local_kubernetes_executor to None, run_after=None
[2023-09-05T08:26:00.998+0000] {processor.py:179} INFO - Processing /home/airflow/.local/lib/python3.8/site-packages/airflow/example_dags/example_local_kubernetes_executor.py took 6.711 seconds
[2023-09-05T08:26:31.617+0000] {processor.py:157} INFO - Started process (PID=459) to work on /home/airflow/.local/lib/python3.8/site-packages/airflow/example_dags/example_local_kubernetes_executor.py
[2023-09-05T08:26:31.618+0000] {processor.py:829} INFO - Processing file /home/airflow/.local/lib/python3.8/site-packages/airflow/example_dags/example_local_kubernetes_executor.py for tasks to queue
[2023-09-05T08:26:31.619+0000] {logging_mixin.py:151} INFO - [2023-09-05T08:26:31.618+0000] {dagbag.py:539} INFO - Filling up the DagBag from /home/airflow/.local/lib/python3.8/site-packages/airflow/example_dags/example_local_kubernetes_executor.py
[2023-09-05T08:26:32.096+0000] {processor.py:839} INFO - DAG(s) dict_keys(['example_local_kubernetes_executor']) retrieved from /home/airflow/.local/lib/python3.8/site-packages/airflow/example_dags/example_local_kubernetes_executor.py
[2023-09-05T08:26:32.135+0000] {logging_mixin.py:151} INFO - [2023-09-05T08:26:32.134+0000] {dag.py:2907} INFO - Sync 1 DAGs
[2023-09-05T08:26:32.149+0000] {logging_mixin.py:151} INFO - [2023-09-05T08:26:32.149+0000] {dag.py:3677} INFO - Setting next_dagrun for example_local_kubernetes_executor to None, run_after=None
[2023-09-05T08:26:32.210+0000] {processor.py:179} INFO - Processing /home/airflow/.local/lib/python3.8/site-packages/airflow/example_dags/example_local_kubernetes_executor.py took 0.597 seconds
[2023-09-05T08:27:02.255+0000] {processor.py:157} INFO - Started process (PID=707) to work on /home/airflow/.local/lib/python3.8/site-packages/airflow/example_dags/example_local_kubernetes_executor.py
[2023-09-05T08:27:02.257+0000] {processor.py:829} INFO - Processing file /home/airflow/.local/lib/python3.8/site-packages/airflow/example_dags/example_local_kubernetes_executor.py for tasks to queue
[2023-09-05T08:27:02.258+0000] {logging_mixin.py:151} INFO - [2023-09-05T08:27:02.257+0000] {dagbag.py:539} INFO - Filling up the DagBag from /home/airflow/.local/lib/python3.8/site-packages/airflow/example_dags/example_local_kubernetes_executor.py
[2023-09-05T08:27:02.681+0000] {processor.py:839} INFO - DAG(s) dict_keys(['example_local_kubernetes_executor']) retrieved from /home/airflow/.local/lib/python3.8/site-packages/airflow/example_dags/example_local_kubernetes_executor.py
[2023-09-05T08:27:02.716+0000] {logging_mixin.py:151} INFO - [2023-09-05T08:27:02.715+0000] {dag.py:2907} INFO - Sync 1 DAGs
[2023-09-05T08:27:02.728+0000] {logging_mixin.py:151} INFO - [2023-09-05T08:27:02.728+0000] {dag.py:3677} INFO - Setting next_dagrun for example_local_kubernetes_executor to None, run_after=None
[2023-09-05T08:27:02.747+0000] {processor.py:179} INFO - Processing /home/airflow/.local/lib/python3.8/site-packages/airflow/example_dags/example_local_kubernetes_executor.py took 0.497 seconds
[2023-09-05T08:27:33.377+0000] {processor.py:157} INFO - Started process (PID=945) to work on /home/airflow/.local/lib/python3.8/site-packages/airflow/example_dags/example_local_kubernetes_executor.py
[2023-09-05T08:27:33.379+0000] {processor.py:829} INFO - Processing file /home/airflow/.local/lib/python3.8/site-packages/airflow/example_dags/example_local_kubernetes_executor.py for tasks to queue
[2023-09-05T08:27:33.380+0000] {logging_mixin.py:151} INFO - [2023-09-05T08:27:33.380+0000] {dagbag.py:539} INFO - Filling up the DagBag from /home/airflow/.local/lib/python3.8/site-packages/airflow/example_dags/example_local_kubernetes_executor.py
[2023-09-05T08:27:33.951+0000] {processor.py:839} INFO - DAG(s) dict_keys(['example_local_kubernetes_executor']) retrieved from /home/airflow/.local/lib/python3.8/site-packages/airflow/example_dags/example_local_kubernetes_executor.py
[2023-09-05T08:27:34.011+0000] {logging_mixin.py:151} INFO - [2023-09-05T08:27:34.011+0000] {dag.py:2907} INFO - Sync 1 DAGs
[2023-09-05T08:27:34.032+0000] {logging_mixin.py:151} INFO - [2023-09-05T08:27:34.031+0000] {dag.py:3677} INFO - Setting next_dagrun for example_local_kubernetes_executor to None, run_after=None
[2023-09-05T08:27:34.061+0000] {processor.py:179} INFO - Processing /home/airflow/.local/lib/python3.8/site-packages/airflow/example_dags/example_local_kubernetes_executor.py took 0.697 seconds
[2023-09-05T08:28:04.156+0000] {processor.py:157} INFO - Started process (PID=1191) to work on /home/airflow/.local/lib/python3.8/site-packages/airflow/example_dags/example_local_kubernetes_executor.py
[2023-09-05T08:28:04.157+0000] {processor.py:829} INFO - Processing file /home/airflow/.local/lib/python3.8/site-packages/airflow/example_dags/example_local_kubernetes_executor.py for tasks to queue
[2023-09-05T08:28:04.158+0000] {logging_mixin.py:151} INFO - [2023-09-05T08:28:04.158+0000] {dagbag.py:539} INFO - Filling up the DagBag from /home/airflow/.local/lib/python3.8/site-packages/airflow/example_dags/example_local_kubernetes_executor.py
[2023-09-05T08:28:04.688+0000] {processor.py:839} INFO - DAG(s) dict_keys(['example_local_kubernetes_executor']) retrieved from /home/airflow/.local/lib/python3.8/site-packages/airflow/example_dags/example_local_kubernetes_executor.py
[2023-09-05T08:28:04.744+0000] {logging_mixin.py:151} INFO - [2023-09-05T08:28:04.743+0000] {dag.py:2907} INFO - Sync 1 DAGs
[2023-09-05T08:28:04.769+0000] {logging_mixin.py:151} INFO - [2023-09-05T08:28:04.769+0000] {dag.py:3677} INFO - Setting next_dagrun for example_local_kubernetes_executor to None, run_after=None
[2023-09-05T08:28:04.794+0000] {processor.py:179} INFO - Processing /home/airflow/.local/lib/python3.8/site-packages/airflow/example_dags/example_local_kubernetes_executor.py took 0.645 seconds
[2023-09-05T08:28:37.541+0000] {processor.py:157} INFO - Started process (PID=1444) to work on /home/airflow/.local/lib/python3.8/site-packages/airflow/example_dags/example_local_kubernetes_executor.py
[2023-09-05T08:28:37.557+0000] {processor.py:829} INFO - Processing file /home/airflow/.local/lib/python3.8/site-packages/airflow/example_dags/example_local_kubernetes_executor.py for tasks to queue
[2023-09-05T08:28:37.559+0000] {logging_mixin.py:151} INFO - [2023-09-05T08:28:37.558+0000] {dagbag.py:539} INFO - Filling up the DagBag from /home/airflow/.local/lib/python3.8/site-packages/airflow/example_dags/example_local_kubernetes_executor.py
[2023-09-05T08:28:40.294+0000] {processor.py:839} INFO - DAG(s) dict_keys(['example_local_kubernetes_executor']) retrieved from /home/airflow/.local/lib/python3.8/site-packages/airflow/example_dags/example_local_kubernetes_executor.py
[2023-09-05T08:28:40.633+0000] {logging_mixin.py:151} INFO - [2023-09-05T08:28:40.632+0000] {dag.py:2907} INFO - Sync 1 DAGs
[2023-09-05T08:28:40.847+0000] {logging_mixin.py:151} INFO - [2023-09-05T08:28:40.846+0000] {dag.py:3677} INFO - Setting next_dagrun for example_local_kubernetes_executor to None, run_after=None
[2023-09-05T08:28:41.233+0000] {processor.py:179} INFO - Processing /home/airflow/.local/lib/python3.8/site-packages/airflow/example_dags/example_local_kubernetes_executor.py took 3.725 seconds
[2023-09-05T08:29:11.469+0000] {processor.py:157} INFO - Started process (PID=1726) to work on /home/airflow/.local/lib/python3.8/site-packages/airflow/example_dags/example_local_kubernetes_executor.py
[2023-09-05T08:29:11.471+0000] {processor.py:829} INFO - Processing file /home/airflow/.local/lib/python3.8/site-packages/airflow/example_dags/example_local_kubernetes_executor.py for tasks to queue
[2023-09-05T08:29:11.473+0000] {logging_mixin.py:151} INFO - [2023-09-05T08:29:11.472+0000] {dagbag.py:539} INFO - Filling up the DagBag from /home/airflow/.local/lib/python3.8/site-packages/airflow/example_dags/example_local_kubernetes_executor.py
[2023-09-05T08:29:11.972+0000] {processor.py:839} INFO - DAG(s) dict_keys(['example_local_kubernetes_executor']) retrieved from /home/airflow/.local/lib/python3.8/site-packages/airflow/example_dags/example_local_kubernetes_executor.py
[2023-09-05T08:29:12.019+0000] {logging_mixin.py:151} INFO - [2023-09-05T08:29:12.018+0000] {dag.py:2907} INFO - Sync 1 DAGs
[2023-09-05T08:29:12.040+0000] {logging_mixin.py:151} INFO - [2023-09-05T08:29:12.039+0000] {dag.py:3677} INFO - Setting next_dagrun for example_local_kubernetes_executor to None, run_after=None
[2023-09-05T08:29:12.068+0000] {processor.py:179} INFO - Processing /home/airflow/.local/lib/python3.8/site-packages/airflow/example_dags/example_local_kubernetes_executor.py took 0.604 seconds
[2023-09-05T08:29:42.574+0000] {processor.py:157} INFO - Started process (PID=1964) to work on /home/airflow/.local/lib/python3.8/site-packages/airflow/example_dags/example_local_kubernetes_executor.py
[2023-09-05T08:29:42.575+0000] {processor.py:829} INFO - Processing file /home/airflow/.local/lib/python3.8/site-packages/airflow/example_dags/example_local_kubernetes_executor.py for tasks to queue
[2023-09-05T08:29:42.576+0000] {logging_mixin.py:151} INFO - [2023-09-05T08:29:42.576+0000] {dagbag.py:539} INFO - Filling up the DagBag from /home/airflow/.local/lib/python3.8/site-packages/airflow/example_dags/example_local_kubernetes_executor.py
[2023-09-05T08:29:42.854+0000] {processor.py:839} INFO - DAG(s) dict_keys(['example_local_kubernetes_executor']) retrieved from /home/airflow/.local/lib/python3.8/site-packages/airflow/example_dags/example_local_kubernetes_executor.py
[2023-09-05T08:29:42.886+0000] {logging_mixin.py:151} INFO - [2023-09-05T08:29:42.885+0000] {dag.py:2907} INFO - Sync 1 DAGs
[2023-09-05T08:29:42.899+0000] {logging_mixin.py:151} INFO - [2023-09-05T08:29:42.898+0000] {dag.py:3677} INFO - Setting next_dagrun for example_local_kubernetes_executor to None, run_after=None
[2023-09-05T08:29:42.926+0000] {processor.py:179} INFO - Processing /home/airflow/.local/lib/python3.8/site-packages/airflow/example_dags/example_local_kubernetes_executor.py took 0.360 seconds
[2023-09-05T08:30:13.424+0000] {processor.py:157} INFO - Started process (PID=2202) to work on /home/airflow/.local/lib/python3.8/site-packages/airflow/example_dags/example_local_kubernetes_executor.py
[2023-09-05T08:30:13.426+0000] {processor.py:829} INFO - Processing file /home/airflow/.local/lib/python3.8/site-packages/airflow/example_dags/example_local_kubernetes_executor.py for tasks to queue
[2023-09-05T08:30:13.428+0000] {logging_mixin.py:151} INFO - [2023-09-05T08:30:13.427+0000] {dagbag.py:539} INFO - Filling up the DagBag from /home/airflow/.local/lib/python3.8/site-packages/airflow/example_dags/example_local_kubernetes_executor.py
[2023-09-05T08:30:13.865+0000] {processor.py:839} INFO - DAG(s) dict_keys(['example_local_kubernetes_executor']) retrieved from /home/airflow/.local/lib/python3.8/site-packages/airflow/example_dags/example_local_kubernetes_executor.py
[2023-09-05T08:30:13.901+0000] {logging_mixin.py:151} INFO - [2023-09-05T08:30:13.901+0000] {dag.py:2907} INFO - Sync 1 DAGs
[2023-09-05T08:30:13.917+0000] {logging_mixin.py:151} INFO - [2023-09-05T08:30:13.917+0000] {dag.py:3677} INFO - Setting next_dagrun for example_local_kubernetes_executor to None, run_after=None
[2023-09-05T08:30:13.936+0000] {processor.py:179} INFO - Processing /home/airflow/.local/lib/python3.8/site-packages/airflow/example_dags/example_local_kubernetes_executor.py took 0.523 seconds
[2023-09-05T08:30:44.015+0000] {processor.py:157} INFO - Started process (PID=2450) to work on /home/airflow/.local/lib/python3.8/site-packages/airflow/example_dags/example_local_kubernetes_executor.py
[2023-09-05T08:30:44.016+0000] {processor.py:829} INFO - Processing file /home/airflow/.local/lib/python3.8/site-packages/airflow/example_dags/example_local_kubernetes_executor.py for tasks to queue
[2023-09-05T08:30:44.017+0000] {logging_mixin.py:151} INFO - [2023-09-05T08:30:44.017+0000] {dagbag.py:539} INFO - Filling up the DagBag from /home/airflow/.local/lib/python3.8/site-packages/airflow/example_dags/example_local_kubernetes_executor.py
[2023-09-05T08:30:44.509+0000] {processor.py:839} INFO - DAG(s) dict_keys(['example_local_kubernetes_executor']) retrieved from /home/airflow/.local/lib/python3.8/site-packages/airflow/example_dags/example_local_kubernetes_executor.py
[2023-09-05T08:30:44.571+0000] {logging_mixin.py:151} INFO - [2023-09-05T08:30:44.570+0000] {dag.py:2907} INFO - Sync 1 DAGs
[2023-09-05T08:30:44.598+0000] {logging_mixin.py:151} INFO - [2023-09-05T08:30:44.598+0000] {dag.py:3677} INFO - Setting next_dagrun for example_local_kubernetes_executor to None, run_after=None
[2023-09-05T08:30:44.636+0000] {processor.py:179} INFO - Processing /home/airflow/.local/lib/python3.8/site-packages/airflow/example_dags/example_local_kubernetes_executor.py took 0.625 seconds
