[2023-09-05T08:26:08.446+0000] {processor.py:157} INFO - Started process (PID=354) to work on /home/airflow/.local/lib/python3.8/site-packages/airflow/example_dags/example_sla_dag.py
[2023-09-05T08:26:08.447+0000] {processor.py:829} INFO - Processing file /home/airflow/.local/lib/python3.8/site-packages/airflow/example_dags/example_sla_dag.py for tasks to queue
[2023-09-05T08:26:08.448+0000] {logging_mixin.py:151} INFO - [2023-09-05T08:26:08.448+0000] {dagbag.py:539} INFO - Filling up the DagBag from /home/airflow/.local/lib/python3.8/site-packages/airflow/example_dags/example_sla_dag.py
[2023-09-05T08:26:08.474+0000] {processor.py:839} INFO - DAG(s) dict_keys(['example_sla_dag']) retrieved from /home/airflow/.local/lib/python3.8/site-packages/airflow/example_dags/example_sla_dag.py
[2023-09-05T08:26:08.527+0000] {logging_mixin.py:151} INFO - [2023-09-05T08:26:08.517+0000] {dag.py:2907} INFO - Sync 1 DAGs
[2023-09-05T08:26:08.700+0000] {logging_mixin.py:151} INFO - [2023-09-05T08:26:08.698+0000] {dag.py:3677} INFO - Setting next_dagrun for example_sla_dag to 2023-09-05T08:24:00+00:00, run_after=2023-09-05T08:26:00+00:00
[2023-09-05T08:26:08.884+0000] {processor.py:179} INFO - Processing /home/airflow/.local/lib/python3.8/site-packages/airflow/example_dags/example_sla_dag.py took 0.453 seconds
[2023-09-05T08:26:39.468+0000] {processor.py:157} INFO - Started process (PID=592) to work on /home/airflow/.local/lib/python3.8/site-packages/airflow/example_dags/example_sla_dag.py
[2023-09-05T08:26:39.469+0000] {processor.py:829} INFO - Processing file /home/airflow/.local/lib/python3.8/site-packages/airflow/example_dags/example_sla_dag.py for tasks to queue
[2023-09-05T08:26:39.470+0000] {logging_mixin.py:151} INFO - [2023-09-05T08:26:39.470+0000] {dagbag.py:539} INFO - Filling up the DagBag from /home/airflow/.local/lib/python3.8/site-packages/airflow/example_dags/example_sla_dag.py
[2023-09-05T08:26:39.482+0000] {processor.py:839} INFO - DAG(s) dict_keys(['example_sla_dag']) retrieved from /home/airflow/.local/lib/python3.8/site-packages/airflow/example_dags/example_sla_dag.py
[2023-09-05T08:26:39.512+0000] {logging_mixin.py:151} INFO - [2023-09-05T08:26:39.511+0000] {dag.py:2907} INFO - Sync 1 DAGs
[2023-09-05T08:26:39.553+0000] {logging_mixin.py:151} INFO - [2023-09-05T08:26:39.552+0000] {dag.py:3677} INFO - Setting next_dagrun for example_sla_dag to 2023-09-05T08:24:00+00:00, run_after=2023-09-05T08:26:00+00:00
[2023-09-05T08:26:39.580+0000] {processor.py:179} INFO - Processing /home/airflow/.local/lib/python3.8/site-packages/airflow/example_dags/example_sla_dag.py took 0.117 seconds
[2023-09-05T08:27:09.843+0000] {processor.py:157} INFO - Started process (PID=830) to work on /home/airflow/.local/lib/python3.8/site-packages/airflow/example_dags/example_sla_dag.py
[2023-09-05T08:27:09.844+0000] {processor.py:829} INFO - Processing file /home/airflow/.local/lib/python3.8/site-packages/airflow/example_dags/example_sla_dag.py for tasks to queue
[2023-09-05T08:27:09.846+0000] {logging_mixin.py:151} INFO - [2023-09-05T08:27:09.845+0000] {dagbag.py:539} INFO - Filling up the DagBag from /home/airflow/.local/lib/python3.8/site-packages/airflow/example_dags/example_sla_dag.py
[2023-09-05T08:27:09.974+0000] {processor.py:839} INFO - DAG(s) dict_keys(['example_sla_dag']) retrieved from /home/airflow/.local/lib/python3.8/site-packages/airflow/example_dags/example_sla_dag.py
[2023-09-05T08:27:09.998+0000] {logging_mixin.py:151} INFO - [2023-09-05T08:27:09.997+0000] {dag.py:2907} INFO - Sync 1 DAGs
[2023-09-05T08:27:10.029+0000] {logging_mixin.py:151} INFO - [2023-09-05T08:27:10.029+0000] {dag.py:3677} INFO - Setting next_dagrun for example_sla_dag to 2023-09-05T08:24:00+00:00, run_after=2023-09-05T08:26:00+00:00
[2023-09-05T08:27:10.055+0000] {processor.py:179} INFO - Processing /home/airflow/.local/lib/python3.8/site-packages/airflow/example_dags/example_sla_dag.py took 0.216 seconds
[2023-09-05T08:27:41.062+0000] {processor.py:157} INFO - Started process (PID=1068) to work on /home/airflow/.local/lib/python3.8/site-packages/airflow/example_dags/example_sla_dag.py
[2023-09-05T08:27:41.070+0000] {processor.py:829} INFO - Processing file /home/airflow/.local/lib/python3.8/site-packages/airflow/example_dags/example_sla_dag.py for tasks to queue
[2023-09-05T08:27:41.073+0000] {logging_mixin.py:151} INFO - [2023-09-05T08:27:41.072+0000] {dagbag.py:539} INFO - Filling up the DagBag from /home/airflow/.local/lib/python3.8/site-packages/airflow/example_dags/example_sla_dag.py
[2023-09-05T08:27:41.151+0000] {processor.py:839} INFO - DAG(s) dict_keys(['example_sla_dag']) retrieved from /home/airflow/.local/lib/python3.8/site-packages/airflow/example_dags/example_sla_dag.py
[2023-09-05T08:27:41.233+0000] {logging_mixin.py:151} INFO - [2023-09-05T08:27:41.232+0000] {dag.py:2907} INFO - Sync 1 DAGs
[2023-09-05T08:27:41.389+0000] {logging_mixin.py:151} INFO - [2023-09-05T08:27:41.389+0000] {dag.py:3677} INFO - Setting next_dagrun for example_sla_dag to 2023-09-05T08:24:00+00:00, run_after=2023-09-05T08:26:00+00:00
[2023-09-05T08:27:41.455+0000] {processor.py:179} INFO - Processing /home/airflow/.local/lib/python3.8/site-packages/airflow/example_dags/example_sla_dag.py took 0.409 seconds
[2023-09-05T08:28:11.972+0000] {processor.py:157} INFO - Started process (PID=1306) to work on /home/airflow/.local/lib/python3.8/site-packages/airflow/example_dags/example_sla_dag.py
[2023-09-05T08:28:11.974+0000] {processor.py:829} INFO - Processing file /home/airflow/.local/lib/python3.8/site-packages/airflow/example_dags/example_sla_dag.py for tasks to queue
[2023-09-05T08:28:11.975+0000] {logging_mixin.py:151} INFO - [2023-09-05T08:28:11.974+0000] {dagbag.py:539} INFO - Filling up the DagBag from /home/airflow/.local/lib/python3.8/site-packages/airflow/example_dags/example_sla_dag.py
[2023-09-05T08:28:11.989+0000] {processor.py:839} INFO - DAG(s) dict_keys(['example_sla_dag']) retrieved from /home/airflow/.local/lib/python3.8/site-packages/airflow/example_dags/example_sla_dag.py
[2023-09-05T08:28:12.019+0000] {logging_mixin.py:151} INFO - [2023-09-05T08:28:12.019+0000] {dag.py:2907} INFO - Sync 1 DAGs
[2023-09-05T08:28:12.068+0000] {logging_mixin.py:151} INFO - [2023-09-05T08:28:12.068+0000] {dag.py:3677} INFO - Setting next_dagrun for example_sla_dag to 2023-09-05T08:26:00+00:00, run_after=2023-09-05T08:28:00+00:00
[2023-09-05T08:28:12.115+0000] {processor.py:179} INFO - Processing /home/airflow/.local/lib/python3.8/site-packages/airflow/example_dags/example_sla_dag.py took 0.148 seconds
[2023-09-05T08:28:56.458+0000] {processor.py:157} INFO - Started process (PID=1582) to work on /home/airflow/.local/lib/python3.8/site-packages/airflow/example_dags/example_sla_dag.py
[2023-09-05T08:28:56.459+0000] {processor.py:829} INFO - Processing file /home/airflow/.local/lib/python3.8/site-packages/airflow/example_dags/example_sla_dag.py for tasks to queue
[2023-09-05T08:28:56.461+0000] {logging_mixin.py:151} INFO - [2023-09-05T08:28:56.460+0000] {dagbag.py:539} INFO - Filling up the DagBag from /home/airflow/.local/lib/python3.8/site-packages/airflow/example_dags/example_sla_dag.py
[2023-09-05T08:28:56.477+0000] {processor.py:839} INFO - DAG(s) dict_keys(['example_sla_dag']) retrieved from /home/airflow/.local/lib/python3.8/site-packages/airflow/example_dags/example_sla_dag.py
[2023-09-05T08:28:56.665+0000] {logging_mixin.py:151} INFO - [2023-09-05T08:28:56.665+0000] {dag.py:2907} INFO - Sync 1 DAGs
[2023-09-05T08:28:56.770+0000] {logging_mixin.py:151} INFO - [2023-09-05T08:28:56.770+0000] {dag.py:3677} INFO - Setting next_dagrun for example_sla_dag to 2023-09-05T08:26:00+00:00, run_after=2023-09-05T08:28:00+00:00
[2023-09-05T08:28:56.975+0000] {processor.py:179} INFO - Processing /home/airflow/.local/lib/python3.8/site-packages/airflow/example_dags/example_sla_dag.py took 0.521 seconds
[2023-09-05T08:29:27.519+0000] {processor.py:157} INFO - Started process (PID=1829) to work on /home/airflow/.local/lib/python3.8/site-packages/airflow/example_dags/example_sla_dag.py
[2023-09-05T08:29:27.520+0000] {processor.py:829} INFO - Processing file /home/airflow/.local/lib/python3.8/site-packages/airflow/example_dags/example_sla_dag.py for tasks to queue
[2023-09-05T08:29:27.522+0000] {logging_mixin.py:151} INFO - [2023-09-05T08:29:27.521+0000] {dagbag.py:539} INFO - Filling up the DagBag from /home/airflow/.local/lib/python3.8/site-packages/airflow/example_dags/example_sla_dag.py
[2023-09-05T08:29:27.539+0000] {processor.py:839} INFO - DAG(s) dict_keys(['example_sla_dag']) retrieved from /home/airflow/.local/lib/python3.8/site-packages/airflow/example_dags/example_sla_dag.py
[2023-09-05T08:29:27.589+0000] {logging_mixin.py:151} INFO - [2023-09-05T08:29:27.589+0000] {dag.py:2907} INFO - Sync 1 DAGs
[2023-09-05T08:29:27.642+0000] {logging_mixin.py:151} INFO - [2023-09-05T08:29:27.641+0000] {dag.py:3677} INFO - Setting next_dagrun for example_sla_dag to 2023-09-05T08:26:00+00:00, run_after=2023-09-05T08:28:00+00:00
[2023-09-05T08:29:27.694+0000] {processor.py:179} INFO - Processing /home/airflow/.local/lib/python3.8/site-packages/airflow/example_dags/example_sla_dag.py took 0.181 seconds
[2023-09-05T08:29:58.189+0000] {processor.py:157} INFO - Started process (PID=2067) to work on /home/airflow/.local/lib/python3.8/site-packages/airflow/example_dags/example_sla_dag.py
[2023-09-05T08:29:58.191+0000] {processor.py:829} INFO - Processing file /home/airflow/.local/lib/python3.8/site-packages/airflow/example_dags/example_sla_dag.py for tasks to queue
[2023-09-05T08:29:58.192+0000] {logging_mixin.py:151} INFO - [2023-09-05T08:29:58.192+0000] {dagbag.py:539} INFO - Filling up the DagBag from /home/airflow/.local/lib/python3.8/site-packages/airflow/example_dags/example_sla_dag.py
[2023-09-05T08:29:58.214+0000] {processor.py:839} INFO - DAG(s) dict_keys(['example_sla_dag']) retrieved from /home/airflow/.local/lib/python3.8/site-packages/airflow/example_dags/example_sla_dag.py
[2023-09-05T08:29:58.287+0000] {logging_mixin.py:151} INFO - [2023-09-05T08:29:58.287+0000] {dag.py:2907} INFO - Sync 1 DAGs
[2023-09-05T08:29:58.377+0000] {logging_mixin.py:151} INFO - [2023-09-05T08:29:58.375+0000] {dag.py:3677} INFO - Setting next_dagrun for example_sla_dag to 2023-09-05T08:26:00+00:00, run_after=2023-09-05T08:28:00+00:00
[2023-09-05T08:29:58.429+0000] {processor.py:179} INFO - Processing /home/airflow/.local/lib/python3.8/site-packages/airflow/example_dags/example_sla_dag.py took 0.250 seconds
[2023-09-05T08:30:28.521+0000] {processor.py:157} INFO - Started process (PID=2305) to work on /home/airflow/.local/lib/python3.8/site-packages/airflow/example_dags/example_sla_dag.py
[2023-09-05T08:30:28.523+0000] {processor.py:829} INFO - Processing file /home/airflow/.local/lib/python3.8/site-packages/airflow/example_dags/example_sla_dag.py for tasks to queue
[2023-09-05T08:30:28.524+0000] {logging_mixin.py:151} INFO - [2023-09-05T08:30:28.524+0000] {dagbag.py:539} INFO - Filling up the DagBag from /home/airflow/.local/lib/python3.8/site-packages/airflow/example_dags/example_sla_dag.py
[2023-09-05T08:30:28.539+0000] {processor.py:839} INFO - DAG(s) dict_keys(['example_sla_dag']) retrieved from /home/airflow/.local/lib/python3.8/site-packages/airflow/example_dags/example_sla_dag.py
[2023-09-05T08:30:28.594+0000] {logging_mixin.py:151} INFO - [2023-09-05T08:30:28.594+0000] {dag.py:2907} INFO - Sync 1 DAGs
[2023-09-05T08:30:28.662+0000] {logging_mixin.py:151} INFO - [2023-09-05T08:30:28.661+0000] {dag.py:3677} INFO - Setting next_dagrun for example_sla_dag to 2023-09-05T08:28:00+00:00, run_after=2023-09-05T08:30:00+00:00
[2023-09-05T08:30:28.699+0000] {processor.py:179} INFO - Processing /home/airflow/.local/lib/python3.8/site-packages/airflow/example_dags/example_sla_dag.py took 0.182 seconds
[2023-09-05T08:30:58.812+0000] {processor.py:157} INFO - Started process (PID=2543) to work on /home/airflow/.local/lib/python3.8/site-packages/airflow/example_dags/example_sla_dag.py
[2023-09-05T08:30:58.816+0000] {processor.py:829} INFO - Processing file /home/airflow/.local/lib/python3.8/site-packages/airflow/example_dags/example_sla_dag.py for tasks to queue
[2023-09-05T08:30:58.820+0000] {logging_mixin.py:151} INFO - [2023-09-05T08:30:58.819+0000] {dagbag.py:539} INFO - Filling up the DagBag from /home/airflow/.local/lib/python3.8/site-packages/airflow/example_dags/example_sla_dag.py
[2023-09-05T08:30:58.861+0000] {processor.py:839} INFO - DAG(s) dict_keys(['example_sla_dag']) retrieved from /home/airflow/.local/lib/python3.8/site-packages/airflow/example_dags/example_sla_dag.py
[2023-09-05T08:30:58.912+0000] {logging_mixin.py:151} INFO - [2023-09-05T08:30:58.912+0000] {dag.py:2907} INFO - Sync 1 DAGs
[2023-09-05T08:30:58.943+0000] {logging_mixin.py:151} INFO - [2023-09-05T08:30:58.943+0000] {dag.py:3677} INFO - Setting next_dagrun for example_sla_dag to 2023-09-05T08:28:00+00:00, run_after=2023-09-05T08:30:00+00:00
[2023-09-05T08:30:58.962+0000] {processor.py:179} INFO - Processing /home/airflow/.local/lib/python3.8/site-packages/airflow/example_dags/example_sla_dag.py took 0.169 seconds
