[2023-09-05T08:26:04.325+0000] {processor.py:157} INFO - Started process (PID=279) to work on /home/airflow/.local/lib/python3.8/site-packages/airflow/example_dags/example_xcomargs.py
[2023-09-05T08:26:04.347+0000] {processor.py:829} INFO - Processing file /home/airflow/.local/lib/python3.8/site-packages/airflow/example_dags/example_xcomargs.py for tasks to queue
[2023-09-05T08:26:04.348+0000] {logging_mixin.py:151} INFO - [2023-09-05T08:26:04.348+0000] {dagbag.py:539} INFO - Filling up the DagBag from /home/airflow/.local/lib/python3.8/site-packages/airflow/example_dags/example_xcomargs.py
[2023-09-05T08:26:04.437+0000] {processor.py:839} INFO - DAG(s) dict_keys(['example_xcom_args', 'example_xcom_args_with_operators']) retrieved from /home/airflow/.local/lib/python3.8/site-packages/airflow/example_dags/example_xcomargs.py
[2023-09-05T08:26:04.494+0000] {logging_mixin.py:151} INFO - [2023-09-05T08:26:04.493+0000] {dag.py:2907} INFO - Sync 2 DAGs
[2023-09-05T08:26:04.566+0000] {logging_mixin.py:151} INFO - [2023-09-05T08:26:04.565+0000] {dag.py:3677} INFO - Setting next_dagrun for example_xcom_args to None, run_after=None
[2023-09-05T08:26:04.576+0000] {logging_mixin.py:151} INFO - [2023-09-05T08:26:04.576+0000] {dag.py:3677} INFO - Setting next_dagrun for example_xcom_args_with_operators to None, run_after=None
[2023-09-05T08:26:04.633+0000] {processor.py:179} INFO - Processing /home/airflow/.local/lib/python3.8/site-packages/airflow/example_dags/example_xcomargs.py took 0.326 seconds
[2023-09-05T08:26:34.885+0000] {processor.py:157} INFO - Started process (PID=519) to work on /home/airflow/.local/lib/python3.8/site-packages/airflow/example_dags/example_xcomargs.py
[2023-09-05T08:26:34.886+0000] {processor.py:829} INFO - Processing file /home/airflow/.local/lib/python3.8/site-packages/airflow/example_dags/example_xcomargs.py for tasks to queue
[2023-09-05T08:26:34.887+0000] {logging_mixin.py:151} INFO - [2023-09-05T08:26:34.887+0000] {dagbag.py:539} INFO - Filling up the DagBag from /home/airflow/.local/lib/python3.8/site-packages/airflow/example_dags/example_xcomargs.py
[2023-09-05T08:26:34.899+0000] {processor.py:839} INFO - DAG(s) dict_keys(['example_xcom_args_with_operators', 'example_xcom_args']) retrieved from /home/airflow/.local/lib/python3.8/site-packages/airflow/example_dags/example_xcomargs.py
[2023-09-05T08:26:34.928+0000] {logging_mixin.py:151} INFO - [2023-09-05T08:26:34.927+0000] {dag.py:2907} INFO - Sync 2 DAGs
[2023-09-05T08:26:34.941+0000] {logging_mixin.py:151} INFO - [2023-09-05T08:26:34.941+0000] {dag.py:3677} INFO - Setting next_dagrun for example_xcom_args to None, run_after=None
[2023-09-05T08:26:34.944+0000] {logging_mixin.py:151} INFO - [2023-09-05T08:26:34.944+0000] {dag.py:3677} INFO - Setting next_dagrun for example_xcom_args_with_operators to None, run_after=None
[2023-09-05T08:26:34.959+0000] {processor.py:179} INFO - Processing /home/airflow/.local/lib/python3.8/site-packages/airflow/example_dags/example_xcomargs.py took 0.079 seconds
[2023-09-05T08:27:05.210+0000] {processor.py:157} INFO - Started process (PID=755) to work on /home/airflow/.local/lib/python3.8/site-packages/airflow/example_dags/example_xcomargs.py
[2023-09-05T08:27:05.211+0000] {processor.py:829} INFO - Processing file /home/airflow/.local/lib/python3.8/site-packages/airflow/example_dags/example_xcomargs.py for tasks to queue
[2023-09-05T08:27:05.212+0000] {logging_mixin.py:151} INFO - [2023-09-05T08:27:05.212+0000] {dagbag.py:539} INFO - Filling up the DagBag from /home/airflow/.local/lib/python3.8/site-packages/airflow/example_dags/example_xcomargs.py
[2023-09-05T08:27:05.222+0000] {processor.py:839} INFO - DAG(s) dict_keys(['example_xcom_args_with_operators', 'example_xcom_args']) retrieved from /home/airflow/.local/lib/python3.8/site-packages/airflow/example_dags/example_xcomargs.py
[2023-09-05T08:27:05.373+0000] {logging_mixin.py:151} INFO - [2023-09-05T08:27:05.373+0000] {dag.py:2907} INFO - Sync 2 DAGs
[2023-09-05T08:27:05.389+0000] {logging_mixin.py:151} INFO - [2023-09-05T08:27:05.388+0000] {dag.py:3677} INFO - Setting next_dagrun for example_xcom_args to None, run_after=None
[2023-09-05T08:27:05.393+0000] {logging_mixin.py:151} INFO - [2023-09-05T08:27:05.392+0000] {dag.py:3677} INFO - Setting next_dagrun for example_xcom_args_with_operators to None, run_after=None
[2023-09-05T08:27:05.413+0000] {processor.py:179} INFO - Processing /home/airflow/.local/lib/python3.8/site-packages/airflow/example_dags/example_xcomargs.py took 0.207 seconds
[2023-09-05T08:27:35.793+0000] {processor.py:157} INFO - Started process (PID=993) to work on /home/airflow/.local/lib/python3.8/site-packages/airflow/example_dags/example_xcomargs.py
[2023-09-05T08:27:35.796+0000] {processor.py:829} INFO - Processing file /home/airflow/.local/lib/python3.8/site-packages/airflow/example_dags/example_xcomargs.py for tasks to queue
[2023-09-05T08:27:35.797+0000] {logging_mixin.py:151} INFO - [2023-09-05T08:27:35.797+0000] {dagbag.py:539} INFO - Filling up the DagBag from /home/airflow/.local/lib/python3.8/site-packages/airflow/example_dags/example_xcomargs.py
[2023-09-05T08:27:35.810+0000] {processor.py:839} INFO - DAG(s) dict_keys(['example_xcom_args', 'example_xcom_args_with_operators']) retrieved from /home/airflow/.local/lib/python3.8/site-packages/airflow/example_dags/example_xcomargs.py
[2023-09-05T08:27:35.861+0000] {logging_mixin.py:151} INFO - [2023-09-05T08:27:35.861+0000] {dag.py:2907} INFO - Sync 2 DAGs
[2023-09-05T08:27:35.889+0000] {logging_mixin.py:151} INFO - [2023-09-05T08:27:35.888+0000] {dag.py:3677} INFO - Setting next_dagrun for example_xcom_args to None, run_after=None
[2023-09-05T08:27:35.897+0000] {logging_mixin.py:151} INFO - [2023-09-05T08:27:35.896+0000] {dag.py:3677} INFO - Setting next_dagrun for example_xcom_args_with_operators to None, run_after=None
[2023-09-05T08:27:35.946+0000] {processor.py:179} INFO - Processing /home/airflow/.local/lib/python3.8/site-packages/airflow/example_dags/example_xcomargs.py took 0.158 seconds
[2023-09-05T08:28:06.163+0000] {processor.py:157} INFO - Started process (PID=1231) to work on /home/airflow/.local/lib/python3.8/site-packages/airflow/example_dags/example_xcomargs.py
[2023-09-05T08:28:06.164+0000] {processor.py:829} INFO - Processing file /home/airflow/.local/lib/python3.8/site-packages/airflow/example_dags/example_xcomargs.py for tasks to queue
[2023-09-05T08:28:06.165+0000] {logging_mixin.py:151} INFO - [2023-09-05T08:28:06.165+0000] {dagbag.py:539} INFO - Filling up the DagBag from /home/airflow/.local/lib/python3.8/site-packages/airflow/example_dags/example_xcomargs.py
[2023-09-05T08:28:06.177+0000] {processor.py:839} INFO - DAG(s) dict_keys(['example_xcom_args', 'example_xcom_args_with_operators']) retrieved from /home/airflow/.local/lib/python3.8/site-packages/airflow/example_dags/example_xcomargs.py
[2023-09-05T08:28:06.220+0000] {logging_mixin.py:151} INFO - [2023-09-05T08:28:06.220+0000] {dag.py:2907} INFO - Sync 2 DAGs
[2023-09-05T08:28:06.248+0000] {logging_mixin.py:151} INFO - [2023-09-05T08:28:06.248+0000] {dag.py:3677} INFO - Setting next_dagrun for example_xcom_args to None, run_after=None
[2023-09-05T08:28:06.254+0000] {logging_mixin.py:151} INFO - [2023-09-05T08:28:06.254+0000] {dag.py:3677} INFO - Setting next_dagrun for example_xcom_args_with_operators to None, run_after=None
[2023-09-05T08:28:06.274+0000] {processor.py:179} INFO - Processing /home/airflow/.local/lib/python3.8/site-packages/airflow/example_dags/example_xcomargs.py took 0.115 seconds
[2023-09-05T08:28:43.788+0000] {processor.py:157} INFO - Started process (PID=1483) to work on /home/airflow/.local/lib/python3.8/site-packages/airflow/example_dags/example_xcomargs.py
[2023-09-05T08:28:43.798+0000] {processor.py:829} INFO - Processing file /home/airflow/.local/lib/python3.8/site-packages/airflow/example_dags/example_xcomargs.py for tasks to queue
[2023-09-05T08:28:43.804+0000] {logging_mixin.py:151} INFO - [2023-09-05T08:28:43.804+0000] {dagbag.py:539} INFO - Filling up the DagBag from /home/airflow/.local/lib/python3.8/site-packages/airflow/example_dags/example_xcomargs.py
[2023-09-05T08:28:43.964+0000] {processor.py:839} INFO - DAG(s) dict_keys(['example_xcom_args', 'example_xcom_args_with_operators']) retrieved from /home/airflow/.local/lib/python3.8/site-packages/airflow/example_dags/example_xcomargs.py
[2023-09-05T08:28:44.350+0000] {logging_mixin.py:151} INFO - [2023-09-05T08:28:44.349+0000] {dag.py:2907} INFO - Sync 2 DAGs
[2023-09-05T08:28:44.614+0000] {logging_mixin.py:151} INFO - [2023-09-05T08:28:44.614+0000] {dag.py:3677} INFO - Setting next_dagrun for example_xcom_args to None, run_after=None
[2023-09-05T08:28:44.704+0000] {logging_mixin.py:151} INFO - [2023-09-05T08:28:44.704+0000] {dag.py:3677} INFO - Setting next_dagrun for example_xcom_args_with_operators to None, run_after=None
[2023-09-05T08:28:45.020+0000] {processor.py:179} INFO - Processing /home/airflow/.local/lib/python3.8/site-packages/airflow/example_dags/example_xcomargs.py took 1.260 seconds
[2023-09-05T08:29:15.356+0000] {processor.py:157} INFO - Started process (PID=1759) to work on /home/airflow/.local/lib/python3.8/site-packages/airflow/example_dags/example_xcomargs.py
[2023-09-05T08:29:15.359+0000] {processor.py:829} INFO - Processing file /home/airflow/.local/lib/python3.8/site-packages/airflow/example_dags/example_xcomargs.py for tasks to queue
[2023-09-05T08:29:15.362+0000] {logging_mixin.py:151} INFO - [2023-09-05T08:29:15.361+0000] {dagbag.py:539} INFO - Filling up the DagBag from /home/airflow/.local/lib/python3.8/site-packages/airflow/example_dags/example_xcomargs.py
[2023-09-05T08:29:15.377+0000] {processor.py:839} INFO - DAG(s) dict_keys(['example_xcom_args_with_operators', 'example_xcom_args']) retrieved from /home/airflow/.local/lib/python3.8/site-packages/airflow/example_dags/example_xcomargs.py
[2023-09-05T08:29:15.419+0000] {logging_mixin.py:151} INFO - [2023-09-05T08:29:15.419+0000] {dag.py:2907} INFO - Sync 2 DAGs
[2023-09-05T08:29:15.447+0000] {logging_mixin.py:151} INFO - [2023-09-05T08:29:15.447+0000] {dag.py:3677} INFO - Setting next_dagrun for example_xcom_args to None, run_after=None
[2023-09-05T08:29:15.451+0000] {logging_mixin.py:151} INFO - [2023-09-05T08:29:15.451+0000] {dag.py:3677} INFO - Setting next_dagrun for example_xcom_args_with_operators to None, run_after=None
[2023-09-05T08:29:15.480+0000] {processor.py:179} INFO - Processing /home/airflow/.local/lib/python3.8/site-packages/airflow/example_dags/example_xcomargs.py took 0.131 seconds
[2023-09-05T08:29:46.276+0000] {processor.py:157} INFO - Started process (PID=1992) to work on /home/airflow/.local/lib/python3.8/site-packages/airflow/example_dags/example_xcomargs.py
[2023-09-05T08:29:46.278+0000] {processor.py:829} INFO - Processing file /home/airflow/.local/lib/python3.8/site-packages/airflow/example_dags/example_xcomargs.py for tasks to queue
[2023-09-05T08:29:46.279+0000] {logging_mixin.py:151} INFO - [2023-09-05T08:29:46.278+0000] {dagbag.py:539} INFO - Filling up the DagBag from /home/airflow/.local/lib/python3.8/site-packages/airflow/example_dags/example_xcomargs.py
[2023-09-05T08:29:46.291+0000] {processor.py:839} INFO - DAG(s) dict_keys(['example_xcom_args_with_operators', 'example_xcom_args']) retrieved from /home/airflow/.local/lib/python3.8/site-packages/airflow/example_dags/example_xcomargs.py
[2023-09-05T08:29:46.328+0000] {logging_mixin.py:151} INFO - [2023-09-05T08:29:46.328+0000] {dag.py:2907} INFO - Sync 2 DAGs
[2023-09-05T08:29:46.348+0000] {logging_mixin.py:151} INFO - [2023-09-05T08:29:46.348+0000] {dag.py:3677} INFO - Setting next_dagrun for example_xcom_args to None, run_after=None
[2023-09-05T08:29:46.351+0000] {logging_mixin.py:151} INFO - [2023-09-05T08:29:46.351+0000] {dag.py:3677} INFO - Setting next_dagrun for example_xcom_args_with_operators to None, run_after=None
[2023-09-05T08:29:46.374+0000] {processor.py:179} INFO - Processing /home/airflow/.local/lib/python3.8/site-packages/airflow/example_dags/example_xcomargs.py took 0.104 seconds
[2023-09-05T08:30:17.060+0000] {processor.py:157} INFO - Started process (PID=2230) to work on /home/airflow/.local/lib/python3.8/site-packages/airflow/example_dags/example_xcomargs.py
[2023-09-05T08:30:17.061+0000] {processor.py:829} INFO - Processing file /home/airflow/.local/lib/python3.8/site-packages/airflow/example_dags/example_xcomargs.py for tasks to queue
[2023-09-05T08:30:17.063+0000] {logging_mixin.py:151} INFO - [2023-09-05T08:30:17.062+0000] {dagbag.py:539} INFO - Filling up the DagBag from /home/airflow/.local/lib/python3.8/site-packages/airflow/example_dags/example_xcomargs.py
[2023-09-05T08:30:17.080+0000] {processor.py:839} INFO - DAG(s) dict_keys(['example_xcom_args', 'example_xcom_args_with_operators']) retrieved from /home/airflow/.local/lib/python3.8/site-packages/airflow/example_dags/example_xcomargs.py
[2023-09-05T08:30:17.121+0000] {logging_mixin.py:151} INFO - [2023-09-05T08:30:17.121+0000] {dag.py:2907} INFO - Sync 2 DAGs
[2023-09-05T08:30:17.141+0000] {logging_mixin.py:151} INFO - [2023-09-05T08:30:17.141+0000] {dag.py:3677} INFO - Setting next_dagrun for example_xcom_args to None, run_after=None
[2023-09-05T08:30:17.146+0000] {logging_mixin.py:151} INFO - [2023-09-05T08:30:17.145+0000] {dag.py:3677} INFO - Setting next_dagrun for example_xcom_args_with_operators to None, run_after=None
[2023-09-05T08:30:17.177+0000] {processor.py:179} INFO - Processing /home/airflow/.local/lib/python3.8/site-packages/airflow/example_dags/example_xcomargs.py took 0.127 seconds
[2023-09-05T08:30:47.266+0000] {processor.py:157} INFO - Started process (PID=2465) to work on /home/airflow/.local/lib/python3.8/site-packages/airflow/example_dags/example_xcomargs.py
[2023-09-05T08:30:47.272+0000] {processor.py:829} INFO - Processing file /home/airflow/.local/lib/python3.8/site-packages/airflow/example_dags/example_xcomargs.py for tasks to queue
[2023-09-05T08:30:47.276+0000] {logging_mixin.py:151} INFO - [2023-09-05T08:30:47.275+0000] {dagbag.py:539} INFO - Filling up the DagBag from /home/airflow/.local/lib/python3.8/site-packages/airflow/example_dags/example_xcomargs.py
[2023-09-05T08:30:47.311+0000] {processor.py:839} INFO - DAG(s) dict_keys(['example_xcom_args_with_operators', 'example_xcom_args']) retrieved from /home/airflow/.local/lib/python3.8/site-packages/airflow/example_dags/example_xcomargs.py
[2023-09-05T08:30:47.357+0000] {logging_mixin.py:151} INFO - [2023-09-05T08:30:47.357+0000] {dag.py:2907} INFO - Sync 2 DAGs
[2023-09-05T08:30:47.380+0000] {logging_mixin.py:151} INFO - [2023-09-05T08:30:47.379+0000] {dag.py:3677} INFO - Setting next_dagrun for example_xcom_args to None, run_after=None
[2023-09-05T08:30:47.387+0000] {logging_mixin.py:151} INFO - [2023-09-05T08:30:47.387+0000] {dag.py:3677} INFO - Setting next_dagrun for example_xcom_args_with_operators to None, run_after=None
[2023-09-05T08:30:47.421+0000] {processor.py:179} INFO - Processing /home/airflow/.local/lib/python3.8/site-packages/airflow/example_dags/example_xcomargs.py took 0.173 seconds
