[2023-09-05T08:25:56.684+0000] {processor.py:157} INFO - Started process (PID=193) to work on /home/airflow/.local/lib/python3.8/site-packages/airflow/example_dags/example_skip_dag.py
[2023-09-05T08:25:56.685+0000] {processor.py:829} INFO - Processing file /home/airflow/.local/lib/python3.8/site-packages/airflow/example_dags/example_skip_dag.py for tasks to queue
[2023-09-05T08:25:56.687+0000] {logging_mixin.py:151} INFO - [2023-09-05T08:25:56.686+0000] {dagbag.py:539} INFO - Filling up the DagBag from /home/airflow/.local/lib/python3.8/site-packages/airflow/example_dags/example_skip_dag.py
[2023-09-05T08:25:56.731+0000] {processor.py:839} INFO - DAG(s) dict_keys(['example_skip_dag']) retrieved from /home/airflow/.local/lib/python3.8/site-packages/airflow/example_dags/example_skip_dag.py
[2023-09-05T08:25:56.788+0000] {logging_mixin.py:151} INFO - [2023-09-05T08:25:56.788+0000] {dag.py:2907} INFO - Sync 1 DAGs
[2023-09-05T08:25:57.003+0000] {logging_mixin.py:151} INFO - [2023-09-05T08:25:56.991+0000] {dag.py:3677} INFO - Setting next_dagrun for example_skip_dag to 2023-09-04T08:25:56.990229+00:00, run_after=2023-09-05T08:25:56.990229+00:00
[2023-09-05T08:25:57.196+0000] {processor.py:179} INFO - Processing /home/airflow/.local/lib/python3.8/site-packages/airflow/example_dags/example_skip_dag.py took 0.526 seconds
[2023-09-05T08:26:27.732+0000] {processor.py:157} INFO - Started process (PID=422) to work on /home/airflow/.local/lib/python3.8/site-packages/airflow/example_dags/example_skip_dag.py
[2023-09-05T08:26:27.733+0000] {processor.py:829} INFO - Processing file /home/airflow/.local/lib/python3.8/site-packages/airflow/example_dags/example_skip_dag.py for tasks to queue
[2023-09-05T08:26:27.734+0000] {logging_mixin.py:151} INFO - [2023-09-05T08:26:27.734+0000] {dagbag.py:539} INFO - Filling up the DagBag from /home/airflow/.local/lib/python3.8/site-packages/airflow/example_dags/example_skip_dag.py
[2023-09-05T08:26:27.743+0000] {processor.py:839} INFO - DAG(s) dict_keys(['example_skip_dag']) retrieved from /home/airflow/.local/lib/python3.8/site-packages/airflow/example_dags/example_skip_dag.py
[2023-09-05T08:26:27.769+0000] {logging_mixin.py:151} INFO - [2023-09-05T08:26:27.769+0000] {dag.py:2907} INFO - Sync 1 DAGs
[2023-09-05T08:26:27.798+0000] {logging_mixin.py:151} INFO - [2023-09-05T08:26:27.798+0000] {dag.py:3677} INFO - Setting next_dagrun for example_skip_dag to 2023-09-04T08:26:27.797913+00:00, run_after=2023-09-05T08:26:27.797913+00:00
[2023-09-05T08:26:27.821+0000] {processor.py:179} INFO - Processing /home/airflow/.local/lib/python3.8/site-packages/airflow/example_dags/example_skip_dag.py took 0.093 seconds
[2023-09-05T08:26:57.897+0000] {processor.py:157} INFO - Started process (PID=660) to work on /home/airflow/.local/lib/python3.8/site-packages/airflow/example_dags/example_skip_dag.py
[2023-09-05T08:26:57.899+0000] {processor.py:829} INFO - Processing file /home/airflow/.local/lib/python3.8/site-packages/airflow/example_dags/example_skip_dag.py for tasks to queue
[2023-09-05T08:26:57.901+0000] {logging_mixin.py:151} INFO - [2023-09-05T08:26:57.900+0000] {dagbag.py:539} INFO - Filling up the DagBag from /home/airflow/.local/lib/python3.8/site-packages/airflow/example_dags/example_skip_dag.py
[2023-09-05T08:26:57.910+0000] {processor.py:839} INFO - DAG(s) dict_keys(['example_skip_dag']) retrieved from /home/airflow/.local/lib/python3.8/site-packages/airflow/example_dags/example_skip_dag.py
[2023-09-05T08:26:57.940+0000] {logging_mixin.py:151} INFO - [2023-09-05T08:26:57.939+0000] {dag.py:2907} INFO - Sync 1 DAGs
[2023-09-05T08:26:58.148+0000] {logging_mixin.py:151} INFO - [2023-09-05T08:26:58.148+0000] {dag.py:3677} INFO - Setting next_dagrun for example_skip_dag to 2023-09-04T08:26:58.148269+00:00, run_after=2023-09-05T08:26:58.148269+00:00
[2023-09-05T08:26:58.180+0000] {processor.py:179} INFO - Processing /home/airflow/.local/lib/python3.8/site-packages/airflow/example_dags/example_skip_dag.py took 0.287 seconds
[2023-09-05T08:27:28.293+0000] {processor.py:157} INFO - Started process (PID=898) to work on /home/airflow/.local/lib/python3.8/site-packages/airflow/example_dags/example_skip_dag.py
[2023-09-05T08:27:28.294+0000] {processor.py:829} INFO - Processing file /home/airflow/.local/lib/python3.8/site-packages/airflow/example_dags/example_skip_dag.py for tasks to queue
[2023-09-05T08:27:28.300+0000] {logging_mixin.py:151} INFO - [2023-09-05T08:27:28.299+0000] {dagbag.py:539} INFO - Filling up the DagBag from /home/airflow/.local/lib/python3.8/site-packages/airflow/example_dags/example_skip_dag.py
[2023-09-05T08:27:28.329+0000] {processor.py:839} INFO - DAG(s) dict_keys(['example_skip_dag']) retrieved from /home/airflow/.local/lib/python3.8/site-packages/airflow/example_dags/example_skip_dag.py
[2023-09-05T08:27:28.447+0000] {logging_mixin.py:151} INFO - [2023-09-05T08:27:28.446+0000] {dag.py:2907} INFO - Sync 1 DAGs
[2023-09-05T08:27:28.510+0000] {logging_mixin.py:151} INFO - [2023-09-05T08:27:28.509+0000] {dag.py:3677} INFO - Setting next_dagrun for example_skip_dag to 2023-09-04T08:27:28.509375+00:00, run_after=2023-09-05T08:27:28.509375+00:00
[2023-09-05T08:27:28.562+0000] {processor.py:179} INFO - Processing /home/airflow/.local/lib/python3.8/site-packages/airflow/example_dags/example_skip_dag.py took 0.277 seconds
[2023-09-05T08:27:58.798+0000] {processor.py:157} INFO - Started process (PID=1143) to work on /home/airflow/.local/lib/python3.8/site-packages/airflow/example_dags/example_skip_dag.py
[2023-09-05T08:27:58.801+0000] {processor.py:829} INFO - Processing file /home/airflow/.local/lib/python3.8/site-packages/airflow/example_dags/example_skip_dag.py for tasks to queue
[2023-09-05T08:27:58.803+0000] {logging_mixin.py:151} INFO - [2023-09-05T08:27:58.803+0000] {dagbag.py:539} INFO - Filling up the DagBag from /home/airflow/.local/lib/python3.8/site-packages/airflow/example_dags/example_skip_dag.py
[2023-09-05T08:27:58.824+0000] {processor.py:839} INFO - DAG(s) dict_keys(['example_skip_dag']) retrieved from /home/airflow/.local/lib/python3.8/site-packages/airflow/example_dags/example_skip_dag.py
[2023-09-05T08:27:58.881+0000] {logging_mixin.py:151} INFO - [2023-09-05T08:27:58.880+0000] {dag.py:2907} INFO - Sync 1 DAGs
[2023-09-05T08:27:58.954+0000] {logging_mixin.py:151} INFO - [2023-09-05T08:27:58.954+0000] {dag.py:3677} INFO - Setting next_dagrun for example_skip_dag to 2023-09-04T08:27:58.953828+00:00, run_after=2023-09-05T08:27:58.953828+00:00
[2023-09-05T08:27:59.018+0000] {processor.py:179} INFO - Processing /home/airflow/.local/lib/python3.8/site-packages/airflow/example_dags/example_skip_dag.py took 0.229 seconds
[2023-09-05T08:28:29.590+0000] {processor.py:157} INFO - Started process (PID=1377) to work on /home/airflow/.local/lib/python3.8/site-packages/airflow/example_dags/example_skip_dag.py
[2023-09-05T08:28:29.598+0000] {processor.py:829} INFO - Processing file /home/airflow/.local/lib/python3.8/site-packages/airflow/example_dags/example_skip_dag.py for tasks to queue
[2023-09-05T08:28:29.602+0000] {logging_mixin.py:151} INFO - [2023-09-05T08:28:29.600+0000] {dagbag.py:539} INFO - Filling up the DagBag from /home/airflow/.local/lib/python3.8/site-packages/airflow/example_dags/example_skip_dag.py
[2023-09-05T08:28:29.635+0000] {processor.py:839} INFO - DAG(s) dict_keys(['example_skip_dag']) retrieved from /home/airflow/.local/lib/python3.8/site-packages/airflow/example_dags/example_skip_dag.py
[2023-09-05T08:28:29.808+0000] {logging_mixin.py:151} INFO - [2023-09-05T08:28:29.807+0000] {dag.py:2907} INFO - Sync 1 DAGs
[2023-09-05T08:28:29.904+0000] {logging_mixin.py:151} INFO - [2023-09-05T08:28:29.895+0000] {dag.py:3677} INFO - Setting next_dagrun for example_skip_dag to 2023-09-04T08:28:29.895010+00:00, run_after=2023-09-05T08:28:29.895010+00:00
[2023-09-05T08:28:29.971+0000] {processor.py:179} INFO - Processing /home/airflow/.local/lib/python3.8/site-packages/airflow/example_dags/example_skip_dag.py took 0.391 seconds
[2023-09-05T08:29:00.769+0000] {processor.py:157} INFO - Started process (PID=1658) to work on /home/airflow/.local/lib/python3.8/site-packages/airflow/example_dags/example_skip_dag.py
[2023-09-05T08:29:00.772+0000] {processor.py:829} INFO - Processing file /home/airflow/.local/lib/python3.8/site-packages/airflow/example_dags/example_skip_dag.py for tasks to queue
[2023-09-05T08:29:00.775+0000] {logging_mixin.py:151} INFO - [2023-09-05T08:29:00.773+0000] {dagbag.py:539} INFO - Filling up the DagBag from /home/airflow/.local/lib/python3.8/site-packages/airflow/example_dags/example_skip_dag.py
[2023-09-05T08:29:00.818+0000] {processor.py:839} INFO - DAG(s) dict_keys(['example_skip_dag']) retrieved from /home/airflow/.local/lib/python3.8/site-packages/airflow/example_dags/example_skip_dag.py
[2023-09-05T08:29:00.989+0000] {logging_mixin.py:151} INFO - [2023-09-05T08:29:00.988+0000] {dag.py:2907} INFO - Sync 1 DAGs
[2023-09-05T08:29:01.057+0000] {logging_mixin.py:151} INFO - [2023-09-05T08:29:01.057+0000] {dag.py:3677} INFO - Setting next_dagrun for example_skip_dag to 2023-09-04T08:29:01.056558+00:00, run_after=2023-09-05T08:29:01.056558+00:00
[2023-09-05T08:29:01.117+0000] {processor.py:179} INFO - Processing /home/airflow/.local/lib/python3.8/site-packages/airflow/example_dags/example_skip_dag.py took 0.357 seconds
[2023-09-05T08:29:31.353+0000] {processor.py:157} INFO - Started process (PID=1896) to work on /home/airflow/.local/lib/python3.8/site-packages/airflow/example_dags/example_skip_dag.py
[2023-09-05T08:29:31.354+0000] {processor.py:829} INFO - Processing file /home/airflow/.local/lib/python3.8/site-packages/airflow/example_dags/example_skip_dag.py for tasks to queue
[2023-09-05T08:29:31.355+0000] {logging_mixin.py:151} INFO - [2023-09-05T08:29:31.355+0000] {dagbag.py:539} INFO - Filling up the DagBag from /home/airflow/.local/lib/python3.8/site-packages/airflow/example_dags/example_skip_dag.py
[2023-09-05T08:29:31.378+0000] {processor.py:839} INFO - DAG(s) dict_keys(['example_skip_dag']) retrieved from /home/airflow/.local/lib/python3.8/site-packages/airflow/example_dags/example_skip_dag.py
[2023-09-05T08:29:31.409+0000] {logging_mixin.py:151} INFO - [2023-09-05T08:29:31.409+0000] {dag.py:2907} INFO - Sync 1 DAGs
[2023-09-05T08:29:31.436+0000] {logging_mixin.py:151} INFO - [2023-09-05T08:29:31.436+0000] {dag.py:3677} INFO - Setting next_dagrun for example_skip_dag to 2023-09-04T08:29:31.435859+00:00, run_after=2023-09-05T08:29:31.435859+00:00
[2023-09-05T08:29:31.455+0000] {processor.py:179} INFO - Processing /home/airflow/.local/lib/python3.8/site-packages/airflow/example_dags/example_skip_dag.py took 0.112 seconds
[2023-09-05T08:30:02.430+0000] {processor.py:157} INFO - Started process (PID=2134) to work on /home/airflow/.local/lib/python3.8/site-packages/airflow/example_dags/example_skip_dag.py
[2023-09-05T08:30:02.435+0000] {processor.py:829} INFO - Processing file /home/airflow/.local/lib/python3.8/site-packages/airflow/example_dags/example_skip_dag.py for tasks to queue
[2023-09-05T08:30:02.441+0000] {logging_mixin.py:151} INFO - [2023-09-05T08:30:02.440+0000] {dagbag.py:539} INFO - Filling up the DagBag from /home/airflow/.local/lib/python3.8/site-packages/airflow/example_dags/example_skip_dag.py
[2023-09-05T08:30:02.456+0000] {processor.py:839} INFO - DAG(s) dict_keys(['example_skip_dag']) retrieved from /home/airflow/.local/lib/python3.8/site-packages/airflow/example_dags/example_skip_dag.py
[2023-09-05T08:30:02.502+0000] {logging_mixin.py:151} INFO - [2023-09-05T08:30:02.502+0000] {dag.py:2907} INFO - Sync 1 DAGs
[2023-09-05T08:30:02.541+0000] {logging_mixin.py:151} INFO - [2023-09-05T08:30:02.540+0000] {dag.py:3677} INFO - Setting next_dagrun for example_skip_dag to 2023-09-04T08:30:02.540641+00:00, run_after=2023-09-05T08:30:02.540641+00:00
[2023-09-05T08:30:02.586+0000] {processor.py:179} INFO - Processing /home/airflow/.local/lib/python3.8/site-packages/airflow/example_dags/example_skip_dag.py took 0.168 seconds
[2023-09-05T08:30:32.673+0000] {processor.py:157} INFO - Started process (PID=2372) to work on /home/airflow/.local/lib/python3.8/site-packages/airflow/example_dags/example_skip_dag.py
[2023-09-05T08:30:32.676+0000] {processor.py:829} INFO - Processing file /home/airflow/.local/lib/python3.8/site-packages/airflow/example_dags/example_skip_dag.py for tasks to queue
[2023-09-05T08:30:32.678+0000] {logging_mixin.py:151} INFO - [2023-09-05T08:30:32.677+0000] {dagbag.py:539} INFO - Filling up the DagBag from /home/airflow/.local/lib/python3.8/site-packages/airflow/example_dags/example_skip_dag.py
[2023-09-05T08:30:32.700+0000] {processor.py:839} INFO - DAG(s) dict_keys(['example_skip_dag']) retrieved from /home/airflow/.local/lib/python3.8/site-packages/airflow/example_dags/example_skip_dag.py
[2023-09-05T08:30:32.752+0000] {logging_mixin.py:151} INFO - [2023-09-05T08:30:32.752+0000] {dag.py:2907} INFO - Sync 1 DAGs
[2023-09-05T08:30:32.796+0000] {logging_mixin.py:151} INFO - [2023-09-05T08:30:32.796+0000] {dag.py:3677} INFO - Setting next_dagrun for example_skip_dag to 2023-09-04T08:30:32.795767+00:00, run_after=2023-09-05T08:30:32.795767+00:00
[2023-09-05T08:30:32.833+0000] {processor.py:179} INFO - Processing /home/airflow/.local/lib/python3.8/site-packages/airflow/example_dags/example_skip_dag.py took 0.166 seconds
[2023-09-05T08:31:03.545+0000] {processor.py:157} INFO - Started process (PID=2610) to work on /home/airflow/.local/lib/python3.8/site-packages/airflow/example_dags/example_skip_dag.py
[2023-09-05T08:31:03.546+0000] {processor.py:829} INFO - Processing file /home/airflow/.local/lib/python3.8/site-packages/airflow/example_dags/example_skip_dag.py for tasks to queue
[2023-09-05T08:31:03.547+0000] {logging_mixin.py:151} INFO - [2023-09-05T08:31:03.547+0000] {dagbag.py:539} INFO - Filling up the DagBag from /home/airflow/.local/lib/python3.8/site-packages/airflow/example_dags/example_skip_dag.py
[2023-09-05T08:31:03.556+0000] {processor.py:839} INFO - DAG(s) dict_keys(['example_skip_dag']) retrieved from /home/airflow/.local/lib/python3.8/site-packages/airflow/example_dags/example_skip_dag.py
[2023-09-05T08:31:03.581+0000] {logging_mixin.py:151} INFO - [2023-09-05T08:31:03.580+0000] {dag.py:2907} INFO - Sync 1 DAGs
[2023-09-05T08:31:03.608+0000] {logging_mixin.py:151} INFO - [2023-09-05T08:31:03.608+0000] {dag.py:3677} INFO - Setting next_dagrun for example_skip_dag to 2023-09-04T08:31:03.608496+00:00, run_after=2023-09-05T08:31:03.608496+00:00
[2023-09-05T08:31:03.632+0000] {processor.py:179} INFO - Processing /home/airflow/.local/lib/python3.8/site-packages/airflow/example_dags/example_skip_dag.py took 0.092 seconds
