[2023-09-05T08:26:00.294+0000] {processor.py:157} INFO - Started process (PID=224) to work on /home/airflow/.local/lib/python3.8/site-packages/airflow/example_dags/example_task_group.py
[2023-09-05T08:26:00.295+0000] {processor.py:829} INFO - Processing file /home/airflow/.local/lib/python3.8/site-packages/airflow/example_dags/example_task_group.py for tasks to queue
[2023-09-05T08:26:00.297+0000] {logging_mixin.py:151} INFO - [2023-09-05T08:26:00.296+0000] {dagbag.py:539} INFO - Filling up the DagBag from /home/airflow/.local/lib/python3.8/site-packages/airflow/example_dags/example_task_group.py
[2023-09-05T08:26:00.341+0000] {processor.py:839} INFO - DAG(s) dict_keys(['example_task_group']) retrieved from /home/airflow/.local/lib/python3.8/site-packages/airflow/example_dags/example_task_group.py
[2023-09-05T08:26:00.397+0000] {logging_mixin.py:151} INFO - [2023-09-05T08:26:00.397+0000] {dag.py:2907} INFO - Sync 1 DAGs
[2023-09-05T08:26:00.651+0000] {logging_mixin.py:151} INFO - [2023-09-05T08:26:00.644+0000] {dag.py:3677} INFO - Setting next_dagrun for example_task_group to 2023-09-04T08:26:00.644209+00:00, run_after=2023-09-05T08:26:00.644209+00:00
[2023-09-05T08:26:00.837+0000] {processor.py:179} INFO - Processing /home/airflow/.local/lib/python3.8/site-packages/airflow/example_dags/example_task_group.py took 0.551 seconds
[2023-09-05T08:26:31.625+0000] {processor.py:157} INFO - Started process (PID=462) to work on /home/airflow/.local/lib/python3.8/site-packages/airflow/example_dags/example_task_group.py
[2023-09-05T08:26:31.626+0000] {processor.py:829} INFO - Processing file /home/airflow/.local/lib/python3.8/site-packages/airflow/example_dags/example_task_group.py for tasks to queue
[2023-09-05T08:26:31.627+0000] {logging_mixin.py:151} INFO - [2023-09-05T08:26:31.627+0000] {dagbag.py:539} INFO - Filling up the DagBag from /home/airflow/.local/lib/python3.8/site-packages/airflow/example_dags/example_task_group.py
[2023-09-05T08:26:31.638+0000] {processor.py:839} INFO - DAG(s) dict_keys(['example_task_group']) retrieved from /home/airflow/.local/lib/python3.8/site-packages/airflow/example_dags/example_task_group.py
[2023-09-05T08:26:31.667+0000] {logging_mixin.py:151} INFO - [2023-09-05T08:26:31.667+0000] {dag.py:2907} INFO - Sync 1 DAGs
[2023-09-05T08:26:31.703+0000] {logging_mixin.py:151} INFO - [2023-09-05T08:26:31.702+0000] {dag.py:3677} INFO - Setting next_dagrun for example_task_group to 2023-09-04T08:26:31.702519+00:00, run_after=2023-09-05T08:26:31.702519+00:00
[2023-09-05T08:26:31.731+0000] {processor.py:179} INFO - Processing /home/airflow/.local/lib/python3.8/site-packages/airflow/example_dags/example_task_group.py took 0.111 seconds
[2023-09-05T08:27:01.949+0000] {processor.py:157} INFO - Started process (PID=697) to work on /home/airflow/.local/lib/python3.8/site-packages/airflow/example_dags/example_task_group.py
[2023-09-05T08:27:01.952+0000] {processor.py:829} INFO - Processing file /home/airflow/.local/lib/python3.8/site-packages/airflow/example_dags/example_task_group.py for tasks to queue
[2023-09-05T08:27:01.954+0000] {logging_mixin.py:151} INFO - [2023-09-05T08:27:01.953+0000] {dagbag.py:539} INFO - Filling up the DagBag from /home/airflow/.local/lib/python3.8/site-packages/airflow/example_dags/example_task_group.py
[2023-09-05T08:27:01.963+0000] {processor.py:839} INFO - DAG(s) dict_keys(['example_task_group']) retrieved from /home/airflow/.local/lib/python3.8/site-packages/airflow/example_dags/example_task_group.py
[2023-09-05T08:27:01.995+0000] {logging_mixin.py:151} INFO - [2023-09-05T08:27:01.995+0000] {dag.py:2907} INFO - Sync 1 DAGs
[2023-09-05T08:27:02.191+0000] {logging_mixin.py:151} INFO - [2023-09-05T08:27:02.191+0000] {dag.py:3677} INFO - Setting next_dagrun for example_task_group to 2023-09-04T08:27:02.191125+00:00, run_after=2023-09-05T08:27:02.191125+00:00
[2023-09-05T08:27:02.220+0000] {processor.py:179} INFO - Processing /home/airflow/.local/lib/python3.8/site-packages/airflow/example_dags/example_task_group.py took 0.276 seconds
[2023-09-05T08:27:32.338+0000] {processor.py:157} INFO - Started process (PID=935) to work on /home/airflow/.local/lib/python3.8/site-packages/airflow/example_dags/example_task_group.py
[2023-09-05T08:27:32.341+0000] {processor.py:829} INFO - Processing file /home/airflow/.local/lib/python3.8/site-packages/airflow/example_dags/example_task_group.py for tasks to queue
[2023-09-05T08:27:32.344+0000] {logging_mixin.py:151} INFO - [2023-09-05T08:27:32.344+0000] {dagbag.py:539} INFO - Filling up the DagBag from /home/airflow/.local/lib/python3.8/site-packages/airflow/example_dags/example_task_group.py
[2023-09-05T08:27:32.362+0000] {processor.py:839} INFO - DAG(s) dict_keys(['example_task_group']) retrieved from /home/airflow/.local/lib/python3.8/site-packages/airflow/example_dags/example_task_group.py
[2023-09-05T08:27:32.425+0000] {logging_mixin.py:151} INFO - [2023-09-05T08:27:32.425+0000] {dag.py:2907} INFO - Sync 1 DAGs
[2023-09-05T08:27:32.495+0000] {logging_mixin.py:151} INFO - [2023-09-05T08:27:32.494+0000] {dag.py:3677} INFO - Setting next_dagrun for example_task_group to 2023-09-04T08:27:32.494173+00:00, run_after=2023-09-05T08:27:32.494173+00:00
[2023-09-05T08:27:32.546+0000] {processor.py:179} INFO - Processing /home/airflow/.local/lib/python3.8/site-packages/airflow/example_dags/example_task_group.py took 0.216 seconds
[2023-09-05T08:28:02.628+0000] {processor.py:157} INFO - Started process (PID=1173) to work on /home/airflow/.local/lib/python3.8/site-packages/airflow/example_dags/example_task_group.py
[2023-09-05T08:28:02.630+0000] {processor.py:829} INFO - Processing file /home/airflow/.local/lib/python3.8/site-packages/airflow/example_dags/example_task_group.py for tasks to queue
[2023-09-05T08:28:02.632+0000] {logging_mixin.py:151} INFO - [2023-09-05T08:28:02.631+0000] {dagbag.py:539} INFO - Filling up the DagBag from /home/airflow/.local/lib/python3.8/site-packages/airflow/example_dags/example_task_group.py
[2023-09-05T08:28:02.660+0000] {processor.py:839} INFO - DAG(s) dict_keys(['example_task_group']) retrieved from /home/airflow/.local/lib/python3.8/site-packages/airflow/example_dags/example_task_group.py
[2023-09-05T08:28:02.756+0000] {logging_mixin.py:151} INFO - [2023-09-05T08:28:02.755+0000] {dag.py:2907} INFO - Sync 1 DAGs
[2023-09-05T08:28:02.819+0000] {logging_mixin.py:151} INFO - [2023-09-05T08:28:02.818+0000] {dag.py:3677} INFO - Setting next_dagrun for example_task_group to 2023-09-04T08:28:02.818481+00:00, run_after=2023-09-05T08:28:02.818481+00:00
[2023-09-05T08:28:02.894+0000] {processor.py:179} INFO - Processing /home/airflow/.local/lib/python3.8/site-packages/airflow/example_dags/example_task_group.py took 0.272 seconds
[2023-09-05T08:28:33.632+0000] {processor.py:157} INFO - Started process (PID=1421) to work on /home/airflow/.local/lib/python3.8/site-packages/airflow/example_dags/example_task_group.py
[2023-09-05T08:28:33.633+0000] {processor.py:829} INFO - Processing file /home/airflow/.local/lib/python3.8/site-packages/airflow/example_dags/example_task_group.py for tasks to queue
[2023-09-05T08:28:33.635+0000] {logging_mixin.py:151} INFO - [2023-09-05T08:28:33.634+0000] {dagbag.py:539} INFO - Filling up the DagBag from /home/airflow/.local/lib/python3.8/site-packages/airflow/example_dags/example_task_group.py
[2023-09-05T08:28:33.695+0000] {processor.py:839} INFO - DAG(s) dict_keys(['example_task_group']) retrieved from /home/airflow/.local/lib/python3.8/site-packages/airflow/example_dags/example_task_group.py
[2023-09-05T08:28:34.103+0000] {logging_mixin.py:151} INFO - [2023-09-05T08:28:34.103+0000] {dag.py:2907} INFO - Sync 1 DAGs
[2023-09-05T08:28:34.485+0000] {logging_mixin.py:151} INFO - [2023-09-05T08:28:34.481+0000] {dag.py:3677} INFO - Setting next_dagrun for example_task_group to 2023-09-04T08:28:34.480692+00:00, run_after=2023-09-05T08:28:34.480692+00:00
[2023-09-05T08:28:34.740+0000] {processor.py:179} INFO - Processing /home/airflow/.local/lib/python3.8/site-packages/airflow/example_dags/example_task_group.py took 1.121 seconds
[2023-09-05T08:29:05.143+0000] {processor.py:157} INFO - Started process (PID=1696) to work on /home/airflow/.local/lib/python3.8/site-packages/airflow/example_dags/example_task_group.py
[2023-09-05T08:29:05.147+0000] {processor.py:829} INFO - Processing file /home/airflow/.local/lib/python3.8/site-packages/airflow/example_dags/example_task_group.py for tasks to queue
[2023-09-05T08:29:05.150+0000] {logging_mixin.py:151} INFO - [2023-09-05T08:29:05.149+0000] {dagbag.py:539} INFO - Filling up the DagBag from /home/airflow/.local/lib/python3.8/site-packages/airflow/example_dags/example_task_group.py
[2023-09-05T08:29:05.185+0000] {processor.py:839} INFO - DAG(s) dict_keys(['example_task_group']) retrieved from /home/airflow/.local/lib/python3.8/site-packages/airflow/example_dags/example_task_group.py
[2023-09-05T08:29:05.316+0000] {logging_mixin.py:151} INFO - [2023-09-05T08:29:05.316+0000] {dag.py:2907} INFO - Sync 1 DAGs
[2023-09-05T08:29:05.418+0000] {logging_mixin.py:151} INFO - [2023-09-05T08:29:05.415+0000] {dag.py:3677} INFO - Setting next_dagrun for example_task_group to 2023-09-04T08:29:05.414327+00:00, run_after=2023-09-05T08:29:05.414327+00:00
[2023-09-05T08:29:05.518+0000] {processor.py:179} INFO - Processing /home/airflow/.local/lib/python3.8/site-packages/airflow/example_dags/example_task_group.py took 0.391 seconds
[2023-09-05T08:29:35.844+0000] {processor.py:157} INFO - Started process (PID=1932) to work on /home/airflow/.local/lib/python3.8/site-packages/airflow/example_dags/example_task_group.py
[2023-09-05T08:29:35.845+0000] {processor.py:829} INFO - Processing file /home/airflow/.local/lib/python3.8/site-packages/airflow/example_dags/example_task_group.py for tasks to queue
[2023-09-05T08:29:35.846+0000] {logging_mixin.py:151} INFO - [2023-09-05T08:29:35.846+0000] {dagbag.py:539} INFO - Filling up the DagBag from /home/airflow/.local/lib/python3.8/site-packages/airflow/example_dags/example_task_group.py
[2023-09-05T08:29:35.854+0000] {processor.py:839} INFO - DAG(s) dict_keys(['example_task_group']) retrieved from /home/airflow/.local/lib/python3.8/site-packages/airflow/example_dags/example_task_group.py
[2023-09-05T08:29:35.876+0000] {logging_mixin.py:151} INFO - [2023-09-05T08:29:35.876+0000] {dag.py:2907} INFO - Sync 1 DAGs
[2023-09-05T08:29:35.898+0000] {logging_mixin.py:151} INFO - [2023-09-05T08:29:35.897+0000] {dag.py:3677} INFO - Setting next_dagrun for example_task_group to 2023-09-04T08:29:35.897664+00:00, run_after=2023-09-05T08:29:35.897664+00:00
[2023-09-05T08:29:35.940+0000] {processor.py:179} INFO - Processing /home/airflow/.local/lib/python3.8/site-packages/airflow/example_dags/example_task_group.py took 0.099 seconds
[2023-09-05T08:30:06.640+0000] {processor.py:157} INFO - Started process (PID=2170) to work on /home/airflow/.local/lib/python3.8/site-packages/airflow/example_dags/example_task_group.py
[2023-09-05T08:30:06.642+0000] {processor.py:829} INFO - Processing file /home/airflow/.local/lib/python3.8/site-packages/airflow/example_dags/example_task_group.py for tasks to queue
[2023-09-05T08:30:06.645+0000] {logging_mixin.py:151} INFO - [2023-09-05T08:30:06.644+0000] {dagbag.py:539} INFO - Filling up the DagBag from /home/airflow/.local/lib/python3.8/site-packages/airflow/example_dags/example_task_group.py
[2023-09-05T08:30:06.663+0000] {processor.py:839} INFO - DAG(s) dict_keys(['example_task_group']) retrieved from /home/airflow/.local/lib/python3.8/site-packages/airflow/example_dags/example_task_group.py
[2023-09-05T08:30:06.697+0000] {logging_mixin.py:151} INFO - [2023-09-05T08:30:06.697+0000] {dag.py:2907} INFO - Sync 1 DAGs
[2023-09-05T08:30:06.728+0000] {logging_mixin.py:151} INFO - [2023-09-05T08:30:06.728+0000] {dag.py:3677} INFO - Setting next_dagrun for example_task_group to 2023-09-04T08:30:06.727948+00:00, run_after=2023-09-05T08:30:06.727948+00:00
[2023-09-05T08:30:06.753+0000] {processor.py:179} INFO - Processing /home/airflow/.local/lib/python3.8/site-packages/airflow/example_dags/example_task_group.py took 0.125 seconds
[2023-09-05T08:30:36.832+0000] {processor.py:157} INFO - Started process (PID=2405) to work on /home/airflow/.local/lib/python3.8/site-packages/airflow/example_dags/example_task_group.py
[2023-09-05T08:30:36.832+0000] {processor.py:829} INFO - Processing file /home/airflow/.local/lib/python3.8/site-packages/airflow/example_dags/example_task_group.py for tasks to queue
[2023-09-05T08:30:36.833+0000] {logging_mixin.py:151} INFO - [2023-09-05T08:30:36.833+0000] {dagbag.py:539} INFO - Filling up the DagBag from /home/airflow/.local/lib/python3.8/site-packages/airflow/example_dags/example_task_group.py
[2023-09-05T08:30:36.844+0000] {processor.py:839} INFO - DAG(s) dict_keys(['example_task_group']) retrieved from /home/airflow/.local/lib/python3.8/site-packages/airflow/example_dags/example_task_group.py
[2023-09-05T08:30:36.879+0000] {logging_mixin.py:151} INFO - [2023-09-05T08:30:36.878+0000] {dag.py:2907} INFO - Sync 1 DAGs
[2023-09-05T08:30:36.913+0000] {logging_mixin.py:151} INFO - [2023-09-05T08:30:36.912+0000] {dag.py:3677} INFO - Setting next_dagrun for example_task_group to 2023-09-04T08:30:36.912718+00:00, run_after=2023-09-05T08:30:36.912718+00:00
[2023-09-05T08:30:36.940+0000] {processor.py:179} INFO - Processing /home/airflow/.local/lib/python3.8/site-packages/airflow/example_dags/example_task_group.py took 0.112 seconds
