[2023-09-05T08:26:05.187+0000] {processor.py:157} INFO - Started process (PID=299) to work on /home/airflow/.local/lib/python3.8/site-packages/airflow/example_dags/example_task_group_decorator.py
[2023-09-05T08:26:05.188+0000] {processor.py:829} INFO - Processing file /home/airflow/.local/lib/python3.8/site-packages/airflow/example_dags/example_task_group_decorator.py for tasks to queue
[2023-09-05T08:26:05.189+0000] {logging_mixin.py:151} INFO - [2023-09-05T08:26:05.189+0000] {dagbag.py:539} INFO - Filling up the DagBag from /home/airflow/.local/lib/python3.8/site-packages/airflow/example_dags/example_task_group_decorator.py
[2023-09-05T08:26:05.220+0000] {processor.py:839} INFO - DAG(s) dict_keys(['example_task_group_decorator']) retrieved from /home/airflow/.local/lib/python3.8/site-packages/airflow/example_dags/example_task_group_decorator.py
[2023-09-05T08:26:05.239+0000] {logging_mixin.py:151} INFO - [2023-09-05T08:26:05.239+0000] {dag.py:2907} INFO - Sync 1 DAGs
[2023-09-05T08:26:05.271+0000] {logging_mixin.py:151} INFO - [2023-09-05T08:26:05.271+0000] {dag.py:3677} INFO - Setting next_dagrun for example_task_group_decorator to 2023-09-04T08:26:05.271167+00:00, run_after=2023-09-05T08:26:05.271167+00:00
[2023-09-05T08:26:05.315+0000] {processor.py:179} INFO - Processing /home/airflow/.local/lib/python3.8/site-packages/airflow/example_dags/example_task_group_decorator.py took 0.133 seconds
[2023-09-05T08:26:36.262+0000] {processor.py:157} INFO - Started process (PID=537) to work on /home/airflow/.local/lib/python3.8/site-packages/airflow/example_dags/example_task_group_decorator.py
[2023-09-05T08:26:36.267+0000] {processor.py:829} INFO - Processing file /home/airflow/.local/lib/python3.8/site-packages/airflow/example_dags/example_task_group_decorator.py for tasks to queue
[2023-09-05T08:26:36.268+0000] {logging_mixin.py:151} INFO - [2023-09-05T08:26:36.268+0000] {dagbag.py:539} INFO - Filling up the DagBag from /home/airflow/.local/lib/python3.8/site-packages/airflow/example_dags/example_task_group_decorator.py
[2023-09-05T08:26:36.299+0000] {processor.py:839} INFO - DAG(s) dict_keys(['example_task_group_decorator']) retrieved from /home/airflow/.local/lib/python3.8/site-packages/airflow/example_dags/example_task_group_decorator.py
[2023-09-05T08:26:36.358+0000] {logging_mixin.py:151} INFO - [2023-09-05T08:26:36.358+0000] {dag.py:2907} INFO - Sync 1 DAGs
[2023-09-05T08:26:36.400+0000] {logging_mixin.py:151} INFO - [2023-09-05T08:26:36.398+0000] {dag.py:3677} INFO - Setting next_dagrun for example_task_group_decorator to 2023-09-04T08:26:36.397646+00:00, run_after=2023-09-05T08:26:36.397646+00:00
[2023-09-05T08:26:36.438+0000] {processor.py:179} INFO - Processing /home/airflow/.local/lib/python3.8/site-packages/airflow/example_dags/example_task_group_decorator.py took 0.180 seconds
[2023-09-05T08:27:06.711+0000] {processor.py:157} INFO - Started process (PID=775) to work on /home/airflow/.local/lib/python3.8/site-packages/airflow/example_dags/example_task_group_decorator.py
[2023-09-05T08:27:06.712+0000] {processor.py:829} INFO - Processing file /home/airflow/.local/lib/python3.8/site-packages/airflow/example_dags/example_task_group_decorator.py for tasks to queue
[2023-09-05T08:27:06.713+0000] {logging_mixin.py:151} INFO - [2023-09-05T08:27:06.713+0000] {dagbag.py:539} INFO - Filling up the DagBag from /home/airflow/.local/lib/python3.8/site-packages/airflow/example_dags/example_task_group_decorator.py
[2023-09-05T08:27:06.873+0000] {processor.py:839} INFO - DAG(s) dict_keys(['example_task_group_decorator']) retrieved from /home/airflow/.local/lib/python3.8/site-packages/airflow/example_dags/example_task_group_decorator.py
[2023-09-05T08:27:06.910+0000] {logging_mixin.py:151} INFO - [2023-09-05T08:27:06.910+0000] {dag.py:2907} INFO - Sync 1 DAGs
[2023-09-05T08:27:06.947+0000] {logging_mixin.py:151} INFO - [2023-09-05T08:27:06.947+0000] {dag.py:3677} INFO - Setting next_dagrun for example_task_group_decorator to 2023-09-04T08:27:06.947525+00:00, run_after=2023-09-05T08:27:06.947525+00:00
[2023-09-05T08:27:06.967+0000] {processor.py:179} INFO - Processing /home/airflow/.local/lib/python3.8/site-packages/airflow/example_dags/example_task_group_decorator.py took 0.259 seconds
[2023-09-05T08:27:37.239+0000] {processor.py:157} INFO - Started process (PID=1013) to work on /home/airflow/.local/lib/python3.8/site-packages/airflow/example_dags/example_task_group_decorator.py
[2023-09-05T08:27:37.240+0000] {processor.py:829} INFO - Processing file /home/airflow/.local/lib/python3.8/site-packages/airflow/example_dags/example_task_group_decorator.py for tasks to queue
[2023-09-05T08:27:37.242+0000] {logging_mixin.py:151} INFO - [2023-09-05T08:27:37.241+0000] {dagbag.py:539} INFO - Filling up the DagBag from /home/airflow/.local/lib/python3.8/site-packages/airflow/example_dags/example_task_group_decorator.py
[2023-09-05T08:27:37.275+0000] {processor.py:839} INFO - DAG(s) dict_keys(['example_task_group_decorator']) retrieved from /home/airflow/.local/lib/python3.8/site-packages/airflow/example_dags/example_task_group_decorator.py
[2023-09-05T08:27:37.328+0000] {logging_mixin.py:151} INFO - [2023-09-05T08:27:37.327+0000] {dag.py:2907} INFO - Sync 1 DAGs
[2023-09-05T08:27:37.365+0000] {logging_mixin.py:151} INFO - [2023-09-05T08:27:37.365+0000] {dag.py:3677} INFO - Setting next_dagrun for example_task_group_decorator to 2023-09-04T08:27:37.365493+00:00, run_after=2023-09-05T08:27:37.365493+00:00
[2023-09-05T08:27:37.393+0000] {processor.py:179} INFO - Processing /home/airflow/.local/lib/python3.8/site-packages/airflow/example_dags/example_task_group_decorator.py took 0.161 seconds
[2023-09-05T08:28:07.505+0000] {processor.py:157} INFO - Started process (PID=1251) to work on /home/airflow/.local/lib/python3.8/site-packages/airflow/example_dags/example_task_group_decorator.py
[2023-09-05T08:28:07.506+0000] {processor.py:829} INFO - Processing file /home/airflow/.local/lib/python3.8/site-packages/airflow/example_dags/example_task_group_decorator.py for tasks to queue
[2023-09-05T08:28:07.507+0000] {logging_mixin.py:151} INFO - [2023-09-05T08:28:07.506+0000] {dagbag.py:539} INFO - Filling up the DagBag from /home/airflow/.local/lib/python3.8/site-packages/airflow/example_dags/example_task_group_decorator.py
[2023-09-05T08:28:07.533+0000] {processor.py:839} INFO - DAG(s) dict_keys(['example_task_group_decorator']) retrieved from /home/airflow/.local/lib/python3.8/site-packages/airflow/example_dags/example_task_group_decorator.py
[2023-09-05T08:28:07.575+0000] {logging_mixin.py:151} INFO - [2023-09-05T08:28:07.575+0000] {dag.py:2907} INFO - Sync 1 DAGs
[2023-09-05T08:28:07.624+0000] {logging_mixin.py:151} INFO - [2023-09-05T08:28:07.624+0000] {dag.py:3677} INFO - Setting next_dagrun for example_task_group_decorator to 2023-09-04T08:28:07.622726+00:00, run_after=2023-09-05T08:28:07.622726+00:00
[2023-09-05T08:28:07.675+0000] {processor.py:179} INFO - Processing /home/airflow/.local/lib/python3.8/site-packages/airflow/example_dags/example_task_group_decorator.py took 0.173 seconds
[2023-09-05T08:28:46.046+0000] {processor.py:157} INFO - Started process (PID=1507) to work on /home/airflow/.local/lib/python3.8/site-packages/airflow/example_dags/example_task_group_decorator.py
[2023-09-05T08:28:46.075+0000] {processor.py:829} INFO - Processing file /home/airflow/.local/lib/python3.8/site-packages/airflow/example_dags/example_task_group_decorator.py for tasks to queue
[2023-09-05T08:28:46.099+0000] {logging_mixin.py:151} INFO - [2023-09-05T08:28:46.077+0000] {dagbag.py:539} INFO - Filling up the DagBag from /home/airflow/.local/lib/python3.8/site-packages/airflow/example_dags/example_task_group_decorator.py
[2023-09-05T08:28:46.537+0000] {processor.py:839} INFO - DAG(s) dict_keys(['example_task_group_decorator']) retrieved from /home/airflow/.local/lib/python3.8/site-packages/airflow/example_dags/example_task_group_decorator.py
[2023-09-05T08:28:46.905+0000] {logging_mixin.py:151} INFO - [2023-09-05T08:28:46.905+0000] {dag.py:2907} INFO - Sync 1 DAGs
[2023-09-05T08:28:47.379+0000] {logging_mixin.py:151} INFO - [2023-09-05T08:28:47.379+0000] {dag.py:3677} INFO - Setting next_dagrun for example_task_group_decorator to 2023-09-04T08:28:47.378173+00:00, run_after=2023-09-05T08:28:47.378173+00:00
[2023-09-05T08:28:47.670+0000] {processor.py:179} INFO - Processing /home/airflow/.local/lib/python3.8/site-packages/airflow/example_dags/example_task_group_decorator.py took 1.660 seconds
[2023-09-05T08:29:18.657+0000] {processor.py:157} INFO - Started process (PID=1776) to work on /home/airflow/.local/lib/python3.8/site-packages/airflow/example_dags/example_task_group_decorator.py
[2023-09-05T08:29:18.659+0000] {processor.py:829} INFO - Processing file /home/airflow/.local/lib/python3.8/site-packages/airflow/example_dags/example_task_group_decorator.py for tasks to queue
[2023-09-05T08:29:18.660+0000] {logging_mixin.py:151} INFO - [2023-09-05T08:29:18.660+0000] {dagbag.py:539} INFO - Filling up the DagBag from /home/airflow/.local/lib/python3.8/site-packages/airflow/example_dags/example_task_group_decorator.py
[2023-09-05T08:29:18.680+0000] {processor.py:839} INFO - DAG(s) dict_keys(['example_task_group_decorator']) retrieved from /home/airflow/.local/lib/python3.8/site-packages/airflow/example_dags/example_task_group_decorator.py
[2023-09-05T08:29:18.705+0000] {logging_mixin.py:151} INFO - [2023-09-05T08:29:18.704+0000] {dag.py:2907} INFO - Sync 1 DAGs
[2023-09-05T08:29:18.726+0000] {logging_mixin.py:151} INFO - [2023-09-05T08:29:18.726+0000] {dag.py:3677} INFO - Setting next_dagrun for example_task_group_decorator to 2023-09-04T08:29:18.726037+00:00, run_after=2023-09-05T08:29:18.726037+00:00
[2023-09-05T08:29:18.750+0000] {processor.py:179} INFO - Processing /home/airflow/.local/lib/python3.8/site-packages/airflow/example_dags/example_task_group_decorator.py took 0.099 seconds
[2023-09-05T08:29:49.592+0000] {processor.py:157} INFO - Started process (PID=2014) to work on /home/airflow/.local/lib/python3.8/site-packages/airflow/example_dags/example_task_group_decorator.py
[2023-09-05T08:29:49.593+0000] {processor.py:829} INFO - Processing file /home/airflow/.local/lib/python3.8/site-packages/airflow/example_dags/example_task_group_decorator.py for tasks to queue
[2023-09-05T08:29:49.594+0000] {logging_mixin.py:151} INFO - [2023-09-05T08:29:49.594+0000] {dagbag.py:539} INFO - Filling up the DagBag from /home/airflow/.local/lib/python3.8/site-packages/airflow/example_dags/example_task_group_decorator.py
[2023-09-05T08:29:49.618+0000] {processor.py:839} INFO - DAG(s) dict_keys(['example_task_group_decorator']) retrieved from /home/airflow/.local/lib/python3.8/site-packages/airflow/example_dags/example_task_group_decorator.py
[2023-09-05T08:29:49.645+0000] {logging_mixin.py:151} INFO - [2023-09-05T08:29:49.645+0000] {dag.py:2907} INFO - Sync 1 DAGs
[2023-09-05T08:29:49.673+0000] {logging_mixin.py:151} INFO - [2023-09-05T08:29:49.672+0000] {dag.py:3677} INFO - Setting next_dagrun for example_task_group_decorator to 2023-09-04T08:29:49.672632+00:00, run_after=2023-09-05T08:29:49.672632+00:00
[2023-09-05T08:29:49.692+0000] {processor.py:179} INFO - Processing /home/airflow/.local/lib/python3.8/site-packages/airflow/example_dags/example_task_group_decorator.py took 0.107 seconds
[2023-09-05T08:30:20.430+0000] {processor.py:157} INFO - Started process (PID=2252) to work on /home/airflow/.local/lib/python3.8/site-packages/airflow/example_dags/example_task_group_decorator.py
[2023-09-05T08:30:20.432+0000] {processor.py:829} INFO - Processing file /home/airflow/.local/lib/python3.8/site-packages/airflow/example_dags/example_task_group_decorator.py for tasks to queue
[2023-09-05T08:30:20.434+0000] {logging_mixin.py:151} INFO - [2023-09-05T08:30:20.433+0000] {dagbag.py:539} INFO - Filling up the DagBag from /home/airflow/.local/lib/python3.8/site-packages/airflow/example_dags/example_task_group_decorator.py
[2023-09-05T08:30:20.467+0000] {processor.py:839} INFO - DAG(s) dict_keys(['example_task_group_decorator']) retrieved from /home/airflow/.local/lib/python3.8/site-packages/airflow/example_dags/example_task_group_decorator.py
[2023-09-05T08:30:20.508+0000] {logging_mixin.py:151} INFO - [2023-09-05T08:30:20.508+0000] {dag.py:2907} INFO - Sync 1 DAGs
[2023-09-05T08:30:20.560+0000] {logging_mixin.py:151} INFO - [2023-09-05T08:30:20.559+0000] {dag.py:3677} INFO - Setting next_dagrun for example_task_group_decorator to 2023-09-04T08:30:20.559151+00:00, run_after=2023-09-05T08:30:20.559151+00:00
[2023-09-05T08:30:20.589+0000] {processor.py:179} INFO - Processing /home/airflow/.local/lib/python3.8/site-packages/airflow/example_dags/example_task_group_decorator.py took 0.168 seconds
[2023-09-05T08:30:50.732+0000] {processor.py:157} INFO - Started process (PID=2490) to work on /home/airflow/.local/lib/python3.8/site-packages/airflow/example_dags/example_task_group_decorator.py
[2023-09-05T08:30:50.734+0000] {processor.py:829} INFO - Processing file /home/airflow/.local/lib/python3.8/site-packages/airflow/example_dags/example_task_group_decorator.py for tasks to queue
[2023-09-05T08:30:50.736+0000] {logging_mixin.py:151} INFO - [2023-09-05T08:30:50.736+0000] {dagbag.py:539} INFO - Filling up the DagBag from /home/airflow/.local/lib/python3.8/site-packages/airflow/example_dags/example_task_group_decorator.py
[2023-09-05T08:30:50.769+0000] {processor.py:839} INFO - DAG(s) dict_keys(['example_task_group_decorator']) retrieved from /home/airflow/.local/lib/python3.8/site-packages/airflow/example_dags/example_task_group_decorator.py
[2023-09-05T08:30:50.811+0000] {logging_mixin.py:151} INFO - [2023-09-05T08:30:50.811+0000] {dag.py:2907} INFO - Sync 1 DAGs
[2023-09-05T08:30:50.848+0000] {logging_mixin.py:151} INFO - [2023-09-05T08:30:50.848+0000] {dag.py:3677} INFO - Setting next_dagrun for example_task_group_decorator to 2023-09-04T08:30:50.847594+00:00, run_after=2023-09-05T08:30:50.847594+00:00
[2023-09-05T08:30:50.882+0000] {processor.py:179} INFO - Processing /home/airflow/.local/lib/python3.8/site-packages/airflow/example_dags/example_task_group_decorator.py took 0.155 seconds
