[2023-09-05T08:26:01.739+0000] {processor.py:157} INFO - Started process (PID=244) to work on /home/airflow/.local/lib/python3.8/site-packages/airflow/example_dags/example_bash_operator.py
[2023-09-05T08:26:01.740+0000] {processor.py:829} INFO - Processing file /home/airflow/.local/lib/python3.8/site-packages/airflow/example_dags/example_bash_operator.py for tasks to queue
[2023-09-05T08:26:01.741+0000] {logging_mixin.py:151} INFO - [2023-09-05T08:26:01.741+0000] {dagbag.py:539} INFO - Filling up the DagBag from /home/airflow/.local/lib/python3.8/site-packages/airflow/example_dags/example_bash_operator.py
[2023-09-05T08:26:01.839+0000] {processor.py:839} INFO - DAG(s) dict_keys(['example_bash_operator']) retrieved from /home/airflow/.local/lib/python3.8/site-packages/airflow/example_dags/example_bash_operator.py
[2023-09-05T08:26:01.904+0000] {logging_mixin.py:151} INFO - [2023-09-05T08:26:01.903+0000] {dag.py:2907} INFO - Sync 1 DAGs
[2023-09-05T08:26:02.026+0000] {logging_mixin.py:151} INFO - [2023-09-05T08:26:02.026+0000] {dag.py:3677} INFO - Setting next_dagrun for example_bash_operator to 2023-09-04T00:00:00+00:00, run_after=2023-09-05T00:00:00+00:00
[2023-09-05T08:26:02.217+0000] {processor.py:179} INFO - Processing /home/airflow/.local/lib/python3.8/site-packages/airflow/example_dags/example_bash_operator.py took 0.500 seconds
[2023-09-05T08:26:32.423+0000] {processor.py:157} INFO - Started process (PID=484) to work on /home/airflow/.local/lib/python3.8/site-packages/airflow/example_dags/example_bash_operator.py
[2023-09-05T08:26:32.424+0000] {processor.py:829} INFO - Processing file /home/airflow/.local/lib/python3.8/site-packages/airflow/example_dags/example_bash_operator.py for tasks to queue
[2023-09-05T08:26:32.425+0000] {logging_mixin.py:151} INFO - [2023-09-05T08:26:32.424+0000] {dagbag.py:539} INFO - Filling up the DagBag from /home/airflow/.local/lib/python3.8/site-packages/airflow/example_dags/example_bash_operator.py
[2023-09-05T08:26:32.439+0000] {processor.py:839} INFO - DAG(s) dict_keys(['example_bash_operator']) retrieved from /home/airflow/.local/lib/python3.8/site-packages/airflow/example_dags/example_bash_operator.py
[2023-09-05T08:26:32.469+0000] {logging_mixin.py:151} INFO - [2023-09-05T08:26:32.469+0000] {dag.py:2907} INFO - Sync 1 DAGs
[2023-09-05T08:26:32.492+0000] {logging_mixin.py:151} INFO - [2023-09-05T08:26:32.492+0000] {dag.py:3677} INFO - Setting next_dagrun for example_bash_operator to 2023-09-04T00:00:00+00:00, run_after=2023-09-05T00:00:00+00:00
[2023-09-05T08:26:32.509+0000] {processor.py:179} INFO - Processing /home/airflow/.local/lib/python3.8/site-packages/airflow/example_dags/example_bash_operator.py took 0.092 seconds
[2023-09-05T08:27:03.039+0000] {processor.py:157} INFO - Started process (PID=720) to work on /home/airflow/.local/lib/python3.8/site-packages/airflow/example_dags/example_bash_operator.py
[2023-09-05T08:27:03.040+0000] {processor.py:829} INFO - Processing file /home/airflow/.local/lib/python3.8/site-packages/airflow/example_dags/example_bash_operator.py for tasks to queue
[2023-09-05T08:27:03.041+0000] {logging_mixin.py:151} INFO - [2023-09-05T08:27:03.041+0000] {dagbag.py:539} INFO - Filling up the DagBag from /home/airflow/.local/lib/python3.8/site-packages/airflow/example_dags/example_bash_operator.py
[2023-09-05T08:27:03.058+0000] {processor.py:839} INFO - DAG(s) dict_keys(['example_bash_operator']) retrieved from /home/airflow/.local/lib/python3.8/site-packages/airflow/example_dags/example_bash_operator.py
[2023-09-05T08:27:03.299+0000] {logging_mixin.py:151} INFO - [2023-09-05T08:27:03.299+0000] {dag.py:2907} INFO - Sync 1 DAGs
[2023-09-05T08:27:03.335+0000] {logging_mixin.py:151} INFO - [2023-09-05T08:27:03.334+0000] {dag.py:3677} INFO - Setting next_dagrun for example_bash_operator to 2023-09-04T00:00:00+00:00, run_after=2023-09-05T00:00:00+00:00
[2023-09-05T08:27:03.357+0000] {processor.py:179} INFO - Processing /home/airflow/.local/lib/python3.8/site-packages/airflow/example_dags/example_bash_operator.py took 0.325 seconds
[2023-09-05T08:27:33.937+0000] {processor.py:157} INFO - Started process (PID=958) to work on /home/airflow/.local/lib/python3.8/site-packages/airflow/example_dags/example_bash_operator.py
[2023-09-05T08:27:33.938+0000] {processor.py:829} INFO - Processing file /home/airflow/.local/lib/python3.8/site-packages/airflow/example_dags/example_bash_operator.py for tasks to queue
[2023-09-05T08:27:33.939+0000] {logging_mixin.py:151} INFO - [2023-09-05T08:27:33.938+0000] {dagbag.py:539} INFO - Filling up the DagBag from /home/airflow/.local/lib/python3.8/site-packages/airflow/example_dags/example_bash_operator.py
[2023-09-05T08:27:33.957+0000] {processor.py:839} INFO - DAG(s) dict_keys(['example_bash_operator']) retrieved from /home/airflow/.local/lib/python3.8/site-packages/airflow/example_dags/example_bash_operator.py
[2023-09-05T08:27:34.019+0000] {logging_mixin.py:151} INFO - [2023-09-05T08:27:34.019+0000] {dag.py:2907} INFO - Sync 1 DAGs
[2023-09-05T08:27:34.060+0000] {logging_mixin.py:151} INFO - [2023-09-05T08:27:34.059+0000] {dag.py:3677} INFO - Setting next_dagrun for example_bash_operator to 2023-09-04T00:00:00+00:00, run_after=2023-09-05T00:00:00+00:00
[2023-09-05T08:27:34.087+0000] {processor.py:179} INFO - Processing /home/airflow/.local/lib/python3.8/site-packages/airflow/example_dags/example_bash_operator.py took 0.154 seconds
[2023-09-05T08:28:04.305+0000] {processor.py:157} INFO - Started process (PID=1196) to work on /home/airflow/.local/lib/python3.8/site-packages/airflow/example_dags/example_bash_operator.py
[2023-09-05T08:28:04.307+0000] {processor.py:829} INFO - Processing file /home/airflow/.local/lib/python3.8/site-packages/airflow/example_dags/example_bash_operator.py for tasks to queue
[2023-09-05T08:28:04.308+0000] {logging_mixin.py:151} INFO - [2023-09-05T08:28:04.308+0000] {dagbag.py:539} INFO - Filling up the DagBag from /home/airflow/.local/lib/python3.8/site-packages/airflow/example_dags/example_bash_operator.py
[2023-09-05T08:28:04.329+0000] {processor.py:839} INFO - DAG(s) dict_keys(['example_bash_operator']) retrieved from /home/airflow/.local/lib/python3.8/site-packages/airflow/example_dags/example_bash_operator.py
[2023-09-05T08:28:04.393+0000] {logging_mixin.py:151} INFO - [2023-09-05T08:28:04.393+0000] {dag.py:2907} INFO - Sync 1 DAGs
[2023-09-05T08:28:04.437+0000] {logging_mixin.py:151} INFO - [2023-09-05T08:28:04.437+0000] {dag.py:3677} INFO - Setting next_dagrun for example_bash_operator to 2023-09-04T00:00:00+00:00, run_after=2023-09-05T00:00:00+00:00
[2023-09-05T08:28:04.492+0000] {processor.py:179} INFO - Processing /home/airflow/.local/lib/python3.8/site-packages/airflow/example_dags/example_bash_operator.py took 0.193 seconds
[2023-09-05T08:28:36.493+0000] {processor.py:157} INFO - Started process (PID=1439) to work on /home/airflow/.local/lib/python3.8/site-packages/airflow/example_dags/example_bash_operator.py
[2023-09-05T08:28:36.499+0000] {processor.py:829} INFO - Processing file /home/airflow/.local/lib/python3.8/site-packages/airflow/example_dags/example_bash_operator.py for tasks to queue
[2023-09-05T08:28:36.501+0000] {logging_mixin.py:151} INFO - [2023-09-05T08:28:36.500+0000] {dagbag.py:539} INFO - Filling up the DagBag from /home/airflow/.local/lib/python3.8/site-packages/airflow/example_dags/example_bash_operator.py
[2023-09-05T08:28:36.541+0000] {processor.py:839} INFO - DAG(s) dict_keys(['example_bash_operator']) retrieved from /home/airflow/.local/lib/python3.8/site-packages/airflow/example_dags/example_bash_operator.py
[2023-09-05T08:28:36.828+0000] {logging_mixin.py:151} INFO - [2023-09-05T08:28:36.828+0000] {dag.py:2907} INFO - Sync 1 DAGs
[2023-09-05T08:28:37.122+0000] {logging_mixin.py:151} INFO - [2023-09-05T08:28:37.121+0000] {dag.py:3677} INFO - Setting next_dagrun for example_bash_operator to 2023-09-05T00:00:00+00:00, run_after=2023-09-06T00:00:00+00:00
[2023-09-05T08:28:37.369+0000] {processor.py:179} INFO - Processing /home/airflow/.local/lib/python3.8/site-packages/airflow/example_dags/example_bash_operator.py took 0.890 seconds
[2023-09-05T08:29:07.880+0000] {processor.py:157} INFO - Started process (PID=1714) to work on /home/airflow/.local/lib/python3.8/site-packages/airflow/example_dags/example_bash_operator.py
[2023-09-05T08:29:07.883+0000] {processor.py:829} INFO - Processing file /home/airflow/.local/lib/python3.8/site-packages/airflow/example_dags/example_bash_operator.py for tasks to queue
[2023-09-05T08:29:07.886+0000] {logging_mixin.py:151} INFO - [2023-09-05T08:29:07.885+0000] {dagbag.py:539} INFO - Filling up the DagBag from /home/airflow/.local/lib/python3.8/site-packages/airflow/example_dags/example_bash_operator.py
[2023-09-05T08:29:07.916+0000] {processor.py:839} INFO - DAG(s) dict_keys(['example_bash_operator']) retrieved from /home/airflow/.local/lib/python3.8/site-packages/airflow/example_dags/example_bash_operator.py
[2023-09-05T08:29:07.994+0000] {logging_mixin.py:151} INFO - [2023-09-05T08:29:07.993+0000] {dag.py:2907} INFO - Sync 1 DAGs
[2023-09-05T08:29:08.045+0000] {logging_mixin.py:151} INFO - [2023-09-05T08:29:08.044+0000] {dag.py:3677} INFO - Setting next_dagrun for example_bash_operator to 2023-09-05T00:00:00+00:00, run_after=2023-09-06T00:00:00+00:00
[2023-09-05T08:29:08.078+0000] {processor.py:179} INFO - Processing /home/airflow/.local/lib/python3.8/site-packages/airflow/example_dags/example_bash_operator.py took 0.206 seconds
[2023-09-05T08:29:38.335+0000] {processor.py:157} INFO - Started process (PID=1952) to work on /home/airflow/.local/lib/python3.8/site-packages/airflow/example_dags/example_bash_operator.py
[2023-09-05T08:29:38.336+0000] {processor.py:829} INFO - Processing file /home/airflow/.local/lib/python3.8/site-packages/airflow/example_dags/example_bash_operator.py for tasks to queue
[2023-09-05T08:29:38.337+0000] {logging_mixin.py:151} INFO - [2023-09-05T08:29:38.337+0000] {dagbag.py:539} INFO - Filling up the DagBag from /home/airflow/.local/lib/python3.8/site-packages/airflow/example_dags/example_bash_operator.py
[2023-09-05T08:29:38.352+0000] {processor.py:839} INFO - DAG(s) dict_keys(['example_bash_operator']) retrieved from /home/airflow/.local/lib/python3.8/site-packages/airflow/example_dags/example_bash_operator.py
[2023-09-05T08:29:38.393+0000] {logging_mixin.py:151} INFO - [2023-09-05T08:29:38.392+0000] {dag.py:2907} INFO - Sync 1 DAGs
[2023-09-05T08:29:38.419+0000] {logging_mixin.py:151} INFO - [2023-09-05T08:29:38.419+0000] {dag.py:3677} INFO - Setting next_dagrun for example_bash_operator to 2023-09-05T00:00:00+00:00, run_after=2023-09-06T00:00:00+00:00
[2023-09-05T08:29:38.437+0000] {processor.py:179} INFO - Processing /home/airflow/.local/lib/python3.8/site-packages/airflow/example_dags/example_bash_operator.py took 0.108 seconds
[2023-09-05T08:30:09.096+0000] {processor.py:157} INFO - Started process (PID=2190) to work on /home/airflow/.local/lib/python3.8/site-packages/airflow/example_dags/example_bash_operator.py
[2023-09-05T08:30:09.105+0000] {processor.py:829} INFO - Processing file /home/airflow/.local/lib/python3.8/site-packages/airflow/example_dags/example_bash_operator.py for tasks to queue
[2023-09-05T08:30:09.106+0000] {logging_mixin.py:151} INFO - [2023-09-05T08:30:09.106+0000] {dagbag.py:539} INFO - Filling up the DagBag from /home/airflow/.local/lib/python3.8/site-packages/airflow/example_dags/example_bash_operator.py
[2023-09-05T08:30:09.139+0000] {processor.py:839} INFO - DAG(s) dict_keys(['example_bash_operator']) retrieved from /home/airflow/.local/lib/python3.8/site-packages/airflow/example_dags/example_bash_operator.py
[2023-09-05T08:30:09.187+0000] {logging_mixin.py:151} INFO - [2023-09-05T08:30:09.187+0000] {dag.py:2907} INFO - Sync 1 DAGs
[2023-09-05T08:30:09.222+0000] {logging_mixin.py:151} INFO - [2023-09-05T08:30:09.222+0000] {dag.py:3677} INFO - Setting next_dagrun for example_bash_operator to 2023-09-05T00:00:00+00:00, run_after=2023-09-06T00:00:00+00:00
[2023-09-05T08:30:09.250+0000] {processor.py:179} INFO - Processing /home/airflow/.local/lib/python3.8/site-packages/airflow/example_dags/example_bash_operator.py took 0.165 seconds
[2023-09-05T08:30:39.391+0000] {processor.py:157} INFO - Started process (PID=2425) to work on /home/airflow/.local/lib/python3.8/site-packages/airflow/example_dags/example_bash_operator.py
[2023-09-05T08:30:39.393+0000] {processor.py:829} INFO - Processing file /home/airflow/.local/lib/python3.8/site-packages/airflow/example_dags/example_bash_operator.py for tasks to queue
[2023-09-05T08:30:39.396+0000] {logging_mixin.py:151} INFO - [2023-09-05T08:30:39.395+0000] {dagbag.py:539} INFO - Filling up the DagBag from /home/airflow/.local/lib/python3.8/site-packages/airflow/example_dags/example_bash_operator.py
[2023-09-05T08:30:39.427+0000] {processor.py:839} INFO - DAG(s) dict_keys(['example_bash_operator']) retrieved from /home/airflow/.local/lib/python3.8/site-packages/airflow/example_dags/example_bash_operator.py
[2023-09-05T08:30:39.478+0000] {logging_mixin.py:151} INFO - [2023-09-05T08:30:39.478+0000] {dag.py:2907} INFO - Sync 1 DAGs
[2023-09-05T08:30:39.510+0000] {logging_mixin.py:151} INFO - [2023-09-05T08:30:39.509+0000] {dag.py:3677} INFO - Setting next_dagrun for example_bash_operator to 2023-09-05T00:00:00+00:00, run_after=2023-09-06T00:00:00+00:00
[2023-09-05T08:30:39.533+0000] {processor.py:179} INFO - Processing /home/airflow/.local/lib/python3.8/site-packages/airflow/example_dags/example_bash_operator.py took 0.159 seconds
