[2023-09-05T08:25:58.769+0000] {processor.py:157} INFO - Started process (PID=204) to work on /home/airflow/.local/lib/python3.8/site-packages/airflow/example_dags/example_setup_teardown.py
[2023-09-05T08:25:58.770+0000] {processor.py:829} INFO - Processing file /home/airflow/.local/lib/python3.8/site-packages/airflow/example_dags/example_setup_teardown.py for tasks to queue
[2023-09-05T08:25:58.772+0000] {logging_mixin.py:151} INFO - [2023-09-05T08:25:58.771+0000] {dagbag.py:539} INFO - Filling up the DagBag from /home/airflow/.local/lib/python3.8/site-packages/airflow/example_dags/example_setup_teardown.py
[2023-09-05T08:25:58.798+0000] {processor.py:839} INFO - DAG(s) dict_keys(['example_setup_teardown']) retrieved from /home/airflow/.local/lib/python3.8/site-packages/airflow/example_dags/example_setup_teardown.py
[2023-09-05T08:25:58.820+0000] {logging_mixin.py:151} INFO - [2023-09-05T08:25:58.820+0000] {dag.py:2907} INFO - Sync 1 DAGs
[2023-09-05T08:25:58.869+0000] {logging_mixin.py:151} INFO - [2023-09-05T08:25:58.869+0000] {dag.py:3677} INFO - Setting next_dagrun for example_setup_teardown to 2023-09-04T08:25:58.869167+00:00, run_after=2023-09-05T08:25:58.869167+00:00
[2023-09-05T08:25:59.013+0000] {processor.py:179} INFO - Processing /home/airflow/.local/lib/python3.8/site-packages/airflow/example_dags/example_setup_teardown.py took 0.251 seconds
[2023-09-05T08:26:29.326+0000] {processor.py:157} INFO - Started process (PID=439) to work on /home/airflow/.local/lib/python3.8/site-packages/airflow/example_dags/example_setup_teardown.py
[2023-09-05T08:26:29.327+0000] {processor.py:829} INFO - Processing file /home/airflow/.local/lib/python3.8/site-packages/airflow/example_dags/example_setup_teardown.py for tasks to queue
[2023-09-05T08:26:29.329+0000] {logging_mixin.py:151} INFO - [2023-09-05T08:26:29.329+0000] {dagbag.py:539} INFO - Filling up the DagBag from /home/airflow/.local/lib/python3.8/site-packages/airflow/example_dags/example_setup_teardown.py
[2023-09-05T08:26:29.346+0000] {processor.py:839} INFO - DAG(s) dict_keys(['example_setup_teardown']) retrieved from /home/airflow/.local/lib/python3.8/site-packages/airflow/example_dags/example_setup_teardown.py
[2023-09-05T08:26:29.374+0000] {logging_mixin.py:151} INFO - [2023-09-05T08:26:29.373+0000] {dag.py:2907} INFO - Sync 1 DAGs
[2023-09-05T08:26:29.400+0000] {logging_mixin.py:151} INFO - [2023-09-05T08:26:29.400+0000] {dag.py:3677} INFO - Setting next_dagrun for example_setup_teardown to 2023-09-04T08:26:29.400332+00:00, run_after=2023-09-05T08:26:29.400332+00:00
[2023-09-05T08:26:29.429+0000] {processor.py:179} INFO - Processing /home/airflow/.local/lib/python3.8/site-packages/airflow/example_dags/example_setup_teardown.py took 0.117 seconds
[2023-09-05T08:26:59.958+0000] {processor.py:157} INFO - Started process (PID=675) to work on /home/airflow/.local/lib/python3.8/site-packages/airflow/example_dags/example_setup_teardown.py
[2023-09-05T08:26:59.961+0000] {processor.py:829} INFO - Processing file /home/airflow/.local/lib/python3.8/site-packages/airflow/example_dags/example_setup_teardown.py for tasks to queue
[2023-09-05T08:26:59.963+0000] {logging_mixin.py:151} INFO - [2023-09-05T08:26:59.962+0000] {dagbag.py:539} INFO - Filling up the DagBag from /home/airflow/.local/lib/python3.8/site-packages/airflow/example_dags/example_setup_teardown.py
[2023-09-05T08:26:59.980+0000] {processor.py:839} INFO - DAG(s) dict_keys(['example_setup_teardown']) retrieved from /home/airflow/.local/lib/python3.8/site-packages/airflow/example_dags/example_setup_teardown.py
[2023-09-05T08:27:00.011+0000] {logging_mixin.py:151} INFO - [2023-09-05T08:27:00.011+0000] {dag.py:2907} INFO - Sync 1 DAGs
[2023-09-05T08:27:00.185+0000] {logging_mixin.py:151} INFO - [2023-09-05T08:27:00.185+0000] {dag.py:3677} INFO - Setting next_dagrun for example_setup_teardown to 2023-09-04T08:27:00.185146+00:00, run_after=2023-09-05T08:27:00.185146+00:00
[2023-09-05T08:27:00.216+0000] {processor.py:179} INFO - Processing /home/airflow/.local/lib/python3.8/site-packages/airflow/example_dags/example_setup_teardown.py took 0.269 seconds
[2023-09-05T08:27:30.304+0000] {processor.py:157} INFO - Started process (PID=910) to work on /home/airflow/.local/lib/python3.8/site-packages/airflow/example_dags/example_setup_teardown.py
[2023-09-05T08:27:30.306+0000] {processor.py:829} INFO - Processing file /home/airflow/.local/lib/python3.8/site-packages/airflow/example_dags/example_setup_teardown.py for tasks to queue
[2023-09-05T08:27:30.308+0000] {logging_mixin.py:151} INFO - [2023-09-05T08:27:30.307+0000] {dagbag.py:539} INFO - Filling up the DagBag from /home/airflow/.local/lib/python3.8/site-packages/airflow/example_dags/example_setup_teardown.py
[2023-09-05T08:27:30.323+0000] {processor.py:839} INFO - DAG(s) dict_keys(['example_setup_teardown']) retrieved from /home/airflow/.local/lib/python3.8/site-packages/airflow/example_dags/example_setup_teardown.py
[2023-09-05T08:27:30.382+0000] {logging_mixin.py:151} INFO - [2023-09-05T08:27:30.381+0000] {dag.py:2907} INFO - Sync 1 DAGs
[2023-09-05T08:27:30.452+0000] {logging_mixin.py:151} INFO - [2023-09-05T08:27:30.451+0000] {dag.py:3677} INFO - Setting next_dagrun for example_setup_teardown to 2023-09-04T08:27:30.451292+00:00, run_after=2023-09-05T08:27:30.451292+00:00
[2023-09-05T08:27:30.528+0000] {processor.py:179} INFO - Processing /home/airflow/.local/lib/python3.8/site-packages/airflow/example_dags/example_setup_teardown.py took 0.229 seconds
[2023-09-05T08:28:00.824+0000] {processor.py:157} INFO - Started process (PID=1148) to work on /home/airflow/.local/lib/python3.8/site-packages/airflow/example_dags/example_setup_teardown.py
[2023-09-05T08:28:00.827+0000] {processor.py:829} INFO - Processing file /home/airflow/.local/lib/python3.8/site-packages/airflow/example_dags/example_setup_teardown.py for tasks to queue
[2023-09-05T08:28:00.829+0000] {logging_mixin.py:151} INFO - [2023-09-05T08:28:00.829+0000] {dagbag.py:539} INFO - Filling up the DagBag from /home/airflow/.local/lib/python3.8/site-packages/airflow/example_dags/example_setup_teardown.py
[2023-09-05T08:28:00.858+0000] {processor.py:839} INFO - DAG(s) dict_keys(['example_setup_teardown']) retrieved from /home/airflow/.local/lib/python3.8/site-packages/airflow/example_dags/example_setup_teardown.py
[2023-09-05T08:28:00.921+0000] {logging_mixin.py:151} INFO - [2023-09-05T08:28:00.921+0000] {dag.py:2907} INFO - Sync 1 DAGs
[2023-09-05T08:28:00.994+0000] {logging_mixin.py:151} INFO - [2023-09-05T08:28:00.993+0000] {dag.py:3677} INFO - Setting next_dagrun for example_setup_teardown to 2023-09-04T08:28:00.992701+00:00, run_after=2023-09-05T08:28:00.992701+00:00
[2023-09-05T08:28:01.117+0000] {processor.py:179} INFO - Processing /home/airflow/.local/lib/python3.8/site-packages/airflow/example_dags/example_setup_teardown.py took 0.299 seconds
[2023-09-05T08:28:32.007+0000] {processor.py:157} INFO - Started process (PID=1386) to work on /home/airflow/.local/lib/python3.8/site-packages/airflow/example_dags/example_setup_teardown.py
[2023-09-05T08:28:32.008+0000] {processor.py:829} INFO - Processing file /home/airflow/.local/lib/python3.8/site-packages/airflow/example_dags/example_setup_teardown.py for tasks to queue
[2023-09-05T08:28:32.010+0000] {logging_mixin.py:151} INFO - [2023-09-05T08:28:32.009+0000] {dagbag.py:539} INFO - Filling up the DagBag from /home/airflow/.local/lib/python3.8/site-packages/airflow/example_dags/example_setup_teardown.py
[2023-09-05T08:28:32.036+0000] {processor.py:839} INFO - DAG(s) dict_keys(['example_setup_teardown']) retrieved from /home/airflow/.local/lib/python3.8/site-packages/airflow/example_dags/example_setup_teardown.py
[2023-09-05T08:28:32.104+0000] {logging_mixin.py:151} INFO - [2023-09-05T08:28:32.104+0000] {dag.py:2907} INFO - Sync 1 DAGs
[2023-09-05T08:28:32.196+0000] {logging_mixin.py:151} INFO - [2023-09-05T08:28:32.195+0000] {dag.py:3677} INFO - Setting next_dagrun for example_setup_teardown to 2023-09-04T08:28:32.188407+00:00, run_after=2023-09-05T08:28:32.188407+00:00
[2023-09-05T08:28:32.261+0000] {processor.py:179} INFO - Processing /home/airflow/.local/lib/python3.8/site-packages/airflow/example_dags/example_setup_teardown.py took 0.260 seconds
[2023-09-05T08:29:02.567+0000] {processor.py:157} INFO - Started process (PID=1666) to work on /home/airflow/.local/lib/python3.8/site-packages/airflow/example_dags/example_setup_teardown.py
[2023-09-05T08:29:02.571+0000] {processor.py:829} INFO - Processing file /home/airflow/.local/lib/python3.8/site-packages/airflow/example_dags/example_setup_teardown.py for tasks to queue
[2023-09-05T08:29:02.582+0000] {logging_mixin.py:151} INFO - [2023-09-05T08:29:02.573+0000] {dagbag.py:539} INFO - Filling up the DagBag from /home/airflow/.local/lib/python3.8/site-packages/airflow/example_dags/example_setup_teardown.py
[2023-09-05T08:29:02.624+0000] {processor.py:839} INFO - DAG(s) dict_keys(['example_setup_teardown']) retrieved from /home/airflow/.local/lib/python3.8/site-packages/airflow/example_dags/example_setup_teardown.py
[2023-09-05T08:29:02.787+0000] {logging_mixin.py:151} INFO - [2023-09-05T08:29:02.786+0000] {dag.py:2907} INFO - Sync 1 DAGs
[2023-09-05T08:29:02.893+0000] {logging_mixin.py:151} INFO - [2023-09-05T08:29:02.886+0000] {dag.py:3677} INFO - Setting next_dagrun for example_setup_teardown to 2023-09-04T08:29:02.886565+00:00, run_after=2023-09-05T08:29:02.886565+00:00
[2023-09-05T08:29:03.018+0000] {processor.py:179} INFO - Processing /home/airflow/.local/lib/python3.8/site-packages/airflow/example_dags/example_setup_teardown.py took 0.466 seconds
[2023-09-05T08:29:33.509+0000] {processor.py:157} INFO - Started process (PID=1909) to work on /home/airflow/.local/lib/python3.8/site-packages/airflow/example_dags/example_setup_teardown.py
[2023-09-05T08:29:33.510+0000] {processor.py:829} INFO - Processing file /home/airflow/.local/lib/python3.8/site-packages/airflow/example_dags/example_setup_teardown.py for tasks to queue
[2023-09-05T08:29:33.512+0000] {logging_mixin.py:151} INFO - [2023-09-05T08:29:33.511+0000] {dagbag.py:539} INFO - Filling up the DagBag from /home/airflow/.local/lib/python3.8/site-packages/airflow/example_dags/example_setup_teardown.py
[2023-09-05T08:29:33.525+0000] {processor.py:839} INFO - DAG(s) dict_keys(['example_setup_teardown']) retrieved from /home/airflow/.local/lib/python3.8/site-packages/airflow/example_dags/example_setup_teardown.py
[2023-09-05T08:29:33.570+0000] {logging_mixin.py:151} INFO - [2023-09-05T08:29:33.570+0000] {dag.py:2907} INFO - Sync 1 DAGs
[2023-09-05T08:29:33.624+0000] {logging_mixin.py:151} INFO - [2023-09-05T08:29:33.623+0000] {dag.py:3677} INFO - Setting next_dagrun for example_setup_teardown to 2023-09-04T08:29:33.622836+00:00, run_after=2023-09-05T08:29:33.622836+00:00
[2023-09-05T08:29:33.662+0000] {processor.py:179} INFO - Processing /home/airflow/.local/lib/python3.8/site-packages/airflow/example_dags/example_setup_teardown.py took 0.160 seconds
[2023-09-05T08:30:04.218+0000] {processor.py:157} INFO - Started process (PID=2147) to work on /home/airflow/.local/lib/python3.8/site-packages/airflow/example_dags/example_setup_teardown.py
[2023-09-05T08:30:04.220+0000] {processor.py:829} INFO - Processing file /home/airflow/.local/lib/python3.8/site-packages/airflow/example_dags/example_setup_teardown.py for tasks to queue
[2023-09-05T08:30:04.221+0000] {logging_mixin.py:151} INFO - [2023-09-05T08:30:04.221+0000] {dagbag.py:539} INFO - Filling up the DagBag from /home/airflow/.local/lib/python3.8/site-packages/airflow/example_dags/example_setup_teardown.py
[2023-09-05T08:30:04.232+0000] {processor.py:839} INFO - DAG(s) dict_keys(['example_setup_teardown']) retrieved from /home/airflow/.local/lib/python3.8/site-packages/airflow/example_dags/example_setup_teardown.py
[2023-09-05T08:30:04.266+0000] {logging_mixin.py:151} INFO - [2023-09-05T08:30:04.266+0000] {dag.py:2907} INFO - Sync 1 DAGs
[2023-09-05T08:30:04.322+0000] {logging_mixin.py:151} INFO - [2023-09-05T08:30:04.322+0000] {dag.py:3677} INFO - Setting next_dagrun for example_setup_teardown to 2023-09-04T08:30:04.321957+00:00, run_after=2023-09-05T08:30:04.321957+00:00
[2023-09-05T08:30:04.358+0000] {processor.py:179} INFO - Processing /home/airflow/.local/lib/python3.8/site-packages/airflow/example_dags/example_setup_teardown.py took 0.147 seconds
[2023-09-05T08:30:34.408+0000] {processor.py:157} INFO - Started process (PID=2385) to work on /home/airflow/.local/lib/python3.8/site-packages/airflow/example_dags/example_setup_teardown.py
[2023-09-05T08:30:34.409+0000] {processor.py:829} INFO - Processing file /home/airflow/.local/lib/python3.8/site-packages/airflow/example_dags/example_setup_teardown.py for tasks to queue
[2023-09-05T08:30:34.410+0000] {logging_mixin.py:151} INFO - [2023-09-05T08:30:34.410+0000] {dagbag.py:539} INFO - Filling up the DagBag from /home/airflow/.local/lib/python3.8/site-packages/airflow/example_dags/example_setup_teardown.py
[2023-09-05T08:30:34.422+0000] {processor.py:839} INFO - DAG(s) dict_keys(['example_setup_teardown']) retrieved from /home/airflow/.local/lib/python3.8/site-packages/airflow/example_dags/example_setup_teardown.py
[2023-09-05T08:30:34.454+0000] {logging_mixin.py:151} INFO - [2023-09-05T08:30:34.454+0000] {dag.py:2907} INFO - Sync 1 DAGs
[2023-09-05T08:30:34.485+0000] {logging_mixin.py:151} INFO - [2023-09-05T08:30:34.485+0000] {dag.py:3677} INFO - Setting next_dagrun for example_setup_teardown to 2023-09-04T08:30:34.485065+00:00, run_after=2023-09-05T08:30:34.485065+00:00
[2023-09-05T08:30:34.512+0000] {processor.py:179} INFO - Processing /home/airflow/.local/lib/python3.8/site-packages/airflow/example_dags/example_setup_teardown.py took 0.107 seconds
[2023-09-05T08:31:04.686+0000] {processor.py:157} INFO - Started process (PID=2617) to work on /home/airflow/.local/lib/python3.8/site-packages/airflow/example_dags/example_setup_teardown.py
[2023-09-05T08:31:04.696+0000] {processor.py:829} INFO - Processing file /home/airflow/.local/lib/python3.8/site-packages/airflow/example_dags/example_setup_teardown.py for tasks to queue
[2023-09-05T08:31:04.697+0000] {logging_mixin.py:151} INFO - [2023-09-05T08:31:04.697+0000] {dagbag.py:539} INFO - Filling up the DagBag from /home/airflow/.local/lib/python3.8/site-packages/airflow/example_dags/example_setup_teardown.py
[2023-09-05T08:31:04.731+0000] {processor.py:839} INFO - DAG(s) dict_keys(['example_setup_teardown']) retrieved from /home/airflow/.local/lib/python3.8/site-packages/airflow/example_dags/example_setup_teardown.py
[2023-09-05T08:31:04.788+0000] {logging_mixin.py:151} INFO - [2023-09-05T08:31:04.788+0000] {dag.py:2907} INFO - Sync 1 DAGs
[2023-09-05T08:31:04.825+0000] {logging_mixin.py:151} INFO - [2023-09-05T08:31:04.824+0000] {dag.py:3677} INFO - Setting next_dagrun for example_setup_teardown to 2023-09-04T08:31:04.824421+00:00, run_after=2023-09-05T08:31:04.824421+00:00
[2023-09-05T08:31:04.860+0000] {processor.py:179} INFO - Processing /home/airflow/.local/lib/python3.8/site-packages/airflow/example_dags/example_setup_teardown.py took 0.185 seconds
