[2023-09-05T08:26:01.070+0000] {processor.py:157} INFO - Started process (PID=230) to work on /home/airflow/.local/lib/python3.8/site-packages/airflow/example_dags/example_latest_only.py
[2023-09-05T08:26:01.077+0000] {processor.py:829} INFO - Processing file /home/airflow/.local/lib/python3.8/site-packages/airflow/example_dags/example_latest_only.py for tasks to queue
[2023-09-05T08:26:01.084+0000] {logging_mixin.py:151} INFO - [2023-09-05T08:26:01.078+0000] {dagbag.py:539} INFO - Filling up the DagBag from /home/airflow/.local/lib/python3.8/site-packages/airflow/example_dags/example_latest_only.py
[2023-09-05T08:26:01.116+0000] {processor.py:839} INFO - DAG(s) dict_keys(['latest_only']) retrieved from /home/airflow/.local/lib/python3.8/site-packages/airflow/example_dags/example_latest_only.py
[2023-09-05T08:26:01.156+0000] {logging_mixin.py:151} INFO - [2023-09-05T08:26:01.154+0000] {dag.py:2907} INFO - Sync 1 DAGs
[2023-09-05T08:26:01.266+0000] {logging_mixin.py:151} INFO - [2023-09-05T08:26:01.266+0000] {dag.py:3677} INFO - Setting next_dagrun for latest_only to 2023-09-05T04:26:01.265612+00:00, run_after=2023-09-05T08:26:01.265612+00:00
[2023-09-05T08:26:01.460+0000] {processor.py:179} INFO - Processing /home/airflow/.local/lib/python3.8/site-packages/airflow/example_dags/example_latest_only.py took 0.406 seconds
[2023-09-05T08:26:31.772+0000] {processor.py:157} INFO - Started process (PID=467) to work on /home/airflow/.local/lib/python3.8/site-packages/airflow/example_dags/example_latest_only.py
[2023-09-05T08:26:31.772+0000] {processor.py:829} INFO - Processing file /home/airflow/.local/lib/python3.8/site-packages/airflow/example_dags/example_latest_only.py for tasks to queue
[2023-09-05T08:26:31.773+0000] {logging_mixin.py:151} INFO - [2023-09-05T08:26:31.773+0000] {dagbag.py:539} INFO - Filling up the DagBag from /home/airflow/.local/lib/python3.8/site-packages/airflow/example_dags/example_latest_only.py
[2023-09-05T08:26:31.780+0000] {processor.py:839} INFO - DAG(s) dict_keys(['latest_only']) retrieved from /home/airflow/.local/lib/python3.8/site-packages/airflow/example_dags/example_latest_only.py
[2023-09-05T08:26:31.803+0000] {logging_mixin.py:151} INFO - [2023-09-05T08:26:31.803+0000] {dag.py:2907} INFO - Sync 1 DAGs
[2023-09-05T08:26:31.829+0000] {logging_mixin.py:151} INFO - [2023-09-05T08:26:31.828+0000] {dag.py:3677} INFO - Setting next_dagrun for latest_only to 2023-09-05T04:26:31.828629+00:00, run_after=2023-09-05T08:26:31.828629+00:00
[2023-09-05T08:26:31.849+0000] {processor.py:179} INFO - Processing /home/airflow/.local/lib/python3.8/site-packages/airflow/example_dags/example_latest_only.py took 0.082 seconds
[2023-09-05T08:27:01.958+0000] {processor.py:157} INFO - Started process (PID=700) to work on /home/airflow/.local/lib/python3.8/site-packages/airflow/example_dags/example_latest_only.py
[2023-09-05T08:27:01.959+0000] {processor.py:829} INFO - Processing file /home/airflow/.local/lib/python3.8/site-packages/airflow/example_dags/example_latest_only.py for tasks to queue
[2023-09-05T08:27:01.960+0000] {logging_mixin.py:151} INFO - [2023-09-05T08:27:01.960+0000] {dagbag.py:539} INFO - Filling up the DagBag from /home/airflow/.local/lib/python3.8/site-packages/airflow/example_dags/example_latest_only.py
[2023-09-05T08:27:01.967+0000] {processor.py:839} INFO - DAG(s) dict_keys(['latest_only']) retrieved from /home/airflow/.local/lib/python3.8/site-packages/airflow/example_dags/example_latest_only.py
[2023-09-05T08:27:01.993+0000] {logging_mixin.py:151} INFO - [2023-09-05T08:27:01.993+0000] {dag.py:2907} INFO - Sync 1 DAGs
[2023-09-05T08:27:02.189+0000] {logging_mixin.py:151} INFO - [2023-09-05T08:27:02.189+0000] {dag.py:3677} INFO - Setting next_dagrun for latest_only to 2023-09-05T04:27:02.189037+00:00, run_after=2023-09-05T08:27:02.189037+00:00
[2023-09-05T08:27:02.214+0000] {processor.py:179} INFO - Processing /home/airflow/.local/lib/python3.8/site-packages/airflow/example_dags/example_latest_only.py took 0.260 seconds
[2023-09-05T08:27:32.355+0000] {processor.py:157} INFO - Started process (PID=938) to work on /home/airflow/.local/lib/python3.8/site-packages/airflow/example_dags/example_latest_only.py
[2023-09-05T08:27:32.358+0000] {processor.py:829} INFO - Processing file /home/airflow/.local/lib/python3.8/site-packages/airflow/example_dags/example_latest_only.py for tasks to queue
[2023-09-05T08:27:32.359+0000] {logging_mixin.py:151} INFO - [2023-09-05T08:27:32.359+0000] {dagbag.py:539} INFO - Filling up the DagBag from /home/airflow/.local/lib/python3.8/site-packages/airflow/example_dags/example_latest_only.py
[2023-09-05T08:27:32.375+0000] {processor.py:839} INFO - DAG(s) dict_keys(['latest_only']) retrieved from /home/airflow/.local/lib/python3.8/site-packages/airflow/example_dags/example_latest_only.py
[2023-09-05T08:27:32.430+0000] {logging_mixin.py:151} INFO - [2023-09-05T08:27:32.430+0000] {dag.py:2907} INFO - Sync 1 DAGs
[2023-09-05T08:27:32.495+0000] {logging_mixin.py:151} INFO - [2023-09-05T08:27:32.495+0000] {dag.py:3677} INFO - Setting next_dagrun for latest_only to 2023-09-05T04:27:32.494675+00:00, run_after=2023-09-05T08:27:32.494675+00:00
[2023-09-05T08:27:32.545+0000] {processor.py:179} INFO - Processing /home/airflow/.local/lib/python3.8/site-packages/airflow/example_dags/example_latest_only.py took 0.199 seconds
[2023-09-05T08:28:02.705+0000] {processor.py:157} INFO - Started process (PID=1176) to work on /home/airflow/.local/lib/python3.8/site-packages/airflow/example_dags/example_latest_only.py
[2023-09-05T08:28:02.708+0000] {processor.py:829} INFO - Processing file /home/airflow/.local/lib/python3.8/site-packages/airflow/example_dags/example_latest_only.py for tasks to queue
[2023-09-05T08:28:02.712+0000] {logging_mixin.py:151} INFO - [2023-09-05T08:28:02.710+0000] {dagbag.py:539} INFO - Filling up the DagBag from /home/airflow/.local/lib/python3.8/site-packages/airflow/example_dags/example_latest_only.py
[2023-09-05T08:28:02.728+0000] {processor.py:839} INFO - DAG(s) dict_keys(['latest_only']) retrieved from /home/airflow/.local/lib/python3.8/site-packages/airflow/example_dags/example_latest_only.py
[2023-09-05T08:28:02.797+0000] {logging_mixin.py:151} INFO - [2023-09-05T08:28:02.797+0000] {dag.py:2907} INFO - Sync 1 DAGs
[2023-09-05T08:28:02.853+0000] {logging_mixin.py:151} INFO - [2023-09-05T08:28:02.852+0000] {dag.py:3677} INFO - Setting next_dagrun for latest_only to 2023-09-05T04:28:02.852720+00:00, run_after=2023-09-05T08:28:02.852720+00:00
[2023-09-05T08:28:02.917+0000] {processor.py:179} INFO - Processing /home/airflow/.local/lib/python3.8/site-packages/airflow/example_dags/example_latest_only.py took 0.236 seconds
[2023-09-05T08:28:33.680+0000] {processor.py:157} INFO - Started process (PID=1424) to work on /home/airflow/.local/lib/python3.8/site-packages/airflow/example_dags/example_latest_only.py
[2023-09-05T08:28:33.680+0000] {processor.py:829} INFO - Processing file /home/airflow/.local/lib/python3.8/site-packages/airflow/example_dags/example_latest_only.py for tasks to queue
[2023-09-05T08:28:33.682+0000] {logging_mixin.py:151} INFO - [2023-09-05T08:28:33.681+0000] {dagbag.py:539} INFO - Filling up the DagBag from /home/airflow/.local/lib/python3.8/site-packages/airflow/example_dags/example_latest_only.py
[2023-09-05T08:28:33.738+0000] {processor.py:839} INFO - DAG(s) dict_keys(['latest_only']) retrieved from /home/airflow/.local/lib/python3.8/site-packages/airflow/example_dags/example_latest_only.py
[2023-09-05T08:28:34.035+0000] {logging_mixin.py:151} INFO - [2023-09-05T08:28:34.034+0000] {dag.py:2907} INFO - Sync 1 DAGs
[2023-09-05T08:28:34.667+0000] {logging_mixin.py:151} INFO - [2023-09-05T08:28:34.666+0000] {dag.py:3677} INFO - Setting next_dagrun for latest_only to 2023-09-05T04:28:34.666653+00:00, run_after=2023-09-05T08:28:34.666653+00:00
[2023-09-05T08:28:35.002+0000] {processor.py:179} INFO - Processing /home/airflow/.local/lib/python3.8/site-packages/airflow/example_dags/example_latest_only.py took 1.328 seconds
[2023-09-05T08:29:05.591+0000] {processor.py:157} INFO - Started process (PID=1701) to work on /home/airflow/.local/lib/python3.8/site-packages/airflow/example_dags/example_latest_only.py
[2023-09-05T08:29:05.593+0000] {processor.py:829} INFO - Processing file /home/airflow/.local/lib/python3.8/site-packages/airflow/example_dags/example_latest_only.py for tasks to queue
[2023-09-05T08:29:05.596+0000] {logging_mixin.py:151} INFO - [2023-09-05T08:29:05.595+0000] {dagbag.py:539} INFO - Filling up the DagBag from /home/airflow/.local/lib/python3.8/site-packages/airflow/example_dags/example_latest_only.py
[2023-09-05T08:29:05.606+0000] {processor.py:839} INFO - DAG(s) dict_keys(['latest_only']) retrieved from /home/airflow/.local/lib/python3.8/site-packages/airflow/example_dags/example_latest_only.py
[2023-09-05T08:29:05.651+0000] {logging_mixin.py:151} INFO - [2023-09-05T08:29:05.651+0000] {dag.py:2907} INFO - Sync 1 DAGs
[2023-09-05T08:29:05.704+0000] {logging_mixin.py:151} INFO - [2023-09-05T08:29:05.704+0000] {dag.py:3677} INFO - Setting next_dagrun for latest_only to 2023-09-05T04:29:05.703989+00:00, run_after=2023-09-05T08:29:05.703989+00:00
[2023-09-05T08:29:05.769+0000] {processor.py:179} INFO - Processing /home/airflow/.local/lib/python3.8/site-packages/airflow/example_dags/example_latest_only.py took 0.185 seconds
[2023-09-05T08:29:36.050+0000] {processor.py:157} INFO - Started process (PID=1937) to work on /home/airflow/.local/lib/python3.8/site-packages/airflow/example_dags/example_latest_only.py
[2023-09-05T08:29:36.050+0000] {processor.py:829} INFO - Processing file /home/airflow/.local/lib/python3.8/site-packages/airflow/example_dags/example_latest_only.py for tasks to queue
[2023-09-05T08:29:36.052+0000] {logging_mixin.py:151} INFO - [2023-09-05T08:29:36.052+0000] {dagbag.py:539} INFO - Filling up the DagBag from /home/airflow/.local/lib/python3.8/site-packages/airflow/example_dags/example_latest_only.py
[2023-09-05T08:29:36.060+0000] {processor.py:839} INFO - DAG(s) dict_keys(['latest_only']) retrieved from /home/airflow/.local/lib/python3.8/site-packages/airflow/example_dags/example_latest_only.py
[2023-09-05T08:29:36.115+0000] {logging_mixin.py:151} INFO - [2023-09-05T08:29:36.115+0000] {dag.py:2907} INFO - Sync 1 DAGs
[2023-09-05T08:29:36.153+0000] {logging_mixin.py:151} INFO - [2023-09-05T08:29:36.153+0000] {dag.py:3677} INFO - Setting next_dagrun for latest_only to 2023-09-05T04:29:36.152732+00:00, run_after=2023-09-05T08:29:36.152732+00:00
[2023-09-05T08:29:36.184+0000] {processor.py:179} INFO - Processing /home/airflow/.local/lib/python3.8/site-packages/airflow/example_dags/example_latest_only.py took 0.141 seconds
[2023-09-05T08:30:06.781+0000] {processor.py:157} INFO - Started process (PID=2175) to work on /home/airflow/.local/lib/python3.8/site-packages/airflow/example_dags/example_latest_only.py
[2023-09-05T08:30:06.782+0000] {processor.py:829} INFO - Processing file /home/airflow/.local/lib/python3.8/site-packages/airflow/example_dags/example_latest_only.py for tasks to queue
[2023-09-05T08:30:06.783+0000] {logging_mixin.py:151} INFO - [2023-09-05T08:30:06.783+0000] {dagbag.py:539} INFO - Filling up the DagBag from /home/airflow/.local/lib/python3.8/site-packages/airflow/example_dags/example_latest_only.py
[2023-09-05T08:30:06.792+0000] {processor.py:839} INFO - DAG(s) dict_keys(['latest_only']) retrieved from /home/airflow/.local/lib/python3.8/site-packages/airflow/example_dags/example_latest_only.py
[2023-09-05T08:30:06.824+0000] {logging_mixin.py:151} INFO - [2023-09-05T08:30:06.824+0000] {dag.py:2907} INFO - Sync 1 DAGs
[2023-09-05T08:30:06.854+0000] {logging_mixin.py:151} INFO - [2023-09-05T08:30:06.854+0000] {dag.py:3677} INFO - Setting next_dagrun for latest_only to 2023-09-05T04:30:06.854229+00:00, run_after=2023-09-05T08:30:06.854229+00:00
[2023-09-05T08:30:06.879+0000] {processor.py:179} INFO - Processing /home/airflow/.local/lib/python3.8/site-packages/airflow/example_dags/example_latest_only.py took 0.103 seconds
[2023-09-05T08:30:36.972+0000] {processor.py:157} INFO - Started process (PID=2410) to work on /home/airflow/.local/lib/python3.8/site-packages/airflow/example_dags/example_latest_only.py
[2023-09-05T08:30:36.973+0000] {processor.py:829} INFO - Processing file /home/airflow/.local/lib/python3.8/site-packages/airflow/example_dags/example_latest_only.py for tasks to queue
[2023-09-05T08:30:36.974+0000] {logging_mixin.py:151} INFO - [2023-09-05T08:30:36.973+0000] {dagbag.py:539} INFO - Filling up the DagBag from /home/airflow/.local/lib/python3.8/site-packages/airflow/example_dags/example_latest_only.py
[2023-09-05T08:30:36.980+0000] {processor.py:839} INFO - DAG(s) dict_keys(['latest_only']) retrieved from /home/airflow/.local/lib/python3.8/site-packages/airflow/example_dags/example_latest_only.py
[2023-09-05T08:30:37.008+0000] {logging_mixin.py:151} INFO - [2023-09-05T08:30:37.008+0000] {dag.py:2907} INFO - Sync 1 DAGs
[2023-09-05T08:30:37.034+0000] {logging_mixin.py:151} INFO - [2023-09-05T08:30:37.034+0000] {dag.py:3677} INFO - Setting next_dagrun for latest_only to 2023-09-05T04:30:37.033794+00:00, run_after=2023-09-05T08:30:37.033794+00:00
[2023-09-05T08:30:37.060+0000] {processor.py:179} INFO - Processing /home/airflow/.local/lib/python3.8/site-packages/airflow/example_dags/example_latest_only.py took 0.094 seconds
