[2023-09-05T08:25:55.109+0000] {processor.py:157} INFO - Started process (PID=173) to work on /home/airflow/.local/lib/python3.8/site-packages/airflow/example_dags/example_python_operator.py
[2023-09-05T08:25:55.111+0000] {processor.py:829} INFO - Processing file /home/airflow/.local/lib/python3.8/site-packages/airflow/example_dags/example_python_operator.py for tasks to queue
[2023-09-05T08:25:55.113+0000] {logging_mixin.py:151} INFO - [2023-09-05T08:25:55.112+0000] {dagbag.py:539} INFO - Filling up the DagBag from /home/airflow/.local/lib/python3.8/site-packages/airflow/example_dags/example_python_operator.py
[2023-09-05T08:25:55.151+0000] {processor.py:839} INFO - DAG(s) dict_keys(['example_python_operator']) retrieved from /home/airflow/.local/lib/python3.8/site-packages/airflow/example_dags/example_python_operator.py
[2023-09-05T08:25:55.206+0000] {logging_mixin.py:151} INFO - [2023-09-05T08:25:55.206+0000] {dag.py:2907} INFO - Sync 1 DAGs
[2023-09-05T08:25:55.291+0000] {logging_mixin.py:151} INFO - [2023-09-05T08:25:55.290+0000] {dag.py:3677} INFO - Setting next_dagrun for example_python_operator to None, run_after=None
[2023-09-05T08:25:55.382+0000] {processor.py:179} INFO - Processing /home/airflow/.local/lib/python3.8/site-packages/airflow/example_dags/example_python_operator.py took 0.278 seconds
[2023-09-05T08:26:26.220+0000] {processor.py:157} INFO - Started process (PID=407) to work on /home/airflow/.local/lib/python3.8/site-packages/airflow/example_dags/example_python_operator.py
[2023-09-05T08:26:26.220+0000] {processor.py:829} INFO - Processing file /home/airflow/.local/lib/python3.8/site-packages/airflow/example_dags/example_python_operator.py for tasks to queue
[2023-09-05T08:26:26.221+0000] {logging_mixin.py:151} INFO - [2023-09-05T08:26:26.221+0000] {dagbag.py:539} INFO - Filling up the DagBag from /home/airflow/.local/lib/python3.8/site-packages/airflow/example_dags/example_python_operator.py
[2023-09-05T08:26:26.233+0000] {processor.py:839} INFO - DAG(s) dict_keys(['example_python_operator']) retrieved from /home/airflow/.local/lib/python3.8/site-packages/airflow/example_dags/example_python_operator.py
[2023-09-05T08:26:26.641+0000] {logging_mixin.py:151} INFO - [2023-09-05T08:26:26.640+0000] {dag.py:2907} INFO - Sync 1 DAGs
[2023-09-05T08:26:26.654+0000] {logging_mixin.py:151} INFO - [2023-09-05T08:26:26.653+0000] {dag.py:3677} INFO - Setting next_dagrun for example_python_operator to None, run_after=None
[2023-09-05T08:26:26.678+0000] {processor.py:179} INFO - Processing /home/airflow/.local/lib/python3.8/site-packages/airflow/example_dags/example_python_operator.py took 0.463 seconds
[2023-09-05T08:26:57.167+0000] {processor.py:157} INFO - Started process (PID=645) to work on /home/airflow/.local/lib/python3.8/site-packages/airflow/example_dags/example_python_operator.py
[2023-09-05T08:26:57.171+0000] {processor.py:829} INFO - Processing file /home/airflow/.local/lib/python3.8/site-packages/airflow/example_dags/example_python_operator.py for tasks to queue
[2023-09-05T08:26:57.172+0000] {logging_mixin.py:151} INFO - [2023-09-05T08:26:57.172+0000] {dagbag.py:539} INFO - Filling up the DagBag from /home/airflow/.local/lib/python3.8/site-packages/airflow/example_dags/example_python_operator.py
[2023-09-05T08:26:57.196+0000] {processor.py:839} INFO - DAG(s) dict_keys(['example_python_operator']) retrieved from /home/airflow/.local/lib/python3.8/site-packages/airflow/example_dags/example_python_operator.py
[2023-09-05T08:26:57.272+0000] {logging_mixin.py:151} INFO - [2023-09-05T08:26:57.272+0000] {dag.py:2907} INFO - Sync 1 DAGs
[2023-09-05T08:26:57.508+0000] {logging_mixin.py:151} INFO - [2023-09-05T08:26:57.507+0000] {dag.py:3677} INFO - Setting next_dagrun for example_python_operator to None, run_after=None
[2023-09-05T08:26:57.542+0000] {processor.py:179} INFO - Processing /home/airflow/.local/lib/python3.8/site-packages/airflow/example_dags/example_python_operator.py took 0.381 seconds
[2023-09-05T08:27:27.697+0000] {processor.py:157} INFO - Started process (PID=883) to work on /home/airflow/.local/lib/python3.8/site-packages/airflow/example_dags/example_python_operator.py
[2023-09-05T08:27:27.700+0000] {processor.py:829} INFO - Processing file /home/airflow/.local/lib/python3.8/site-packages/airflow/example_dags/example_python_operator.py for tasks to queue
[2023-09-05T08:27:27.703+0000] {logging_mixin.py:151} INFO - [2023-09-05T08:27:27.702+0000] {dagbag.py:539} INFO - Filling up the DagBag from /home/airflow/.local/lib/python3.8/site-packages/airflow/example_dags/example_python_operator.py
[2023-09-05T08:27:27.743+0000] {processor.py:839} INFO - DAG(s) dict_keys(['example_python_operator']) retrieved from /home/airflow/.local/lib/python3.8/site-packages/airflow/example_dags/example_python_operator.py
[2023-09-05T08:27:27.816+0000] {logging_mixin.py:151} INFO - [2023-09-05T08:27:27.815+0000] {dag.py:2907} INFO - Sync 1 DAGs
[2023-09-05T08:27:27.853+0000] {logging_mixin.py:151} INFO - [2023-09-05T08:27:27.853+0000] {dag.py:3677} INFO - Setting next_dagrun for example_python_operator to None, run_after=None
[2023-09-05T08:27:27.918+0000] {processor.py:179} INFO - Processing /home/airflow/.local/lib/python3.8/site-packages/airflow/example_dags/example_python_operator.py took 0.229 seconds
[2023-09-05T08:27:58.050+0000] {processor.py:157} INFO - Started process (PID=1121) to work on /home/airflow/.local/lib/python3.8/site-packages/airflow/example_dags/example_python_operator.py
[2023-09-05T08:27:58.054+0000] {processor.py:829} INFO - Processing file /home/airflow/.local/lib/python3.8/site-packages/airflow/example_dags/example_python_operator.py for tasks to queue
[2023-09-05T08:27:58.056+0000] {logging_mixin.py:151} INFO - [2023-09-05T08:27:58.055+0000] {dagbag.py:539} INFO - Filling up the DagBag from /home/airflow/.local/lib/python3.8/site-packages/airflow/example_dags/example_python_operator.py
[2023-09-05T08:27:58.106+0000] {processor.py:839} INFO - DAG(s) dict_keys(['example_python_operator']) retrieved from /home/airflow/.local/lib/python3.8/site-packages/airflow/example_dags/example_python_operator.py
[2023-09-05T08:27:58.208+0000] {logging_mixin.py:151} INFO - [2023-09-05T08:27:58.207+0000] {dag.py:2907} INFO - Sync 1 DAGs
[2023-09-05T08:27:58.243+0000] {logging_mixin.py:151} INFO - [2023-09-05T08:27:58.243+0000] {dag.py:3677} INFO - Setting next_dagrun for example_python_operator to None, run_after=None
[2023-09-05T08:27:58.307+0000] {processor.py:179} INFO - Processing /home/airflow/.local/lib/python3.8/site-packages/airflow/example_dags/example_python_operator.py took 0.266 seconds
[2023-09-05T08:28:28.517+0000] {processor.py:157} INFO - Started process (PID=1359) to work on /home/airflow/.local/lib/python3.8/site-packages/airflow/example_dags/example_python_operator.py
[2023-09-05T08:28:28.518+0000] {processor.py:829} INFO - Processing file /home/airflow/.local/lib/python3.8/site-packages/airflow/example_dags/example_python_operator.py for tasks to queue
[2023-09-05T08:28:28.520+0000] {logging_mixin.py:151} INFO - [2023-09-05T08:28:28.519+0000] {dagbag.py:539} INFO - Filling up the DagBag from /home/airflow/.local/lib/python3.8/site-packages/airflow/example_dags/example_python_operator.py
[2023-09-05T08:28:28.550+0000] {processor.py:839} INFO - DAG(s) dict_keys(['example_python_operator']) retrieved from /home/airflow/.local/lib/python3.8/site-packages/airflow/example_dags/example_python_operator.py
[2023-09-05T08:28:28.602+0000] {logging_mixin.py:151} INFO - [2023-09-05T08:28:28.602+0000] {dag.py:2907} INFO - Sync 1 DAGs
[2023-09-05T08:28:28.633+0000] {logging_mixin.py:151} INFO - [2023-09-05T08:28:28.633+0000] {dag.py:3677} INFO - Setting next_dagrun for example_python_operator to None, run_after=None
[2023-09-05T08:28:28.678+0000] {processor.py:179} INFO - Processing /home/airflow/.local/lib/python3.8/site-packages/airflow/example_dags/example_python_operator.py took 0.170 seconds
[2023-09-05T08:28:59.128+0000] {processor.py:157} INFO - Started process (PID=1630) to work on /home/airflow/.local/lib/python3.8/site-packages/airflow/example_dags/example_python_operator.py
[2023-09-05T08:28:59.144+0000] {processor.py:829} INFO - Processing file /home/airflow/.local/lib/python3.8/site-packages/airflow/example_dags/example_python_operator.py for tasks to queue
[2023-09-05T08:28:59.158+0000] {logging_mixin.py:151} INFO - [2023-09-05T08:28:59.146+0000] {dagbag.py:539} INFO - Filling up the DagBag from /home/airflow/.local/lib/python3.8/site-packages/airflow/example_dags/example_python_operator.py
[2023-09-05T08:28:59.192+0000] {processor.py:839} INFO - DAG(s) dict_keys(['example_python_operator']) retrieved from /home/airflow/.local/lib/python3.8/site-packages/airflow/example_dags/example_python_operator.py
[2023-09-05T08:28:59.310+0000] {logging_mixin.py:151} INFO - [2023-09-05T08:28:59.310+0000] {dag.py:2907} INFO - Sync 1 DAGs
[2023-09-05T08:28:59.469+0000] {logging_mixin.py:151} INFO - [2023-09-05T08:28:59.469+0000] {dag.py:3677} INFO - Setting next_dagrun for example_python_operator to None, run_after=None
[2023-09-05T08:28:59.572+0000] {processor.py:179} INFO - Processing /home/airflow/.local/lib/python3.8/site-packages/airflow/example_dags/example_python_operator.py took 0.473 seconds
[2023-09-05T08:29:29.724+0000] {processor.py:157} INFO - Started process (PID=1877) to work on /home/airflow/.local/lib/python3.8/site-packages/airflow/example_dags/example_python_operator.py
[2023-09-05T08:29:29.725+0000] {processor.py:829} INFO - Processing file /home/airflow/.local/lib/python3.8/site-packages/airflow/example_dags/example_python_operator.py for tasks to queue
[2023-09-05T08:29:29.726+0000] {logging_mixin.py:151} INFO - [2023-09-05T08:29:29.726+0000] {dagbag.py:539} INFO - Filling up the DagBag from /home/airflow/.local/lib/python3.8/site-packages/airflow/example_dags/example_python_operator.py
[2023-09-05T08:29:29.760+0000] {processor.py:839} INFO - DAG(s) dict_keys(['example_python_operator']) retrieved from /home/airflow/.local/lib/python3.8/site-packages/airflow/example_dags/example_python_operator.py
[2023-09-05T08:29:29.829+0000] {logging_mixin.py:151} INFO - [2023-09-05T08:29:29.829+0000] {dag.py:2907} INFO - Sync 1 DAGs
[2023-09-05T08:29:29.856+0000] {logging_mixin.py:151} INFO - [2023-09-05T08:29:29.856+0000] {dag.py:3677} INFO - Setting next_dagrun for example_python_operator to None, run_after=None
[2023-09-05T08:29:29.904+0000] {processor.py:179} INFO - Processing /home/airflow/.local/lib/python3.8/site-packages/airflow/example_dags/example_python_operator.py took 0.185 seconds
[2023-09-05T08:30:00.103+0000] {processor.py:157} INFO - Started process (PID=2111) to work on /home/airflow/.local/lib/python3.8/site-packages/airflow/example_dags/example_python_operator.py
[2023-09-05T08:30:00.106+0000] {processor.py:829} INFO - Processing file /home/airflow/.local/lib/python3.8/site-packages/airflow/example_dags/example_python_operator.py for tasks to queue
[2023-09-05T08:30:00.107+0000] {logging_mixin.py:151} INFO - [2023-09-05T08:30:00.107+0000] {dagbag.py:539} INFO - Filling up the DagBag from /home/airflow/.local/lib/python3.8/site-packages/airflow/example_dags/example_python_operator.py
[2023-09-05T08:30:00.129+0000] {processor.py:839} INFO - DAG(s) dict_keys(['example_python_operator']) retrieved from /home/airflow/.local/lib/python3.8/site-packages/airflow/example_dags/example_python_operator.py
[2023-09-05T08:30:00.170+0000] {logging_mixin.py:151} INFO - [2023-09-05T08:30:00.170+0000] {dag.py:2907} INFO - Sync 1 DAGs
[2023-09-05T08:30:00.187+0000] {logging_mixin.py:151} INFO - [2023-09-05T08:30:00.187+0000] {dag.py:3677} INFO - Setting next_dagrun for example_python_operator to None, run_after=None
[2023-09-05T08:30:00.212+0000] {processor.py:179} INFO - Processing /home/airflow/.local/lib/python3.8/site-packages/airflow/example_dags/example_python_operator.py took 0.117 seconds
[2023-09-05T08:30:30.298+0000] {processor.py:157} INFO - Started process (PID=2344) to work on /home/airflow/.local/lib/python3.8/site-packages/airflow/example_dags/example_python_operator.py
[2023-09-05T08:30:30.299+0000] {processor.py:829} INFO - Processing file /home/airflow/.local/lib/python3.8/site-packages/airflow/example_dags/example_python_operator.py for tasks to queue
[2023-09-05T08:30:30.300+0000] {logging_mixin.py:151} INFO - [2023-09-05T08:30:30.299+0000] {dagbag.py:539} INFO - Filling up the DagBag from /home/airflow/.local/lib/python3.8/site-packages/airflow/example_dags/example_python_operator.py
[2023-09-05T08:30:30.317+0000] {processor.py:839} INFO - DAG(s) dict_keys(['example_python_operator']) retrieved from /home/airflow/.local/lib/python3.8/site-packages/airflow/example_dags/example_python_operator.py
[2023-09-05T08:30:30.359+0000] {logging_mixin.py:151} INFO - [2023-09-05T08:30:30.358+0000] {dag.py:2907} INFO - Sync 1 DAGs
[2023-09-05T08:30:30.382+0000] {logging_mixin.py:151} INFO - [2023-09-05T08:30:30.382+0000] {dag.py:3677} INFO - Setting next_dagrun for example_python_operator to None, run_after=None
[2023-09-05T08:30:30.418+0000] {processor.py:179} INFO - Processing /home/airflow/.local/lib/python3.8/site-packages/airflow/example_dags/example_python_operator.py took 0.124 seconds
[2023-09-05T08:31:01.095+0000] {processor.py:157} INFO - Started process (PID=2567) to work on /home/airflow/.local/lib/python3.8/site-packages/airflow/example_dags/example_python_operator.py
[2023-09-05T08:31:01.097+0000] {processor.py:829} INFO - Processing file /home/airflow/.local/lib/python3.8/site-packages/airflow/example_dags/example_python_operator.py for tasks to queue
[2023-09-05T08:31:01.098+0000] {logging_mixin.py:151} INFO - [2023-09-05T08:31:01.098+0000] {dagbag.py:539} INFO - Filling up the DagBag from /home/airflow/.local/lib/python3.8/site-packages/airflow/example_dags/example_python_operator.py
[2023-09-05T08:31:01.115+0000] {processor.py:839} INFO - DAG(s) dict_keys(['example_python_operator']) retrieved from /home/airflow/.local/lib/python3.8/site-packages/airflow/example_dags/example_python_operator.py
[2023-09-05T08:31:01.146+0000] {logging_mixin.py:151} INFO - [2023-09-05T08:31:01.146+0000] {dag.py:2907} INFO - Sync 1 DAGs
[2023-09-05T08:31:01.162+0000] {logging_mixin.py:151} INFO - [2023-09-05T08:31:01.162+0000] {dag.py:3677} INFO - Setting next_dagrun for example_python_operator to None, run_after=None
[2023-09-05T08:31:01.184+0000] {processor.py:179} INFO - Processing /home/airflow/.local/lib/python3.8/site-packages/airflow/example_dags/example_python_operator.py took 0.093 seconds
