[2023-09-05T08:25:59.157+0000] {processor.py:157} INFO - Started process (PID=209) to work on /home/airflow/.local/lib/python3.8/site-packages/airflow/example_dags/example_branch_operator.py
[2023-09-05T08:25:59.160+0000] {processor.py:829} INFO - Processing file /home/airflow/.local/lib/python3.8/site-packages/airflow/example_dags/example_branch_operator.py for tasks to queue
[2023-09-05T08:25:59.163+0000] {logging_mixin.py:151} INFO - [2023-09-05T08:25:59.162+0000] {dagbag.py:539} INFO - Filling up the DagBag from /home/airflow/.local/lib/python3.8/site-packages/airflow/example_dags/example_branch_operator.py
[2023-09-05T08:25:59.188+0000] {processor.py:839} INFO - DAG(s) dict_keys(['example_branch_operator']) retrieved from /home/airflow/.local/lib/python3.8/site-packages/airflow/example_dags/example_branch_operator.py
[2023-09-05T08:25:59.211+0000] {logging_mixin.py:151} INFO - [2023-09-05T08:25:59.210+0000] {dag.py:2907} INFO - Sync 1 DAGs
[2023-09-05T08:25:59.257+0000] {logging_mixin.py:151} INFO - [2023-09-05T08:25:59.257+0000] {dag.py:3677} INFO - Setting next_dagrun for example_branch_operator to 2023-09-04T00:00:00+00:00, run_after=2023-09-05T00:00:00+00:00
[2023-09-05T08:25:59.310+0000] {processor.py:179} INFO - Processing /home/airflow/.local/lib/python3.8/site-packages/airflow/example_dags/example_branch_operator.py took 0.169 seconds
[2023-09-05T08:26:29.458+0000] {processor.py:157} INFO - Started process (PID=444) to work on /home/airflow/.local/lib/python3.8/site-packages/airflow/example_dags/example_branch_operator.py
[2023-09-05T08:26:29.459+0000] {processor.py:829} INFO - Processing file /home/airflow/.local/lib/python3.8/site-packages/airflow/example_dags/example_branch_operator.py for tasks to queue
[2023-09-05T08:26:29.460+0000] {logging_mixin.py:151} INFO - [2023-09-05T08:26:29.460+0000] {dagbag.py:539} INFO - Filling up the DagBag from /home/airflow/.local/lib/python3.8/site-packages/airflow/example_dags/example_branch_operator.py
[2023-09-05T08:26:29.473+0000] {processor.py:839} INFO - DAG(s) dict_keys(['example_branch_operator']) retrieved from /home/airflow/.local/lib/python3.8/site-packages/airflow/example_dags/example_branch_operator.py
[2023-09-05T08:26:29.508+0000] {logging_mixin.py:151} INFO - [2023-09-05T08:26:29.508+0000] {dag.py:2907} INFO - Sync 1 DAGs
[2023-09-05T08:26:29.541+0000] {logging_mixin.py:151} INFO - [2023-09-05T08:26:29.541+0000] {dag.py:3677} INFO - Setting next_dagrun for example_branch_operator to 2023-09-04T00:00:00+00:00, run_after=2023-09-05T00:00:00+00:00
[2023-09-05T08:26:29.567+0000] {processor.py:179} INFO - Processing /home/airflow/.local/lib/python3.8/site-packages/airflow/example_dags/example_branch_operator.py took 0.112 seconds
[2023-09-05T08:27:00.248+0000] {processor.py:157} INFO - Started process (PID=680) to work on /home/airflow/.local/lib/python3.8/site-packages/airflow/example_dags/example_branch_operator.py
[2023-09-05T08:27:00.250+0000] {processor.py:829} INFO - Processing file /home/airflow/.local/lib/python3.8/site-packages/airflow/example_dags/example_branch_operator.py for tasks to queue
[2023-09-05T08:27:00.252+0000] {logging_mixin.py:151} INFO - [2023-09-05T08:27:00.252+0000] {dagbag.py:539} INFO - Filling up the DagBag from /home/airflow/.local/lib/python3.8/site-packages/airflow/example_dags/example_branch_operator.py
[2023-09-05T08:27:00.267+0000] {processor.py:839} INFO - DAG(s) dict_keys(['example_branch_operator']) retrieved from /home/airflow/.local/lib/python3.8/site-packages/airflow/example_dags/example_branch_operator.py
[2023-09-05T08:27:00.299+0000] {logging_mixin.py:151} INFO - [2023-09-05T08:27:00.299+0000] {dag.py:2907} INFO - Sync 1 DAGs
[2023-09-05T08:27:00.484+0000] {logging_mixin.py:151} INFO - [2023-09-05T08:27:00.483+0000] {dag.py:3677} INFO - Setting next_dagrun for example_branch_operator to 2023-09-04T00:00:00+00:00, run_after=2023-09-05T00:00:00+00:00
[2023-09-05T08:27:00.510+0000] {processor.py:179} INFO - Processing /home/airflow/.local/lib/python3.8/site-packages/airflow/example_dags/example_branch_operator.py took 0.265 seconds
[2023-09-05T08:27:30.656+0000] {processor.py:157} INFO - Started process (PID=918) to work on /home/airflow/.local/lib/python3.8/site-packages/airflow/example_dags/example_branch_operator.py
[2023-09-05T08:27:30.657+0000] {processor.py:829} INFO - Processing file /home/airflow/.local/lib/python3.8/site-packages/airflow/example_dags/example_branch_operator.py for tasks to queue
[2023-09-05T08:27:30.660+0000] {logging_mixin.py:151} INFO - [2023-09-05T08:27:30.659+0000] {dagbag.py:539} INFO - Filling up the DagBag from /home/airflow/.local/lib/python3.8/site-packages/airflow/example_dags/example_branch_operator.py
[2023-09-05T08:27:30.704+0000] {processor.py:839} INFO - DAG(s) dict_keys(['example_branch_operator']) retrieved from /home/airflow/.local/lib/python3.8/site-packages/airflow/example_dags/example_branch_operator.py
[2023-09-05T08:27:30.788+0000] {logging_mixin.py:151} INFO - [2023-09-05T08:27:30.788+0000] {dag.py:2907} INFO - Sync 1 DAGs
[2023-09-05T08:27:30.845+0000] {logging_mixin.py:151} INFO - [2023-09-05T08:27:30.845+0000] {dag.py:3677} INFO - Setting next_dagrun for example_branch_operator to 2023-09-04T00:00:00+00:00, run_after=2023-09-05T00:00:00+00:00
[2023-09-05T08:27:30.905+0000] {processor.py:179} INFO - Processing /home/airflow/.local/lib/python3.8/site-packages/airflow/example_dags/example_branch_operator.py took 0.259 seconds
[2023-09-05T08:28:01.208+0000] {processor.py:157} INFO - Started process (PID=1151) to work on /home/airflow/.local/lib/python3.8/site-packages/airflow/example_dags/example_branch_operator.py
[2023-09-05T08:28:01.227+0000] {processor.py:829} INFO - Processing file /home/airflow/.local/lib/python3.8/site-packages/airflow/example_dags/example_branch_operator.py for tasks to queue
[2023-09-05T08:28:01.230+0000] {logging_mixin.py:151} INFO - [2023-09-05T08:28:01.229+0000] {dagbag.py:539} INFO - Filling up the DagBag from /home/airflow/.local/lib/python3.8/site-packages/airflow/example_dags/example_branch_operator.py
[2023-09-05T08:28:01.265+0000] {processor.py:839} INFO - DAG(s) dict_keys(['example_branch_operator']) retrieved from /home/airflow/.local/lib/python3.8/site-packages/airflow/example_dags/example_branch_operator.py
[2023-09-05T08:28:01.356+0000] {logging_mixin.py:151} INFO - [2023-09-05T08:28:01.356+0000] {dag.py:2907} INFO - Sync 1 DAGs
[2023-09-05T08:28:01.486+0000] {logging_mixin.py:151} INFO - [2023-09-05T08:28:01.485+0000] {dag.py:3677} INFO - Setting next_dagrun for example_branch_operator to 2023-09-04T00:00:00+00:00, run_after=2023-09-05T00:00:00+00:00
[2023-09-05T08:28:01.610+0000] {processor.py:179} INFO - Processing /home/airflow/.local/lib/python3.8/site-packages/airflow/example_dags/example_branch_operator.py took 0.438 seconds
[2023-09-05T08:28:32.057+0000] {processor.py:157} INFO - Started process (PID=1389) to work on /home/airflow/.local/lib/python3.8/site-packages/airflow/example_dags/example_branch_operator.py
[2023-09-05T08:28:32.065+0000] {processor.py:829} INFO - Processing file /home/airflow/.local/lib/python3.8/site-packages/airflow/example_dags/example_branch_operator.py for tasks to queue
[2023-09-05T08:28:32.067+0000] {logging_mixin.py:151} INFO - [2023-09-05T08:28:32.066+0000] {dagbag.py:539} INFO - Filling up the DagBag from /home/airflow/.local/lib/python3.8/site-packages/airflow/example_dags/example_branch_operator.py
[2023-09-05T08:28:32.104+0000] {processor.py:839} INFO - DAG(s) dict_keys(['example_branch_operator']) retrieved from /home/airflow/.local/lib/python3.8/site-packages/airflow/example_dags/example_branch_operator.py
[2023-09-05T08:28:32.201+0000] {logging_mixin.py:151} INFO - [2023-09-05T08:28:32.201+0000] {dag.py:2907} INFO - Sync 1 DAGs
[2023-09-05T08:28:32.311+0000] {logging_mixin.py:151} INFO - [2023-09-05T08:28:32.310+0000] {dag.py:3677} INFO - Setting next_dagrun for example_branch_operator to 2023-09-04T00:00:00+00:00, run_after=2023-09-05T00:00:00+00:00
[2023-09-05T08:28:32.366+0000] {processor.py:179} INFO - Processing /home/airflow/.local/lib/python3.8/site-packages/airflow/example_dags/example_branch_operator.py took 0.323 seconds
[2023-09-05T08:29:02.601+0000] {processor.py:157} INFO - Started process (PID=1670) to work on /home/airflow/.local/lib/python3.8/site-packages/airflow/example_dags/example_branch_operator.py
[2023-09-05T08:29:02.637+0000] {processor.py:829} INFO - Processing file /home/airflow/.local/lib/python3.8/site-packages/airflow/example_dags/example_branch_operator.py for tasks to queue
[2023-09-05T08:29:02.650+0000] {logging_mixin.py:151} INFO - [2023-09-05T08:29:02.649+0000] {dagbag.py:539} INFO - Filling up the DagBag from /home/airflow/.local/lib/python3.8/site-packages/airflow/example_dags/example_branch_operator.py
[2023-09-05T08:29:02.741+0000] {processor.py:839} INFO - DAG(s) dict_keys(['example_branch_operator']) retrieved from /home/airflow/.local/lib/python3.8/site-packages/airflow/example_dags/example_branch_operator.py
[2023-09-05T08:29:02.860+0000] {logging_mixin.py:151} INFO - [2023-09-05T08:29:02.859+0000] {dag.py:2907} INFO - Sync 1 DAGs
[2023-09-05T08:29:03.025+0000] {logging_mixin.py:151} INFO - [2023-09-05T08:29:03.025+0000] {dag.py:3677} INFO - Setting next_dagrun for example_branch_operator to 2023-09-04T00:00:00+00:00, run_after=2023-09-05T00:00:00+00:00
[2023-09-05T08:29:03.130+0000] {processor.py:179} INFO - Processing /home/airflow/.local/lib/python3.8/site-packages/airflow/example_dags/example_branch_operator.py took 0.555 seconds
[2023-09-05T08:29:33.521+0000] {processor.py:157} INFO - Started process (PID=1912) to work on /home/airflow/.local/lib/python3.8/site-packages/airflow/example_dags/example_branch_operator.py
[2023-09-05T08:29:33.522+0000] {processor.py:829} INFO - Processing file /home/airflow/.local/lib/python3.8/site-packages/airflow/example_dags/example_branch_operator.py for tasks to queue
[2023-09-05T08:29:33.523+0000] {logging_mixin.py:151} INFO - [2023-09-05T08:29:33.523+0000] {dagbag.py:539} INFO - Filling up the DagBag from /home/airflow/.local/lib/python3.8/site-packages/airflow/example_dags/example_branch_operator.py
[2023-09-05T08:29:33.543+0000] {processor.py:839} INFO - DAG(s) dict_keys(['example_branch_operator']) retrieved from /home/airflow/.local/lib/python3.8/site-packages/airflow/example_dags/example_branch_operator.py
[2023-09-05T08:29:33.595+0000] {logging_mixin.py:151} INFO - [2023-09-05T08:29:33.594+0000] {dag.py:2907} INFO - Sync 1 DAGs
[2023-09-05T08:29:33.645+0000] {logging_mixin.py:151} INFO - [2023-09-05T08:29:33.645+0000] {dag.py:3677} INFO - Setting next_dagrun for example_branch_operator to 2023-09-04T00:00:00+00:00, run_after=2023-09-05T00:00:00+00:00
[2023-09-05T08:29:33.679+0000] {processor.py:179} INFO - Processing /home/airflow/.local/lib/python3.8/site-packages/airflow/example_dags/example_branch_operator.py took 0.164 seconds
[2023-09-05T08:30:04.228+0000] {processor.py:157} INFO - Started process (PID=2150) to work on /home/airflow/.local/lib/python3.8/site-packages/airflow/example_dags/example_branch_operator.py
[2023-09-05T08:30:04.229+0000] {processor.py:829} INFO - Processing file /home/airflow/.local/lib/python3.8/site-packages/airflow/example_dags/example_branch_operator.py for tasks to queue
[2023-09-05T08:30:04.230+0000] {logging_mixin.py:151} INFO - [2023-09-05T08:30:04.230+0000] {dagbag.py:539} INFO - Filling up the DagBag from /home/airflow/.local/lib/python3.8/site-packages/airflow/example_dags/example_branch_operator.py
[2023-09-05T08:30:04.246+0000] {processor.py:839} INFO - DAG(s) dict_keys(['example_branch_operator']) retrieved from /home/airflow/.local/lib/python3.8/site-packages/airflow/example_dags/example_branch_operator.py
[2023-09-05T08:30:04.281+0000] {logging_mixin.py:151} INFO - [2023-09-05T08:30:04.281+0000] {dag.py:2907} INFO - Sync 1 DAGs
[2023-09-05T08:30:04.325+0000] {logging_mixin.py:151} INFO - [2023-09-05T08:30:04.324+0000] {dag.py:3677} INFO - Setting next_dagrun for example_branch_operator to 2023-09-04T00:00:00+00:00, run_after=2023-09-05T00:00:00+00:00
[2023-09-05T08:30:04.354+0000] {processor.py:179} INFO - Processing /home/airflow/.local/lib/python3.8/site-packages/airflow/example_dags/example_branch_operator.py took 0.131 seconds
[2023-09-05T08:30:34.419+0000] {processor.py:157} INFO - Started process (PID=2388) to work on /home/airflow/.local/lib/python3.8/site-packages/airflow/example_dags/example_branch_operator.py
[2023-09-05T08:30:34.420+0000] {processor.py:829} INFO - Processing file /home/airflow/.local/lib/python3.8/site-packages/airflow/example_dags/example_branch_operator.py for tasks to queue
[2023-09-05T08:30:34.421+0000] {logging_mixin.py:151} INFO - [2023-09-05T08:30:34.421+0000] {dagbag.py:539} INFO - Filling up the DagBag from /home/airflow/.local/lib/python3.8/site-packages/airflow/example_dags/example_branch_operator.py
[2023-09-05T08:30:34.439+0000] {processor.py:839} INFO - DAG(s) dict_keys(['example_branch_operator']) retrieved from /home/airflow/.local/lib/python3.8/site-packages/airflow/example_dags/example_branch_operator.py
[2023-09-05T08:30:34.472+0000] {logging_mixin.py:151} INFO - [2023-09-05T08:30:34.472+0000] {dag.py:2907} INFO - Sync 1 DAGs
[2023-09-05T08:30:34.513+0000] {logging_mixin.py:151} INFO - [2023-09-05T08:30:34.512+0000] {dag.py:3677} INFO - Setting next_dagrun for example_branch_operator to 2023-09-04T00:00:00+00:00, run_after=2023-09-05T00:00:00+00:00
[2023-09-05T08:30:34.541+0000] {processor.py:179} INFO - Processing /home/airflow/.local/lib/python3.8/site-packages/airflow/example_dags/example_branch_operator.py took 0.129 seconds
[2023-09-05T08:31:04.709+0000] {processor.py:157} INFO - Started process (PID=2620) to work on /home/airflow/.local/lib/python3.8/site-packages/airflow/example_dags/example_branch_operator.py
[2023-09-05T08:31:04.710+0000] {processor.py:829} INFO - Processing file /home/airflow/.local/lib/python3.8/site-packages/airflow/example_dags/example_branch_operator.py for tasks to queue
[2023-09-05T08:31:04.711+0000] {logging_mixin.py:151} INFO - [2023-09-05T08:31:04.711+0000] {dagbag.py:539} INFO - Filling up the DagBag from /home/airflow/.local/lib/python3.8/site-packages/airflow/example_dags/example_branch_operator.py
[2023-09-05T08:31:04.735+0000] {processor.py:839} INFO - DAG(s) dict_keys(['example_branch_operator']) retrieved from /home/airflow/.local/lib/python3.8/site-packages/airflow/example_dags/example_branch_operator.py
[2023-09-05T08:31:04.800+0000] {logging_mixin.py:151} INFO - [2023-09-05T08:31:04.800+0000] {dag.py:2907} INFO - Sync 1 DAGs
[2023-09-05T08:31:04.837+0000] {logging_mixin.py:151} INFO - [2023-09-05T08:31:04.837+0000] {dag.py:3677} INFO - Setting next_dagrun for example_branch_operator to 2023-09-04T00:00:00+00:00, run_after=2023-09-05T00:00:00+00:00
[2023-09-05T08:31:04.872+0000] {processor.py:179} INFO - Processing /home/airflow/.local/lib/python3.8/site-packages/airflow/example_dags/example_branch_operator.py took 0.171 seconds
