[2023-09-05T08:26:05.356+0000] {processor.py:157} INFO - Started process (PID=311) to work on /home/airflow/.local/lib/python3.8/site-packages/airflow/example_dags/example_kubernetes_executor.py
[2023-09-05T08:26:05.357+0000] {processor.py:829} INFO - Processing file /home/airflow/.local/lib/python3.8/site-packages/airflow/example_dags/example_kubernetes_executor.py for tasks to queue
[2023-09-05T08:26:05.358+0000] {logging_mixin.py:151} INFO - [2023-09-05T08:26:05.358+0000] {dagbag.py:539} INFO - Filling up the DagBag from /home/airflow/.local/lib/python3.8/site-packages/airflow/example_dags/example_kubernetes_executor.py
[2023-09-05T08:26:07.093+0000] {processor.py:839} INFO - DAG(s) dict_keys(['example_kubernetes_executor']) retrieved from /home/airflow/.local/lib/python3.8/site-packages/airflow/example_dags/example_kubernetes_executor.py
[2023-09-05T08:26:07.124+0000] {logging_mixin.py:151} INFO - [2023-09-05T08:26:07.123+0000] {dag.py:2907} INFO - Sync 1 DAGs
[2023-09-05T08:26:07.199+0000] {logging_mixin.py:151} INFO - [2023-09-05T08:26:07.198+0000] {dag.py:3677} INFO - Setting next_dagrun for example_kubernetes_executor to None, run_after=None
[2023-09-05T08:26:07.256+0000] {processor.py:179} INFO - Processing /home/airflow/.local/lib/python3.8/site-packages/airflow/example_dags/example_kubernetes_executor.py took 1.903 seconds
[2023-09-05T08:26:37.490+0000] {processor.py:157} INFO - Started process (PID=549) to work on /home/airflow/.local/lib/python3.8/site-packages/airflow/example_dags/example_kubernetes_executor.py
[2023-09-05T08:26:37.491+0000] {processor.py:829} INFO - Processing file /home/airflow/.local/lib/python3.8/site-packages/airflow/example_dags/example_kubernetes_executor.py for tasks to queue
[2023-09-05T08:26:37.493+0000] {logging_mixin.py:151} INFO - [2023-09-05T08:26:37.492+0000] {dagbag.py:539} INFO - Filling up the DagBag from /home/airflow/.local/lib/python3.8/site-packages/airflow/example_dags/example_kubernetes_executor.py
[2023-09-05T08:26:38.209+0000] {processor.py:839} INFO - DAG(s) dict_keys(['example_kubernetes_executor']) retrieved from /home/airflow/.local/lib/python3.8/site-packages/airflow/example_dags/example_kubernetes_executor.py
[2023-09-05T08:26:38.260+0000] {logging_mixin.py:151} INFO - [2023-09-05T08:26:38.259+0000] {dag.py:2907} INFO - Sync 1 DAGs
[2023-09-05T08:26:38.279+0000] {logging_mixin.py:151} INFO - [2023-09-05T08:26:38.279+0000] {dag.py:3677} INFO - Setting next_dagrun for example_kubernetes_executor to None, run_after=None
[2023-09-05T08:26:38.306+0000] {processor.py:179} INFO - Processing /home/airflow/.local/lib/python3.8/site-packages/airflow/example_dags/example_kubernetes_executor.py took 0.819 seconds
[2023-09-05T08:27:08.661+0000] {processor.py:157} INFO - Started process (PID=802) to work on /home/airflow/.local/lib/python3.8/site-packages/airflow/example_dags/example_kubernetes_executor.py
[2023-09-05T08:27:08.662+0000] {processor.py:829} INFO - Processing file /home/airflow/.local/lib/python3.8/site-packages/airflow/example_dags/example_kubernetes_executor.py for tasks to queue
[2023-09-05T08:27:08.663+0000] {logging_mixin.py:151} INFO - [2023-09-05T08:27:08.663+0000] {dagbag.py:539} INFO - Filling up the DagBag from /home/airflow/.local/lib/python3.8/site-packages/airflow/example_dags/example_kubernetes_executor.py
[2023-09-05T08:27:09.360+0000] {processor.py:839} INFO - DAG(s) dict_keys(['example_kubernetes_executor']) retrieved from /home/airflow/.local/lib/python3.8/site-packages/airflow/example_dags/example_kubernetes_executor.py
[2023-09-05T08:27:09.416+0000] {logging_mixin.py:151} INFO - [2023-09-05T08:27:09.415+0000] {dag.py:2907} INFO - Sync 1 DAGs
[2023-09-05T08:27:09.437+0000] {logging_mixin.py:151} INFO - [2023-09-05T08:27:09.437+0000] {dag.py:3677} INFO - Setting next_dagrun for example_kubernetes_executor to None, run_after=None
[2023-09-05T08:27:09.476+0000] {processor.py:179} INFO - Processing /home/airflow/.local/lib/python3.8/site-packages/airflow/example_dags/example_kubernetes_executor.py took 0.820 seconds
[2023-09-05T08:27:39.734+0000] {processor.py:157} INFO - Started process (PID=1040) to work on /home/airflow/.local/lib/python3.8/site-packages/airflow/example_dags/example_kubernetes_executor.py
[2023-09-05T08:27:39.736+0000] {processor.py:829} INFO - Processing file /home/airflow/.local/lib/python3.8/site-packages/airflow/example_dags/example_kubernetes_executor.py for tasks to queue
[2023-09-05T08:27:39.738+0000] {logging_mixin.py:151} INFO - [2023-09-05T08:27:39.738+0000] {dagbag.py:539} INFO - Filling up the DagBag from /home/airflow/.local/lib/python3.8/site-packages/airflow/example_dags/example_kubernetes_executor.py
[2023-09-05T08:27:40.545+0000] {processor.py:839} INFO - DAG(s) dict_keys(['example_kubernetes_executor']) retrieved from /home/airflow/.local/lib/python3.8/site-packages/airflow/example_dags/example_kubernetes_executor.py
[2023-09-05T08:27:40.716+0000] {logging_mixin.py:151} INFO - [2023-09-05T08:27:40.715+0000] {dag.py:2907} INFO - Sync 1 DAGs
[2023-09-05T08:27:40.780+0000] {logging_mixin.py:151} INFO - [2023-09-05T08:27:40.771+0000] {dag.py:3677} INFO - Setting next_dagrun for example_kubernetes_executor to None, run_after=None
[2023-09-05T08:27:40.863+0000] {processor.py:179} INFO - Processing /home/airflow/.local/lib/python3.8/site-packages/airflow/example_dags/example_kubernetes_executor.py took 1.136 seconds
[2023-09-05T08:28:11.256+0000] {processor.py:157} INFO - Started process (PID=1288) to work on /home/airflow/.local/lib/python3.8/site-packages/airflow/example_dags/example_kubernetes_executor.py
[2023-09-05T08:28:11.258+0000] {processor.py:829} INFO - Processing file /home/airflow/.local/lib/python3.8/site-packages/airflow/example_dags/example_kubernetes_executor.py for tasks to queue
[2023-09-05T08:28:11.260+0000] {logging_mixin.py:151} INFO - [2023-09-05T08:28:11.259+0000] {dagbag.py:539} INFO - Filling up the DagBag from /home/airflow/.local/lib/python3.8/site-packages/airflow/example_dags/example_kubernetes_executor.py
[2023-09-05T08:28:11.968+0000] {processor.py:839} INFO - DAG(s) dict_keys(['example_kubernetes_executor']) retrieved from /home/airflow/.local/lib/python3.8/site-packages/airflow/example_dags/example_kubernetes_executor.py
[2023-09-05T08:28:12.036+0000] {logging_mixin.py:151} INFO - [2023-09-05T08:28:12.035+0000] {dag.py:2907} INFO - Sync 1 DAGs
[2023-09-05T08:28:12.057+0000] {logging_mixin.py:151} INFO - [2023-09-05T08:28:12.056+0000] {dag.py:3677} INFO - Setting next_dagrun for example_kubernetes_executor to None, run_after=None
[2023-09-05T08:28:12.098+0000] {processor.py:179} INFO - Processing /home/airflow/.local/lib/python3.8/site-packages/airflow/example_dags/example_kubernetes_executor.py took 0.847 seconds
[2023-09-05T08:28:47.942+0000] {processor.py:157} INFO - Started process (PID=1519) to work on /home/airflow/.local/lib/python3.8/site-packages/airflow/example_dags/example_kubernetes_executor.py
[2023-09-05T08:28:47.947+0000] {processor.py:829} INFO - Processing file /home/airflow/.local/lib/python3.8/site-packages/airflow/example_dags/example_kubernetes_executor.py for tasks to queue
[2023-09-05T08:28:47.949+0000] {logging_mixin.py:151} INFO - [2023-09-05T08:28:47.948+0000] {dagbag.py:539} INFO - Filling up the DagBag from /home/airflow/.local/lib/python3.8/site-packages/airflow/example_dags/example_kubernetes_executor.py
[2023-09-05T08:28:51.598+0000] {processor.py:839} INFO - DAG(s) dict_keys(['example_kubernetes_executor']) retrieved from /home/airflow/.local/lib/python3.8/site-packages/airflow/example_dags/example_kubernetes_executor.py
[2023-09-05T08:28:52.300+0000] {logging_mixin.py:151} INFO - [2023-09-05T08:28:52.296+0000] {dag.py:2907} INFO - Sync 1 DAGs
[2023-09-05T08:28:52.650+0000] {logging_mixin.py:151} INFO - [2023-09-05T08:28:52.649+0000] {dag.py:3677} INFO - Setting next_dagrun for example_kubernetes_executor to None, run_after=None
[2023-09-05T08:28:53.072+0000] {processor.py:179} INFO - Processing /home/airflow/.local/lib/python3.8/site-packages/airflow/example_dags/example_kubernetes_executor.py took 5.135 seconds
[2023-09-05T08:29:24.010+0000] {processor.py:157} INFO - Started process (PID=1796) to work on /home/airflow/.local/lib/python3.8/site-packages/airflow/example_dags/example_kubernetes_executor.py
[2023-09-05T08:29:24.014+0000] {processor.py:829} INFO - Processing file /home/airflow/.local/lib/python3.8/site-packages/airflow/example_dags/example_kubernetes_executor.py for tasks to queue
[2023-09-05T08:29:24.018+0000] {logging_mixin.py:151} INFO - [2023-09-05T08:29:24.017+0000] {dagbag.py:539} INFO - Filling up the DagBag from /home/airflow/.local/lib/python3.8/site-packages/airflow/example_dags/example_kubernetes_executor.py
[2023-09-05T08:29:24.362+0000] {processor.py:839} INFO - DAG(s) dict_keys(['example_kubernetes_executor']) retrieved from /home/airflow/.local/lib/python3.8/site-packages/airflow/example_dags/example_kubernetes_executor.py
[2023-09-05T08:29:24.398+0000] {logging_mixin.py:151} INFO - [2023-09-05T08:29:24.397+0000] {dag.py:2907} INFO - Sync 1 DAGs
[2023-09-05T08:29:24.409+0000] {logging_mixin.py:151} INFO - [2023-09-05T08:29:24.409+0000] {dag.py:3677} INFO - Setting next_dagrun for example_kubernetes_executor to None, run_after=None
[2023-09-05T08:29:24.427+0000] {processor.py:179} INFO - Processing /home/airflow/.local/lib/python3.8/site-packages/airflow/example_dags/example_kubernetes_executor.py took 0.429 seconds
[2023-09-05T08:29:54.884+0000] {processor.py:157} INFO - Started process (PID=2034) to work on /home/airflow/.local/lib/python3.8/site-packages/airflow/example_dags/example_kubernetes_executor.py
[2023-09-05T08:29:54.885+0000] {processor.py:829} INFO - Processing file /home/airflow/.local/lib/python3.8/site-packages/airflow/example_dags/example_kubernetes_executor.py for tasks to queue
[2023-09-05T08:29:54.886+0000] {logging_mixin.py:151} INFO - [2023-09-05T08:29:54.886+0000] {dagbag.py:539} INFO - Filling up the DagBag from /home/airflow/.local/lib/python3.8/site-packages/airflow/example_dags/example_kubernetes_executor.py
[2023-09-05T08:29:55.442+0000] {processor.py:839} INFO - DAG(s) dict_keys(['example_kubernetes_executor']) retrieved from /home/airflow/.local/lib/python3.8/site-packages/airflow/example_dags/example_kubernetes_executor.py
[2023-09-05T08:29:55.555+0000] {logging_mixin.py:151} INFO - [2023-09-05T08:29:55.554+0000] {dag.py:2907} INFO - Sync 1 DAGs
[2023-09-05T08:29:55.579+0000] {logging_mixin.py:151} INFO - [2023-09-05T08:29:55.579+0000] {dag.py:3677} INFO - Setting next_dagrun for example_kubernetes_executor to None, run_after=None
[2023-09-05T08:29:55.621+0000] {processor.py:179} INFO - Processing /home/airflow/.local/lib/python3.8/site-packages/airflow/example_dags/example_kubernetes_executor.py took 0.745 seconds
[2023-09-05T08:30:25.778+0000] {processor.py:157} INFO - Started process (PID=2272) to work on /home/airflow/.local/lib/python3.8/site-packages/airflow/example_dags/example_kubernetes_executor.py
[2023-09-05T08:30:25.780+0000] {processor.py:829} INFO - Processing file /home/airflow/.local/lib/python3.8/site-packages/airflow/example_dags/example_kubernetes_executor.py for tasks to queue
[2023-09-05T08:30:25.783+0000] {logging_mixin.py:151} INFO - [2023-09-05T08:30:25.782+0000] {dagbag.py:539} INFO - Filling up the DagBag from /home/airflow/.local/lib/python3.8/site-packages/airflow/example_dags/example_kubernetes_executor.py
[2023-09-05T08:30:26.250+0000] {processor.py:839} INFO - DAG(s) dict_keys(['example_kubernetes_executor']) retrieved from /home/airflow/.local/lib/python3.8/site-packages/airflow/example_dags/example_kubernetes_executor.py
[2023-09-05T08:30:26.300+0000] {logging_mixin.py:151} INFO - [2023-09-05T08:30:26.299+0000] {dag.py:2907} INFO - Sync 1 DAGs
[2023-09-05T08:30:26.314+0000] {logging_mixin.py:151} INFO - [2023-09-05T08:30:26.314+0000] {dag.py:3677} INFO - Setting next_dagrun for example_kubernetes_executor to None, run_after=None
[2023-09-05T08:30:26.336+0000] {processor.py:179} INFO - Processing /home/airflow/.local/lib/python3.8/site-packages/airflow/example_dags/example_kubernetes_executor.py took 0.568 seconds
[2023-09-05T08:30:57.334+0000] {processor.py:157} INFO - Started process (PID=2520) to work on /home/airflow/.local/lib/python3.8/site-packages/airflow/example_dags/example_kubernetes_executor.py
[2023-09-05T08:30:57.336+0000] {processor.py:829} INFO - Processing file /home/airflow/.local/lib/python3.8/site-packages/airflow/example_dags/example_kubernetes_executor.py for tasks to queue
[2023-09-05T08:30:57.337+0000] {logging_mixin.py:151} INFO - [2023-09-05T08:30:57.337+0000] {dagbag.py:539} INFO - Filling up the DagBag from /home/airflow/.local/lib/python3.8/site-packages/airflow/example_dags/example_kubernetes_executor.py
[2023-09-05T08:30:57.695+0000] {processor.py:839} INFO - DAG(s) dict_keys(['example_kubernetes_executor']) retrieved from /home/airflow/.local/lib/python3.8/site-packages/airflow/example_dags/example_kubernetes_executor.py
[2023-09-05T08:30:57.739+0000] {logging_mixin.py:151} INFO - [2023-09-05T08:30:57.739+0000] {dag.py:2907} INFO - Sync 1 DAGs
[2023-09-05T08:30:57.752+0000] {logging_mixin.py:151} INFO - [2023-09-05T08:30:57.752+0000] {dag.py:3677} INFO - Setting next_dagrun for example_kubernetes_executor to None, run_after=None
[2023-09-05T08:30:57.792+0000] {processor.py:179} INFO - Processing /home/airflow/.local/lib/python3.8/site-packages/airflow/example_dags/example_kubernetes_executor.py took 0.462 seconds
