[2023-09-05T08:26:07.271+0000] {processor.py:157} INFO - Started process (PID=324) to work on /home/airflow/.local/lib/python3.8/site-packages/airflow/example_dags/example_branch_python_dop_operator_3.py
[2023-09-05T08:26:07.272+0000] {processor.py:829} INFO - Processing file /home/airflow/.local/lib/python3.8/site-packages/airflow/example_dags/example_branch_python_dop_operator_3.py for tasks to queue
[2023-09-05T08:26:07.274+0000] {logging_mixin.py:151} INFO - [2023-09-05T08:26:07.273+0000] {dagbag.py:539} INFO - Filling up the DagBag from /home/airflow/.local/lib/python3.8/site-packages/airflow/example_dags/example_branch_python_dop_operator_3.py
[2023-09-05T08:26:07.306+0000] {processor.py:839} INFO - DAG(s) dict_keys(['example_branch_dop_operator_v3']) retrieved from /home/airflow/.local/lib/python3.8/site-packages/airflow/example_dags/example_branch_python_dop_operator_3.py
[2023-09-05T08:26:07.338+0000] {logging_mixin.py:151} INFO - [2023-09-05T08:26:07.338+0000] {dag.py:2907} INFO - Sync 1 DAGs
[2023-09-05T08:26:07.423+0000] {logging_mixin.py:151} INFO - [2023-09-05T08:26:07.423+0000] {dag.py:3677} INFO - Setting next_dagrun for example_branch_dop_operator_v3 to 2023-09-05T08:25:00+00:00, run_after=2023-09-05T08:26:00+00:00
[2023-09-05T08:26:07.486+0000] {processor.py:179} INFO - Processing /home/airflow/.local/lib/python3.8/site-packages/airflow/example_dags/example_branch_python_dop_operator_3.py took 0.221 seconds
[2023-09-05T08:26:37.862+0000] {processor.py:157} INFO - Started process (PID=562) to work on /home/airflow/.local/lib/python3.8/site-packages/airflow/example_dags/example_branch_python_dop_operator_3.py
[2023-09-05T08:26:37.864+0000] {processor.py:829} INFO - Processing file /home/airflow/.local/lib/python3.8/site-packages/airflow/example_dags/example_branch_python_dop_operator_3.py for tasks to queue
[2023-09-05T08:26:37.865+0000] {logging_mixin.py:151} INFO - [2023-09-05T08:26:37.865+0000] {dagbag.py:539} INFO - Filling up the DagBag from /home/airflow/.local/lib/python3.8/site-packages/airflow/example_dags/example_branch_python_dop_operator_3.py
[2023-09-05T08:26:37.876+0000] {processor.py:839} INFO - DAG(s) dict_keys(['example_branch_dop_operator_v3']) retrieved from /home/airflow/.local/lib/python3.8/site-packages/airflow/example_dags/example_branch_python_dop_operator_3.py
[2023-09-05T08:26:37.909+0000] {logging_mixin.py:151} INFO - [2023-09-05T08:26:37.908+0000] {dag.py:2907} INFO - Sync 1 DAGs
[2023-09-05T08:26:37.952+0000] {logging_mixin.py:151} INFO - [2023-09-05T08:26:37.951+0000] {dag.py:3677} INFO - Setting next_dagrun for example_branch_dop_operator_v3 to 2023-09-05T08:25:00+00:00, run_after=2023-09-05T08:26:00+00:00
[2023-09-05T08:26:37.976+0000] {processor.py:179} INFO - Processing /home/airflow/.local/lib/python3.8/site-packages/airflow/example_dags/example_branch_python_dop_operator_3.py took 0.119 seconds
[2023-09-05T08:27:08.404+0000] {processor.py:157} INFO - Started process (PID=797) to work on /home/airflow/.local/lib/python3.8/site-packages/airflow/example_dags/example_branch_python_dop_operator_3.py
[2023-09-05T08:27:08.405+0000] {processor.py:829} INFO - Processing file /home/airflow/.local/lib/python3.8/site-packages/airflow/example_dags/example_branch_python_dop_operator_3.py for tasks to queue
[2023-09-05T08:27:08.406+0000] {logging_mixin.py:151} INFO - [2023-09-05T08:27:08.406+0000] {dagbag.py:539} INFO - Filling up the DagBag from /home/airflow/.local/lib/python3.8/site-packages/airflow/example_dags/example_branch_python_dop_operator_3.py
[2023-09-05T08:27:08.417+0000] {processor.py:839} INFO - DAG(s) dict_keys(['example_branch_dop_operator_v3']) retrieved from /home/airflow/.local/lib/python3.8/site-packages/airflow/example_dags/example_branch_python_dop_operator_3.py
[2023-09-05T08:27:08.567+0000] {logging_mixin.py:151} INFO - [2023-09-05T08:27:08.566+0000] {dag.py:2907} INFO - Sync 1 DAGs
[2023-09-05T08:27:08.604+0000] {logging_mixin.py:151} INFO - [2023-09-05T08:27:08.604+0000] {dag.py:3677} INFO - Setting next_dagrun for example_branch_dop_operator_v3 to 2023-09-05T08:26:00+00:00, run_after=2023-09-05T08:27:00+00:00
[2023-09-05T08:27:08.625+0000] {processor.py:179} INFO - Processing /home/airflow/.local/lib/python3.8/site-packages/airflow/example_dags/example_branch_python_dop_operator_3.py took 0.227 seconds
[2023-09-05T08:27:38.695+0000] {processor.py:157} INFO - Started process (PID=1035) to work on /home/airflow/.local/lib/python3.8/site-packages/airflow/example_dags/example_branch_python_dop_operator_3.py
[2023-09-05T08:27:38.696+0000] {processor.py:829} INFO - Processing file /home/airflow/.local/lib/python3.8/site-packages/airflow/example_dags/example_branch_python_dop_operator_3.py for tasks to queue
[2023-09-05T08:27:38.697+0000] {logging_mixin.py:151} INFO - [2023-09-05T08:27:38.697+0000] {dagbag.py:539} INFO - Filling up the DagBag from /home/airflow/.local/lib/python3.8/site-packages/airflow/example_dags/example_branch_python_dop_operator_3.py
[2023-09-05T08:27:38.714+0000] {processor.py:839} INFO - DAG(s) dict_keys(['example_branch_dop_operator_v3']) retrieved from /home/airflow/.local/lib/python3.8/site-packages/airflow/example_dags/example_branch_python_dop_operator_3.py
[2023-09-05T08:27:38.748+0000] {logging_mixin.py:151} INFO - [2023-09-05T08:27:38.748+0000] {dag.py:2907} INFO - Sync 1 DAGs
[2023-09-05T08:27:38.791+0000] {logging_mixin.py:151} INFO - [2023-09-05T08:27:38.790+0000] {dag.py:3677} INFO - Setting next_dagrun for example_branch_dop_operator_v3 to 2023-09-05T08:26:00+00:00, run_after=2023-09-05T08:27:00+00:00
[2023-09-05T08:27:38.812+0000] {processor.py:179} INFO - Processing /home/airflow/.local/lib/python3.8/site-packages/airflow/example_dags/example_branch_python_dop_operator_3.py took 0.123 seconds
[2023-09-05T08:28:08.938+0000] {processor.py:157} INFO - Started process (PID=1271) to work on /home/airflow/.local/lib/python3.8/site-packages/airflow/example_dags/example_branch_python_dop_operator_3.py
[2023-09-05T08:28:08.939+0000] {processor.py:829} INFO - Processing file /home/airflow/.local/lib/python3.8/site-packages/airflow/example_dags/example_branch_python_dop_operator_3.py for tasks to queue
[2023-09-05T08:28:08.940+0000] {logging_mixin.py:151} INFO - [2023-09-05T08:28:08.940+0000] {dagbag.py:539} INFO - Filling up the DagBag from /home/airflow/.local/lib/python3.8/site-packages/airflow/example_dags/example_branch_python_dop_operator_3.py
[2023-09-05T08:28:08.961+0000] {processor.py:839} INFO - DAG(s) dict_keys(['example_branch_dop_operator_v3']) retrieved from /home/airflow/.local/lib/python3.8/site-packages/airflow/example_dags/example_branch_python_dop_operator_3.py
[2023-09-05T08:28:08.990+0000] {logging_mixin.py:151} INFO - [2023-09-05T08:28:08.990+0000] {dag.py:2907} INFO - Sync 1 DAGs
[2023-09-05T08:28:09.038+0000] {logging_mixin.py:151} INFO - [2023-09-05T08:28:09.038+0000] {dag.py:3677} INFO - Setting next_dagrun for example_branch_dop_operator_v3 to 2023-09-05T08:27:00+00:00, run_after=2023-09-05T08:28:00+00:00
[2023-09-05T08:28:09.068+0000] {processor.py:179} INFO - Processing /home/airflow/.local/lib/python3.8/site-packages/airflow/example_dags/example_branch_python_dop_operator_3.py took 0.135 seconds
[2023-09-05T08:28:51.571+0000] {processor.py:157} INFO - Started process (PID=1540) to work on /home/airflow/.local/lib/python3.8/site-packages/airflow/example_dags/example_branch_python_dop_operator_3.py
[2023-09-05T08:28:51.638+0000] {processor.py:829} INFO - Processing file /home/airflow/.local/lib/python3.8/site-packages/airflow/example_dags/example_branch_python_dop_operator_3.py for tasks to queue
[2023-09-05T08:28:51.648+0000] {logging_mixin.py:151} INFO - [2023-09-05T08:28:51.648+0000] {dagbag.py:539} INFO - Filling up the DagBag from /home/airflow/.local/lib/python3.8/site-packages/airflow/example_dags/example_branch_python_dop_operator_3.py
[2023-09-05T08:28:51.874+0000] {processor.py:839} INFO - DAG(s) dict_keys(['example_branch_dop_operator_v3']) retrieved from /home/airflow/.local/lib/python3.8/site-packages/airflow/example_dags/example_branch_python_dop_operator_3.py
[2023-09-05T08:28:52.160+0000] {logging_mixin.py:151} INFO - [2023-09-05T08:28:52.160+0000] {dag.py:2907} INFO - Sync 1 DAGs
[2023-09-05T08:28:52.901+0000] {logging_mixin.py:151} INFO - [2023-09-05T08:28:52.790+0000] {dag.py:3677} INFO - Setting next_dagrun for example_branch_dop_operator_v3 to 2023-09-05T08:27:00+00:00, run_after=2023-09-05T08:28:00+00:00
[2023-09-05T08:28:53.404+0000] {processor.py:179} INFO - Processing /home/airflow/.local/lib/python3.8/site-packages/airflow/example_dags/example_branch_python_dop_operator_3.py took 1.874 seconds
[2023-09-05T08:29:24.035+0000] {processor.py:157} INFO - Started process (PID=1799) to work on /home/airflow/.local/lib/python3.8/site-packages/airflow/example_dags/example_branch_python_dop_operator_3.py
[2023-09-05T08:29:24.039+0000] {processor.py:829} INFO - Processing file /home/airflow/.local/lib/python3.8/site-packages/airflow/example_dags/example_branch_python_dop_operator_3.py for tasks to queue
[2023-09-05T08:29:24.043+0000] {logging_mixin.py:151} INFO - [2023-09-05T08:29:24.042+0000] {dagbag.py:539} INFO - Filling up the DagBag from /home/airflow/.local/lib/python3.8/site-packages/airflow/example_dags/example_branch_python_dop_operator_3.py
[2023-09-05T08:29:24.076+0000] {processor.py:839} INFO - DAG(s) dict_keys(['example_branch_dop_operator_v3']) retrieved from /home/airflow/.local/lib/python3.8/site-packages/airflow/example_dags/example_branch_python_dop_operator_3.py
[2023-09-05T08:29:24.108+0000] {logging_mixin.py:151} INFO - [2023-09-05T08:29:24.108+0000] {dag.py:2907} INFO - Sync 1 DAGs
[2023-09-05T08:29:24.148+0000] {logging_mixin.py:151} INFO - [2023-09-05T08:29:24.148+0000] {dag.py:3677} INFO - Setting next_dagrun for example_branch_dop_operator_v3 to 2023-09-05T08:28:00+00:00, run_after=2023-09-05T08:29:00+00:00
[2023-09-05T08:29:24.172+0000] {processor.py:179} INFO - Processing /home/airflow/.local/lib/python3.8/site-packages/airflow/example_dags/example_branch_python_dop_operator_3.py took 0.153 seconds
[2023-09-05T08:29:54.904+0000] {processor.py:157} INFO - Started process (PID=2037) to work on /home/airflow/.local/lib/python3.8/site-packages/airflow/example_dags/example_branch_python_dop_operator_3.py
[2023-09-05T08:29:54.905+0000] {processor.py:829} INFO - Processing file /home/airflow/.local/lib/python3.8/site-packages/airflow/example_dags/example_branch_python_dop_operator_3.py for tasks to queue
[2023-09-05T08:29:54.906+0000] {logging_mixin.py:151} INFO - [2023-09-05T08:29:54.906+0000] {dagbag.py:539} INFO - Filling up the DagBag from /home/airflow/.local/lib/python3.8/site-packages/airflow/example_dags/example_branch_python_dop_operator_3.py
[2023-09-05T08:29:54.921+0000] {processor.py:839} INFO - DAG(s) dict_keys(['example_branch_dop_operator_v3']) retrieved from /home/airflow/.local/lib/python3.8/site-packages/airflow/example_dags/example_branch_python_dop_operator_3.py
[2023-09-05T08:29:54.971+0000] {logging_mixin.py:151} INFO - [2023-09-05T08:29:54.971+0000] {dag.py:2907} INFO - Sync 1 DAGs
[2023-09-05T08:29:55.013+0000] {logging_mixin.py:151} INFO - [2023-09-05T08:29:55.013+0000] {dag.py:3677} INFO - Setting next_dagrun for example_branch_dop_operator_v3 to 2023-09-05T08:28:00+00:00, run_after=2023-09-05T08:29:00+00:00
[2023-09-05T08:29:55.038+0000] {processor.py:179} INFO - Processing /home/airflow/.local/lib/python3.8/site-packages/airflow/example_dags/example_branch_python_dop_operator_3.py took 0.143 seconds
[2023-09-05T08:30:25.791+0000] {processor.py:157} INFO - Started process (PID=2275) to work on /home/airflow/.local/lib/python3.8/site-packages/airflow/example_dags/example_branch_python_dop_operator_3.py
[2023-09-05T08:30:25.793+0000] {processor.py:829} INFO - Processing file /home/airflow/.local/lib/python3.8/site-packages/airflow/example_dags/example_branch_python_dop_operator_3.py for tasks to queue
[2023-09-05T08:30:25.794+0000] {logging_mixin.py:151} INFO - [2023-09-05T08:30:25.794+0000] {dagbag.py:539} INFO - Filling up the DagBag from /home/airflow/.local/lib/python3.8/site-packages/airflow/example_dags/example_branch_python_dop_operator_3.py
[2023-09-05T08:30:25.816+0000] {processor.py:839} INFO - DAG(s) dict_keys(['example_branch_dop_operator_v3']) retrieved from /home/airflow/.local/lib/python3.8/site-packages/airflow/example_dags/example_branch_python_dop_operator_3.py
[2023-09-05T08:30:25.860+0000] {logging_mixin.py:151} INFO - [2023-09-05T08:30:25.859+0000] {dag.py:2907} INFO - Sync 1 DAGs
[2023-09-05T08:30:25.908+0000] {logging_mixin.py:151} INFO - [2023-09-05T08:30:25.908+0000] {dag.py:3677} INFO - Setting next_dagrun for example_branch_dop_operator_v3 to 2023-09-05T08:29:00+00:00, run_after=2023-09-05T08:30:00+00:00
[2023-09-05T08:30:25.939+0000] {processor.py:179} INFO - Processing /home/airflow/.local/lib/python3.8/site-packages/airflow/example_dags/example_branch_python_dop_operator_3.py took 0.158 seconds
[2023-09-05T08:30:56.149+0000] {processor.py:157} INFO - Started process (PID=2510) to work on /home/airflow/.local/lib/python3.8/site-packages/airflow/example_dags/example_branch_python_dop_operator_3.py
[2023-09-05T08:30:56.153+0000] {processor.py:829} INFO - Processing file /home/airflow/.local/lib/python3.8/site-packages/airflow/example_dags/example_branch_python_dop_operator_3.py for tasks to queue
[2023-09-05T08:30:56.156+0000] {logging_mixin.py:151} INFO - [2023-09-05T08:30:56.155+0000] {dagbag.py:539} INFO - Filling up the DagBag from /home/airflow/.local/lib/python3.8/site-packages/airflow/example_dags/example_branch_python_dop_operator_3.py
[2023-09-05T08:30:56.187+0000] {processor.py:839} INFO - DAG(s) dict_keys(['example_branch_dop_operator_v3']) retrieved from /home/airflow/.local/lib/python3.8/site-packages/airflow/example_dags/example_branch_python_dop_operator_3.py
[2023-09-05T08:30:56.217+0000] {logging_mixin.py:151} INFO - [2023-09-05T08:30:56.216+0000] {dag.py:2907} INFO - Sync 1 DAGs
[2023-09-05T08:30:56.258+0000] {logging_mixin.py:151} INFO - [2023-09-05T08:30:56.258+0000] {dag.py:3677} INFO - Setting next_dagrun for example_branch_dop_operator_v3 to 2023-09-05T08:29:00+00:00, run_after=2023-09-05T08:30:00+00:00
[2023-09-05T08:30:56.279+0000] {processor.py:179} INFO - Processing /home/airflow/.local/lib/python3.8/site-packages/airflow/example_dags/example_branch_python_dop_operator_3.py took 0.143 seconds
