[2023-09-05T08:25:55.544+0000] {processor.py:157} INFO - Started process (PID=178) to work on /home/airflow/.local/lib/python3.8/site-packages/airflow/example_dags/example_branch_day_of_week_operator.py
[2023-09-05T08:25:55.545+0000] {processor.py:829} INFO - Processing file /home/airflow/.local/lib/python3.8/site-packages/airflow/example_dags/example_branch_day_of_week_operator.py for tasks to queue
[2023-09-05T08:25:55.560+0000] {logging_mixin.py:151} INFO - [2023-09-05T08:25:55.559+0000] {dagbag.py:539} INFO - Filling up the DagBag from /home/airflow/.local/lib/python3.8/site-packages/airflow/example_dags/example_branch_day_of_week_operator.py
[2023-09-05T08:25:55.603+0000] {processor.py:839} INFO - DAG(s) dict_keys(['example_weekday_branch_operator']) retrieved from /home/airflow/.local/lib/python3.8/site-packages/airflow/example_dags/example_branch_day_of_week_operator.py
[2023-09-05T08:25:55.653+0000] {logging_mixin.py:151} INFO - [2023-09-05T08:25:55.652+0000] {dag.py:2907} INFO - Sync 1 DAGs
[2023-09-05T08:25:55.870+0000] {logging_mixin.py:151} INFO - [2023-09-05T08:25:55.870+0000] {dag.py:3677} INFO - Setting next_dagrun for example_weekday_branch_operator to 2023-09-04T00:00:00+00:00, run_after=2023-09-05T00:00:00+00:00
[2023-09-05T08:25:55.988+0000] {processor.py:179} INFO - Processing /home/airflow/.local/lib/python3.8/site-packages/airflow/example_dags/example_branch_day_of_week_operator.py took 0.460 seconds
[2023-09-05T08:26:26.226+0000] {processor.py:157} INFO - Started process (PID=410) to work on /home/airflow/.local/lib/python3.8/site-packages/airflow/example_dags/example_branch_day_of_week_operator.py
[2023-09-05T08:26:26.227+0000] {processor.py:829} INFO - Processing file /home/airflow/.local/lib/python3.8/site-packages/airflow/example_dags/example_branch_day_of_week_operator.py for tasks to queue
[2023-09-05T08:26:26.228+0000] {logging_mixin.py:151} INFO - [2023-09-05T08:26:26.228+0000] {dagbag.py:539} INFO - Filling up the DagBag from /home/airflow/.local/lib/python3.8/site-packages/airflow/example_dags/example_branch_day_of_week_operator.py
[2023-09-05T08:26:26.238+0000] {processor.py:839} INFO - DAG(s) dict_keys(['example_weekday_branch_operator']) retrieved from /home/airflow/.local/lib/python3.8/site-packages/airflow/example_dags/example_branch_day_of_week_operator.py
[2023-09-05T08:26:26.269+0000] {logging_mixin.py:151} INFO - [2023-09-05T08:26:26.268+0000] {dag.py:2907} INFO - Sync 1 DAGs
[2023-09-05T08:26:26.308+0000] {logging_mixin.py:151} INFO - [2023-09-05T08:26:26.307+0000] {dag.py:3677} INFO - Setting next_dagrun for example_weekday_branch_operator to 2023-09-04T00:00:00+00:00, run_after=2023-09-05T00:00:00+00:00
[2023-09-05T08:26:26.330+0000] {processor.py:179} INFO - Processing /home/airflow/.local/lib/python3.8/site-packages/airflow/example_dags/example_branch_day_of_week_operator.py took 0.107 seconds
[2023-09-05T08:26:57.181+0000] {processor.py:157} INFO - Started process (PID=648) to work on /home/airflow/.local/lib/python3.8/site-packages/airflow/example_dags/example_branch_day_of_week_operator.py
[2023-09-05T08:26:57.183+0000] {processor.py:829} INFO - Processing file /home/airflow/.local/lib/python3.8/site-packages/airflow/example_dags/example_branch_day_of_week_operator.py for tasks to queue
[2023-09-05T08:26:57.185+0000] {logging_mixin.py:151} INFO - [2023-09-05T08:26:57.184+0000] {dagbag.py:539} INFO - Filling up the DagBag from /home/airflow/.local/lib/python3.8/site-packages/airflow/example_dags/example_branch_day_of_week_operator.py
[2023-09-05T08:26:57.203+0000] {processor.py:839} INFO - DAG(s) dict_keys(['example_weekday_branch_operator']) retrieved from /home/airflow/.local/lib/python3.8/site-packages/airflow/example_dags/example_branch_day_of_week_operator.py
[2023-09-05T08:26:57.256+0000] {logging_mixin.py:151} INFO - [2023-09-05T08:26:57.255+0000] {dag.py:2907} INFO - Sync 1 DAGs
[2023-09-05T08:26:57.519+0000] {logging_mixin.py:151} INFO - [2023-09-05T08:26:57.519+0000] {dag.py:3677} INFO - Setting next_dagrun for example_weekday_branch_operator to 2023-09-04T00:00:00+00:00, run_after=2023-09-05T00:00:00+00:00
[2023-09-05T08:26:57.554+0000] {processor.py:179} INFO - Processing /home/airflow/.local/lib/python3.8/site-packages/airflow/example_dags/example_branch_day_of_week_operator.py took 0.377 seconds
[2023-09-05T08:27:27.720+0000] {processor.py:157} INFO - Started process (PID=886) to work on /home/airflow/.local/lib/python3.8/site-packages/airflow/example_dags/example_branch_day_of_week_operator.py
[2023-09-05T08:27:27.722+0000] {processor.py:829} INFO - Processing file /home/airflow/.local/lib/python3.8/site-packages/airflow/example_dags/example_branch_day_of_week_operator.py for tasks to queue
[2023-09-05T08:27:27.723+0000] {logging_mixin.py:151} INFO - [2023-09-05T08:27:27.723+0000] {dagbag.py:539} INFO - Filling up the DagBag from /home/airflow/.local/lib/python3.8/site-packages/airflow/example_dags/example_branch_day_of_week_operator.py
[2023-09-05T08:27:27.753+0000] {processor.py:839} INFO - DAG(s) dict_keys(['example_weekday_branch_operator']) retrieved from /home/airflow/.local/lib/python3.8/site-packages/airflow/example_dags/example_branch_day_of_week_operator.py
[2023-09-05T08:27:27.837+0000] {logging_mixin.py:151} INFO - [2023-09-05T08:27:27.836+0000] {dag.py:2907} INFO - Sync 1 DAGs
[2023-09-05T08:27:27.907+0000] {logging_mixin.py:151} INFO - [2023-09-05T08:27:27.905+0000] {dag.py:3677} INFO - Setting next_dagrun for example_weekday_branch_operator to 2023-09-04T00:00:00+00:00, run_after=2023-09-05T00:00:00+00:00
[2023-09-05T08:27:27.962+0000] {processor.py:179} INFO - Processing /home/airflow/.local/lib/python3.8/site-packages/airflow/example_dags/example_branch_day_of_week_operator.py took 0.257 seconds
[2023-09-05T08:27:58.050+0000] {processor.py:157} INFO - Started process (PID=1122) to work on /home/airflow/.local/lib/python3.8/site-packages/airflow/example_dags/example_branch_day_of_week_operator.py
[2023-09-05T08:27:58.054+0000] {processor.py:829} INFO - Processing file /home/airflow/.local/lib/python3.8/site-packages/airflow/example_dags/example_branch_day_of_week_operator.py for tasks to queue
[2023-09-05T08:27:58.056+0000] {logging_mixin.py:151} INFO - [2023-09-05T08:27:58.055+0000] {dagbag.py:539} INFO - Filling up the DagBag from /home/airflow/.local/lib/python3.8/site-packages/airflow/example_dags/example_branch_day_of_week_operator.py
[2023-09-05T08:27:58.074+0000] {processor.py:839} INFO - DAG(s) dict_keys(['example_weekday_branch_operator']) retrieved from /home/airflow/.local/lib/python3.8/site-packages/airflow/example_dags/example_branch_day_of_week_operator.py
[2023-09-05T08:27:58.180+0000] {logging_mixin.py:151} INFO - [2023-09-05T08:27:58.179+0000] {dag.py:2907} INFO - Sync 1 DAGs
[2023-09-05T08:27:58.262+0000] {logging_mixin.py:151} INFO - [2023-09-05T08:27:58.262+0000] {dag.py:3677} INFO - Setting next_dagrun for example_weekday_branch_operator to 2023-09-04T00:00:00+00:00, run_after=2023-09-05T00:00:00+00:00
[2023-09-05T08:27:58.335+0000] {processor.py:179} INFO - Processing /home/airflow/.local/lib/python3.8/site-packages/airflow/example_dags/example_branch_day_of_week_operator.py took 0.292 seconds
[2023-09-05T08:28:28.534+0000] {processor.py:157} INFO - Started process (PID=1362) to work on /home/airflow/.local/lib/python3.8/site-packages/airflow/example_dags/example_branch_day_of_week_operator.py
[2023-09-05T08:28:28.536+0000] {processor.py:829} INFO - Processing file /home/airflow/.local/lib/python3.8/site-packages/airflow/example_dags/example_branch_day_of_week_operator.py for tasks to queue
[2023-09-05T08:28:28.537+0000] {logging_mixin.py:151} INFO - [2023-09-05T08:28:28.537+0000] {dagbag.py:539} INFO - Filling up the DagBag from /home/airflow/.local/lib/python3.8/site-packages/airflow/example_dags/example_branch_day_of_week_operator.py
[2023-09-05T08:28:28.553+0000] {processor.py:839} INFO - DAG(s) dict_keys(['example_weekday_branch_operator']) retrieved from /home/airflow/.local/lib/python3.8/site-packages/airflow/example_dags/example_branch_day_of_week_operator.py
[2023-09-05T08:28:28.601+0000] {logging_mixin.py:151} INFO - [2023-09-05T08:28:28.600+0000] {dag.py:2907} INFO - Sync 1 DAGs
[2023-09-05T08:28:28.648+0000] {logging_mixin.py:151} INFO - [2023-09-05T08:28:28.648+0000] {dag.py:3677} INFO - Setting next_dagrun for example_weekday_branch_operator to 2023-09-04T00:00:00+00:00, run_after=2023-09-05T00:00:00+00:00
[2023-09-05T08:28:28.689+0000] {processor.py:179} INFO - Processing /home/airflow/.local/lib/python3.8/site-packages/airflow/example_dags/example_branch_day_of_week_operator.py took 0.163 seconds
[2023-09-05T08:28:59.721+0000] {processor.py:157} INFO - Started process (PID=1642) to work on /home/airflow/.local/lib/python3.8/site-packages/airflow/example_dags/example_branch_day_of_week_operator.py
[2023-09-05T08:28:59.726+0000] {processor.py:829} INFO - Processing file /home/airflow/.local/lib/python3.8/site-packages/airflow/example_dags/example_branch_day_of_week_operator.py for tasks to queue
[2023-09-05T08:28:59.728+0000] {logging_mixin.py:151} INFO - [2023-09-05T08:28:59.727+0000] {dagbag.py:539} INFO - Filling up the DagBag from /home/airflow/.local/lib/python3.8/site-packages/airflow/example_dags/example_branch_day_of_week_operator.py
[2023-09-05T08:28:59.757+0000] {processor.py:839} INFO - DAG(s) dict_keys(['example_weekday_branch_operator']) retrieved from /home/airflow/.local/lib/python3.8/site-packages/airflow/example_dags/example_branch_day_of_week_operator.py
[2023-09-05T08:28:59.914+0000] {logging_mixin.py:151} INFO - [2023-09-05T08:28:59.913+0000] {dag.py:2907} INFO - Sync 1 DAGs
[2023-09-05T08:29:00.039+0000] {logging_mixin.py:151} INFO - [2023-09-05T08:29:00.038+0000] {dag.py:3677} INFO - Setting next_dagrun for example_weekday_branch_operator to 2023-09-04T00:00:00+00:00, run_after=2023-09-05T00:00:00+00:00
[2023-09-05T08:29:00.162+0000] {processor.py:179} INFO - Processing /home/airflow/.local/lib/python3.8/site-packages/airflow/example_dags/example_branch_day_of_week_operator.py took 0.457 seconds
[2023-09-05T08:29:30.287+0000] {processor.py:157} INFO - Started process (PID=1888) to work on /home/airflow/.local/lib/python3.8/site-packages/airflow/example_dags/example_branch_day_of_week_operator.py
[2023-09-05T08:29:30.288+0000] {processor.py:829} INFO - Processing file /home/airflow/.local/lib/python3.8/site-packages/airflow/example_dags/example_branch_day_of_week_operator.py for tasks to queue
[2023-09-05T08:29:30.289+0000] {logging_mixin.py:151} INFO - [2023-09-05T08:29:30.289+0000] {dagbag.py:539} INFO - Filling up the DagBag from /home/airflow/.local/lib/python3.8/site-packages/airflow/example_dags/example_branch_day_of_week_operator.py
[2023-09-05T08:29:30.315+0000] {processor.py:839} INFO - DAG(s) dict_keys(['example_weekday_branch_operator']) retrieved from /home/airflow/.local/lib/python3.8/site-packages/airflow/example_dags/example_branch_day_of_week_operator.py
[2023-09-05T08:29:30.365+0000] {logging_mixin.py:151} INFO - [2023-09-05T08:29:30.365+0000] {dag.py:2907} INFO - Sync 1 DAGs
[2023-09-05T08:29:30.411+0000] {logging_mixin.py:151} INFO - [2023-09-05T08:29:30.411+0000] {dag.py:3677} INFO - Setting next_dagrun for example_weekday_branch_operator to 2023-09-04T00:00:00+00:00, run_after=2023-09-05T00:00:00+00:00
[2023-09-05T08:29:30.442+0000] {processor.py:179} INFO - Processing /home/airflow/.local/lib/python3.8/site-packages/airflow/example_dags/example_branch_day_of_week_operator.py took 0.173 seconds
[2023-09-05T08:30:01.237+0000] {processor.py:157} INFO - Started process (PID=2124) to work on /home/airflow/.local/lib/python3.8/site-packages/airflow/example_dags/example_branch_day_of_week_operator.py
[2023-09-05T08:30:01.239+0000] {processor.py:829} INFO - Processing file /home/airflow/.local/lib/python3.8/site-packages/airflow/example_dags/example_branch_day_of_week_operator.py for tasks to queue
[2023-09-05T08:30:01.241+0000] {logging_mixin.py:151} INFO - [2023-09-05T08:30:01.240+0000] {dagbag.py:539} INFO - Filling up the DagBag from /home/airflow/.local/lib/python3.8/site-packages/airflow/example_dags/example_branch_day_of_week_operator.py
[2023-09-05T08:30:01.257+0000] {processor.py:839} INFO - DAG(s) dict_keys(['example_weekday_branch_operator']) retrieved from /home/airflow/.local/lib/python3.8/site-packages/airflow/example_dags/example_branch_day_of_week_operator.py
[2023-09-05T08:30:01.292+0000] {logging_mixin.py:151} INFO - [2023-09-05T08:30:01.291+0000] {dag.py:2907} INFO - Sync 1 DAGs
[2023-09-05T08:30:01.324+0000] {logging_mixin.py:151} INFO - [2023-09-05T08:30:01.324+0000] {dag.py:3677} INFO - Setting next_dagrun for example_weekday_branch_operator to 2023-09-04T00:00:00+00:00, run_after=2023-09-05T00:00:00+00:00
[2023-09-05T08:30:01.350+0000] {processor.py:179} INFO - Processing /home/airflow/.local/lib/python3.8/site-packages/airflow/example_dags/example_branch_day_of_week_operator.py took 0.121 seconds
[2023-09-05T08:30:31.496+0000] {processor.py:157} INFO - Started process (PID=2362) to work on /home/airflow/.local/lib/python3.8/site-packages/airflow/example_dags/example_branch_day_of_week_operator.py
[2023-09-05T08:30:31.497+0000] {processor.py:829} INFO - Processing file /home/airflow/.local/lib/python3.8/site-packages/airflow/example_dags/example_branch_day_of_week_operator.py for tasks to queue
[2023-09-05T08:30:31.498+0000] {logging_mixin.py:151} INFO - [2023-09-05T08:30:31.498+0000] {dagbag.py:539} INFO - Filling up the DagBag from /home/airflow/.local/lib/python3.8/site-packages/airflow/example_dags/example_branch_day_of_week_operator.py
[2023-09-05T08:30:31.512+0000] {processor.py:839} INFO - DAG(s) dict_keys(['example_weekday_branch_operator']) retrieved from /home/airflow/.local/lib/python3.8/site-packages/airflow/example_dags/example_branch_day_of_week_operator.py
[2023-09-05T08:30:31.548+0000] {logging_mixin.py:151} INFO - [2023-09-05T08:30:31.547+0000] {dag.py:2907} INFO - Sync 1 DAGs
[2023-09-05T08:30:31.580+0000] {logging_mixin.py:151} INFO - [2023-09-05T08:30:31.579+0000] {dag.py:3677} INFO - Setting next_dagrun for example_weekday_branch_operator to 2023-09-04T00:00:00+00:00, run_after=2023-09-05T00:00:00+00:00
[2023-09-05T08:30:31.603+0000] {processor.py:179} INFO - Processing /home/airflow/.local/lib/python3.8/site-packages/airflow/example_dags/example_branch_day_of_week_operator.py took 0.115 seconds
[2023-09-05T08:31:02.400+0000] {processor.py:157} INFO - Started process (PID=2600) to work on /home/airflow/.local/lib/python3.8/site-packages/airflow/example_dags/example_branch_day_of_week_operator.py
[2023-09-05T08:31:02.402+0000] {processor.py:829} INFO - Processing file /home/airflow/.local/lib/python3.8/site-packages/airflow/example_dags/example_branch_day_of_week_operator.py for tasks to queue
[2023-09-05T08:31:02.403+0000] {logging_mixin.py:151} INFO - [2023-09-05T08:31:02.402+0000] {dagbag.py:539} INFO - Filling up the DagBag from /home/airflow/.local/lib/python3.8/site-packages/airflow/example_dags/example_branch_day_of_week_operator.py
[2023-09-05T08:31:02.413+0000] {processor.py:839} INFO - DAG(s) dict_keys(['example_weekday_branch_operator']) retrieved from /home/airflow/.local/lib/python3.8/site-packages/airflow/example_dags/example_branch_day_of_week_operator.py
[2023-09-05T08:31:02.436+0000] {logging_mixin.py:151} INFO - [2023-09-05T08:31:02.436+0000] {dag.py:2907} INFO - Sync 1 DAGs
[2023-09-05T08:31:02.461+0000] {logging_mixin.py:151} INFO - [2023-09-05T08:31:02.461+0000] {dag.py:3677} INFO - Setting next_dagrun for example_weekday_branch_operator to 2023-09-04T00:00:00+00:00, run_after=2023-09-05T00:00:00+00:00
[2023-09-05T08:31:02.478+0000] {processor.py:179} INFO - Processing /home/airflow/.local/lib/python3.8/site-packages/airflow/example_dags/example_branch_day_of_week_operator.py took 0.083 seconds
