[2023-09-05T08:25:59.387+0000] {processor.py:157} INFO - Started process (PID=214) to work on /home/airflow/.local/lib/python3.8/site-packages/airflow/example_dags/example_xcom.py
[2023-09-05T08:25:59.388+0000] {processor.py:829} INFO - Processing file /home/airflow/.local/lib/python3.8/site-packages/airflow/example_dags/example_xcom.py for tasks to queue
[2023-09-05T08:25:59.393+0000] {logging_mixin.py:151} INFO - [2023-09-05T08:25:59.393+0000] {dagbag.py:539} INFO - Filling up the DagBag from /home/airflow/.local/lib/python3.8/site-packages/airflow/example_dags/example_xcom.py
[2023-09-05T08:25:59.424+0000] {processor.py:839} INFO - DAG(s) dict_keys(['example_xcom']) retrieved from /home/airflow/.local/lib/python3.8/site-packages/airflow/example_dags/example_xcom.py
[2023-09-05T08:25:59.451+0000] {logging_mixin.py:151} INFO - [2023-09-05T08:25:59.450+0000] {dag.py:2907} INFO - Sync 1 DAGs
[2023-09-05T08:25:59.496+0000] {logging_mixin.py:151} INFO - [2023-09-05T08:25:59.496+0000] {dag.py:3677} INFO - Setting next_dagrun for example_xcom to 2021-01-01T00:00:00+00:00, run_after=2021-01-01T00:00:00+00:00
[2023-09-05T08:25:59.540+0000] {processor.py:179} INFO - Processing /home/airflow/.local/lib/python3.8/site-packages/airflow/example_dags/example_xcom.py took 0.162 seconds
[2023-09-05T08:26:29.590+0000] {processor.py:157} INFO - Started process (PID=449) to work on /home/airflow/.local/lib/python3.8/site-packages/airflow/example_dags/example_xcom.py
[2023-09-05T08:26:29.590+0000] {processor.py:829} INFO - Processing file /home/airflow/.local/lib/python3.8/site-packages/airflow/example_dags/example_xcom.py for tasks to queue
[2023-09-05T08:26:29.591+0000] {logging_mixin.py:151} INFO - [2023-09-05T08:26:29.591+0000] {dagbag.py:539} INFO - Filling up the DagBag from /home/airflow/.local/lib/python3.8/site-packages/airflow/example_dags/example_xcom.py
[2023-09-05T08:26:29.598+0000] {processor.py:839} INFO - DAG(s) dict_keys(['example_xcom']) retrieved from /home/airflow/.local/lib/python3.8/site-packages/airflow/example_dags/example_xcom.py
[2023-09-05T08:26:29.620+0000] {logging_mixin.py:151} INFO - [2023-09-05T08:26:29.620+0000] {dag.py:2907} INFO - Sync 1 DAGs
[2023-09-05T08:26:29.643+0000] {logging_mixin.py:151} INFO - [2023-09-05T08:26:29.642+0000] {dag.py:3677} INFO - Setting next_dagrun for example_xcom to 2021-01-01T00:00:00+00:00, run_after=2021-01-01T00:00:00+00:00
[2023-09-05T08:26:29.675+0000] {processor.py:179} INFO - Processing /home/airflow/.local/lib/python3.8/site-packages/airflow/example_dags/example_xcom.py took 0.088 seconds
[2023-09-05T08:27:00.484+0000] {processor.py:157} INFO - Started process (PID=685) to work on /home/airflow/.local/lib/python3.8/site-packages/airflow/example_dags/example_xcom.py
[2023-09-05T08:27:00.485+0000] {processor.py:829} INFO - Processing file /home/airflow/.local/lib/python3.8/site-packages/airflow/example_dags/example_xcom.py for tasks to queue
[2023-09-05T08:27:00.486+0000] {logging_mixin.py:151} INFO - [2023-09-05T08:27:00.486+0000] {dagbag.py:539} INFO - Filling up the DagBag from /home/airflow/.local/lib/python3.8/site-packages/airflow/example_dags/example_xcom.py
[2023-09-05T08:27:00.497+0000] {processor.py:839} INFO - DAG(s) dict_keys(['example_xcom']) retrieved from /home/airflow/.local/lib/python3.8/site-packages/airflow/example_dags/example_xcom.py
[2023-09-05T08:27:00.528+0000] {logging_mixin.py:151} INFO - [2023-09-05T08:27:00.528+0000] {dag.py:2907} INFO - Sync 1 DAGs
[2023-09-05T08:27:00.674+0000] {logging_mixin.py:151} INFO - [2023-09-05T08:27:00.674+0000] {dag.py:3677} INFO - Setting next_dagrun for example_xcom to 2021-01-01T00:00:00+00:00, run_after=2021-01-01T00:00:00+00:00
[2023-09-05T08:27:00.697+0000] {processor.py:179} INFO - Processing /home/airflow/.local/lib/python3.8/site-packages/airflow/example_dags/example_xcom.py took 0.218 seconds
[2023-09-05T08:27:30.968+0000] {processor.py:157} INFO - Started process (PID=923) to work on /home/airflow/.local/lib/python3.8/site-packages/airflow/example_dags/example_xcom.py
[2023-09-05T08:27:30.969+0000] {processor.py:829} INFO - Processing file /home/airflow/.local/lib/python3.8/site-packages/airflow/example_dags/example_xcom.py for tasks to queue
[2023-09-05T08:27:30.970+0000] {logging_mixin.py:151} INFO - [2023-09-05T08:27:30.969+0000] {dagbag.py:539} INFO - Filling up the DagBag from /home/airflow/.local/lib/python3.8/site-packages/airflow/example_dags/example_xcom.py
[2023-09-05T08:27:30.984+0000] {processor.py:839} INFO - DAG(s) dict_keys(['example_xcom']) retrieved from /home/airflow/.local/lib/python3.8/site-packages/airflow/example_dags/example_xcom.py
[2023-09-05T08:27:31.020+0000] {logging_mixin.py:151} INFO - [2023-09-05T08:27:31.020+0000] {dag.py:2907} INFO - Sync 1 DAGs
[2023-09-05T08:27:31.063+0000] {logging_mixin.py:151} INFO - [2023-09-05T08:27:31.062+0000] {dag.py:3677} INFO - Setting next_dagrun for example_xcom to 2021-01-01T00:00:00+00:00, run_after=2021-01-01T00:00:00+00:00
[2023-09-05T08:27:31.096+0000] {processor.py:179} INFO - Processing /home/airflow/.local/lib/python3.8/site-packages/airflow/example_dags/example_xcom.py took 0.132 seconds
[2023-09-05T08:28:01.269+0000] {processor.py:157} INFO - Started process (PID=1156) to work on /home/airflow/.local/lib/python3.8/site-packages/airflow/example_dags/example_xcom.py
[2023-09-05T08:28:01.281+0000] {processor.py:829} INFO - Processing file /home/airflow/.local/lib/python3.8/site-packages/airflow/example_dags/example_xcom.py for tasks to queue
[2023-09-05T08:28:01.283+0000] {logging_mixin.py:151} INFO - [2023-09-05T08:28:01.283+0000] {dagbag.py:539} INFO - Filling up the DagBag from /home/airflow/.local/lib/python3.8/site-packages/airflow/example_dags/example_xcom.py
[2023-09-05T08:28:01.351+0000] {processor.py:839} INFO - DAG(s) dict_keys(['example_xcom']) retrieved from /home/airflow/.local/lib/python3.8/site-packages/airflow/example_dags/example_xcom.py
[2023-09-05T08:28:01.419+0000] {logging_mixin.py:151} INFO - [2023-09-05T08:28:01.418+0000] {dag.py:2907} INFO - Sync 1 DAGs
[2023-09-05T08:28:01.475+0000] {logging_mixin.py:151} INFO - [2023-09-05T08:28:01.475+0000] {dag.py:3677} INFO - Setting next_dagrun for example_xcom to 2021-01-01T00:00:00+00:00, run_after=2021-01-01T00:00:00+00:00
[2023-09-05T08:28:01.537+0000] {processor.py:179} INFO - Processing /home/airflow/.local/lib/python3.8/site-packages/airflow/example_dags/example_xcom.py took 0.301 seconds
[2023-09-05T08:28:32.360+0000] {processor.py:157} INFO - Started process (PID=1394) to work on /home/airflow/.local/lib/python3.8/site-packages/airflow/example_dags/example_xcom.py
[2023-09-05T08:28:32.362+0000] {processor.py:829} INFO - Processing file /home/airflow/.local/lib/python3.8/site-packages/airflow/example_dags/example_xcom.py for tasks to queue
[2023-09-05T08:28:32.364+0000] {logging_mixin.py:151} INFO - [2023-09-05T08:28:32.363+0000] {dagbag.py:539} INFO - Filling up the DagBag from /home/airflow/.local/lib/python3.8/site-packages/airflow/example_dags/example_xcom.py
[2023-09-05T08:28:32.390+0000] {processor.py:839} INFO - DAG(s) dict_keys(['example_xcom']) retrieved from /home/airflow/.local/lib/python3.8/site-packages/airflow/example_dags/example_xcom.py
[2023-09-05T08:28:32.460+0000] {logging_mixin.py:151} INFO - [2023-09-05T08:28:32.458+0000] {dag.py:2907} INFO - Sync 1 DAGs
[2023-09-05T08:28:32.523+0000] {logging_mixin.py:151} INFO - [2023-09-05T08:28:32.522+0000] {dag.py:3677} INFO - Setting next_dagrun for example_xcom to 2021-01-01T00:00:00+00:00, run_after=2021-01-01T00:00:00+00:00
[2023-09-05T08:28:32.610+0000] {processor.py:179} INFO - Processing /home/airflow/.local/lib/python3.8/site-packages/airflow/example_dags/example_xcom.py took 0.261 seconds
[2023-09-05T08:29:03.184+0000] {processor.py:157} INFO - Started process (PID=1675) to work on /home/airflow/.local/lib/python3.8/site-packages/airflow/example_dags/example_xcom.py
[2023-09-05T08:29:03.187+0000] {processor.py:829} INFO - Processing file /home/airflow/.local/lib/python3.8/site-packages/airflow/example_dags/example_xcom.py for tasks to queue
[2023-09-05T08:29:03.190+0000] {logging_mixin.py:151} INFO - [2023-09-05T08:29:03.189+0000] {dagbag.py:539} INFO - Filling up the DagBag from /home/airflow/.local/lib/python3.8/site-packages/airflow/example_dags/example_xcom.py
[2023-09-05T08:29:03.222+0000] {processor.py:839} INFO - DAG(s) dict_keys(['example_xcom']) retrieved from /home/airflow/.local/lib/python3.8/site-packages/airflow/example_dags/example_xcom.py
[2023-09-05T08:29:03.300+0000] {logging_mixin.py:151} INFO - [2023-09-05T08:29:03.299+0000] {dag.py:2907} INFO - Sync 1 DAGs
[2023-09-05T08:29:03.354+0000] {logging_mixin.py:151} INFO - [2023-09-05T08:29:03.353+0000] {dag.py:3677} INFO - Setting next_dagrun for example_xcom to 2021-01-01T00:00:00+00:00, run_after=2021-01-01T00:00:00+00:00
[2023-09-05T08:29:03.460+0000] {processor.py:179} INFO - Processing /home/airflow/.local/lib/python3.8/site-packages/airflow/example_dags/example_xcom.py took 0.286 seconds
[2023-09-05T08:29:33.698+0000] {processor.py:157} INFO - Started process (PID=1919) to work on /home/airflow/.local/lib/python3.8/site-packages/airflow/example_dags/example_xcom.py
[2023-09-05T08:29:33.699+0000] {processor.py:829} INFO - Processing file /home/airflow/.local/lib/python3.8/site-packages/airflow/example_dags/example_xcom.py for tasks to queue
[2023-09-05T08:29:33.700+0000] {logging_mixin.py:151} INFO - [2023-09-05T08:29:33.700+0000] {dagbag.py:539} INFO - Filling up the DagBag from /home/airflow/.local/lib/python3.8/site-packages/airflow/example_dags/example_xcom.py
[2023-09-05T08:29:33.708+0000] {processor.py:839} INFO - DAG(s) dict_keys(['example_xcom']) retrieved from /home/airflow/.local/lib/python3.8/site-packages/airflow/example_dags/example_xcom.py
[2023-09-05T08:29:33.735+0000] {logging_mixin.py:151} INFO - [2023-09-05T08:29:33.735+0000] {dag.py:2907} INFO - Sync 1 DAGs
[2023-09-05T08:29:33.757+0000] {logging_mixin.py:151} INFO - [2023-09-05T08:29:33.757+0000] {dag.py:3677} INFO - Setting next_dagrun for example_xcom to 2021-01-01T00:00:00+00:00, run_after=2021-01-01T00:00:00+00:00
[2023-09-05T08:29:33.775+0000] {processor.py:179} INFO - Processing /home/airflow/.local/lib/python3.8/site-packages/airflow/example_dags/example_xcom.py took 0.079 seconds
[2023-09-05T08:30:04.393+0000] {processor.py:157} INFO - Started process (PID=2157) to work on /home/airflow/.local/lib/python3.8/site-packages/airflow/example_dags/example_xcom.py
[2023-09-05T08:30:04.395+0000] {processor.py:829} INFO - Processing file /home/airflow/.local/lib/python3.8/site-packages/airflow/example_dags/example_xcom.py for tasks to queue
[2023-09-05T08:30:04.396+0000] {logging_mixin.py:151} INFO - [2023-09-05T08:30:04.396+0000] {dagbag.py:539} INFO - Filling up the DagBag from /home/airflow/.local/lib/python3.8/site-packages/airflow/example_dags/example_xcom.py
[2023-09-05T08:30:04.407+0000] {processor.py:839} INFO - DAG(s) dict_keys(['example_xcom']) retrieved from /home/airflow/.local/lib/python3.8/site-packages/airflow/example_dags/example_xcom.py
[2023-09-05T08:30:04.440+0000] {logging_mixin.py:151} INFO - [2023-09-05T08:30:04.440+0000] {dag.py:2907} INFO - Sync 1 DAGs
[2023-09-05T08:30:04.471+0000] {logging_mixin.py:151} INFO - [2023-09-05T08:30:04.471+0000] {dag.py:3677} INFO - Setting next_dagrun for example_xcom to 2021-01-01T00:00:00+00:00, run_after=2021-01-01T00:00:00+00:00
[2023-09-05T08:30:04.497+0000] {processor.py:179} INFO - Processing /home/airflow/.local/lib/python3.8/site-packages/airflow/example_dags/example_xcom.py took 0.108 seconds
[2023-09-05T08:30:34.562+0000] {processor.py:157} INFO - Started process (PID=2393) to work on /home/airflow/.local/lib/python3.8/site-packages/airflow/example_dags/example_xcom.py
[2023-09-05T08:30:34.563+0000] {processor.py:829} INFO - Processing file /home/airflow/.local/lib/python3.8/site-packages/airflow/example_dags/example_xcom.py for tasks to queue
[2023-09-05T08:30:34.565+0000] {logging_mixin.py:151} INFO - [2023-09-05T08:30:34.564+0000] {dagbag.py:539} INFO - Filling up the DagBag from /home/airflow/.local/lib/python3.8/site-packages/airflow/example_dags/example_xcom.py
[2023-09-05T08:30:34.578+0000] {processor.py:839} INFO - DAG(s) dict_keys(['example_xcom']) retrieved from /home/airflow/.local/lib/python3.8/site-packages/airflow/example_dags/example_xcom.py
[2023-09-05T08:30:34.610+0000] {logging_mixin.py:151} INFO - [2023-09-05T08:30:34.610+0000] {dag.py:2907} INFO - Sync 1 DAGs
[2023-09-05T08:30:34.644+0000] {logging_mixin.py:151} INFO - [2023-09-05T08:30:34.643+0000] {dag.py:3677} INFO - Setting next_dagrun for example_xcom to 2021-01-01T00:00:00+00:00, run_after=2021-01-01T00:00:00+00:00
[2023-09-05T08:30:34.672+0000] {processor.py:179} INFO - Processing /home/airflow/.local/lib/python3.8/site-packages/airflow/example_dags/example_xcom.py took 0.116 seconds
[2023-09-05T08:31:04.932+0000] {processor.py:157} INFO - Started process (PID=2630) to work on /home/airflow/.local/lib/python3.8/site-packages/airflow/example_dags/example_xcom.py
[2023-09-05T08:31:04.936+0000] {processor.py:829} INFO - Processing file /home/airflow/.local/lib/python3.8/site-packages/airflow/example_dags/example_xcom.py for tasks to queue
[2023-09-05T08:31:04.937+0000] {logging_mixin.py:151} INFO - [2023-09-05T08:31:04.937+0000] {dagbag.py:539} INFO - Filling up the DagBag from /home/airflow/.local/lib/python3.8/site-packages/airflow/example_dags/example_xcom.py
[2023-09-05T08:31:04.954+0000] {processor.py:839} INFO - DAG(s) dict_keys(['example_xcom']) retrieved from /home/airflow/.local/lib/python3.8/site-packages/airflow/example_dags/example_xcom.py
[2023-09-05T08:31:04.987+0000] {logging_mixin.py:151} INFO - [2023-09-05T08:31:04.987+0000] {dag.py:2907} INFO - Sync 1 DAGs
[2023-09-05T08:31:05.011+0000] {logging_mixin.py:151} INFO - [2023-09-05T08:31:05.010+0000] {dag.py:3677} INFO - Setting next_dagrun for example_xcom to 2021-01-01T00:00:00+00:00, run_after=2021-01-01T00:00:00+00:00
[2023-09-05T08:31:05.039+0000] {processor.py:179} INFO - Processing /home/airflow/.local/lib/python3.8/site-packages/airflow/example_dags/example_xcom.py took 0.111 seconds
