[2023-09-05T08:25:56.122+0000] {processor.py:157} INFO - Started process (PID=183) to work on /home/airflow/.local/lib/python3.8/site-packages/airflow/example_dags/tutorial.py
[2023-09-05T08:25:56.123+0000] {processor.py:829} INFO - Processing file /home/airflow/.local/lib/python3.8/site-packages/airflow/example_dags/tutorial.py for tasks to queue
[2023-09-05T08:25:56.142+0000] {logging_mixin.py:151} INFO - [2023-09-05T08:25:56.141+0000] {dagbag.py:539} INFO - Filling up the DagBag from /home/airflow/.local/lib/python3.8/site-packages/airflow/example_dags/tutorial.py
[2023-09-05T08:25:56.185+0000] {processor.py:839} INFO - DAG(s) dict_keys(['tutorial']) retrieved from /home/airflow/.local/lib/python3.8/site-packages/airflow/example_dags/tutorial.py
[2023-09-05T08:25:56.237+0000] {logging_mixin.py:151} INFO - [2023-09-05T08:25:56.236+0000] {dag.py:2907} INFO - Sync 1 DAGs
[2023-09-05T08:25:56.424+0000] {logging_mixin.py:151} INFO - [2023-09-05T08:25:56.423+0000] {dag.py:3677} INFO - Setting next_dagrun for tutorial to 2023-09-04T08:25:56.423529+00:00, run_after=2023-09-05T08:25:56.423529+00:00
[2023-09-05T08:25:56.485+0000] {processor.py:179} INFO - Processing /home/airflow/.local/lib/python3.8/site-packages/airflow/example_dags/tutorial.py took 0.387 seconds
[2023-09-05T08:26:26.714+0000] {processor.py:157} INFO - Started process (PID=417) to work on /home/airflow/.local/lib/python3.8/site-packages/airflow/example_dags/tutorial.py
[2023-09-05T08:26:26.715+0000] {processor.py:829} INFO - Processing file /home/airflow/.local/lib/python3.8/site-packages/airflow/example_dags/tutorial.py for tasks to queue
[2023-09-05T08:26:26.716+0000] {logging_mixin.py:151} INFO - [2023-09-05T08:26:26.716+0000] {dagbag.py:539} INFO - Filling up the DagBag from /home/airflow/.local/lib/python3.8/site-packages/airflow/example_dags/tutorial.py
[2023-09-05T08:26:26.724+0000] {processor.py:839} INFO - DAG(s) dict_keys(['tutorial']) retrieved from /home/airflow/.local/lib/python3.8/site-packages/airflow/example_dags/tutorial.py
[2023-09-05T08:26:26.747+0000] {logging_mixin.py:151} INFO - [2023-09-05T08:26:26.747+0000] {dag.py:2907} INFO - Sync 1 DAGs
[2023-09-05T08:26:26.770+0000] {logging_mixin.py:151} INFO - [2023-09-05T08:26:26.770+0000] {dag.py:3677} INFO - Setting next_dagrun for tutorial to 2023-09-04T08:26:26.770354+00:00, run_after=2023-09-05T08:26:26.770354+00:00
[2023-09-05T08:26:26.789+0000] {processor.py:179} INFO - Processing /home/airflow/.local/lib/python3.8/site-packages/airflow/example_dags/tutorial.py took 0.079 seconds
[2023-09-05T08:26:57.589+0000] {processor.py:157} INFO - Started process (PID=655) to work on /home/airflow/.local/lib/python3.8/site-packages/airflow/example_dags/tutorial.py
[2023-09-05T08:26:57.591+0000] {processor.py:829} INFO - Processing file /home/airflow/.local/lib/python3.8/site-packages/airflow/example_dags/tutorial.py for tasks to queue
[2023-09-05T08:26:57.592+0000] {logging_mixin.py:151} INFO - [2023-09-05T08:26:57.592+0000] {dagbag.py:539} INFO - Filling up the DagBag from /home/airflow/.local/lib/python3.8/site-packages/airflow/example_dags/tutorial.py
[2023-09-05T08:26:57.600+0000] {processor.py:839} INFO - DAG(s) dict_keys(['tutorial']) retrieved from /home/airflow/.local/lib/python3.8/site-packages/airflow/example_dags/tutorial.py
[2023-09-05T08:26:57.628+0000] {logging_mixin.py:151} INFO - [2023-09-05T08:26:57.628+0000] {dag.py:2907} INFO - Sync 1 DAGs
[2023-09-05T08:26:57.839+0000] {logging_mixin.py:151} INFO - [2023-09-05T08:26:57.839+0000] {dag.py:3677} INFO - Setting next_dagrun for tutorial to 2023-09-04T08:26:57.839336+00:00, run_after=2023-09-05T08:26:57.839336+00:00
[2023-09-05T08:26:57.861+0000] {processor.py:179} INFO - Processing /home/airflow/.local/lib/python3.8/site-packages/airflow/example_dags/tutorial.py took 0.280 seconds
[2023-09-05T08:27:27.994+0000] {processor.py:157} INFO - Started process (PID=892) to work on /home/airflow/.local/lib/python3.8/site-packages/airflow/example_dags/tutorial.py
[2023-09-05T08:27:27.996+0000] {processor.py:829} INFO - Processing file /home/airflow/.local/lib/python3.8/site-packages/airflow/example_dags/tutorial.py for tasks to queue
[2023-09-05T08:27:27.997+0000] {logging_mixin.py:151} INFO - [2023-09-05T08:27:27.997+0000] {dagbag.py:539} INFO - Filling up the DagBag from /home/airflow/.local/lib/python3.8/site-packages/airflow/example_dags/tutorial.py
[2023-09-05T08:27:28.012+0000] {processor.py:839} INFO - DAG(s) dict_keys(['tutorial']) retrieved from /home/airflow/.local/lib/python3.8/site-packages/airflow/example_dags/tutorial.py
[2023-09-05T08:27:28.065+0000] {logging_mixin.py:151} INFO - [2023-09-05T08:27:28.064+0000] {dag.py:2907} INFO - Sync 1 DAGs
[2023-09-05T08:27:28.126+0000] {logging_mixin.py:151} INFO - [2023-09-05T08:27:28.126+0000] {dag.py:3677} INFO - Setting next_dagrun for tutorial to 2023-09-04T08:27:28.124266+00:00, run_after=2023-09-05T08:27:28.124266+00:00
[2023-09-05T08:27:28.176+0000] {processor.py:179} INFO - Processing /home/airflow/.local/lib/python3.8/site-packages/airflow/example_dags/tutorial.py took 0.190 seconds
[2023-09-05T08:27:58.395+0000] {processor.py:157} INFO - Started process (PID=1131) to work on /home/airflow/.local/lib/python3.8/site-packages/airflow/example_dags/tutorial.py
[2023-09-05T08:27:58.399+0000] {processor.py:829} INFO - Processing file /home/airflow/.local/lib/python3.8/site-packages/airflow/example_dags/tutorial.py for tasks to queue
[2023-09-05T08:27:58.401+0000] {logging_mixin.py:151} INFO - [2023-09-05T08:27:58.400+0000] {dagbag.py:539} INFO - Filling up the DagBag from /home/airflow/.local/lib/python3.8/site-packages/airflow/example_dags/tutorial.py
[2023-09-05T08:27:58.421+0000] {processor.py:839} INFO - DAG(s) dict_keys(['tutorial']) retrieved from /home/airflow/.local/lib/python3.8/site-packages/airflow/example_dags/tutorial.py
[2023-09-05T08:27:58.482+0000] {logging_mixin.py:151} INFO - [2023-09-05T08:27:58.482+0000] {dag.py:2907} INFO - Sync 1 DAGs
[2023-09-05T08:27:58.570+0000] {logging_mixin.py:151} INFO - [2023-09-05T08:27:58.569+0000] {dag.py:3677} INFO - Setting next_dagrun for tutorial to 2023-09-04T08:27:58.569416+00:00, run_after=2023-09-05T08:27:58.569416+00:00
[2023-09-05T08:27:58.720+0000] {processor.py:179} INFO - Processing /home/airflow/.local/lib/python3.8/site-packages/airflow/example_dags/tutorial.py took 0.334 seconds
[2023-09-05T08:28:29.569+0000] {processor.py:157} INFO - Started process (PID=1376) to work on /home/airflow/.local/lib/python3.8/site-packages/airflow/example_dags/tutorial.py
[2023-09-05T08:28:29.571+0000] {processor.py:829} INFO - Processing file /home/airflow/.local/lib/python3.8/site-packages/airflow/example_dags/tutorial.py for tasks to queue
[2023-09-05T08:28:29.575+0000] {logging_mixin.py:151} INFO - [2023-09-05T08:28:29.572+0000] {dagbag.py:539} INFO - Filling up the DagBag from /home/airflow/.local/lib/python3.8/site-packages/airflow/example_dags/tutorial.py
[2023-09-05T08:28:29.591+0000] {processor.py:839} INFO - DAG(s) dict_keys(['tutorial']) retrieved from /home/airflow/.local/lib/python3.8/site-packages/airflow/example_dags/tutorial.py
[2023-09-05T08:28:29.657+0000] {logging_mixin.py:151} INFO - [2023-09-05T08:28:29.656+0000] {dag.py:2907} INFO - Sync 1 DAGs
[2023-09-05T08:28:29.819+0000] {logging_mixin.py:151} INFO - [2023-09-05T08:28:29.819+0000] {dag.py:3677} INFO - Setting next_dagrun for tutorial to 2023-09-04T08:28:29.818804+00:00, run_after=2023-09-05T08:28:29.818804+00:00
[2023-09-05T08:28:29.885+0000] {processor.py:179} INFO - Processing /home/airflow/.local/lib/python3.8/site-packages/airflow/example_dags/tutorial.py took 0.325 seconds
[2023-09-05T08:29:00.289+0000] {processor.py:157} INFO - Started process (PID=1653) to work on /home/airflow/.local/lib/python3.8/site-packages/airflow/example_dags/tutorial.py
[2023-09-05T08:29:00.297+0000] {processor.py:829} INFO - Processing file /home/airflow/.local/lib/python3.8/site-packages/airflow/example_dags/tutorial.py for tasks to queue
[2023-09-05T08:29:00.309+0000] {logging_mixin.py:151} INFO - [2023-09-05T08:29:00.308+0000] {dagbag.py:539} INFO - Filling up the DagBag from /home/airflow/.local/lib/python3.8/site-packages/airflow/example_dags/tutorial.py
[2023-09-05T08:29:00.333+0000] {processor.py:839} INFO - DAG(s) dict_keys(['tutorial']) retrieved from /home/airflow/.local/lib/python3.8/site-packages/airflow/example_dags/tutorial.py
[2023-09-05T08:29:00.450+0000] {logging_mixin.py:151} INFO - [2023-09-05T08:29:00.450+0000] {dag.py:2907} INFO - Sync 1 DAGs
[2023-09-05T08:29:00.611+0000] {logging_mixin.py:151} INFO - [2023-09-05T08:29:00.610+0000] {dag.py:3677} INFO - Setting next_dagrun for tutorial to 2023-09-04T08:29:00.610516+00:00, run_after=2023-09-05T08:29:00.610516+00:00
[2023-09-05T08:29:00.693+0000] {processor.py:179} INFO - Processing /home/airflow/.local/lib/python3.8/site-packages/airflow/example_dags/tutorial.py took 0.415 seconds
[2023-09-05T08:29:31.284+0000] {processor.py:157} INFO - Started process (PID=1893) to work on /home/airflow/.local/lib/python3.8/site-packages/airflow/example_dags/tutorial.py
[2023-09-05T08:29:31.285+0000] {processor.py:829} INFO - Processing file /home/airflow/.local/lib/python3.8/site-packages/airflow/example_dags/tutorial.py for tasks to queue
[2023-09-05T08:29:31.286+0000] {logging_mixin.py:151} INFO - [2023-09-05T08:29:31.286+0000] {dagbag.py:539} INFO - Filling up the DagBag from /home/airflow/.local/lib/python3.8/site-packages/airflow/example_dags/tutorial.py
[2023-09-05T08:29:31.300+0000] {processor.py:839} INFO - DAG(s) dict_keys(['tutorial']) retrieved from /home/airflow/.local/lib/python3.8/site-packages/airflow/example_dags/tutorial.py
[2023-09-05T08:29:31.339+0000] {logging_mixin.py:151} INFO - [2023-09-05T08:29:31.339+0000] {dag.py:2907} INFO - Sync 1 DAGs
[2023-09-05T08:29:31.377+0000] {logging_mixin.py:151} INFO - [2023-09-05T08:29:31.377+0000] {dag.py:3677} INFO - Setting next_dagrun for tutorial to 2023-09-04T08:29:31.377093+00:00, run_after=2023-09-05T08:29:31.377093+00:00
[2023-09-05T08:29:31.403+0000] {processor.py:179} INFO - Processing /home/airflow/.local/lib/python3.8/site-packages/airflow/example_dags/tutorial.py took 0.124 seconds
[2023-09-05T08:30:02.410+0000] {processor.py:157} INFO - Started process (PID=2131) to work on /home/airflow/.local/lib/python3.8/site-packages/airflow/example_dags/tutorial.py
[2023-09-05T08:30:02.413+0000] {processor.py:829} INFO - Processing file /home/airflow/.local/lib/python3.8/site-packages/airflow/example_dags/tutorial.py for tasks to queue
[2023-09-05T08:30:02.419+0000] {logging_mixin.py:151} INFO - [2023-09-05T08:30:02.418+0000] {dagbag.py:539} INFO - Filling up the DagBag from /home/airflow/.local/lib/python3.8/site-packages/airflow/example_dags/tutorial.py
[2023-09-05T08:30:02.437+0000] {processor.py:839} INFO - DAG(s) dict_keys(['tutorial']) retrieved from /home/airflow/.local/lib/python3.8/site-packages/airflow/example_dags/tutorial.py
[2023-09-05T08:30:02.494+0000] {logging_mixin.py:151} INFO - [2023-09-05T08:30:02.494+0000] {dag.py:2907} INFO - Sync 1 DAGs
[2023-09-05T08:30:02.537+0000] {logging_mixin.py:151} INFO - [2023-09-05T08:30:02.537+0000] {dag.py:3677} INFO - Setting next_dagrun for tutorial to 2023-09-04T08:30:02.537011+00:00, run_after=2023-09-05T08:30:02.537011+00:00
[2023-09-05T08:30:02.570+0000] {processor.py:179} INFO - Processing /home/airflow/.local/lib/python3.8/site-packages/airflow/example_dags/tutorial.py took 0.166 seconds
[2023-09-05T08:30:32.654+0000] {processor.py:157} INFO - Started process (PID=2369) to work on /home/airflow/.local/lib/python3.8/site-packages/airflow/example_dags/tutorial.py
[2023-09-05T08:30:32.655+0000] {processor.py:829} INFO - Processing file /home/airflow/.local/lib/python3.8/site-packages/airflow/example_dags/tutorial.py for tasks to queue
[2023-09-05T08:30:32.657+0000] {logging_mixin.py:151} INFO - [2023-09-05T08:30:32.656+0000] {dagbag.py:539} INFO - Filling up the DagBag from /home/airflow/.local/lib/python3.8/site-packages/airflow/example_dags/tutorial.py
[2023-09-05T08:30:32.677+0000] {processor.py:839} INFO - DAG(s) dict_keys(['tutorial']) retrieved from /home/airflow/.local/lib/python3.8/site-packages/airflow/example_dags/tutorial.py
[2023-09-05T08:30:32.745+0000] {logging_mixin.py:151} INFO - [2023-09-05T08:30:32.743+0000] {dag.py:2907} INFO - Sync 1 DAGs
[2023-09-05T08:30:32.788+0000] {logging_mixin.py:151} INFO - [2023-09-05T08:30:32.788+0000] {dag.py:3677} INFO - Setting next_dagrun for tutorial to 2023-09-04T08:30:32.787926+00:00, run_after=2023-09-05T08:30:32.787926+00:00
[2023-09-05T08:30:32.826+0000] {processor.py:179} INFO - Processing /home/airflow/.local/lib/python3.8/site-packages/airflow/example_dags/tutorial.py took 0.178 seconds
[2023-09-05T08:31:03.534+0000] {processor.py:157} INFO - Started process (PID=2607) to work on /home/airflow/.local/lib/python3.8/site-packages/airflow/example_dags/tutorial.py
[2023-09-05T08:31:03.537+0000] {processor.py:829} INFO - Processing file /home/airflow/.local/lib/python3.8/site-packages/airflow/example_dags/tutorial.py for tasks to queue
[2023-09-05T08:31:03.539+0000] {logging_mixin.py:151} INFO - [2023-09-05T08:31:03.538+0000] {dagbag.py:539} INFO - Filling up the DagBag from /home/airflow/.local/lib/python3.8/site-packages/airflow/example_dags/tutorial.py
[2023-09-05T08:31:03.548+0000] {processor.py:839} INFO - DAG(s) dict_keys(['tutorial']) retrieved from /home/airflow/.local/lib/python3.8/site-packages/airflow/example_dags/tutorial.py
[2023-09-05T08:31:03.571+0000] {logging_mixin.py:151} INFO - [2023-09-05T08:31:03.570+0000] {dag.py:2907} INFO - Sync 1 DAGs
[2023-09-05T08:31:03.599+0000] {logging_mixin.py:151} INFO - [2023-09-05T08:31:03.599+0000] {dag.py:3677} INFO - Setting next_dagrun for tutorial to 2023-09-04T08:31:03.598841+00:00, run_after=2023-09-05T08:31:03.598841+00:00
[2023-09-05T08:31:03.621+0000] {processor.py:179} INFO - Processing /home/airflow/.local/lib/python3.8/site-packages/airflow/example_dags/tutorial.py took 0.093 seconds
