[2023-09-05T08:26:06.352+0000] {processor.py:157} INFO - Started process (PID=314) to work on /home/airflow/.local/lib/python3.8/site-packages/airflow/example_dags/tutorial_dag.py
[2023-09-05T08:26:06.353+0000] {processor.py:829} INFO - Processing file /home/airflow/.local/lib/python3.8/site-packages/airflow/example_dags/tutorial_dag.py for tasks to queue
[2023-09-05T08:26:06.355+0000] {logging_mixin.py:151} INFO - [2023-09-05T08:26:06.354+0000] {dagbag.py:539} INFO - Filling up the DagBag from /home/airflow/.local/lib/python3.8/site-packages/airflow/example_dags/tutorial_dag.py
[2023-09-05T08:26:06.404+0000] {processor.py:839} INFO - DAG(s) dict_keys(['tutorial_dag']) retrieved from /home/airflow/.local/lib/python3.8/site-packages/airflow/example_dags/tutorial_dag.py
[2023-09-05T08:26:06.457+0000] {logging_mixin.py:151} INFO - [2023-09-05T08:26:06.457+0000] {dag.py:2907} INFO - Sync 1 DAGs
[2023-09-05T08:26:06.586+0000] {logging_mixin.py:151} INFO - [2023-09-05T08:26:06.585+0000] {dag.py:3677} INFO - Setting next_dagrun for tutorial_dag to None, run_after=None
[2023-09-05T08:26:06.718+0000] {processor.py:179} INFO - Processing /home/airflow/.local/lib/python3.8/site-packages/airflow/example_dags/tutorial_dag.py took 0.397 seconds
[2023-09-05T08:26:37.498+0000] {processor.py:157} INFO - Started process (PID=552) to work on /home/airflow/.local/lib/python3.8/site-packages/airflow/example_dags/tutorial_dag.py
[2023-09-05T08:26:37.499+0000] {processor.py:829} INFO - Processing file /home/airflow/.local/lib/python3.8/site-packages/airflow/example_dags/tutorial_dag.py for tasks to queue
[2023-09-05T08:26:37.500+0000] {logging_mixin.py:151} INFO - [2023-09-05T08:26:37.500+0000] {dagbag.py:539} INFO - Filling up the DagBag from /home/airflow/.local/lib/python3.8/site-packages/airflow/example_dags/tutorial_dag.py
[2023-09-05T08:26:37.506+0000] {processor.py:839} INFO - DAG(s) dict_keys(['tutorial_dag']) retrieved from /home/airflow/.local/lib/python3.8/site-packages/airflow/example_dags/tutorial_dag.py
[2023-09-05T08:26:37.534+0000] {logging_mixin.py:151} INFO - [2023-09-05T08:26:37.534+0000] {dag.py:2907} INFO - Sync 1 DAGs
[2023-09-05T08:26:37.551+0000] {logging_mixin.py:151} INFO - [2023-09-05T08:26:37.551+0000] {dag.py:3677} INFO - Setting next_dagrun for tutorial_dag to None, run_after=None
[2023-09-05T08:26:37.586+0000] {processor.py:179} INFO - Processing /home/airflow/.local/lib/python3.8/site-packages/airflow/example_dags/tutorial_dag.py took 0.093 seconds
[2023-09-05T08:27:08.041+0000] {processor.py:157} INFO - Started process (PID=787) to work on /home/airflow/.local/lib/python3.8/site-packages/airflow/example_dags/tutorial_dag.py
[2023-09-05T08:27:08.060+0000] {processor.py:829} INFO - Processing file /home/airflow/.local/lib/python3.8/site-packages/airflow/example_dags/tutorial_dag.py for tasks to queue
[2023-09-05T08:27:08.063+0000] {logging_mixin.py:151} INFO - [2023-09-05T08:27:08.062+0000] {dagbag.py:539} INFO - Filling up the DagBag from /home/airflow/.local/lib/python3.8/site-packages/airflow/example_dags/tutorial_dag.py
[2023-09-05T08:27:08.082+0000] {processor.py:839} INFO - DAG(s) dict_keys(['tutorial_dag']) retrieved from /home/airflow/.local/lib/python3.8/site-packages/airflow/example_dags/tutorial_dag.py
[2023-09-05T08:27:08.305+0000] {logging_mixin.py:151} INFO - [2023-09-05T08:27:08.304+0000] {dag.py:2907} INFO - Sync 1 DAGs
[2023-09-05T08:27:08.329+0000] {logging_mixin.py:151} INFO - [2023-09-05T08:27:08.328+0000] {dag.py:3677} INFO - Setting next_dagrun for tutorial_dag to None, run_after=None
[2023-09-05T08:27:08.365+0000] {processor.py:179} INFO - Processing /home/airflow/.local/lib/python3.8/site-packages/airflow/example_dags/tutorial_dag.py took 0.341 seconds
[2023-09-05T08:27:38.498+0000] {processor.py:157} INFO - Started process (PID=1025) to work on /home/airflow/.local/lib/python3.8/site-packages/airflow/example_dags/tutorial_dag.py
[2023-09-05T08:27:38.500+0000] {processor.py:829} INFO - Processing file /home/airflow/.local/lib/python3.8/site-packages/airflow/example_dags/tutorial_dag.py for tasks to queue
[2023-09-05T08:27:38.502+0000] {logging_mixin.py:151} INFO - [2023-09-05T08:27:38.501+0000] {dagbag.py:539} INFO - Filling up the DagBag from /home/airflow/.local/lib/python3.8/site-packages/airflow/example_dags/tutorial_dag.py
[2023-09-05T08:27:38.516+0000] {processor.py:839} INFO - DAG(s) dict_keys(['tutorial_dag']) retrieved from /home/airflow/.local/lib/python3.8/site-packages/airflow/example_dags/tutorial_dag.py
[2023-09-05T08:27:38.558+0000] {logging_mixin.py:151} INFO - [2023-09-05T08:27:38.557+0000] {dag.py:2907} INFO - Sync 1 DAGs
[2023-09-05T08:27:38.588+0000] {logging_mixin.py:151} INFO - [2023-09-05T08:27:38.587+0000] {dag.py:3677} INFO - Setting next_dagrun for tutorial_dag to None, run_after=None
[2023-09-05T08:27:38.641+0000] {processor.py:179} INFO - Processing /home/airflow/.local/lib/python3.8/site-packages/airflow/example_dags/tutorial_dag.py took 0.156 seconds
[2023-09-05T08:28:08.730+0000] {processor.py:157} INFO - Started process (PID=1263) to work on /home/airflow/.local/lib/python3.8/site-packages/airflow/example_dags/tutorial_dag.py
[2023-09-05T08:28:08.732+0000] {processor.py:829} INFO - Processing file /home/airflow/.local/lib/python3.8/site-packages/airflow/example_dags/tutorial_dag.py for tasks to queue
[2023-09-05T08:28:08.733+0000] {logging_mixin.py:151} INFO - [2023-09-05T08:28:08.733+0000] {dagbag.py:539} INFO - Filling up the DagBag from /home/airflow/.local/lib/python3.8/site-packages/airflow/example_dags/tutorial_dag.py
[2023-09-05T08:28:08.741+0000] {processor.py:839} INFO - DAG(s) dict_keys(['tutorial_dag']) retrieved from /home/airflow/.local/lib/python3.8/site-packages/airflow/example_dags/tutorial_dag.py
[2023-09-05T08:28:08.824+0000] {logging_mixin.py:151} INFO - [2023-09-05T08:28:08.824+0000] {dag.py:2907} INFO - Sync 1 DAGs
[2023-09-05T08:28:08.859+0000] {logging_mixin.py:151} INFO - [2023-09-05T08:28:08.858+0000] {dag.py:3677} INFO - Setting next_dagrun for tutorial_dag to None, run_after=None
[2023-09-05T08:28:08.896+0000] {processor.py:179} INFO - Processing /home/airflow/.local/lib/python3.8/site-packages/airflow/example_dags/tutorial_dag.py took 0.174 seconds
[2023-09-05T08:28:48.573+0000] {processor.py:157} INFO - Started process (PID=1525) to work on /home/airflow/.local/lib/python3.8/site-packages/airflow/example_dags/tutorial_dag.py
[2023-09-05T08:28:48.596+0000] {processor.py:829} INFO - Processing file /home/airflow/.local/lib/python3.8/site-packages/airflow/example_dags/tutorial_dag.py for tasks to queue
[2023-09-05T08:28:48.598+0000] {logging_mixin.py:151} INFO - [2023-09-05T08:28:48.598+0000] {dagbag.py:539} INFO - Filling up the DagBag from /home/airflow/.local/lib/python3.8/site-packages/airflow/example_dags/tutorial_dag.py
[2023-09-05T08:28:48.714+0000] {processor.py:839} INFO - DAG(s) dict_keys(['tutorial_dag']) retrieved from /home/airflow/.local/lib/python3.8/site-packages/airflow/example_dags/tutorial_dag.py
[2023-09-05T08:28:48.886+0000] {logging_mixin.py:151} INFO - [2023-09-05T08:28:48.886+0000] {dag.py:2907} INFO - Sync 1 DAGs
[2023-09-05T08:28:49.047+0000] {logging_mixin.py:151} INFO - [2023-09-05T08:28:49.046+0000] {dag.py:3677} INFO - Setting next_dagrun for tutorial_dag to None, run_after=None
[2023-09-05T08:28:49.467+0000] {processor.py:179} INFO - Processing /home/airflow/.local/lib/python3.8/site-packages/airflow/example_dags/tutorial_dag.py took 0.937 seconds
[2023-09-05T08:29:20.819+0000] {processor.py:157} INFO - Started process (PID=1786) to work on /home/airflow/.local/lib/python3.8/site-packages/airflow/example_dags/tutorial_dag.py
[2023-09-05T08:29:20.822+0000] {processor.py:829} INFO - Processing file /home/airflow/.local/lib/python3.8/site-packages/airflow/example_dags/tutorial_dag.py for tasks to queue
[2023-09-05T08:29:20.825+0000] {logging_mixin.py:151} INFO - [2023-09-05T08:29:20.824+0000] {dagbag.py:539} INFO - Filling up the DagBag from /home/airflow/.local/lib/python3.8/site-packages/airflow/example_dags/tutorial_dag.py
[2023-09-05T08:29:20.846+0000] {processor.py:839} INFO - DAG(s) dict_keys(['tutorial_dag']) retrieved from /home/airflow/.local/lib/python3.8/site-packages/airflow/example_dags/tutorial_dag.py
[2023-09-05T08:29:20.882+0000] {logging_mixin.py:151} INFO - [2023-09-05T08:29:20.882+0000] {dag.py:2907} INFO - Sync 1 DAGs
[2023-09-05T08:29:20.899+0000] {logging_mixin.py:151} INFO - [2023-09-05T08:29:20.899+0000] {dag.py:3677} INFO - Setting next_dagrun for tutorial_dag to None, run_after=None
[2023-09-05T08:29:20.919+0000] {processor.py:179} INFO - Processing /home/airflow/.local/lib/python3.8/site-packages/airflow/example_dags/tutorial_dag.py took 0.113 seconds
[2023-09-05T08:29:51.713+0000] {processor.py:157} INFO - Started process (PID=2024) to work on /home/airflow/.local/lib/python3.8/site-packages/airflow/example_dags/tutorial_dag.py
[2023-09-05T08:29:51.715+0000] {processor.py:829} INFO - Processing file /home/airflow/.local/lib/python3.8/site-packages/airflow/example_dags/tutorial_dag.py for tasks to queue
[2023-09-05T08:29:51.716+0000] {logging_mixin.py:151} INFO - [2023-09-05T08:29:51.715+0000] {dagbag.py:539} INFO - Filling up the DagBag from /home/airflow/.local/lib/python3.8/site-packages/airflow/example_dags/tutorial_dag.py
[2023-09-05T08:29:51.720+0000] {processor.py:839} INFO - DAG(s) dict_keys(['tutorial_dag']) retrieved from /home/airflow/.local/lib/python3.8/site-packages/airflow/example_dags/tutorial_dag.py
[2023-09-05T08:29:51.745+0000] {logging_mixin.py:151} INFO - [2023-09-05T08:29:51.745+0000] {dag.py:2907} INFO - Sync 1 DAGs
[2023-09-05T08:29:51.757+0000] {logging_mixin.py:151} INFO - [2023-09-05T08:29:51.757+0000] {dag.py:3677} INFO - Setting next_dagrun for tutorial_dag to None, run_after=None
[2023-09-05T08:29:51.775+0000] {processor.py:179} INFO - Processing /home/airflow/.local/lib/python3.8/site-packages/airflow/example_dags/tutorial_dag.py took 0.066 seconds
[2023-09-05T08:30:22.625+0000] {processor.py:157} INFO - Started process (PID=2262) to work on /home/airflow/.local/lib/python3.8/site-packages/airflow/example_dags/tutorial_dag.py
[2023-09-05T08:30:22.626+0000] {processor.py:829} INFO - Processing file /home/airflow/.local/lib/python3.8/site-packages/airflow/example_dags/tutorial_dag.py for tasks to queue
[2023-09-05T08:30:22.627+0000] {logging_mixin.py:151} INFO - [2023-09-05T08:30:22.626+0000] {dagbag.py:539} INFO - Filling up the DagBag from /home/airflow/.local/lib/python3.8/site-packages/airflow/example_dags/tutorial_dag.py
[2023-09-05T08:30:22.640+0000] {processor.py:839} INFO - DAG(s) dict_keys(['tutorial_dag']) retrieved from /home/airflow/.local/lib/python3.8/site-packages/airflow/example_dags/tutorial_dag.py
[2023-09-05T08:30:22.670+0000] {logging_mixin.py:151} INFO - [2023-09-05T08:30:22.670+0000] {dag.py:2907} INFO - Sync 1 DAGs
[2023-09-05T08:30:22.686+0000] {logging_mixin.py:151} INFO - [2023-09-05T08:30:22.685+0000] {dag.py:3677} INFO - Setting next_dagrun for tutorial_dag to None, run_after=None
[2023-09-05T08:30:22.709+0000] {processor.py:179} INFO - Processing /home/airflow/.local/lib/python3.8/site-packages/airflow/example_dags/tutorial_dag.py took 0.088 seconds
[2023-09-05T08:30:52.893+0000] {processor.py:157} INFO - Started process (PID=2500) to work on /home/airflow/.local/lib/python3.8/site-packages/airflow/example_dags/tutorial_dag.py
[2023-09-05T08:30:52.895+0000] {processor.py:829} INFO - Processing file /home/airflow/.local/lib/python3.8/site-packages/airflow/example_dags/tutorial_dag.py for tasks to queue
[2023-09-05T08:30:52.897+0000] {logging_mixin.py:151} INFO - [2023-09-05T08:30:52.897+0000] {dagbag.py:539} INFO - Filling up the DagBag from /home/airflow/.local/lib/python3.8/site-packages/airflow/example_dags/tutorial_dag.py
[2023-09-05T08:30:52.912+0000] {processor.py:839} INFO - DAG(s) dict_keys(['tutorial_dag']) retrieved from /home/airflow/.local/lib/python3.8/site-packages/airflow/example_dags/tutorial_dag.py
[2023-09-05T08:30:52.966+0000] {logging_mixin.py:151} INFO - [2023-09-05T08:30:52.965+0000] {dag.py:2907} INFO - Sync 1 DAGs
[2023-09-05T08:30:52.994+0000] {logging_mixin.py:151} INFO - [2023-09-05T08:30:52.993+0000] {dag.py:3677} INFO - Setting next_dagrun for tutorial_dag to None, run_after=None
[2023-09-05T08:30:53.030+0000] {processor.py:179} INFO - Processing /home/airflow/.local/lib/python3.8/site-packages/airflow/example_dags/tutorial_dag.py took 0.146 seconds
