[2023-09-16T10:02:56.216+0000] {processor.py:157} INFO - Started process (PID=20049) to work on /opt/airflow/dags/dag_with_cron_expression.py
[2023-09-16T10:02:56.221+0000] {processor.py:829} INFO - Processing file /opt/airflow/dags/dag_with_cron_expression.py for tasks to queue
[2023-09-16T10:02:56.227+0000] {logging_mixin.py:151} INFO - [2023-09-16T10:02:56.226+0000] {dagbag.py:539} INFO - Filling up the DagBag from /opt/airflow/dags/dag_with_cron_expression.py
[2023-09-16T10:02:56.518+0000] {processor.py:839} INFO - DAG(s) dict_keys(['ganza_dag_cron_expression_v19']) retrieved from /opt/airflow/dags/dag_with_cron_expression.py
[2023-09-16T10:02:57.738+0000] {logging_mixin.py:151} INFO - [2023-09-16T10:02:57.731+0000] {dag.py:2907} INFO - Sync 1 DAGs
[2023-09-16T10:02:58.134+0000] {logging_mixin.py:151} INFO - [2023-09-16T10:02:58.133+0000] {dag.py:3677} INFO - Setting next_dagrun for ganza_dag_cron_expression_v19 to 2023-09-15T00:00:00+00:00, run_after=2023-09-19T00:00:00+00:00
[2023-09-16T10:02:58.861+0000] {processor.py:179} INFO - Processing /opt/airflow/dags/dag_with_cron_expression.py took 2.689 seconds
[2023-09-16T10:03:29.327+0000] {processor.py:157} INFO - Started process (PID=20106) to work on /opt/airflow/dags/dag_with_cron_expression.py
[2023-09-16T10:03:29.335+0000] {processor.py:829} INFO - Processing file /opt/airflow/dags/dag_with_cron_expression.py for tasks to queue
[2023-09-16T10:03:29.355+0000] {logging_mixin.py:151} INFO - [2023-09-16T10:03:29.353+0000] {dagbag.py:539} INFO - Filling up the DagBag from /opt/airflow/dags/dag_with_cron_expression.py
[2023-09-16T10:03:29.677+0000] {processor.py:839} INFO - DAG(s) dict_keys(['ganza_dag_cron_expression_v19']) retrieved from /opt/airflow/dags/dag_with_cron_expression.py
[2023-09-16T10:03:30.196+0000] {logging_mixin.py:151} INFO - [2023-09-16T10:03:30.191+0000] {dag.py:2907} INFO - Sync 1 DAGs
[2023-09-16T10:03:30.849+0000] {logging_mixin.py:151} INFO - [2023-09-16T10:03:30.848+0000] {dag.py:3677} INFO - Setting next_dagrun for ganza_dag_cron_expression_v19 to 2023-09-15T00:00:00+00:00, run_after=2023-09-19T00:00:00+00:00
[2023-09-16T10:03:31.105+0000] {processor.py:179} INFO - Processing /opt/airflow/dags/dag_with_cron_expression.py took 1.807 seconds
[2023-09-16T10:04:01.736+0000] {processor.py:157} INFO - Started process (PID=20149) to work on /opt/airflow/dags/dag_with_cron_expression.py
[2023-09-16T10:04:01.740+0000] {processor.py:829} INFO - Processing file /opt/airflow/dags/dag_with_cron_expression.py for tasks to queue
[2023-09-16T10:04:01.752+0000] {logging_mixin.py:151} INFO - [2023-09-16T10:04:01.744+0000] {dagbag.py:539} INFO - Filling up the DagBag from /opt/airflow/dags/dag_with_cron_expression.py
[2023-09-16T10:04:01.886+0000] {processor.py:839} INFO - DAG(s) dict_keys(['ganza_dag_cron_expression_v19']) retrieved from /opt/airflow/dags/dag_with_cron_expression.py
[2023-09-16T10:04:02.364+0000] {logging_mixin.py:151} INFO - [2023-09-16T10:04:02.360+0000] {dag.py:2907} INFO - Sync 1 DAGs
[2023-09-16T10:04:02.652+0000] {logging_mixin.py:151} INFO - [2023-09-16T10:04:02.651+0000] {dag.py:3677} INFO - Setting next_dagrun for ganza_dag_cron_expression_v19 to 2023-09-15T00:00:00+00:00, run_after=2023-09-19T00:00:00+00:00
[2023-09-16T10:04:02.804+0000] {processor.py:179} INFO - Processing /opt/airflow/dags/dag_with_cron_expression.py took 1.138 seconds
[2023-09-16T10:04:33.230+0000] {processor.py:157} INFO - Started process (PID=20181) to work on /opt/airflow/dags/dag_with_cron_expression.py
[2023-09-16T10:04:33.235+0000] {processor.py:829} INFO - Processing file /opt/airflow/dags/dag_with_cron_expression.py for tasks to queue
[2023-09-16T10:04:33.239+0000] {logging_mixin.py:151} INFO - [2023-09-16T10:04:33.237+0000] {dagbag.py:539} INFO - Filling up the DagBag from /opt/airflow/dags/dag_with_cron_expression.py
[2023-09-16T10:04:33.317+0000] {processor.py:839} INFO - DAG(s) dict_keys(['ganza_dag_cron_expression_v19']) retrieved from /opt/airflow/dags/dag_with_cron_expression.py
[2023-09-16T10:04:33.600+0000] {logging_mixin.py:151} INFO - [2023-09-16T10:04:33.600+0000] {dag.py:2907} INFO - Sync 1 DAGs
[2023-09-16T10:04:33.816+0000] {logging_mixin.py:151} INFO - [2023-09-16T10:04:33.815+0000] {dag.py:3677} INFO - Setting next_dagrun for ganza_dag_cron_expression_v19 to 2023-09-15T00:00:00+00:00, run_after=2023-09-19T00:00:00+00:00
[2023-09-16T10:04:33.996+0000] {processor.py:179} INFO - Processing /opt/airflow/dags/dag_with_cron_expression.py took 0.798 seconds
[2023-09-16T10:05:04.616+0000] {processor.py:157} INFO - Started process (PID=20212) to work on /opt/airflow/dags/dag_with_cron_expression.py
[2023-09-16T10:05:04.619+0000] {processor.py:829} INFO - Processing file /opt/airflow/dags/dag_with_cron_expression.py for tasks to queue
[2023-09-16T10:05:04.672+0000] {logging_mixin.py:151} INFO - [2023-09-16T10:05:04.650+0000] {dagbag.py:539} INFO - Filling up the DagBag from /opt/airflow/dags/dag_with_cron_expression.py
[2023-09-16T10:05:05.097+0000] {processor.py:839} INFO - DAG(s) dict_keys(['ganza_dag_cron_expression_v19']) retrieved from /opt/airflow/dags/dag_with_cron_expression.py
[2023-09-16T10:05:05.700+0000] {logging_mixin.py:151} INFO - [2023-09-16T10:05:05.699+0000] {dag.py:2907} INFO - Sync 1 DAGs
[2023-09-16T10:05:05.963+0000] {logging_mixin.py:151} INFO - [2023-09-16T10:05:05.962+0000] {dag.py:3677} INFO - Setting next_dagrun for ganza_dag_cron_expression_v19 to 2023-09-15T00:00:00+00:00, run_after=2023-09-19T00:00:00+00:00
[2023-09-16T10:05:06.203+0000] {processor.py:179} INFO - Processing /opt/airflow/dags/dag_with_cron_expression.py took 1.679 seconds
[2023-09-16T10:05:36.430+0000] {processor.py:157} INFO - Started process (PID=20247) to work on /opt/airflow/dags/dag_with_cron_expression.py
[2023-09-16T10:05:36.433+0000] {processor.py:829} INFO - Processing file /opt/airflow/dags/dag_with_cron_expression.py for tasks to queue
[2023-09-16T10:05:36.436+0000] {logging_mixin.py:151} INFO - [2023-09-16T10:05:36.435+0000] {dagbag.py:539} INFO - Filling up the DagBag from /opt/airflow/dags/dag_with_cron_expression.py
[2023-09-16T10:05:36.491+0000] {processor.py:839} INFO - DAG(s) dict_keys(['ganza_dag_cron_expression_v19']) retrieved from /opt/airflow/dags/dag_with_cron_expression.py
[2023-09-16T10:05:36.632+0000] {logging_mixin.py:151} INFO - [2023-09-16T10:05:36.631+0000] {dag.py:2907} INFO - Sync 1 DAGs
[2023-09-16T10:05:36.758+0000] {logging_mixin.py:151} INFO - [2023-09-16T10:05:36.758+0000] {dag.py:3677} INFO - Setting next_dagrun for ganza_dag_cron_expression_v19 to 2023-09-15T00:00:00+00:00, run_after=2023-09-19T00:00:00+00:00
[2023-09-16T10:05:36.845+0000] {processor.py:179} INFO - Processing /opt/airflow/dags/dag_with_cron_expression.py took 0.434 seconds
[2023-09-16T10:06:07.699+0000] {processor.py:157} INFO - Started process (PID=20279) to work on /opt/airflow/dags/dag_with_cron_expression.py
[2023-09-16T10:06:07.717+0000] {processor.py:829} INFO - Processing file /opt/airflow/dags/dag_with_cron_expression.py for tasks to queue
[2023-09-16T10:06:07.720+0000] {logging_mixin.py:151} INFO - [2023-09-16T10:06:07.719+0000] {dagbag.py:539} INFO - Filling up the DagBag from /opt/airflow/dags/dag_with_cron_expression.py
[2023-09-16T10:06:07.804+0000] {processor.py:839} INFO - DAG(s) dict_keys(['ganza_dag_cron_expression_v19']) retrieved from /opt/airflow/dags/dag_with_cron_expression.py
[2023-09-16T10:06:07.946+0000] {logging_mixin.py:151} INFO - [2023-09-16T10:06:07.945+0000] {dag.py:2907} INFO - Sync 1 DAGs
[2023-09-16T10:06:08.041+0000] {logging_mixin.py:151} INFO - [2023-09-16T10:06:08.040+0000] {dag.py:3677} INFO - Setting next_dagrun for ganza_dag_cron_expression_v19 to 2023-09-15T00:00:00+00:00, run_after=2023-09-19T00:00:00+00:00
[2023-09-16T10:06:08.117+0000] {processor.py:179} INFO - Processing /opt/airflow/dags/dag_with_cron_expression.py took 0.434 seconds
[2023-09-16T10:06:38.608+0000] {processor.py:157} INFO - Started process (PID=20312) to work on /opt/airflow/dags/dag_with_cron_expression.py
[2023-09-16T10:06:38.610+0000] {processor.py:829} INFO - Processing file /opt/airflow/dags/dag_with_cron_expression.py for tasks to queue
[2023-09-16T10:06:38.613+0000] {logging_mixin.py:151} INFO - [2023-09-16T10:06:38.612+0000] {dagbag.py:539} INFO - Filling up the DagBag from /opt/airflow/dags/dag_with_cron_expression.py
[2023-09-16T10:06:38.659+0000] {processor.py:839} INFO - DAG(s) dict_keys(['ganza_dag_cron_expression_v19']) retrieved from /opt/airflow/dags/dag_with_cron_expression.py
[2023-09-16T10:06:38.763+0000] {logging_mixin.py:151} INFO - [2023-09-16T10:06:38.762+0000] {dag.py:2907} INFO - Sync 1 DAGs
[2023-09-16T10:06:38.863+0000] {logging_mixin.py:151} INFO - [2023-09-16T10:06:38.862+0000] {dag.py:3677} INFO - Setting next_dagrun for ganza_dag_cron_expression_v19 to 2023-09-15T00:00:00+00:00, run_after=2023-09-19T00:00:00+00:00
[2023-09-16T10:06:38.974+0000] {processor.py:179} INFO - Processing /opt/airflow/dags/dag_with_cron_expression.py took 0.379 seconds
[2023-09-16T10:07:09.385+0000] {processor.py:157} INFO - Started process (PID=20344) to work on /opt/airflow/dags/dag_with_cron_expression.py
[2023-09-16T10:07:09.389+0000] {processor.py:829} INFO - Processing file /opt/airflow/dags/dag_with_cron_expression.py for tasks to queue
[2023-09-16T10:07:09.391+0000] {logging_mixin.py:151} INFO - [2023-09-16T10:07:09.390+0000] {dagbag.py:539} INFO - Filling up the DagBag from /opt/airflow/dags/dag_with_cron_expression.py
[2023-09-16T10:07:09.427+0000] {processor.py:839} INFO - DAG(s) dict_keys(['ganza_dag_cron_expression_v19']) retrieved from /opt/airflow/dags/dag_with_cron_expression.py
[2023-09-16T10:07:09.507+0000] {logging_mixin.py:151} INFO - [2023-09-16T10:07:09.507+0000] {dag.py:2907} INFO - Sync 1 DAGs
[2023-09-16T10:07:09.582+0000] {logging_mixin.py:151} INFO - [2023-09-16T10:07:09.581+0000] {dag.py:3677} INFO - Setting next_dagrun for ganza_dag_cron_expression_v19 to 2023-09-15T00:00:00+00:00, run_after=2023-09-19T00:00:00+00:00
[2023-09-16T10:07:09.635+0000] {processor.py:179} INFO - Processing /opt/airflow/dags/dag_with_cron_expression.py took 0.260 seconds
[2023-09-16T10:07:40.261+0000] {processor.py:157} INFO - Started process (PID=20376) to work on /opt/airflow/dags/dag_with_cron_expression.py
[2023-09-16T10:07:40.263+0000] {processor.py:829} INFO - Processing file /opt/airflow/dags/dag_with_cron_expression.py for tasks to queue
[2023-09-16T10:07:40.266+0000] {logging_mixin.py:151} INFO - [2023-09-16T10:07:40.265+0000] {dagbag.py:539} INFO - Filling up the DagBag from /opt/airflow/dags/dag_with_cron_expression.py
[2023-09-16T10:07:40.302+0000] {processor.py:839} INFO - DAG(s) dict_keys(['ganza_dag_cron_expression_v19']) retrieved from /opt/airflow/dags/dag_with_cron_expression.py
[2023-09-16T10:07:40.421+0000] {logging_mixin.py:151} INFO - [2023-09-16T10:07:40.420+0000] {dag.py:2907} INFO - Sync 1 DAGs
[2023-09-16T10:07:40.517+0000] {logging_mixin.py:151} INFO - [2023-09-16T10:07:40.516+0000] {dag.py:3677} INFO - Setting next_dagrun for ganza_dag_cron_expression_v19 to 2023-09-15T00:00:00+00:00, run_after=2023-09-19T00:00:00+00:00
[2023-09-16T10:07:40.604+0000] {processor.py:179} INFO - Processing /opt/airflow/dags/dag_with_cron_expression.py took 0.354 seconds
[2023-09-16T10:08:10.955+0000] {processor.py:157} INFO - Started process (PID=20408) to work on /opt/airflow/dags/dag_with_cron_expression.py
[2023-09-16T10:08:10.959+0000] {processor.py:829} INFO - Processing file /opt/airflow/dags/dag_with_cron_expression.py for tasks to queue
[2023-09-16T10:08:10.963+0000] {logging_mixin.py:151} INFO - [2023-09-16T10:08:10.962+0000] {dagbag.py:539} INFO - Filling up the DagBag from /opt/airflow/dags/dag_with_cron_expression.py
[2023-09-16T10:08:11.051+0000] {processor.py:839} INFO - DAG(s) dict_keys(['ganza_dag_cron_expression_v19']) retrieved from /opt/airflow/dags/dag_with_cron_expression.py
[2023-09-16T10:08:11.214+0000] {logging_mixin.py:151} INFO - [2023-09-16T10:08:11.213+0000] {dag.py:2907} INFO - Sync 1 DAGs
[2023-09-16T10:08:11.359+0000] {logging_mixin.py:151} INFO - [2023-09-16T10:08:11.358+0000] {dag.py:3677} INFO - Setting next_dagrun for ganza_dag_cron_expression_v19 to 2023-09-15T00:00:00+00:00, run_after=2023-09-19T00:00:00+00:00
[2023-09-16T10:08:11.451+0000] {processor.py:179} INFO - Processing /opt/airflow/dags/dag_with_cron_expression.py took 0.513 seconds
[2023-09-16T10:08:41.820+0000] {processor.py:157} INFO - Started process (PID=20440) to work on /opt/airflow/dags/dag_with_cron_expression.py
[2023-09-16T10:08:41.823+0000] {processor.py:829} INFO - Processing file /opt/airflow/dags/dag_with_cron_expression.py for tasks to queue
[2023-09-16T10:08:41.827+0000] {logging_mixin.py:151} INFO - [2023-09-16T10:08:41.826+0000] {dagbag.py:539} INFO - Filling up the DagBag from /opt/airflow/dags/dag_with_cron_expression.py
[2023-09-16T10:08:41.874+0000] {processor.py:839} INFO - DAG(s) dict_keys(['ganza_dag_cron_expression_v19']) retrieved from /opt/airflow/dags/dag_with_cron_expression.py
[2023-09-16T10:08:41.975+0000] {logging_mixin.py:151} INFO - [2023-09-16T10:08:41.975+0000] {dag.py:2907} INFO - Sync 1 DAGs
[2023-09-16T10:08:42.069+0000] {logging_mixin.py:151} INFO - [2023-09-16T10:08:42.068+0000] {dag.py:3677} INFO - Setting next_dagrun for ganza_dag_cron_expression_v19 to 2023-09-15T00:00:00+00:00, run_after=2023-09-19T00:00:00+00:00
[2023-09-16T10:08:42.140+0000] {processor.py:179} INFO - Processing /opt/airflow/dags/dag_with_cron_expression.py took 0.334 seconds
[2023-09-16T10:09:12.426+0000] {processor.py:157} INFO - Started process (PID=20471) to work on /opt/airflow/dags/dag_with_cron_expression.py
[2023-09-16T10:09:12.431+0000] {processor.py:829} INFO - Processing file /opt/airflow/dags/dag_with_cron_expression.py for tasks to queue
[2023-09-16T10:09:12.434+0000] {logging_mixin.py:151} INFO - [2023-09-16T10:09:12.433+0000] {dagbag.py:539} INFO - Filling up the DagBag from /opt/airflow/dags/dag_with_cron_expression.py
[2023-09-16T10:09:12.486+0000] {processor.py:839} INFO - DAG(s) dict_keys(['ganza_dag_cron_expression_v19']) retrieved from /opt/airflow/dags/dag_with_cron_expression.py
[2023-09-16T10:09:12.732+0000] {logging_mixin.py:151} INFO - [2023-09-16T10:09:12.731+0000] {dag.py:2907} INFO - Sync 1 DAGs
[2023-09-16T10:09:12.842+0000] {logging_mixin.py:151} INFO - [2023-09-16T10:09:12.841+0000] {dag.py:3677} INFO - Setting next_dagrun for ganza_dag_cron_expression_v19 to 2023-09-15T00:00:00+00:00, run_after=2023-09-19T00:00:00+00:00
[2023-09-16T10:09:12.940+0000] {processor.py:179} INFO - Processing /opt/airflow/dags/dag_with_cron_expression.py took 0.534 seconds
[2023-09-16T10:09:43.121+0000] {processor.py:157} INFO - Started process (PID=20503) to work on /opt/airflow/dags/dag_with_cron_expression.py
[2023-09-16T10:09:43.124+0000] {processor.py:829} INFO - Processing file /opt/airflow/dags/dag_with_cron_expression.py for tasks to queue
[2023-09-16T10:09:43.130+0000] {logging_mixin.py:151} INFO - [2023-09-16T10:09:43.126+0000] {dagbag.py:539} INFO - Filling up the DagBag from /opt/airflow/dags/dag_with_cron_expression.py
[2023-09-16T10:09:43.187+0000] {processor.py:839} INFO - DAG(s) dict_keys(['ganza_dag_cron_expression_v19']) retrieved from /opt/airflow/dags/dag_with_cron_expression.py
[2023-09-16T10:09:43.362+0000] {logging_mixin.py:151} INFO - [2023-09-16T10:09:43.361+0000] {dag.py:2907} INFO - Sync 1 DAGs
[2023-09-16T10:09:43.512+0000] {logging_mixin.py:151} INFO - [2023-09-16T10:09:43.511+0000] {dag.py:3677} INFO - Setting next_dagrun for ganza_dag_cron_expression_v19 to 2023-09-15T00:00:00+00:00, run_after=2023-09-19T00:00:00+00:00
[2023-09-16T10:09:43.627+0000] {processor.py:179} INFO - Processing /opt/airflow/dags/dag_with_cron_expression.py took 0.534 seconds
[2023-09-16T10:10:14.054+0000] {processor.py:157} INFO - Started process (PID=20532) to work on /opt/airflow/dags/dag_with_cron_expression.py
[2023-09-16T10:10:14.096+0000] {processor.py:829} INFO - Processing file /opt/airflow/dags/dag_with_cron_expression.py for tasks to queue
[2023-09-16T10:10:14.119+0000] {logging_mixin.py:151} INFO - [2023-09-16T10:10:14.117+0000] {dagbag.py:539} INFO - Filling up the DagBag from /opt/airflow/dags/dag_with_cron_expression.py
[2023-09-16T10:10:14.237+0000] {processor.py:839} INFO - DAG(s) dict_keys(['ganza_dag_cron_expression_v19']) retrieved from /opt/airflow/dags/dag_with_cron_expression.py
[2023-09-16T10:10:14.394+0000] {logging_mixin.py:151} INFO - [2023-09-16T10:10:14.393+0000] {dag.py:2907} INFO - Sync 1 DAGs
[2023-09-16T10:10:14.584+0000] {logging_mixin.py:151} INFO - [2023-09-16T10:10:14.583+0000] {dag.py:3677} INFO - Setting next_dagrun for ganza_dag_cron_expression_v19 to 2023-09-15T00:00:00+00:00, run_after=2023-09-19T00:00:00+00:00
[2023-09-16T10:10:14.705+0000] {processor.py:179} INFO - Processing /opt/airflow/dags/dag_with_cron_expression.py took 0.733 seconds
[2023-09-16T10:10:44.871+0000] {processor.py:157} INFO - Started process (PID=20564) to work on /opt/airflow/dags/dag_with_cron_expression.py
[2023-09-16T10:10:44.874+0000] {processor.py:829} INFO - Processing file /opt/airflow/dags/dag_with_cron_expression.py for tasks to queue
[2023-09-16T10:10:44.878+0000] {logging_mixin.py:151} INFO - [2023-09-16T10:10:44.877+0000] {dagbag.py:539} INFO - Filling up the DagBag from /opt/airflow/dags/dag_with_cron_expression.py
[2023-09-16T10:10:44.924+0000] {processor.py:839} INFO - DAG(s) dict_keys(['ganza_dag_cron_expression_v19']) retrieved from /opt/airflow/dags/dag_with_cron_expression.py
[2023-09-16T10:10:45.066+0000] {logging_mixin.py:151} INFO - [2023-09-16T10:10:45.065+0000] {dag.py:2907} INFO - Sync 1 DAGs
[2023-09-16T10:10:45.221+0000] {logging_mixin.py:151} INFO - [2023-09-16T10:10:45.220+0000] {dag.py:3677} INFO - Setting next_dagrun for ganza_dag_cron_expression_v19 to 2023-09-15T00:00:00+00:00, run_after=2023-09-19T00:00:00+00:00
[2023-09-16T10:10:45.293+0000] {processor.py:179} INFO - Processing /opt/airflow/dags/dag_with_cron_expression.py took 0.434 seconds
[2023-09-16T10:11:15.925+0000] {processor.py:157} INFO - Started process (PID=20598) to work on /opt/airflow/dags/dag_with_cron_expression.py
[2023-09-16T10:11:15.929+0000] {processor.py:829} INFO - Processing file /opt/airflow/dags/dag_with_cron_expression.py for tasks to queue
[2023-09-16T10:11:15.932+0000] {logging_mixin.py:151} INFO - [2023-09-16T10:11:15.931+0000] {dagbag.py:539} INFO - Filling up the DagBag from /opt/airflow/dags/dag_with_cron_expression.py
[2023-09-16T10:11:15.977+0000] {processor.py:839} INFO - DAG(s) dict_keys(['ganza_dag_cron_expression_v19']) retrieved from /opt/airflow/dags/dag_with_cron_expression.py
[2023-09-16T10:11:16.090+0000] {logging_mixin.py:151} INFO - [2023-09-16T10:11:16.089+0000] {dag.py:2907} INFO - Sync 1 DAGs
[2023-09-16T10:11:16.212+0000] {logging_mixin.py:151} INFO - [2023-09-16T10:11:16.211+0000] {dag.py:3677} INFO - Setting next_dagrun for ganza_dag_cron_expression_v19 to 2023-09-15T00:00:00+00:00, run_after=2023-09-19T00:00:00+00:00
[2023-09-16T10:11:16.295+0000] {processor.py:179} INFO - Processing /opt/airflow/dags/dag_with_cron_expression.py took 0.384 seconds
[2023-09-16T10:11:46.749+0000] {processor.py:157} INFO - Started process (PID=20630) to work on /opt/airflow/dags/dag_with_cron_expression.py
[2023-09-16T10:11:46.754+0000] {processor.py:829} INFO - Processing file /opt/airflow/dags/dag_with_cron_expression.py for tasks to queue
[2023-09-16T10:11:46.758+0000] {logging_mixin.py:151} INFO - [2023-09-16T10:11:46.757+0000] {dagbag.py:539} INFO - Filling up the DagBag from /opt/airflow/dags/dag_with_cron_expression.py
[2023-09-16T10:11:46.822+0000] {processor.py:839} INFO - DAG(s) dict_keys(['ganza_dag_cron_expression_v19']) retrieved from /opt/airflow/dags/dag_with_cron_expression.py
[2023-09-16T10:11:46.996+0000] {logging_mixin.py:151} INFO - [2023-09-16T10:11:46.995+0000] {dag.py:2907} INFO - Sync 1 DAGs
[2023-09-16T10:11:47.146+0000] {logging_mixin.py:151} INFO - [2023-09-16T10:11:47.145+0000] {dag.py:3677} INFO - Setting next_dagrun for ganza_dag_cron_expression_v19 to 2023-09-15T00:00:00+00:00, run_after=2023-09-19T00:00:00+00:00
[2023-09-16T10:11:47.306+0000] {processor.py:179} INFO - Processing /opt/airflow/dags/dag_with_cron_expression.py took 0.579 seconds
[2023-09-16T10:12:17.515+0000] {processor.py:157} INFO - Started process (PID=20662) to work on /opt/airflow/dags/dag_with_cron_expression.py
[2023-09-16T10:12:17.518+0000] {processor.py:829} INFO - Processing file /opt/airflow/dags/dag_with_cron_expression.py for tasks to queue
[2023-09-16T10:12:17.522+0000] {logging_mixin.py:151} INFO - [2023-09-16T10:12:17.520+0000] {dagbag.py:539} INFO - Filling up the DagBag from /opt/airflow/dags/dag_with_cron_expression.py
[2023-09-16T10:12:17.572+0000] {processor.py:839} INFO - DAG(s) dict_keys(['ganza_dag_cron_expression_v19']) retrieved from /opt/airflow/dags/dag_with_cron_expression.py
[2023-09-16T10:12:17.723+0000] {logging_mixin.py:151} INFO - [2023-09-16T10:12:17.722+0000] {dag.py:2907} INFO - Sync 1 DAGs
[2023-09-16T10:12:17.882+0000] {logging_mixin.py:151} INFO - [2023-09-16T10:12:17.881+0000] {dag.py:3677} INFO - Setting next_dagrun for ganza_dag_cron_expression_v19 to 2023-09-15T00:00:00+00:00, run_after=2023-09-19T00:00:00+00:00
[2023-09-16T10:12:18.008+0000] {processor.py:179} INFO - Processing /opt/airflow/dags/dag_with_cron_expression.py took 0.507 seconds
[2023-09-16T10:12:48.515+0000] {processor.py:157} INFO - Started process (PID=20694) to work on /opt/airflow/dags/dag_with_cron_expression.py
[2023-09-16T10:12:48.519+0000] {processor.py:829} INFO - Processing file /opt/airflow/dags/dag_with_cron_expression.py for tasks to queue
[2023-09-16T10:12:48.522+0000] {logging_mixin.py:151} INFO - [2023-09-16T10:12:48.521+0000] {dagbag.py:539} INFO - Filling up the DagBag from /opt/airflow/dags/dag_with_cron_expression.py
[2023-09-16T10:12:48.567+0000] {processor.py:839} INFO - DAG(s) dict_keys(['ganza_dag_cron_expression_v19']) retrieved from /opt/airflow/dags/dag_with_cron_expression.py
[2023-09-16T10:12:48.669+0000] {logging_mixin.py:151} INFO - [2023-09-16T10:12:48.668+0000] {dag.py:2907} INFO - Sync 1 DAGs
[2023-09-16T10:12:48.759+0000] {logging_mixin.py:151} INFO - [2023-09-16T10:12:48.758+0000] {dag.py:3677} INFO - Setting next_dagrun for ganza_dag_cron_expression_v19 to 2023-09-15T00:00:00+00:00, run_after=2023-09-19T00:00:00+00:00
[2023-09-16T10:12:48.813+0000] {processor.py:179} INFO - Processing /opt/airflow/dags/dag_with_cron_expression.py took 0.315 seconds
[2023-09-16T10:13:19.170+0000] {processor.py:157} INFO - Started process (PID=20724) to work on /opt/airflow/dags/dag_with_cron_expression.py
[2023-09-16T10:13:19.184+0000] {processor.py:829} INFO - Processing file /opt/airflow/dags/dag_with_cron_expression.py for tasks to queue
[2023-09-16T10:13:19.194+0000] {logging_mixin.py:151} INFO - [2023-09-16T10:13:19.186+0000] {dagbag.py:539} INFO - Filling up the DagBag from /opt/airflow/dags/dag_with_cron_expression.py
[2023-09-16T10:13:19.277+0000] {processor.py:839} INFO - DAG(s) dict_keys(['ganza_dag_cron_expression_v19']) retrieved from /opt/airflow/dags/dag_with_cron_expression.py
[2023-09-16T10:13:20.317+0000] {processor.py:182} ERROR - Got an exception! Propagating...
Traceback (most recent call last):
  File "/home/airflow/.local/lib/python3.8/site-packages/sqlalchemy/engine/base.py", line 3371, in _wrap_pool_connect
    return fn()
  File "/home/airflow/.local/lib/python3.8/site-packages/sqlalchemy/pool/base.py", line 327, in connect
    return _ConnectionFairy._checkout(self)
  File "/home/airflow/.local/lib/python3.8/site-packages/sqlalchemy/pool/base.py", line 894, in _checkout
    fairy = _ConnectionRecord.checkout(pool)
  File "/home/airflow/.local/lib/python3.8/site-packages/sqlalchemy/pool/base.py", line 493, in checkout
    rec = pool._do_get()
  File "/home/airflow/.local/lib/python3.8/site-packages/sqlalchemy/pool/impl.py", line 146, in _do_get
    self._dec_overflow()
  File "/home/airflow/.local/lib/python3.8/site-packages/sqlalchemy/util/langhelpers.py", line 70, in __exit__
    compat.raise_(
  File "/home/airflow/.local/lib/python3.8/site-packages/sqlalchemy/util/compat.py", line 211, in raise_
    raise exception
  File "/home/airflow/.local/lib/python3.8/site-packages/sqlalchemy/pool/impl.py", line 143, in _do_get
    return self._create_connection()
  File "/home/airflow/.local/lib/python3.8/site-packages/sqlalchemy/pool/base.py", line 273, in _create_connection
    return _ConnectionRecord(self)
  File "/home/airflow/.local/lib/python3.8/site-packages/sqlalchemy/pool/base.py", line 388, in __init__
    self.__connect()
  File "/home/airflow/.local/lib/python3.8/site-packages/sqlalchemy/pool/base.py", line 691, in __connect
    pool.logger.debug("Error on connect(): %s", e)
  File "/home/airflow/.local/lib/python3.8/site-packages/sqlalchemy/util/langhelpers.py", line 70, in __exit__
    compat.raise_(
  File "/home/airflow/.local/lib/python3.8/site-packages/sqlalchemy/util/compat.py", line 211, in raise_
    raise exception
  File "/home/airflow/.local/lib/python3.8/site-packages/sqlalchemy/pool/base.py", line 686, in __connect
    self.dbapi_connection = connection = pool._invoke_creator(self)
  File "/home/airflow/.local/lib/python3.8/site-packages/sqlalchemy/engine/create.py", line 574, in connect
    return dialect.connect(*cargs, **cparams)
  File "/home/airflow/.local/lib/python3.8/site-packages/sqlalchemy/engine/default.py", line 598, in connect
    return self.dbapi.connect(*cargs, **cparams)
  File "/home/airflow/.local/lib/python3.8/site-packages/psycopg2/__init__.py", line 122, in connect
    conn = _connect(dsn, connection_factory=connection_factory, **kwasync)
psycopg2.OperationalError: could not translate host name "postgres" to address: Temporary failure in name resolution


The above exception was the direct cause of the following exception:

Traceback (most recent call last):
  File "/home/airflow/.local/lib/python3.8/site-packages/airflow/dag_processing/processor.py", line 178, in _run_file_processor
    _handle_dag_file_processing()
  File "/home/airflow/.local/lib/python3.8/site-packages/airflow/dag_processing/processor.py", line 159, in _handle_dag_file_processing
    result: tuple[int, int] = dag_file_processor.process_file(
  File "/home/airflow/.local/lib/python3.8/site-packages/airflow/utils/session.py", line 77, in wrapper
    return func(*args, session=session, **kwargs)
  File "/home/airflow/.local/lib/python3.8/site-packages/airflow/dag_processing/processor.py", line 857, in process_file
    serialize_errors = DagFileProcessor.save_dag_to_db(
  File "/home/airflow/.local/lib/python3.8/site-packages/airflow/api_internal/internal_api_call.py", line 112, in wrapper
    return func(*args, **kwargs)
  File "/home/airflow/.local/lib/python3.8/site-packages/airflow/utils/session.py", line 77, in wrapper
    return func(*args, session=session, **kwargs)
  File "/home/airflow/.local/lib/python3.8/site-packages/airflow/dag_processing/processor.py", line 893, in save_dag_to_db
    import_errors = DagBag._sync_to_db(dags=dags, processor_subdir=dag_directory, session=session)
  File "/home/airflow/.local/lib/python3.8/site-packages/airflow/utils/session.py", line 74, in wrapper
    return func(*args, **kwargs)
  File "/home/airflow/.local/lib/python3.8/site-packages/airflow/models/dagbag.py", line 657, in _sync_to_db
    for attempt in run_with_db_retries(logger=log):
  File "/home/airflow/.local/lib/python3.8/site-packages/tenacity/__init__.py", line 347, in __iter__
    do = self.iter(retry_state=retry_state)
  File "/home/airflow/.local/lib/python3.8/site-packages/tenacity/__init__.py", line 325, in iter
    raise retry_exc.reraise()
  File "/home/airflow/.local/lib/python3.8/site-packages/tenacity/__init__.py", line 158, in reraise
    raise self.last_attempt.result()
  File "/usr/local/lib/python3.8/concurrent/futures/_base.py", line 437, in result
    return self.__get_result()
  File "/usr/local/lib/python3.8/concurrent/futures/_base.py", line 389, in __get_result
    raise self._exception
  File "/home/airflow/.local/lib/python3.8/site-packages/airflow/models/dagbag.py", line 669, in _sync_to_db
    serialize_errors.extend(_serialize_dag_capturing_errors(dag, session))
  File "/home/airflow/.local/lib/python3.8/site-packages/airflow/models/dagbag.py", line 636, in _serialize_dag_capturing_errors
    dag_was_updated = SerializedDagModel.write_dag(
  File "/home/airflow/.local/lib/python3.8/site-packages/airflow/utils/session.py", line 74, in wrapper
    return func(*args, **kwargs)
  File "/home/airflow/.local/lib/python3.8/site-packages/airflow/models/serialized_dag.py", line 147, in write_dag
    if session.scalar(
  File "/home/airflow/.local/lib/python3.8/site-packages/sqlalchemy/orm/session.py", line 1747, in scalar
    return self.execute(
  File "/home/airflow/.local/lib/python3.8/site-packages/sqlalchemy/orm/session.py", line 1716, in execute
    conn = self._connection_for_bind(bind)
  File "/home/airflow/.local/lib/python3.8/site-packages/sqlalchemy/orm/session.py", line 1555, in _connection_for_bind
    return self._transaction._connection_for_bind(
  File "/home/airflow/.local/lib/python3.8/site-packages/sqlalchemy/orm/session.py", line 750, in _connection_for_bind
    conn = bind.connect()
  File "/home/airflow/.local/lib/python3.8/site-packages/sqlalchemy/future/engine.py", line 406, in connect
    return super(Engine, self).connect()
  File "/home/airflow/.local/lib/python3.8/site-packages/sqlalchemy/engine/base.py", line 3325, in connect
    return self._connection_cls(self, close_with_result=close_with_result)
  File "/home/airflow/.local/lib/python3.8/site-packages/sqlalchemy/engine/base.py", line 96, in __init__
    else engine.raw_connection()
  File "/home/airflow/.local/lib/python3.8/site-packages/sqlalchemy/engine/base.py", line 3404, in raw_connection
    return self._wrap_pool_connect(self.pool.connect, _connection)
  File "/home/airflow/.local/lib/python3.8/site-packages/sqlalchemy/engine/base.py", line 3374, in _wrap_pool_connect
    Connection._handle_dbapi_exception_noconnection(
  File "/home/airflow/.local/lib/python3.8/site-packages/sqlalchemy/engine/base.py", line 2208, in _handle_dbapi_exception_noconnection
    util.raise_(
  File "/home/airflow/.local/lib/python3.8/site-packages/sqlalchemy/util/compat.py", line 211, in raise_
    raise exception
  File "/home/airflow/.local/lib/python3.8/site-packages/sqlalchemy/engine/base.py", line 3371, in _wrap_pool_connect
    return fn()
  File "/home/airflow/.local/lib/python3.8/site-packages/sqlalchemy/pool/base.py", line 327, in connect
    return _ConnectionFairy._checkout(self)
  File "/home/airflow/.local/lib/python3.8/site-packages/sqlalchemy/pool/base.py", line 894, in _checkout
    fairy = _ConnectionRecord.checkout(pool)
  File "/home/airflow/.local/lib/python3.8/site-packages/sqlalchemy/pool/base.py", line 493, in checkout
    rec = pool._do_get()
  File "/home/airflow/.local/lib/python3.8/site-packages/sqlalchemy/pool/impl.py", line 146, in _do_get
    self._dec_overflow()
  File "/home/airflow/.local/lib/python3.8/site-packages/sqlalchemy/util/langhelpers.py", line 70, in __exit__
    compat.raise_(
  File "/home/airflow/.local/lib/python3.8/site-packages/sqlalchemy/util/compat.py", line 211, in raise_
    raise exception
  File "/home/airflow/.local/lib/python3.8/site-packages/sqlalchemy/pool/impl.py", line 143, in _do_get
    return self._create_connection()
  File "/home/airflow/.local/lib/python3.8/site-packages/sqlalchemy/pool/base.py", line 273, in _create_connection
    return _ConnectionRecord(self)
  File "/home/airflow/.local/lib/python3.8/site-packages/sqlalchemy/pool/base.py", line 388, in __init__
    self.__connect()
  File "/home/airflow/.local/lib/python3.8/site-packages/sqlalchemy/pool/base.py", line 691, in __connect
    pool.logger.debug("Error on connect(): %s", e)
  File "/home/airflow/.local/lib/python3.8/site-packages/sqlalchemy/util/langhelpers.py", line 70, in __exit__
    compat.raise_(
  File "/home/airflow/.local/lib/python3.8/site-packages/sqlalchemy/util/compat.py", line 211, in raise_
    raise exception
  File "/home/airflow/.local/lib/python3.8/site-packages/sqlalchemy/pool/base.py", line 686, in __connect
    self.dbapi_connection = connection = pool._invoke_creator(self)
  File "/home/airflow/.local/lib/python3.8/site-packages/sqlalchemy/engine/create.py", line 574, in connect
    return dialect.connect(*cargs, **cparams)
  File "/home/airflow/.local/lib/python3.8/site-packages/sqlalchemy/engine/default.py", line 598, in connect
    return self.dbapi.connect(*cargs, **cparams)
  File "/home/airflow/.local/lib/python3.8/site-packages/psycopg2/__init__.py", line 122, in connect
    conn = _connect(dsn, connection_factory=connection_factory, **kwasync)
sqlalchemy.exc.OperationalError: (psycopg2.OperationalError) could not translate host name "postgres" to address: Temporary failure in name resolution

(Background on this error at: https://sqlalche.me/e/14/e3q8)
