[2023-09-16T10:02:59.989+0000] {processor.py:157} INFO - Started process (PID=20082) to work on /opt/airflow/dags/my_first_dag.py
[2023-09-16T10:03:00.010+0000] {processor.py:829} INFO - Processing file /opt/airflow/dags/my_first_dag.py for tasks to queue
[2023-09-16T10:03:00.037+0000] {logging_mixin.py:151} INFO - [2023-09-16T10:03:00.013+0000] {dagbag.py:539} INFO - Filling up the DagBag from /opt/airflow/dags/my_first_dag.py
[2023-09-16T10:03:00.185+0000] {processor.py:839} INFO - DAG(s) dict_keys(['ganza_dag_v5']) retrieved from /opt/airflow/dags/my_first_dag.py
[2023-09-16T10:03:00.383+0000] {logging_mixin.py:151} INFO - [2023-09-16T10:03:00.382+0000] {dag.py:2907} INFO - Sync 1 DAGs
[2023-09-16T10:03:00.978+0000] {logging_mixin.py:151} INFO - [2023-09-16T10:03:00.977+0000] {dag.py:3677} INFO - Setting next_dagrun for ganza_dag_v5 to 2023-09-16T00:00:00+00:00, run_after=2023-09-17T00:00:00+00:00
[2023-09-16T10:03:01.096+0000] {processor.py:179} INFO - Processing /opt/airflow/dags/my_first_dag.py took 1.148 seconds
[2023-09-16T10:03:33.865+0000] {processor.py:157} INFO - Started process (PID=20133) to work on /opt/airflow/dags/my_first_dag.py
[2023-09-16T10:03:33.872+0000] {processor.py:829} INFO - Processing file /opt/airflow/dags/my_first_dag.py for tasks to queue
[2023-09-16T10:03:33.883+0000] {logging_mixin.py:151} INFO - [2023-09-16T10:03:33.875+0000] {dagbag.py:539} INFO - Filling up the DagBag from /opt/airflow/dags/my_first_dag.py
[2023-09-16T10:03:33.993+0000] {processor.py:839} INFO - DAG(s) dict_keys(['ganza_dag_v5']) retrieved from /opt/airflow/dags/my_first_dag.py
[2023-09-16T10:03:34.253+0000] {logging_mixin.py:151} INFO - [2023-09-16T10:03:34.252+0000] {dag.py:2907} INFO - Sync 1 DAGs
[2023-09-16T10:03:34.760+0000] {logging_mixin.py:151} INFO - [2023-09-16T10:03:34.759+0000] {dag.py:3677} INFO - Setting next_dagrun for ganza_dag_v5 to 2023-09-16T00:00:00+00:00, run_after=2023-09-17T00:00:00+00:00
[2023-09-16T10:03:34.933+0000] {processor.py:179} INFO - Processing /opt/airflow/dags/my_first_dag.py took 1.094 seconds
[2023-09-16T10:04:05.799+0000] {processor.py:157} INFO - Started process (PID=20167) to work on /opt/airflow/dags/my_first_dag.py
[2023-09-16T10:04:05.801+0000] {processor.py:829} INFO - Processing file /opt/airflow/dags/my_first_dag.py for tasks to queue
[2023-09-16T10:04:05.804+0000] {logging_mixin.py:151} INFO - [2023-09-16T10:04:05.803+0000] {dagbag.py:539} INFO - Filling up the DagBag from /opt/airflow/dags/my_first_dag.py
[2023-09-16T10:04:05.851+0000] {processor.py:839} INFO - DAG(s) dict_keys(['ganza_dag_v5']) retrieved from /opt/airflow/dags/my_first_dag.py
[2023-09-16T10:04:05.945+0000] {logging_mixin.py:151} INFO - [2023-09-16T10:04:05.944+0000] {dag.py:2907} INFO - Sync 1 DAGs
[2023-09-16T10:04:06.075+0000] {logging_mixin.py:151} INFO - [2023-09-16T10:04:06.074+0000] {dag.py:3677} INFO - Setting next_dagrun for ganza_dag_v5 to 2023-09-16T00:00:00+00:00, run_after=2023-09-17T00:00:00+00:00
[2023-09-16T10:04:06.170+0000] {processor.py:179} INFO - Processing /opt/airflow/dags/my_first_dag.py took 0.384 seconds
[2023-09-16T10:04:36.813+0000] {processor.py:157} INFO - Started process (PID=20199) to work on /opt/airflow/dags/my_first_dag.py
[2023-09-16T10:04:36.824+0000] {processor.py:829} INFO - Processing file /opt/airflow/dags/my_first_dag.py for tasks to queue
[2023-09-16T10:04:36.828+0000] {logging_mixin.py:151} INFO - [2023-09-16T10:04:36.827+0000] {dagbag.py:539} INFO - Filling up the DagBag from /opt/airflow/dags/my_first_dag.py
[2023-09-16T10:04:36.894+0000] {processor.py:839} INFO - DAG(s) dict_keys(['ganza_dag_v5']) retrieved from /opt/airflow/dags/my_first_dag.py
[2023-09-16T10:04:37.022+0000] {logging_mixin.py:151} INFO - [2023-09-16T10:04:37.022+0000] {dag.py:2907} INFO - Sync 1 DAGs
[2023-09-16T10:04:37.152+0000] {logging_mixin.py:151} INFO - [2023-09-16T10:04:37.151+0000] {dag.py:3677} INFO - Setting next_dagrun for ganza_dag_v5 to 2023-09-16T00:00:00+00:00, run_after=2023-09-17T00:00:00+00:00
[2023-09-16T10:04:37.257+0000] {processor.py:179} INFO - Processing /opt/airflow/dags/my_first_dag.py took 0.461 seconds
[2023-09-16T10:05:07.838+0000] {processor.py:157} INFO - Started process (PID=20230) to work on /opt/airflow/dags/my_first_dag.py
[2023-09-16T10:05:07.851+0000] {processor.py:829} INFO - Processing file /opt/airflow/dags/my_first_dag.py for tasks to queue
[2023-09-16T10:05:07.854+0000] {logging_mixin.py:151} INFO - [2023-09-16T10:05:07.853+0000] {dagbag.py:539} INFO - Filling up the DagBag from /opt/airflow/dags/my_first_dag.py
[2023-09-16T10:05:07.964+0000] {processor.py:839} INFO - DAG(s) dict_keys(['ganza_dag_v5']) retrieved from /opt/airflow/dags/my_first_dag.py
[2023-09-16T10:05:08.156+0000] {logging_mixin.py:151} INFO - [2023-09-16T10:05:08.155+0000] {dag.py:2907} INFO - Sync 1 DAGs
[2023-09-16T10:05:08.320+0000] {logging_mixin.py:151} INFO - [2023-09-16T10:05:08.320+0000] {dag.py:3677} INFO - Setting next_dagrun for ganza_dag_v5 to 2023-09-16T00:00:00+00:00, run_after=2023-09-17T00:00:00+00:00
[2023-09-16T10:05:08.551+0000] {processor.py:179} INFO - Processing /opt/airflow/dags/my_first_dag.py took 0.747 seconds
[2023-09-16T10:05:39.138+0000] {processor.py:157} INFO - Started process (PID=20260) to work on /opt/airflow/dags/my_first_dag.py
[2023-09-16T10:05:39.187+0000] {processor.py:829} INFO - Processing file /opt/airflow/dags/my_first_dag.py for tasks to queue
[2023-09-16T10:05:39.190+0000] {logging_mixin.py:151} INFO - [2023-09-16T10:05:39.189+0000] {dagbag.py:539} INFO - Filling up the DagBag from /opt/airflow/dags/my_first_dag.py
[2023-09-16T10:05:39.309+0000] {processor.py:839} INFO - DAG(s) dict_keys(['ganza_dag_v5']) retrieved from /opt/airflow/dags/my_first_dag.py
[2023-09-16T10:05:39.576+0000] {logging_mixin.py:151} INFO - [2023-09-16T10:05:39.575+0000] {dag.py:2907} INFO - Sync 1 DAGs
[2023-09-16T10:05:39.828+0000] {logging_mixin.py:151} INFO - [2023-09-16T10:05:39.827+0000] {dag.py:3677} INFO - Setting next_dagrun for ganza_dag_v5 to 2023-09-16T00:00:00+00:00, run_after=2023-09-17T00:00:00+00:00
[2023-09-16T10:05:39.972+0000] {processor.py:179} INFO - Processing /opt/airflow/dags/my_first_dag.py took 0.870 seconds
[2023-09-16T10:06:10.789+0000] {processor.py:157} INFO - Started process (PID=20294) to work on /opt/airflow/dags/my_first_dag.py
[2023-09-16T10:06:10.835+0000] {processor.py:829} INFO - Processing file /opt/airflow/dags/my_first_dag.py for tasks to queue
[2023-09-16T10:06:10.838+0000] {logging_mixin.py:151} INFO - [2023-09-16T10:06:10.837+0000] {dagbag.py:539} INFO - Filling up the DagBag from /opt/airflow/dags/my_first_dag.py
[2023-09-16T10:06:10.898+0000] {processor.py:839} INFO - DAG(s) dict_keys(['ganza_dag_v5']) retrieved from /opt/airflow/dags/my_first_dag.py
[2023-09-16T10:06:10.997+0000] {logging_mixin.py:151} INFO - [2023-09-16T10:06:10.997+0000] {dag.py:2907} INFO - Sync 1 DAGs
[2023-09-16T10:06:11.136+0000] {logging_mixin.py:151} INFO - [2023-09-16T10:06:11.135+0000] {dag.py:3677} INFO - Setting next_dagrun for ganza_dag_v5 to 2023-09-16T00:00:00+00:00, run_after=2023-09-17T00:00:00+00:00
[2023-09-16T10:06:11.251+0000] {processor.py:179} INFO - Processing /opt/airflow/dags/my_first_dag.py took 0.478 seconds
[2023-09-16T10:06:41.614+0000] {processor.py:157} INFO - Started process (PID=20327) to work on /opt/airflow/dags/my_first_dag.py
[2023-09-16T10:06:41.618+0000] {processor.py:829} INFO - Processing file /opt/airflow/dags/my_first_dag.py for tasks to queue
[2023-09-16T10:06:41.621+0000] {logging_mixin.py:151} INFO - [2023-09-16T10:06:41.620+0000] {dagbag.py:539} INFO - Filling up the DagBag from /opt/airflow/dags/my_first_dag.py
[2023-09-16T10:06:41.676+0000] {processor.py:839} INFO - DAG(s) dict_keys(['ganza_dag_v5']) retrieved from /opt/airflow/dags/my_first_dag.py
[2023-09-16T10:06:41.829+0000] {logging_mixin.py:151} INFO - [2023-09-16T10:06:41.829+0000] {dag.py:2907} INFO - Sync 1 DAGs
[2023-09-16T10:06:41.964+0000] {logging_mixin.py:151} INFO - [2023-09-16T10:06:41.964+0000] {dag.py:3677} INFO - Setting next_dagrun for ganza_dag_v5 to 2023-09-16T00:00:00+00:00, run_after=2023-09-17T00:00:00+00:00
[2023-09-16T10:06:42.041+0000] {processor.py:179} INFO - Processing /opt/airflow/dags/my_first_dag.py took 0.445 seconds
[2023-09-16T10:07:12.514+0000] {processor.py:157} INFO - Started process (PID=20357) to work on /opt/airflow/dags/my_first_dag.py
[2023-09-16T10:07:12.517+0000] {processor.py:829} INFO - Processing file /opt/airflow/dags/my_first_dag.py for tasks to queue
[2023-09-16T10:07:12.521+0000] {logging_mixin.py:151} INFO - [2023-09-16T10:07:12.519+0000] {dagbag.py:539} INFO - Filling up the DagBag from /opt/airflow/dags/my_first_dag.py
[2023-09-16T10:07:12.573+0000] {processor.py:839} INFO - DAG(s) dict_keys(['ganza_dag_v5']) retrieved from /opt/airflow/dags/my_first_dag.py
[2023-09-16T10:07:12.700+0000] {logging_mixin.py:151} INFO - [2023-09-16T10:07:12.700+0000] {dag.py:2907} INFO - Sync 1 DAGs
[2023-09-16T10:07:12.784+0000] {logging_mixin.py:151} INFO - [2023-09-16T10:07:12.781+0000] {dag.py:3677} INFO - Setting next_dagrun for ganza_dag_v5 to 2023-09-16T00:00:00+00:00, run_after=2023-09-17T00:00:00+00:00
[2023-09-16T10:07:12.871+0000] {processor.py:179} INFO - Processing /opt/airflow/dags/my_first_dag.py took 0.369 seconds
[2023-09-16T10:07:44.594+0000] {processor.py:157} INFO - Started process (PID=20391) to work on /opt/airflow/dags/my_first_dag.py
[2023-09-16T10:07:44.606+0000] {processor.py:829} INFO - Processing file /opt/airflow/dags/my_first_dag.py for tasks to queue
[2023-09-16T10:07:44.610+0000] {logging_mixin.py:151} INFO - [2023-09-16T10:07:44.609+0000] {dagbag.py:539} INFO - Filling up the DagBag from /opt/airflow/dags/my_first_dag.py
[2023-09-16T10:07:44.703+0000] {processor.py:839} INFO - DAG(s) dict_keys(['ganza_dag_v5']) retrieved from /opt/airflow/dags/my_first_dag.py
[2023-09-16T10:07:44.877+0000] {logging_mixin.py:151} INFO - [2023-09-16T10:07:44.876+0000] {dag.py:2907} INFO - Sync 1 DAGs
[2023-09-16T10:07:45.003+0000] {logging_mixin.py:151} INFO - [2023-09-16T10:07:45.002+0000] {dag.py:3677} INFO - Setting next_dagrun for ganza_dag_v5 to 2023-09-16T00:00:00+00:00, run_after=2023-09-17T00:00:00+00:00
[2023-09-16T10:07:45.151+0000] {processor.py:179} INFO - Processing /opt/airflow/dags/my_first_dag.py took 0.597 seconds
[2023-09-16T10:08:16.057+0000] {processor.py:157} INFO - Started process (PID=20423) to work on /opt/airflow/dags/my_first_dag.py
[2023-09-16T10:08:16.060+0000] {processor.py:829} INFO - Processing file /opt/airflow/dags/my_first_dag.py for tasks to queue
[2023-09-16T10:08:16.064+0000] {logging_mixin.py:151} INFO - [2023-09-16T10:08:16.063+0000] {dagbag.py:539} INFO - Filling up the DagBag from /opt/airflow/dags/my_first_dag.py
[2023-09-16T10:08:16.126+0000] {processor.py:839} INFO - DAG(s) dict_keys(['ganza_dag_v5']) retrieved from /opt/airflow/dags/my_first_dag.py
[2023-09-16T10:08:16.261+0000] {logging_mixin.py:151} INFO - [2023-09-16T10:08:16.260+0000] {dag.py:2907} INFO - Sync 1 DAGs
[2023-09-16T10:08:16.429+0000] {logging_mixin.py:151} INFO - [2023-09-16T10:08:16.428+0000] {dag.py:3677} INFO - Setting next_dagrun for ganza_dag_v5 to 2023-09-16T00:00:00+00:00, run_after=2023-09-17T00:00:00+00:00
[2023-09-16T10:08:16.530+0000] {processor.py:179} INFO - Processing /opt/airflow/dags/my_first_dag.py took 0.493 seconds
[2023-09-16T10:08:46.745+0000] {processor.py:157} INFO - Started process (PID=20455) to work on /opt/airflow/dags/my_first_dag.py
[2023-09-16T10:08:46.749+0000] {processor.py:829} INFO - Processing file /opt/airflow/dags/my_first_dag.py for tasks to queue
[2023-09-16T10:08:46.751+0000] {logging_mixin.py:151} INFO - [2023-09-16T10:08:46.750+0000] {dagbag.py:539} INFO - Filling up the DagBag from /opt/airflow/dags/my_first_dag.py
[2023-09-16T10:08:46.790+0000] {processor.py:839} INFO - DAG(s) dict_keys(['ganza_dag_v5']) retrieved from /opt/airflow/dags/my_first_dag.py
[2023-09-16T10:08:46.914+0000] {logging_mixin.py:151} INFO - [2023-09-16T10:08:46.913+0000] {dag.py:2907} INFO - Sync 1 DAGs
[2023-09-16T10:08:47.043+0000] {logging_mixin.py:151} INFO - [2023-09-16T10:08:47.042+0000] {dag.py:3677} INFO - Setting next_dagrun for ganza_dag_v5 to 2023-09-16T00:00:00+00:00, run_after=2023-09-17T00:00:00+00:00
[2023-09-16T10:08:47.124+0000] {processor.py:179} INFO - Processing /opt/airflow/dags/my_first_dag.py took 0.390 seconds
[2023-09-16T10:09:17.395+0000] {processor.py:157} INFO - Started process (PID=20486) to work on /opt/airflow/dags/my_first_dag.py
[2023-09-16T10:09:17.397+0000] {processor.py:829} INFO - Processing file /opt/airflow/dags/my_first_dag.py for tasks to queue
[2023-09-16T10:09:17.401+0000] {logging_mixin.py:151} INFO - [2023-09-16T10:09:17.399+0000] {dagbag.py:539} INFO - Filling up the DagBag from /opt/airflow/dags/my_first_dag.py
[2023-09-16T10:09:17.443+0000] {processor.py:839} INFO - DAG(s) dict_keys(['ganza_dag_v5']) retrieved from /opt/airflow/dags/my_first_dag.py
[2023-09-16T10:09:17.572+0000] {logging_mixin.py:151} INFO - [2023-09-16T10:09:17.572+0000] {dag.py:2907} INFO - Sync 1 DAGs
[2023-09-16T10:09:17.685+0000] {logging_mixin.py:151} INFO - [2023-09-16T10:09:17.685+0000] {dag.py:3677} INFO - Setting next_dagrun for ganza_dag_v5 to 2023-09-16T00:00:00+00:00, run_after=2023-09-17T00:00:00+00:00
[2023-09-16T10:09:17.746+0000] {processor.py:179} INFO - Processing /opt/airflow/dags/my_first_dag.py took 0.364 seconds
[2023-09-16T10:09:47.904+0000] {processor.py:157} INFO - Started process (PID=20518) to work on /opt/airflow/dags/my_first_dag.py
[2023-09-16T10:09:47.908+0000] {processor.py:829} INFO - Processing file /opt/airflow/dags/my_first_dag.py for tasks to queue
[2023-09-16T10:09:47.912+0000] {logging_mixin.py:151} INFO - [2023-09-16T10:09:47.910+0000] {dagbag.py:539} INFO - Filling up the DagBag from /opt/airflow/dags/my_first_dag.py
[2023-09-16T10:09:47.989+0000] {processor.py:839} INFO - DAG(s) dict_keys(['ganza_dag_v5']) retrieved from /opt/airflow/dags/my_first_dag.py
[2023-09-16T10:09:48.146+0000] {logging_mixin.py:151} INFO - [2023-09-16T10:09:48.145+0000] {dag.py:2907} INFO - Sync 1 DAGs
[2023-09-16T10:09:48.277+0000] {logging_mixin.py:151} INFO - [2023-09-16T10:09:48.276+0000] {dag.py:3677} INFO - Setting next_dagrun for ganza_dag_v5 to 2023-09-16T00:00:00+00:00, run_after=2023-09-17T00:00:00+00:00
[2023-09-16T10:09:48.374+0000] {processor.py:179} INFO - Processing /opt/airflow/dags/my_first_dag.py took 0.492 seconds
[2023-09-16T10:10:19.032+0000] {processor.py:157} INFO - Started process (PID=20549) to work on /opt/airflow/dags/my_first_dag.py
[2023-09-16T10:10:19.035+0000] {processor.py:829} INFO - Processing file /opt/airflow/dags/my_first_dag.py for tasks to queue
[2023-09-16T10:10:19.039+0000] {logging_mixin.py:151} INFO - [2023-09-16T10:10:19.037+0000] {dagbag.py:539} INFO - Filling up the DagBag from /opt/airflow/dags/my_first_dag.py
[2023-09-16T10:10:19.148+0000] {processor.py:839} INFO - DAG(s) dict_keys(['ganza_dag_v5']) retrieved from /opt/airflow/dags/my_first_dag.py
[2023-09-16T10:10:19.318+0000] {logging_mixin.py:151} INFO - [2023-09-16T10:10:19.317+0000] {dag.py:2907} INFO - Sync 1 DAGs
[2023-09-16T10:10:19.453+0000] {logging_mixin.py:151} INFO - [2023-09-16T10:10:19.452+0000] {dag.py:3677} INFO - Setting next_dagrun for ganza_dag_v5 to 2023-09-16T00:00:00+00:00, run_after=2023-09-17T00:00:00+00:00
[2023-09-16T10:10:19.552+0000] {processor.py:179} INFO - Processing /opt/airflow/dags/my_first_dag.py took 0.536 seconds
[2023-09-16T10:10:49.719+0000] {processor.py:157} INFO - Started process (PID=20581) to work on /opt/airflow/dags/my_first_dag.py
[2023-09-16T10:10:49.722+0000] {processor.py:829} INFO - Processing file /opt/airflow/dags/my_first_dag.py for tasks to queue
[2023-09-16T10:10:49.724+0000] {logging_mixin.py:151} INFO - [2023-09-16T10:10:49.723+0000] {dagbag.py:539} INFO - Filling up the DagBag from /opt/airflow/dags/my_first_dag.py
[2023-09-16T10:10:49.757+0000] {processor.py:839} INFO - DAG(s) dict_keys(['ganza_dag_v5']) retrieved from /opt/airflow/dags/my_first_dag.py
[2023-09-16T10:10:49.870+0000] {logging_mixin.py:151} INFO - [2023-09-16T10:10:49.869+0000] {dag.py:2907} INFO - Sync 1 DAGs
[2023-09-16T10:10:49.963+0000] {logging_mixin.py:151} INFO - [2023-09-16T10:10:49.962+0000] {dag.py:3677} INFO - Setting next_dagrun for ganza_dag_v5 to 2023-09-16T00:00:00+00:00, run_after=2023-09-17T00:00:00+00:00
[2023-09-16T10:10:50.032+0000] {processor.py:179} INFO - Processing /opt/airflow/dags/my_first_dag.py took 0.324 seconds
[2023-09-16T10:11:20.407+0000] {processor.py:157} INFO - Started process (PID=20611) to work on /opt/airflow/dags/my_first_dag.py
[2023-09-16T10:11:20.409+0000] {processor.py:829} INFO - Processing file /opt/airflow/dags/my_first_dag.py for tasks to queue
[2023-09-16T10:11:20.412+0000] {logging_mixin.py:151} INFO - [2023-09-16T10:11:20.411+0000] {dagbag.py:539} INFO - Filling up the DagBag from /opt/airflow/dags/my_first_dag.py
[2023-09-16T10:11:20.526+0000] {processor.py:839} INFO - DAG(s) dict_keys(['ganza_dag_v5']) retrieved from /opt/airflow/dags/my_first_dag.py
[2023-09-16T10:11:20.709+0000] {logging_mixin.py:151} INFO - [2023-09-16T10:11:20.708+0000] {dag.py:2907} INFO - Sync 1 DAGs
[2023-09-16T10:11:20.803+0000] {logging_mixin.py:151} INFO - [2023-09-16T10:11:20.803+0000] {dag.py:3677} INFO - Setting next_dagrun for ganza_dag_v5 to 2023-09-16T00:00:00+00:00, run_after=2023-09-17T00:00:00+00:00
[2023-09-16T10:11:20.848+0000] {processor.py:179} INFO - Processing /opt/airflow/dags/my_first_dag.py took 0.457 seconds
[2023-09-16T10:11:51.258+0000] {processor.py:157} INFO - Started process (PID=20645) to work on /opt/airflow/dags/my_first_dag.py
[2023-09-16T10:11:51.263+0000] {processor.py:829} INFO - Processing file /opt/airflow/dags/my_first_dag.py for tasks to queue
[2023-09-16T10:11:51.268+0000] {logging_mixin.py:151} INFO - [2023-09-16T10:11:51.266+0000] {dagbag.py:539} INFO - Filling up the DagBag from /opt/airflow/dags/my_first_dag.py
[2023-09-16T10:11:51.335+0000] {processor.py:839} INFO - DAG(s) dict_keys(['ganza_dag_v5']) retrieved from /opt/airflow/dags/my_first_dag.py
[2023-09-16T10:11:51.456+0000] {logging_mixin.py:151} INFO - [2023-09-16T10:11:51.455+0000] {dag.py:2907} INFO - Sync 1 DAGs
[2023-09-16T10:11:51.572+0000] {logging_mixin.py:151} INFO - [2023-09-16T10:11:51.571+0000] {dag.py:3677} INFO - Setting next_dagrun for ganza_dag_v5 to 2023-09-16T00:00:00+00:00, run_after=2023-09-17T00:00:00+00:00
[2023-09-16T10:11:51.636+0000] {processor.py:179} INFO - Processing /opt/airflow/dags/my_first_dag.py took 0.395 seconds
[2023-09-16T10:12:22.207+0000] {processor.py:157} INFO - Started process (PID=20677) to work on /opt/airflow/dags/my_first_dag.py
[2023-09-16T10:12:22.210+0000] {processor.py:829} INFO - Processing file /opt/airflow/dags/my_first_dag.py for tasks to queue
[2023-09-16T10:12:22.213+0000] {logging_mixin.py:151} INFO - [2023-09-16T10:12:22.212+0000] {dagbag.py:539} INFO - Filling up the DagBag from /opt/airflow/dags/my_first_dag.py
[2023-09-16T10:12:22.273+0000] {processor.py:839} INFO - DAG(s) dict_keys(['ganza_dag_v5']) retrieved from /opt/airflow/dags/my_first_dag.py
[2023-09-16T10:12:22.434+0000] {logging_mixin.py:151} INFO - [2023-09-16T10:12:22.433+0000] {dag.py:2907} INFO - Sync 1 DAGs
[2023-09-16T10:12:22.547+0000] {logging_mixin.py:151} INFO - [2023-09-16T10:12:22.546+0000] {dag.py:3677} INFO - Setting next_dagrun for ganza_dag_v5 to 2023-09-16T00:00:00+00:00, run_after=2023-09-17T00:00:00+00:00
[2023-09-16T10:12:22.640+0000] {processor.py:179} INFO - Processing /opt/airflow/dags/my_first_dag.py took 0.445 seconds
[2023-09-16T10:12:53.087+0000] {processor.py:157} INFO - Started process (PID=20709) to work on /opt/airflow/dags/my_first_dag.py
[2023-09-16T10:12:53.100+0000] {processor.py:829} INFO - Processing file /opt/airflow/dags/my_first_dag.py for tasks to queue
[2023-09-16T10:12:53.105+0000] {logging_mixin.py:151} INFO - [2023-09-16T10:12:53.102+0000] {dagbag.py:539} INFO - Filling up the DagBag from /opt/airflow/dags/my_first_dag.py
[2023-09-16T10:12:53.178+0000] {processor.py:839} INFO - DAG(s) dict_keys(['ganza_dag_v5']) retrieved from /opt/airflow/dags/my_first_dag.py
[2023-09-16T10:12:53.304+0000] {logging_mixin.py:151} INFO - [2023-09-16T10:12:53.303+0000] {dag.py:2907} INFO - Sync 1 DAGs
[2023-09-16T10:12:53.427+0000] {logging_mixin.py:151} INFO - [2023-09-16T10:12:53.426+0000] {dag.py:3677} INFO - Setting next_dagrun for ganza_dag_v5 to 2023-09-16T00:00:00+00:00, run_after=2023-09-17T00:00:00+00:00
[2023-09-16T10:12:53.515+0000] {processor.py:179} INFO - Processing /opt/airflow/dags/my_first_dag.py took 0.462 seconds
[2023-09-16T10:13:24.403+0000] {processor.py:157} INFO - Started process (PID=20739) to work on /opt/airflow/dags/my_first_dag.py
[2023-09-16T10:13:24.405+0000] {processor.py:829} INFO - Processing file /opt/airflow/dags/my_first_dag.py for tasks to queue
[2023-09-16T10:13:24.407+0000] {logging_mixin.py:151} INFO - [2023-09-16T10:13:24.406+0000] {dagbag.py:539} INFO - Filling up the DagBag from /opt/airflow/dags/my_first_dag.py
[2023-09-16T10:13:24.437+0000] {processor.py:839} INFO - DAG(s) dict_keys(['ganza_dag_v5']) retrieved from /opt/airflow/dags/my_first_dag.py
[2023-09-16T10:13:25.631+0000] {processor.py:182} ERROR - Got an exception! Propagating...
Traceback (most recent call last):
  File "/home/airflow/.local/lib/python3.8/site-packages/sqlalchemy/engine/base.py", line 3371, in _wrap_pool_connect
    return fn()
  File "/home/airflow/.local/lib/python3.8/site-packages/sqlalchemy/pool/base.py", line 327, in connect
    return _ConnectionFairy._checkout(self)
  File "/home/airflow/.local/lib/python3.8/site-packages/sqlalchemy/pool/base.py", line 894, in _checkout
    fairy = _ConnectionRecord.checkout(pool)
  File "/home/airflow/.local/lib/python3.8/site-packages/sqlalchemy/pool/base.py", line 493, in checkout
    rec = pool._do_get()
  File "/home/airflow/.local/lib/python3.8/site-packages/sqlalchemy/pool/impl.py", line 146, in _do_get
    self._dec_overflow()
  File "/home/airflow/.local/lib/python3.8/site-packages/sqlalchemy/util/langhelpers.py", line 70, in __exit__
    compat.raise_(
  File "/home/airflow/.local/lib/python3.8/site-packages/sqlalchemy/util/compat.py", line 211, in raise_
    raise exception
  File "/home/airflow/.local/lib/python3.8/site-packages/sqlalchemy/pool/impl.py", line 143, in _do_get
    return self._create_connection()
  File "/home/airflow/.local/lib/python3.8/site-packages/sqlalchemy/pool/base.py", line 273, in _create_connection
    return _ConnectionRecord(self)
  File "/home/airflow/.local/lib/python3.8/site-packages/sqlalchemy/pool/base.py", line 388, in __init__
    self.__connect()
  File "/home/airflow/.local/lib/python3.8/site-packages/sqlalchemy/pool/base.py", line 691, in __connect
    pool.logger.debug("Error on connect(): %s", e)
  File "/home/airflow/.local/lib/python3.8/site-packages/sqlalchemy/util/langhelpers.py", line 70, in __exit__
    compat.raise_(
  File "/home/airflow/.local/lib/python3.8/site-packages/sqlalchemy/util/compat.py", line 211, in raise_
    raise exception
  File "/home/airflow/.local/lib/python3.8/site-packages/sqlalchemy/pool/base.py", line 686, in __connect
    self.dbapi_connection = connection = pool._invoke_creator(self)
  File "/home/airflow/.local/lib/python3.8/site-packages/sqlalchemy/engine/create.py", line 574, in connect
    return dialect.connect(*cargs, **cparams)
  File "/home/airflow/.local/lib/python3.8/site-packages/sqlalchemy/engine/default.py", line 598, in connect
    return self.dbapi.connect(*cargs, **cparams)
  File "/home/airflow/.local/lib/python3.8/site-packages/psycopg2/__init__.py", line 122, in connect
    conn = _connect(dsn, connection_factory=connection_factory, **kwasync)
psycopg2.OperationalError: could not translate host name "postgres" to address: Temporary failure in name resolution


The above exception was the direct cause of the following exception:

Traceback (most recent call last):
  File "/home/airflow/.local/lib/python3.8/site-packages/airflow/dag_processing/processor.py", line 178, in _run_file_processor
    _handle_dag_file_processing()
  File "/home/airflow/.local/lib/python3.8/site-packages/airflow/dag_processing/processor.py", line 159, in _handle_dag_file_processing
    result: tuple[int, int] = dag_file_processor.process_file(
  File "/home/airflow/.local/lib/python3.8/site-packages/airflow/utils/session.py", line 77, in wrapper
    return func(*args, session=session, **kwargs)
  File "/home/airflow/.local/lib/python3.8/site-packages/airflow/dag_processing/processor.py", line 857, in process_file
    serialize_errors = DagFileProcessor.save_dag_to_db(
  File "/home/airflow/.local/lib/python3.8/site-packages/airflow/api_internal/internal_api_call.py", line 112, in wrapper
    return func(*args, **kwargs)
  File "/home/airflow/.local/lib/python3.8/site-packages/airflow/utils/session.py", line 77, in wrapper
    return func(*args, session=session, **kwargs)
  File "/home/airflow/.local/lib/python3.8/site-packages/airflow/dag_processing/processor.py", line 893, in save_dag_to_db
    import_errors = DagBag._sync_to_db(dags=dags, processor_subdir=dag_directory, session=session)
  File "/home/airflow/.local/lib/python3.8/site-packages/airflow/utils/session.py", line 74, in wrapper
    return func(*args, **kwargs)
  File "/home/airflow/.local/lib/python3.8/site-packages/airflow/models/dagbag.py", line 657, in _sync_to_db
    for attempt in run_with_db_retries(logger=log):
  File "/home/airflow/.local/lib/python3.8/site-packages/tenacity/__init__.py", line 347, in __iter__
    do = self.iter(retry_state=retry_state)
  File "/home/airflow/.local/lib/python3.8/site-packages/tenacity/__init__.py", line 325, in iter
    raise retry_exc.reraise()
  File "/home/airflow/.local/lib/python3.8/site-packages/tenacity/__init__.py", line 158, in reraise
    raise self.last_attempt.result()
  File "/usr/local/lib/python3.8/concurrent/futures/_base.py", line 437, in result
    return self.__get_result()
  File "/usr/local/lib/python3.8/concurrent/futures/_base.py", line 389, in __get_result
    raise self._exception
  File "/home/airflow/.local/lib/python3.8/site-packages/airflow/models/dagbag.py", line 669, in _sync_to_db
    serialize_errors.extend(_serialize_dag_capturing_errors(dag, session))
  File "/home/airflow/.local/lib/python3.8/site-packages/airflow/models/dagbag.py", line 636, in _serialize_dag_capturing_errors
    dag_was_updated = SerializedDagModel.write_dag(
  File "/home/airflow/.local/lib/python3.8/site-packages/airflow/utils/session.py", line 74, in wrapper
    return func(*args, **kwargs)
  File "/home/airflow/.local/lib/python3.8/site-packages/airflow/models/serialized_dag.py", line 147, in write_dag
    if session.scalar(
  File "/home/airflow/.local/lib/python3.8/site-packages/sqlalchemy/orm/session.py", line 1747, in scalar
    return self.execute(
  File "/home/airflow/.local/lib/python3.8/site-packages/sqlalchemy/orm/session.py", line 1716, in execute
    conn = self._connection_for_bind(bind)
  File "/home/airflow/.local/lib/python3.8/site-packages/sqlalchemy/orm/session.py", line 1555, in _connection_for_bind
    return self._transaction._connection_for_bind(
  File "/home/airflow/.local/lib/python3.8/site-packages/sqlalchemy/orm/session.py", line 750, in _connection_for_bind
    conn = bind.connect()
  File "/home/airflow/.local/lib/python3.8/site-packages/sqlalchemy/future/engine.py", line 406, in connect
    return super(Engine, self).connect()
  File "/home/airflow/.local/lib/python3.8/site-packages/sqlalchemy/engine/base.py", line 3325, in connect
    return self._connection_cls(self, close_with_result=close_with_result)
  File "/home/airflow/.local/lib/python3.8/site-packages/sqlalchemy/engine/base.py", line 96, in __init__
    else engine.raw_connection()
  File "/home/airflow/.local/lib/python3.8/site-packages/sqlalchemy/engine/base.py", line 3404, in raw_connection
    return self._wrap_pool_connect(self.pool.connect, _connection)
  File "/home/airflow/.local/lib/python3.8/site-packages/sqlalchemy/engine/base.py", line 3374, in _wrap_pool_connect
    Connection._handle_dbapi_exception_noconnection(
  File "/home/airflow/.local/lib/python3.8/site-packages/sqlalchemy/engine/base.py", line 2208, in _handle_dbapi_exception_noconnection
    util.raise_(
  File "/home/airflow/.local/lib/python3.8/site-packages/sqlalchemy/util/compat.py", line 211, in raise_
    raise exception
  File "/home/airflow/.local/lib/python3.8/site-packages/sqlalchemy/engine/base.py", line 3371, in _wrap_pool_connect
    return fn()
  File "/home/airflow/.local/lib/python3.8/site-packages/sqlalchemy/pool/base.py", line 327, in connect
    return _ConnectionFairy._checkout(self)
  File "/home/airflow/.local/lib/python3.8/site-packages/sqlalchemy/pool/base.py", line 894, in _checkout
    fairy = _ConnectionRecord.checkout(pool)
  File "/home/airflow/.local/lib/python3.8/site-packages/sqlalchemy/pool/base.py", line 493, in checkout
    rec = pool._do_get()
  File "/home/airflow/.local/lib/python3.8/site-packages/sqlalchemy/pool/impl.py", line 146, in _do_get
    self._dec_overflow()
  File "/home/airflow/.local/lib/python3.8/site-packages/sqlalchemy/util/langhelpers.py", line 70, in __exit__
    compat.raise_(
  File "/home/airflow/.local/lib/python3.8/site-packages/sqlalchemy/util/compat.py", line 211, in raise_
    raise exception
  File "/home/airflow/.local/lib/python3.8/site-packages/sqlalchemy/pool/impl.py", line 143, in _do_get
    return self._create_connection()
  File "/home/airflow/.local/lib/python3.8/site-packages/sqlalchemy/pool/base.py", line 273, in _create_connection
    return _ConnectionRecord(self)
  File "/home/airflow/.local/lib/python3.8/site-packages/sqlalchemy/pool/base.py", line 388, in __init__
    self.__connect()
  File "/home/airflow/.local/lib/python3.8/site-packages/sqlalchemy/pool/base.py", line 691, in __connect
    pool.logger.debug("Error on connect(): %s", e)
  File "/home/airflow/.local/lib/python3.8/site-packages/sqlalchemy/util/langhelpers.py", line 70, in __exit__
    compat.raise_(
  File "/home/airflow/.local/lib/python3.8/site-packages/sqlalchemy/util/compat.py", line 211, in raise_
    raise exception
  File "/home/airflow/.local/lib/python3.8/site-packages/sqlalchemy/pool/base.py", line 686, in __connect
    self.dbapi_connection = connection = pool._invoke_creator(self)
  File "/home/airflow/.local/lib/python3.8/site-packages/sqlalchemy/engine/create.py", line 574, in connect
    return dialect.connect(*cargs, **cparams)
  File "/home/airflow/.local/lib/python3.8/site-packages/sqlalchemy/engine/default.py", line 598, in connect
    return self.dbapi.connect(*cargs, **cparams)
  File "/home/airflow/.local/lib/python3.8/site-packages/psycopg2/__init__.py", line 122, in connect
    conn = _connect(dsn, connection_factory=connection_factory, **kwasync)
sqlalchemy.exc.OperationalError: (psycopg2.OperationalError) could not translate host name "postgres" to address: Temporary failure in name resolution

(Background on this error at: https://sqlalche.me/e/14/e3q8)
