[2023-09-16T10:02:59.485+0000] {processor.py:157} INFO - Started process (PID=20070) to work on /opt/airflow/dags/my_second_dag.py
[2023-09-16T10:02:59.489+0000] {processor.py:829} INFO - Processing file /opt/airflow/dags/my_second_dag.py for tasks to queue
[2023-09-16T10:02:59.492+0000] {logging_mixin.py:151} INFO - [2023-09-16T10:02:59.491+0000] {dagbag.py:539} INFO - Filling up the DagBag from /opt/airflow/dags/my_second_dag.py
[2023-09-16T10:02:59.568+0000] {processor.py:839} INFO - DAG(s) dict_keys(['ganza_dag_v13']) retrieved from /opt/airflow/dags/my_second_dag.py
[2023-09-16T10:02:59.841+0000] {logging_mixin.py:151} INFO - [2023-09-16T10:02:59.840+0000] {dag.py:2907} INFO - Sync 1 DAGs
[2023-09-16T10:03:00.168+0000] {logging_mixin.py:151} INFO - [2023-09-16T10:03:00.162+0000] {dag.py:3677} INFO - Setting next_dagrun for ganza_dag_v13 to 2023-09-16T00:00:00+00:00, run_after=2023-09-17T00:00:00+00:00
[2023-09-16T10:03:00.578+0000] {processor.py:179} INFO - Processing /opt/airflow/dags/my_second_dag.py took 1.201 seconds
[2023-09-16T10:03:32.624+0000] {processor.py:157} INFO - Started process (PID=20124) to work on /opt/airflow/dags/my_second_dag.py
[2023-09-16T10:03:32.636+0000] {processor.py:829} INFO - Processing file /opt/airflow/dags/my_second_dag.py for tasks to queue
[2023-09-16T10:03:32.640+0000] {logging_mixin.py:151} INFO - [2023-09-16T10:03:32.638+0000] {dagbag.py:539} INFO - Filling up the DagBag from /opt/airflow/dags/my_second_dag.py
[2023-09-16T10:03:32.733+0000] {processor.py:839} INFO - DAG(s) dict_keys(['ganza_dag_v13']) retrieved from /opt/airflow/dags/my_second_dag.py
[2023-09-16T10:03:32.912+0000] {logging_mixin.py:151} INFO - [2023-09-16T10:03:32.911+0000] {dag.py:2907} INFO - Sync 1 DAGs
[2023-09-16T10:03:33.299+0000] {logging_mixin.py:151} INFO - [2023-09-16T10:03:33.298+0000] {dag.py:3677} INFO - Setting next_dagrun for ganza_dag_v13 to 2023-09-16T00:00:00+00:00, run_after=2023-09-17T00:00:00+00:00
[2023-09-16T10:03:33.661+0000] {processor.py:179} INFO - Processing /opt/airflow/dags/my_second_dag.py took 1.113 seconds
[2023-09-16T10:04:04.030+0000] {processor.py:157} INFO - Started process (PID=20160) to work on /opt/airflow/dags/my_second_dag.py
[2023-09-16T10:04:04.037+0000] {processor.py:829} INFO - Processing file /opt/airflow/dags/my_second_dag.py for tasks to queue
[2023-09-16T10:04:04.042+0000] {logging_mixin.py:151} INFO - [2023-09-16T10:04:04.039+0000] {dagbag.py:539} INFO - Filling up the DagBag from /opt/airflow/dags/my_second_dag.py
[2023-09-16T10:04:04.159+0000] {processor.py:839} INFO - DAG(s) dict_keys(['ganza_dag_v13']) retrieved from /opt/airflow/dags/my_second_dag.py
[2023-09-16T10:04:04.351+0000] {logging_mixin.py:151} INFO - [2023-09-16T10:04:04.350+0000] {dag.py:2907} INFO - Sync 1 DAGs
[2023-09-16T10:04:04.538+0000] {logging_mixin.py:151} INFO - [2023-09-16T10:04:04.534+0000] {dag.py:3677} INFO - Setting next_dagrun for ganza_dag_v13 to 2023-09-16T00:00:00+00:00, run_after=2023-09-17T00:00:00+00:00
[2023-09-16T10:04:04.774+0000] {processor.py:179} INFO - Processing /opt/airflow/dags/my_second_dag.py took 0.766 seconds
[2023-09-16T10:04:35.074+0000] {processor.py:157} INFO - Started process (PID=20191) to work on /opt/airflow/dags/my_second_dag.py
[2023-09-16T10:04:35.083+0000] {processor.py:829} INFO - Processing file /opt/airflow/dags/my_second_dag.py for tasks to queue
[2023-09-16T10:04:35.087+0000] {logging_mixin.py:151} INFO - [2023-09-16T10:04:35.086+0000] {dagbag.py:539} INFO - Filling up the DagBag from /opt/airflow/dags/my_second_dag.py
[2023-09-16T10:04:35.187+0000] {processor.py:839} INFO - DAG(s) dict_keys(['ganza_dag_v13']) retrieved from /opt/airflow/dags/my_second_dag.py
[2023-09-16T10:04:35.469+0000] {logging_mixin.py:151} INFO - [2023-09-16T10:04:35.468+0000] {dag.py:2907} INFO - Sync 1 DAGs
[2023-09-16T10:04:35.713+0000] {logging_mixin.py:151} INFO - [2023-09-16T10:04:35.711+0000] {dag.py:3677} INFO - Setting next_dagrun for ganza_dag_v13 to 2023-09-16T00:00:00+00:00, run_after=2023-09-17T00:00:00+00:00
[2023-09-16T10:04:35.820+0000] {processor.py:179} INFO - Processing /opt/airflow/dags/my_second_dag.py took 0.785 seconds
[2023-09-16T10:05:06.504+0000] {processor.py:157} INFO - Started process (PID=20223) to work on /opt/airflow/dags/my_second_dag.py
[2023-09-16T10:05:06.509+0000] {processor.py:829} INFO - Processing file /opt/airflow/dags/my_second_dag.py for tasks to queue
[2023-09-16T10:05:06.518+0000] {logging_mixin.py:151} INFO - [2023-09-16T10:05:06.517+0000] {dagbag.py:539} INFO - Filling up the DagBag from /opt/airflow/dags/my_second_dag.py
[2023-09-16T10:05:06.762+0000] {processor.py:839} INFO - DAG(s) dict_keys(['ganza_dag_v13']) retrieved from /opt/airflow/dags/my_second_dag.py
[2023-09-16T10:05:07.242+0000] {logging_mixin.py:151} INFO - [2023-09-16T10:05:07.241+0000] {dag.py:2907} INFO - Sync 1 DAGs
[2023-09-16T10:05:07.447+0000] {logging_mixin.py:151} INFO - [2023-09-16T10:05:07.446+0000] {dag.py:3677} INFO - Setting next_dagrun for ganza_dag_v13 to 2023-09-16T00:00:00+00:00, run_after=2023-09-17T00:00:00+00:00
[2023-09-16T10:05:07.650+0000] {processor.py:179} INFO - Processing /opt/airflow/dags/my_second_dag.py took 1.219 seconds
[2023-09-16T10:05:38.134+0000] {processor.py:157} INFO - Started process (PID=20255) to work on /opt/airflow/dags/my_second_dag.py
[2023-09-16T10:05:38.137+0000] {processor.py:829} INFO - Processing file /opt/airflow/dags/my_second_dag.py for tasks to queue
[2023-09-16T10:05:38.143+0000] {logging_mixin.py:151} INFO - [2023-09-16T10:05:38.142+0000] {dagbag.py:539} INFO - Filling up the DagBag from /opt/airflow/dags/my_second_dag.py
[2023-09-16T10:05:38.207+0000] {processor.py:839} INFO - DAG(s) dict_keys(['ganza_dag_v13']) retrieved from /opt/airflow/dags/my_second_dag.py
[2023-09-16T10:05:38.361+0000] {logging_mixin.py:151} INFO - [2023-09-16T10:05:38.360+0000] {dag.py:2907} INFO - Sync 1 DAGs
[2023-09-16T10:05:38.513+0000] {logging_mixin.py:151} INFO - [2023-09-16T10:05:38.513+0000] {dag.py:3677} INFO - Setting next_dagrun for ganza_dag_v13 to 2023-09-16T00:00:00+00:00, run_after=2023-09-17T00:00:00+00:00
[2023-09-16T10:05:38.839+0000] {processor.py:179} INFO - Processing /opt/airflow/dags/my_second_dag.py took 0.757 seconds
[2023-09-16T10:06:09.230+0000] {processor.py:157} INFO - Started process (PID=20284) to work on /opt/airflow/dags/my_second_dag.py
[2023-09-16T10:06:09.235+0000] {processor.py:829} INFO - Processing file /opt/airflow/dags/my_second_dag.py for tasks to queue
[2023-09-16T10:06:09.239+0000] {logging_mixin.py:151} INFO - [2023-09-16T10:06:09.237+0000] {dagbag.py:539} INFO - Filling up the DagBag from /opt/airflow/dags/my_second_dag.py
[2023-09-16T10:06:09.294+0000] {processor.py:839} INFO - DAG(s) dict_keys(['ganza_dag_v13']) retrieved from /opt/airflow/dags/my_second_dag.py
[2023-09-16T10:06:09.453+0000] {logging_mixin.py:151} INFO - [2023-09-16T10:06:09.452+0000] {dag.py:2907} INFO - Sync 1 DAGs
[2023-09-16T10:06:09.662+0000] {logging_mixin.py:151} INFO - [2023-09-16T10:06:09.661+0000] {dag.py:3677} INFO - Setting next_dagrun for ganza_dag_v13 to 2023-09-16T00:00:00+00:00, run_after=2023-09-17T00:00:00+00:00
[2023-09-16T10:06:09.827+0000] {processor.py:179} INFO - Processing /opt/airflow/dags/my_second_dag.py took 0.615 seconds
[2023-09-16T10:06:40.088+0000] {processor.py:157} INFO - Started process (PID=20317) to work on /opt/airflow/dags/my_second_dag.py
[2023-09-16T10:06:40.092+0000] {processor.py:829} INFO - Processing file /opt/airflow/dags/my_second_dag.py for tasks to queue
[2023-09-16T10:06:40.096+0000] {logging_mixin.py:151} INFO - [2023-09-16T10:06:40.094+0000] {dagbag.py:539} INFO - Filling up the DagBag from /opt/airflow/dags/my_second_dag.py
[2023-09-16T10:06:40.161+0000] {processor.py:839} INFO - DAG(s) dict_keys(['ganza_dag_v13']) retrieved from /opt/airflow/dags/my_second_dag.py
[2023-09-16T10:06:40.296+0000] {logging_mixin.py:151} INFO - [2023-09-16T10:06:40.296+0000] {dag.py:2907} INFO - Sync 1 DAGs
[2023-09-16T10:06:40.413+0000] {logging_mixin.py:151} INFO - [2023-09-16T10:06:40.412+0000] {dag.py:3677} INFO - Setting next_dagrun for ganza_dag_v13 to 2023-09-16T00:00:00+00:00, run_after=2023-09-17T00:00:00+00:00
[2023-09-16T10:06:40.489+0000] {processor.py:179} INFO - Processing /opt/airflow/dags/my_second_dag.py took 0.415 seconds
[2023-09-16T10:07:10.745+0000] {processor.py:157} INFO - Started process (PID=20349) to work on /opt/airflow/dags/my_second_dag.py
[2023-09-16T10:07:10.753+0000] {processor.py:829} INFO - Processing file /opt/airflow/dags/my_second_dag.py for tasks to queue
[2023-09-16T10:07:10.760+0000] {logging_mixin.py:151} INFO - [2023-09-16T10:07:10.758+0000] {dagbag.py:539} INFO - Filling up the DagBag from /opt/airflow/dags/my_second_dag.py
[2023-09-16T10:07:10.834+0000] {processor.py:839} INFO - DAG(s) dict_keys(['ganza_dag_v13']) retrieved from /opt/airflow/dags/my_second_dag.py
[2023-09-16T10:07:10.963+0000] {logging_mixin.py:151} INFO - [2023-09-16T10:07:10.962+0000] {dag.py:2907} INFO - Sync 1 DAGs
[2023-09-16T10:07:11.070+0000] {logging_mixin.py:151} INFO - [2023-09-16T10:07:11.069+0000] {dag.py:3677} INFO - Setting next_dagrun for ganza_dag_v13 to 2023-09-16T00:00:00+00:00, run_after=2023-09-17T00:00:00+00:00
[2023-09-16T10:07:11.201+0000] {processor.py:179} INFO - Processing /opt/airflow/dags/my_second_dag.py took 0.482 seconds
[2023-09-16T10:07:41.462+0000] {processor.py:157} INFO - Started process (PID=20381) to work on /opt/airflow/dags/my_second_dag.py
[2023-09-16T10:07:41.466+0000] {processor.py:829} INFO - Processing file /opt/airflow/dags/my_second_dag.py for tasks to queue
[2023-09-16T10:07:41.469+0000] {logging_mixin.py:151} INFO - [2023-09-16T10:07:41.468+0000] {dagbag.py:539} INFO - Filling up the DagBag from /opt/airflow/dags/my_second_dag.py
[2023-09-16T10:07:41.519+0000] {processor.py:839} INFO - DAG(s) dict_keys(['ganza_dag_v13']) retrieved from /opt/airflow/dags/my_second_dag.py
[2023-09-16T10:07:41.650+0000] {logging_mixin.py:151} INFO - [2023-09-16T10:07:41.649+0000] {dag.py:2907} INFO - Sync 1 DAGs
[2023-09-16T10:07:41.756+0000] {logging_mixin.py:151} INFO - [2023-09-16T10:07:41.755+0000] {dag.py:3677} INFO - Setting next_dagrun for ganza_dag_v13 to 2023-09-16T00:00:00+00:00, run_after=2023-09-17T00:00:00+00:00
[2023-09-16T10:07:41.832+0000] {processor.py:179} INFO - Processing /opt/airflow/dags/my_second_dag.py took 0.385 seconds
[2023-09-16T10:08:11.953+0000] {processor.py:157} INFO - Started process (PID=20413) to work on /opt/airflow/dags/my_second_dag.py
[2023-09-16T10:08:11.976+0000] {processor.py:829} INFO - Processing file /opt/airflow/dags/my_second_dag.py for tasks to queue
[2023-09-16T10:08:11.979+0000] {logging_mixin.py:151} INFO - [2023-09-16T10:08:11.977+0000] {dagbag.py:539} INFO - Filling up the DagBag from /opt/airflow/dags/my_second_dag.py
[2023-09-16T10:08:12.026+0000] {processor.py:839} INFO - DAG(s) dict_keys(['ganza_dag_v13']) retrieved from /opt/airflow/dags/my_second_dag.py
[2023-09-16T10:08:12.183+0000] {logging_mixin.py:151} INFO - [2023-09-16T10:08:12.182+0000] {dag.py:2907} INFO - Sync 1 DAGs
[2023-09-16T10:08:12.348+0000] {logging_mixin.py:151} INFO - [2023-09-16T10:08:12.347+0000] {dag.py:3677} INFO - Setting next_dagrun for ganza_dag_v13 to 2023-09-16T00:00:00+00:00, run_after=2023-09-17T00:00:00+00:00
[2023-09-16T10:08:12.438+0000] {processor.py:179} INFO - Processing /opt/airflow/dags/my_second_dag.py took 0.496 seconds
[2023-09-16T10:08:42.912+0000] {processor.py:157} INFO - Started process (PID=20445) to work on /opt/airflow/dags/my_second_dag.py
[2023-09-16T10:08:42.915+0000] {processor.py:829} INFO - Processing file /opt/airflow/dags/my_second_dag.py for tasks to queue
[2023-09-16T10:08:42.926+0000] {logging_mixin.py:151} INFO - [2023-09-16T10:08:42.918+0000] {dagbag.py:539} INFO - Filling up the DagBag from /opt/airflow/dags/my_second_dag.py
[2023-09-16T10:08:43.026+0000] {processor.py:839} INFO - DAG(s) dict_keys(['ganza_dag_v13']) retrieved from /opt/airflow/dags/my_second_dag.py
[2023-09-16T10:08:43.180+0000] {logging_mixin.py:151} INFO - [2023-09-16T10:08:43.179+0000] {dag.py:2907} INFO - Sync 1 DAGs
[2023-09-16T10:08:43.315+0000] {logging_mixin.py:151} INFO - [2023-09-16T10:08:43.314+0000] {dag.py:3677} INFO - Setting next_dagrun for ganza_dag_v13 to 2023-09-16T00:00:00+00:00, run_after=2023-09-17T00:00:00+00:00
[2023-09-16T10:08:43.414+0000] {processor.py:179} INFO - Processing /opt/airflow/dags/my_second_dag.py took 0.535 seconds
[2023-09-16T10:09:13.629+0000] {processor.py:157} INFO - Started process (PID=20476) to work on /opt/airflow/dags/my_second_dag.py
[2023-09-16T10:09:13.633+0000] {processor.py:829} INFO - Processing file /opt/airflow/dags/my_second_dag.py for tasks to queue
[2023-09-16T10:09:13.635+0000] {logging_mixin.py:151} INFO - [2023-09-16T10:09:13.634+0000] {dagbag.py:539} INFO - Filling up the DagBag from /opt/airflow/dags/my_second_dag.py
[2023-09-16T10:09:13.673+0000] {processor.py:839} INFO - DAG(s) dict_keys(['ganza_dag_v13']) retrieved from /opt/airflow/dags/my_second_dag.py
[2023-09-16T10:09:13.759+0000] {logging_mixin.py:151} INFO - [2023-09-16T10:09:13.758+0000] {dag.py:2907} INFO - Sync 1 DAGs
[2023-09-16T10:09:13.833+0000] {logging_mixin.py:151} INFO - [2023-09-16T10:09:13.833+0000] {dag.py:3677} INFO - Setting next_dagrun for ganza_dag_v13 to 2023-09-16T00:00:00+00:00, run_after=2023-09-17T00:00:00+00:00
[2023-09-16T10:09:13.887+0000] {processor.py:179} INFO - Processing /opt/airflow/dags/my_second_dag.py took 0.267 seconds
[2023-09-16T10:09:44.318+0000] {processor.py:157} INFO - Started process (PID=20508) to work on /opt/airflow/dags/my_second_dag.py
[2023-09-16T10:09:44.324+0000] {processor.py:829} INFO - Processing file /opt/airflow/dags/my_second_dag.py for tasks to queue
[2023-09-16T10:09:44.329+0000] {logging_mixin.py:151} INFO - [2023-09-16T10:09:44.326+0000] {dagbag.py:539} INFO - Filling up the DagBag from /opt/airflow/dags/my_second_dag.py
[2023-09-16T10:09:44.412+0000] {processor.py:839} INFO - DAG(s) dict_keys(['ganza_dag_v13']) retrieved from /opt/airflow/dags/my_second_dag.py
[2023-09-16T10:09:44.572+0000] {logging_mixin.py:151} INFO - [2023-09-16T10:09:44.572+0000] {dag.py:2907} INFO - Sync 1 DAGs
[2023-09-16T10:09:44.683+0000] {logging_mixin.py:151} INFO - [2023-09-16T10:09:44.683+0000] {dag.py:3677} INFO - Setting next_dagrun for ganza_dag_v13 to 2023-09-16T00:00:00+00:00, run_after=2023-09-17T00:00:00+00:00
[2023-09-16T10:09:44.757+0000] {processor.py:179} INFO - Processing /opt/airflow/dags/my_second_dag.py took 0.456 seconds
[2023-09-16T10:10:15.431+0000] {processor.py:157} INFO - Started process (PID=20539) to work on /opt/airflow/dags/my_second_dag.py
[2023-09-16T10:10:15.444+0000] {processor.py:829} INFO - Processing file /opt/airflow/dags/my_second_dag.py for tasks to queue
[2023-09-16T10:10:15.448+0000] {logging_mixin.py:151} INFO - [2023-09-16T10:10:15.447+0000] {dagbag.py:539} INFO - Filling up the DagBag from /opt/airflow/dags/my_second_dag.py
[2023-09-16T10:10:15.546+0000] {processor.py:839} INFO - DAG(s) dict_keys(['ganza_dag_v13']) retrieved from /opt/airflow/dags/my_second_dag.py
[2023-09-16T10:10:15.850+0000] {logging_mixin.py:151} INFO - [2023-09-16T10:10:15.850+0000] {dag.py:2907} INFO - Sync 1 DAGs
[2023-09-16T10:10:16.047+0000] {logging_mixin.py:151} INFO - [2023-09-16T10:10:16.046+0000] {dag.py:3677} INFO - Setting next_dagrun for ganza_dag_v13 to 2023-09-16T00:00:00+00:00, run_after=2023-09-17T00:00:00+00:00
[2023-09-16T10:10:16.192+0000] {processor.py:179} INFO - Processing /opt/airflow/dags/my_second_dag.py took 0.795 seconds
[2023-09-16T10:10:46.370+0000] {processor.py:157} INFO - Started process (PID=20571) to work on /opt/airflow/dags/my_second_dag.py
[2023-09-16T10:10:46.373+0000] {processor.py:829} INFO - Processing file /opt/airflow/dags/my_second_dag.py for tasks to queue
[2023-09-16T10:10:46.375+0000] {logging_mixin.py:151} INFO - [2023-09-16T10:10:46.375+0000] {dagbag.py:539} INFO - Filling up the DagBag from /opt/airflow/dags/my_second_dag.py
[2023-09-16T10:10:46.412+0000] {processor.py:839} INFO - DAG(s) dict_keys(['ganza_dag_v13']) retrieved from /opt/airflow/dags/my_second_dag.py
[2023-09-16T10:10:46.506+0000] {logging_mixin.py:151} INFO - [2023-09-16T10:10:46.506+0000] {dag.py:2907} INFO - Sync 1 DAGs
[2023-09-16T10:10:46.599+0000] {logging_mixin.py:151} INFO - [2023-09-16T10:10:46.598+0000] {dag.py:3677} INFO - Setting next_dagrun for ganza_dag_v13 to 2023-09-16T00:00:00+00:00, run_after=2023-09-17T00:00:00+00:00
[2023-09-16T10:10:46.660+0000] {processor.py:179} INFO - Processing /opt/airflow/dags/my_second_dag.py took 0.300 seconds
[2023-09-16T10:11:16.934+0000] {processor.py:157} INFO - Started process (PID=20603) to work on /opt/airflow/dags/my_second_dag.py
[2023-09-16T10:11:16.947+0000] {processor.py:829} INFO - Processing file /opt/airflow/dags/my_second_dag.py for tasks to queue
[2023-09-16T10:11:16.950+0000] {logging_mixin.py:151} INFO - [2023-09-16T10:11:16.949+0000] {dagbag.py:539} INFO - Filling up the DagBag from /opt/airflow/dags/my_second_dag.py
[2023-09-16T10:11:16.991+0000] {processor.py:839} INFO - DAG(s) dict_keys(['ganza_dag_v13']) retrieved from /opt/airflow/dags/my_second_dag.py
[2023-09-16T10:11:17.073+0000] {logging_mixin.py:151} INFO - [2023-09-16T10:11:17.072+0000] {dag.py:2907} INFO - Sync 1 DAGs
[2023-09-16T10:11:17.143+0000] {logging_mixin.py:151} INFO - [2023-09-16T10:11:17.142+0000] {dag.py:3677} INFO - Setting next_dagrun for ganza_dag_v13 to 2023-09-16T00:00:00+00:00, run_after=2023-09-17T00:00:00+00:00
[2023-09-16T10:11:17.195+0000] {processor.py:179} INFO - Processing /opt/airflow/dags/my_second_dag.py took 0.273 seconds
[2023-09-16T10:11:47.357+0000] {processor.py:157} INFO - Started process (PID=20633) to work on /opt/airflow/dags/my_second_dag.py
[2023-09-16T10:11:47.361+0000] {processor.py:829} INFO - Processing file /opt/airflow/dags/my_second_dag.py for tasks to queue
[2023-09-16T10:11:47.367+0000] {logging_mixin.py:151} INFO - [2023-09-16T10:11:47.365+0000] {dagbag.py:539} INFO - Filling up the DagBag from /opt/airflow/dags/my_second_dag.py
[2023-09-16T10:11:47.417+0000] {processor.py:839} INFO - DAG(s) dict_keys(['ganza_dag_v13']) retrieved from /opt/airflow/dags/my_second_dag.py
[2023-09-16T10:11:47.532+0000] {logging_mixin.py:151} INFO - [2023-09-16T10:11:47.531+0000] {dag.py:2907} INFO - Sync 1 DAGs
[2023-09-16T10:11:47.638+0000] {logging_mixin.py:151} INFO - [2023-09-16T10:11:47.637+0000] {dag.py:3677} INFO - Setting next_dagrun for ganza_dag_v13 to 2023-09-16T00:00:00+00:00, run_after=2023-09-17T00:00:00+00:00
[2023-09-16T10:11:47.712+0000] {processor.py:179} INFO - Processing /opt/airflow/dags/my_second_dag.py took 0.377 seconds
[2023-09-16T10:12:18.038+0000] {processor.py:157} INFO - Started process (PID=20665) to work on /opt/airflow/dags/my_second_dag.py
[2023-09-16T10:12:18.043+0000] {processor.py:829} INFO - Processing file /opt/airflow/dags/my_second_dag.py for tasks to queue
[2023-09-16T10:12:18.052+0000] {logging_mixin.py:151} INFO - [2023-09-16T10:12:18.049+0000] {dagbag.py:539} INFO - Filling up the DagBag from /opt/airflow/dags/my_second_dag.py
[2023-09-16T10:12:18.142+0000] {processor.py:839} INFO - DAG(s) dict_keys(['ganza_dag_v13']) retrieved from /opt/airflow/dags/my_second_dag.py
[2023-09-16T10:12:18.312+0000] {logging_mixin.py:151} INFO - [2023-09-16T10:12:18.312+0000] {dag.py:2907} INFO - Sync 1 DAGs
[2023-09-16T10:12:18.412+0000] {logging_mixin.py:151} INFO - [2023-09-16T10:12:18.412+0000] {dag.py:3677} INFO - Setting next_dagrun for ganza_dag_v13 to 2023-09-16T00:00:00+00:00, run_after=2023-09-17T00:00:00+00:00
[2023-09-16T10:12:18.465+0000] {processor.py:179} INFO - Processing /opt/airflow/dags/my_second_dag.py took 0.447 seconds
[2023-09-16T10:12:48.904+0000] {processor.py:157} INFO - Started process (PID=20699) to work on /opt/airflow/dags/my_second_dag.py
[2023-09-16T10:12:48.906+0000] {processor.py:829} INFO - Processing file /opt/airflow/dags/my_second_dag.py for tasks to queue
[2023-09-16T10:12:48.908+0000] {logging_mixin.py:151} INFO - [2023-09-16T10:12:48.907+0000] {dagbag.py:539} INFO - Filling up the DagBag from /opt/airflow/dags/my_second_dag.py
[2023-09-16T10:12:48.948+0000] {processor.py:839} INFO - DAG(s) dict_keys(['ganza_dag_v13']) retrieved from /opt/airflow/dags/my_second_dag.py
[2023-09-16T10:12:49.040+0000] {logging_mixin.py:151} INFO - [2023-09-16T10:12:49.040+0000] {dag.py:2907} INFO - Sync 1 DAGs
[2023-09-16T10:12:49.139+0000] {logging_mixin.py:151} INFO - [2023-09-16T10:12:49.138+0000] {dag.py:3677} INFO - Setting next_dagrun for ganza_dag_v13 to 2023-09-16T00:00:00+00:00, run_after=2023-09-17T00:00:00+00:00
[2023-09-16T10:12:49.198+0000] {processor.py:179} INFO - Processing /opt/airflow/dags/my_second_dag.py took 0.304 seconds
[2023-09-16T10:13:19.967+0000] {processor.py:157} INFO - Started process (PID=20729) to work on /opt/airflow/dags/my_second_dag.py
[2023-09-16T10:13:19.971+0000] {processor.py:829} INFO - Processing file /opt/airflow/dags/my_second_dag.py for tasks to queue
[2023-09-16T10:13:19.973+0000] {logging_mixin.py:151} INFO - [2023-09-16T10:13:19.972+0000] {dagbag.py:539} INFO - Filling up the DagBag from /opt/airflow/dags/my_second_dag.py
[2023-09-16T10:13:20.033+0000] {processor.py:839} INFO - DAG(s) dict_keys(['ganza_dag_v13']) retrieved from /opt/airflow/dags/my_second_dag.py
[2023-09-16T10:13:20.249+0000] {processor.py:182} ERROR - Got an exception! Propagating...
Traceback (most recent call last):
  File "/home/airflow/.local/lib/python3.8/site-packages/sqlalchemy/engine/base.py", line 3371, in _wrap_pool_connect
    return fn()
  File "/home/airflow/.local/lib/python3.8/site-packages/sqlalchemy/pool/base.py", line 327, in connect
    return _ConnectionFairy._checkout(self)
  File "/home/airflow/.local/lib/python3.8/site-packages/sqlalchemy/pool/base.py", line 894, in _checkout
    fairy = _ConnectionRecord.checkout(pool)
  File "/home/airflow/.local/lib/python3.8/site-packages/sqlalchemy/pool/base.py", line 493, in checkout
    rec = pool._do_get()
  File "/home/airflow/.local/lib/python3.8/site-packages/sqlalchemy/pool/impl.py", line 146, in _do_get
    self._dec_overflow()
  File "/home/airflow/.local/lib/python3.8/site-packages/sqlalchemy/util/langhelpers.py", line 70, in __exit__
    compat.raise_(
  File "/home/airflow/.local/lib/python3.8/site-packages/sqlalchemy/util/compat.py", line 211, in raise_
    raise exception
  File "/home/airflow/.local/lib/python3.8/site-packages/sqlalchemy/pool/impl.py", line 143, in _do_get
    return self._create_connection()
  File "/home/airflow/.local/lib/python3.8/site-packages/sqlalchemy/pool/base.py", line 273, in _create_connection
    return _ConnectionRecord(self)
  File "/home/airflow/.local/lib/python3.8/site-packages/sqlalchemy/pool/base.py", line 388, in __init__
    self.__connect()
  File "/home/airflow/.local/lib/python3.8/site-packages/sqlalchemy/pool/base.py", line 691, in __connect
    pool.logger.debug("Error on connect(): %s", e)
  File "/home/airflow/.local/lib/python3.8/site-packages/sqlalchemy/util/langhelpers.py", line 70, in __exit__
    compat.raise_(
  File "/home/airflow/.local/lib/python3.8/site-packages/sqlalchemy/util/compat.py", line 211, in raise_
    raise exception
  File "/home/airflow/.local/lib/python3.8/site-packages/sqlalchemy/pool/base.py", line 686, in __connect
    self.dbapi_connection = connection = pool._invoke_creator(self)
  File "/home/airflow/.local/lib/python3.8/site-packages/sqlalchemy/engine/create.py", line 574, in connect
    return dialect.connect(*cargs, **cparams)
  File "/home/airflow/.local/lib/python3.8/site-packages/sqlalchemy/engine/default.py", line 598, in connect
    return self.dbapi.connect(*cargs, **cparams)
  File "/home/airflow/.local/lib/python3.8/site-packages/psycopg2/__init__.py", line 122, in connect
    conn = _connect(dsn, connection_factory=connection_factory, **kwasync)
psycopg2.OperationalError: could not translate host name "postgres" to address: Temporary failure in name resolution


The above exception was the direct cause of the following exception:

Traceback (most recent call last):
  File "/home/airflow/.local/lib/python3.8/site-packages/airflow/dag_processing/processor.py", line 178, in _run_file_processor
    _handle_dag_file_processing()
  File "/home/airflow/.local/lib/python3.8/site-packages/airflow/dag_processing/processor.py", line 159, in _handle_dag_file_processing
    result: tuple[int, int] = dag_file_processor.process_file(
  File "/home/airflow/.local/lib/python3.8/site-packages/airflow/utils/session.py", line 77, in wrapper
    return func(*args, session=session, **kwargs)
  File "/home/airflow/.local/lib/python3.8/site-packages/airflow/dag_processing/processor.py", line 857, in process_file
    serialize_errors = DagFileProcessor.save_dag_to_db(
  File "/home/airflow/.local/lib/python3.8/site-packages/airflow/api_internal/internal_api_call.py", line 112, in wrapper
    return func(*args, **kwargs)
  File "/home/airflow/.local/lib/python3.8/site-packages/airflow/utils/session.py", line 77, in wrapper
    return func(*args, session=session, **kwargs)
  File "/home/airflow/.local/lib/python3.8/site-packages/airflow/dag_processing/processor.py", line 893, in save_dag_to_db
    import_errors = DagBag._sync_to_db(dags=dags, processor_subdir=dag_directory, session=session)
  File "/home/airflow/.local/lib/python3.8/site-packages/airflow/utils/session.py", line 74, in wrapper
    return func(*args, **kwargs)
  File "/home/airflow/.local/lib/python3.8/site-packages/airflow/models/dagbag.py", line 657, in _sync_to_db
    for attempt in run_with_db_retries(logger=log):
  File "/home/airflow/.local/lib/python3.8/site-packages/tenacity/__init__.py", line 347, in __iter__
    do = self.iter(retry_state=retry_state)
  File "/home/airflow/.local/lib/python3.8/site-packages/tenacity/__init__.py", line 325, in iter
    raise retry_exc.reraise()
  File "/home/airflow/.local/lib/python3.8/site-packages/tenacity/__init__.py", line 158, in reraise
    raise self.last_attempt.result()
  File "/usr/local/lib/python3.8/concurrent/futures/_base.py", line 437, in result
    return self.__get_result()
  File "/usr/local/lib/python3.8/concurrent/futures/_base.py", line 389, in __get_result
    raise self._exception
  File "/home/airflow/.local/lib/python3.8/site-packages/airflow/models/dagbag.py", line 669, in _sync_to_db
    serialize_errors.extend(_serialize_dag_capturing_errors(dag, session))
  File "/home/airflow/.local/lib/python3.8/site-packages/airflow/models/dagbag.py", line 636, in _serialize_dag_capturing_errors
    dag_was_updated = SerializedDagModel.write_dag(
  File "/home/airflow/.local/lib/python3.8/site-packages/airflow/utils/session.py", line 74, in wrapper
    return func(*args, **kwargs)
  File "/home/airflow/.local/lib/python3.8/site-packages/airflow/models/serialized_dag.py", line 147, in write_dag
    if session.scalar(
  File "/home/airflow/.local/lib/python3.8/site-packages/sqlalchemy/orm/session.py", line 1747, in scalar
    return self.execute(
  File "/home/airflow/.local/lib/python3.8/site-packages/sqlalchemy/orm/session.py", line 1716, in execute
    conn = self._connection_for_bind(bind)
  File "/home/airflow/.local/lib/python3.8/site-packages/sqlalchemy/orm/session.py", line 1555, in _connection_for_bind
    return self._transaction._connection_for_bind(
  File "/home/airflow/.local/lib/python3.8/site-packages/sqlalchemy/orm/session.py", line 750, in _connection_for_bind
    conn = bind.connect()
  File "/home/airflow/.local/lib/python3.8/site-packages/sqlalchemy/future/engine.py", line 406, in connect
    return super(Engine, self).connect()
  File "/home/airflow/.local/lib/python3.8/site-packages/sqlalchemy/engine/base.py", line 3325, in connect
    return self._connection_cls(self, close_with_result=close_with_result)
  File "/home/airflow/.local/lib/python3.8/site-packages/sqlalchemy/engine/base.py", line 96, in __init__
    else engine.raw_connection()
  File "/home/airflow/.local/lib/python3.8/site-packages/sqlalchemy/engine/base.py", line 3404, in raw_connection
    return self._wrap_pool_connect(self.pool.connect, _connection)
  File "/home/airflow/.local/lib/python3.8/site-packages/sqlalchemy/engine/base.py", line 3374, in _wrap_pool_connect
    Connection._handle_dbapi_exception_noconnection(
  File "/home/airflow/.local/lib/python3.8/site-packages/sqlalchemy/engine/base.py", line 2208, in _handle_dbapi_exception_noconnection
    util.raise_(
  File "/home/airflow/.local/lib/python3.8/site-packages/sqlalchemy/util/compat.py", line 211, in raise_
    raise exception
  File "/home/airflow/.local/lib/python3.8/site-packages/sqlalchemy/engine/base.py", line 3371, in _wrap_pool_connect
    return fn()
  File "/home/airflow/.local/lib/python3.8/site-packages/sqlalchemy/pool/base.py", line 327, in connect
    return _ConnectionFairy._checkout(self)
  File "/home/airflow/.local/lib/python3.8/site-packages/sqlalchemy/pool/base.py", line 894, in _checkout
    fairy = _ConnectionRecord.checkout(pool)
  File "/home/airflow/.local/lib/python3.8/site-packages/sqlalchemy/pool/base.py", line 493, in checkout
    rec = pool._do_get()
  File "/home/airflow/.local/lib/python3.8/site-packages/sqlalchemy/pool/impl.py", line 146, in _do_get
    self._dec_overflow()
  File "/home/airflow/.local/lib/python3.8/site-packages/sqlalchemy/util/langhelpers.py", line 70, in __exit__
    compat.raise_(
  File "/home/airflow/.local/lib/python3.8/site-packages/sqlalchemy/util/compat.py", line 211, in raise_
    raise exception
  File "/home/airflow/.local/lib/python3.8/site-packages/sqlalchemy/pool/impl.py", line 143, in _do_get
    return self._create_connection()
  File "/home/airflow/.local/lib/python3.8/site-packages/sqlalchemy/pool/base.py", line 273, in _create_connection
    return _ConnectionRecord(self)
  File "/home/airflow/.local/lib/python3.8/site-packages/sqlalchemy/pool/base.py", line 388, in __init__
    self.__connect()
  File "/home/airflow/.local/lib/python3.8/site-packages/sqlalchemy/pool/base.py", line 691, in __connect
    pool.logger.debug("Error on connect(): %s", e)
  File "/home/airflow/.local/lib/python3.8/site-packages/sqlalchemy/util/langhelpers.py", line 70, in __exit__
    compat.raise_(
  File "/home/airflow/.local/lib/python3.8/site-packages/sqlalchemy/util/compat.py", line 211, in raise_
    raise exception
  File "/home/airflow/.local/lib/python3.8/site-packages/sqlalchemy/pool/base.py", line 686, in __connect
    self.dbapi_connection = connection = pool._invoke_creator(self)
  File "/home/airflow/.local/lib/python3.8/site-packages/sqlalchemy/engine/create.py", line 574, in connect
    return dialect.connect(*cargs, **cparams)
  File "/home/airflow/.local/lib/python3.8/site-packages/sqlalchemy/engine/default.py", line 598, in connect
    return self.dbapi.connect(*cargs, **cparams)
  File "/home/airflow/.local/lib/python3.8/site-packages/psycopg2/__init__.py", line 122, in connect
    conn = _connect(dsn, connection_factory=connection_factory, **kwasync)
sqlalchemy.exc.OperationalError: (psycopg2.OperationalError) could not translate host name "postgres" to address: Temporary failure in name resolution

(Background on this error at: https://sqlalche.me/e/14/e3q8)
