[2023-09-10T19:43:47.226+0000] {processor.py:157} INFO - Started process (PID=183) to work on /opt/airflow/dags/dag_with_taskflow_api.py
[2023-09-10T19:43:47.234+0000] {processor.py:829} INFO - Processing file /opt/airflow/dags/dag_with_taskflow_api.py for tasks to queue
[2023-09-10T19:43:47.237+0000] {logging_mixin.py:151} INFO - [2023-09-10T19:43:47.237+0000] {dagbag.py:539} INFO - Filling up the DagBag from /opt/airflow/dags/dag_with_taskflow_api.py
[2023-09-10T19:43:47.313+0000] {processor.py:839} INFO - DAG(s) dict_keys(['ganza_dag_v16']) retrieved from /opt/airflow/dags/dag_with_taskflow_api.py
[2023-09-10T19:43:47.483+0000] {logging_mixin.py:151} INFO - [2023-09-10T19:43:47.483+0000] {dag.py:2907} INFO - Sync 1 DAGs
[2023-09-10T19:43:47.538+0000] {logging_mixin.py:151} INFO - [2023-09-10T19:43:47.538+0000] {dag.py:3677} INFO - Setting next_dagrun for ganza_dag_v16 to 2023-09-10T00:00:00+00:00, run_after=2023-09-11T00:00:00+00:00
[2023-09-10T19:43:47.617+0000] {processor.py:179} INFO - Processing /opt/airflow/dags/dag_with_taskflow_api.py took 0.406 seconds
[2023-09-10T19:44:18.923+0000] {processor.py:157} INFO - Started process (PID=238) to work on /opt/airflow/dags/dag_with_taskflow_api.py
[2023-09-10T19:44:18.935+0000] {processor.py:829} INFO - Processing file /opt/airflow/dags/dag_with_taskflow_api.py for tasks to queue
[2023-09-10T19:44:18.937+0000] {logging_mixin.py:151} INFO - [2023-09-10T19:44:18.936+0000] {dagbag.py:539} INFO - Filling up the DagBag from /opt/airflow/dags/dag_with_taskflow_api.py
[2023-09-10T19:44:18.981+0000] {processor.py:839} INFO - DAG(s) dict_keys(['ganza_dag_v16']) retrieved from /opt/airflow/dags/dag_with_taskflow_api.py
[2023-09-10T19:44:19.101+0000] {logging_mixin.py:151} INFO - [2023-09-10T19:44:19.100+0000] {dag.py:2907} INFO - Sync 1 DAGs
[2023-09-10T19:44:19.229+0000] {logging_mixin.py:151} INFO - [2023-09-10T19:44:19.229+0000] {dag.py:3677} INFO - Setting next_dagrun for ganza_dag_v16 to 2023-09-10T00:00:00+00:00, run_after=2023-09-11T00:00:00+00:00
[2023-09-10T19:44:19.357+0000] {processor.py:179} INFO - Processing /opt/airflow/dags/dag_with_taskflow_api.py took 0.441 seconds
[2023-09-10T19:44:49.891+0000] {processor.py:157} INFO - Started process (PID=268) to work on /opt/airflow/dags/dag_with_taskflow_api.py
[2023-09-10T19:44:49.897+0000] {processor.py:829} INFO - Processing file /opt/airflow/dags/dag_with_taskflow_api.py for tasks to queue
[2023-09-10T19:44:49.898+0000] {logging_mixin.py:151} INFO - [2023-09-10T19:44:49.898+0000] {dagbag.py:539} INFO - Filling up the DagBag from /opt/airflow/dags/dag_with_taskflow_api.py
[2023-09-10T19:44:49.985+0000] {processor.py:839} INFO - DAG(s) dict_keys(['ganza_dag_v16']) retrieved from /opt/airflow/dags/dag_with_taskflow_api.py
[2023-09-10T19:44:50.068+0000] {logging_mixin.py:151} INFO - [2023-09-10T19:44:50.068+0000] {dag.py:2907} INFO - Sync 1 DAGs
[2023-09-10T19:44:50.144+0000] {logging_mixin.py:151} INFO - [2023-09-10T19:44:50.144+0000] {dag.py:3677} INFO - Setting next_dagrun for ganza_dag_v16 to 2023-09-10T00:00:00+00:00, run_after=2023-09-11T00:00:00+00:00
[2023-09-10T19:44:50.282+0000] {processor.py:179} INFO - Processing /opt/airflow/dags/dag_with_taskflow_api.py took 0.401 seconds
[2023-09-10T19:45:21.007+0000] {processor.py:157} INFO - Started process (PID=302) to work on /opt/airflow/dags/dag_with_taskflow_api.py
[2023-09-10T19:45:21.010+0000] {processor.py:829} INFO - Processing file /opt/airflow/dags/dag_with_taskflow_api.py for tasks to queue
[2023-09-10T19:45:21.014+0000] {logging_mixin.py:151} INFO - [2023-09-10T19:45:21.014+0000] {dagbag.py:539} INFO - Filling up the DagBag from /opt/airflow/dags/dag_with_taskflow_api.py
[2023-09-10T19:45:21.080+0000] {processor.py:839} INFO - DAG(s) dict_keys(['ganza_dag_v16']) retrieved from /opt/airflow/dags/dag_with_taskflow_api.py
[2023-09-10T19:45:21.167+0000] {logging_mixin.py:151} INFO - [2023-09-10T19:45:21.166+0000] {dag.py:2907} INFO - Sync 1 DAGs
[2023-09-10T19:45:21.242+0000] {logging_mixin.py:151} INFO - [2023-09-10T19:45:21.241+0000] {dag.py:3677} INFO - Setting next_dagrun for ganza_dag_v16 to 2023-09-10T00:00:00+00:00, run_after=2023-09-11T00:00:00+00:00
[2023-09-10T19:45:21.331+0000] {processor.py:179} INFO - Processing /opt/airflow/dags/dag_with_taskflow_api.py took 0.331 seconds
[2023-09-10T19:45:51.704+0000] {processor.py:157} INFO - Started process (PID=332) to work on /opt/airflow/dags/dag_with_taskflow_api.py
[2023-09-10T19:45:51.705+0000] {processor.py:829} INFO - Processing file /opt/airflow/dags/dag_with_taskflow_api.py for tasks to queue
[2023-09-10T19:45:51.706+0000] {logging_mixin.py:151} INFO - [2023-09-10T19:45:51.705+0000] {dagbag.py:539} INFO - Filling up the DagBag from /opt/airflow/dags/dag_with_taskflow_api.py
[2023-09-10T19:45:51.773+0000] {processor.py:839} INFO - DAG(s) dict_keys(['ganza_dag_v16']) retrieved from /opt/airflow/dags/dag_with_taskflow_api.py
[2023-09-10T19:45:51.947+0000] {logging_mixin.py:151} INFO - [2023-09-10T19:45:51.947+0000] {dag.py:2907} INFO - Sync 1 DAGs
[2023-09-10T19:45:52.093+0000] {logging_mixin.py:151} INFO - [2023-09-10T19:45:52.093+0000] {dag.py:3677} INFO - Setting next_dagrun for ganza_dag_v16 to 2023-09-10T00:00:00+00:00, run_after=2023-09-11T00:00:00+00:00
[2023-09-10T19:45:52.172+0000] {processor.py:179} INFO - Processing /opt/airflow/dags/dag_with_taskflow_api.py took 0.498 seconds
[2023-09-10T19:46:23.075+0000] {processor.py:157} INFO - Started process (PID=366) to work on /opt/airflow/dags/dag_with_taskflow_api.py
[2023-09-10T19:46:23.082+0000] {processor.py:829} INFO - Processing file /opt/airflow/dags/dag_with_taskflow_api.py for tasks to queue
[2023-09-10T19:46:23.084+0000] {logging_mixin.py:151} INFO - [2023-09-10T19:46:23.084+0000] {dagbag.py:539} INFO - Filling up the DagBag from /opt/airflow/dags/dag_with_taskflow_api.py
[2023-09-10T19:46:23.133+0000] {processor.py:839} INFO - DAG(s) dict_keys(['ganza_dag_v16']) retrieved from /opt/airflow/dags/dag_with_taskflow_api.py
[2023-09-10T19:46:23.197+0000] {logging_mixin.py:151} INFO - [2023-09-10T19:46:23.197+0000] {dag.py:2907} INFO - Sync 1 DAGs
[2023-09-10T19:46:23.253+0000] {logging_mixin.py:151} INFO - [2023-09-10T19:46:23.252+0000] {dag.py:3677} INFO - Setting next_dagrun for ganza_dag_v16 to 2023-09-10T00:00:00+00:00, run_after=2023-09-11T00:00:00+00:00
[2023-09-10T19:46:23.288+0000] {processor.py:179} INFO - Processing /opt/airflow/dags/dag_with_taskflow_api.py took 0.222 seconds
[2023-09-10T19:46:53.701+0000] {processor.py:157} INFO - Started process (PID=399) to work on /opt/airflow/dags/dag_with_taskflow_api.py
[2023-09-10T19:46:53.704+0000] {processor.py:829} INFO - Processing file /opt/airflow/dags/dag_with_taskflow_api.py for tasks to queue
[2023-09-10T19:46:53.707+0000] {logging_mixin.py:151} INFO - [2023-09-10T19:46:53.706+0000] {dagbag.py:539} INFO - Filling up the DagBag from /opt/airflow/dags/dag_with_taskflow_api.py
[2023-09-10T19:46:53.739+0000] {processor.py:839} INFO - DAG(s) dict_keys(['ganza_dag_v16']) retrieved from /opt/airflow/dags/dag_with_taskflow_api.py
[2023-09-10T19:46:53.789+0000] {logging_mixin.py:151} INFO - [2023-09-10T19:46:53.789+0000] {dag.py:2907} INFO - Sync 1 DAGs
[2023-09-10T19:46:53.835+0000] {logging_mixin.py:151} INFO - [2023-09-10T19:46:53.834+0000] {dag.py:3677} INFO - Setting next_dagrun for ganza_dag_v16 to 2023-09-10T00:00:00+00:00, run_after=2023-09-11T00:00:00+00:00
[2023-09-10T19:46:53.876+0000] {processor.py:179} INFO - Processing /opt/airflow/dags/dag_with_taskflow_api.py took 0.196 seconds
[2023-09-10T19:47:24.351+0000] {processor.py:157} INFO - Started process (PID=431) to work on /opt/airflow/dags/dag_with_taskflow_api.py
[2023-09-10T19:47:24.352+0000] {processor.py:829} INFO - Processing file /opt/airflow/dags/dag_with_taskflow_api.py for tasks to queue
[2023-09-10T19:47:24.353+0000] {logging_mixin.py:151} INFO - [2023-09-10T19:47:24.353+0000] {dagbag.py:539} INFO - Filling up the DagBag from /opt/airflow/dags/dag_with_taskflow_api.py
[2023-09-10T19:47:24.379+0000] {processor.py:839} INFO - DAG(s) dict_keys(['ganza_dag_v16']) retrieved from /opt/airflow/dags/dag_with_taskflow_api.py
[2023-09-10T19:47:24.429+0000] {logging_mixin.py:151} INFO - [2023-09-10T19:47:24.429+0000] {dag.py:2907} INFO - Sync 1 DAGs
[2023-09-10T19:47:24.484+0000] {logging_mixin.py:151} INFO - [2023-09-10T19:47:24.484+0000] {dag.py:3677} INFO - Setting next_dagrun for ganza_dag_v16 to 2023-09-10T00:00:00+00:00, run_after=2023-09-11T00:00:00+00:00
[2023-09-10T19:47:24.522+0000] {processor.py:179} INFO - Processing /opt/airflow/dags/dag_with_taskflow_api.py took 0.177 seconds
[2023-09-10T19:47:55.128+0000] {processor.py:157} INFO - Started process (PID=463) to work on /opt/airflow/dags/dag_with_taskflow_api.py
[2023-09-10T19:47:55.129+0000] {processor.py:829} INFO - Processing file /opt/airflow/dags/dag_with_taskflow_api.py for tasks to queue
[2023-09-10T19:47:55.130+0000] {logging_mixin.py:151} INFO - [2023-09-10T19:47:55.130+0000] {dagbag.py:539} INFO - Filling up the DagBag from /opt/airflow/dags/dag_with_taskflow_api.py
[2023-09-10T19:47:55.167+0000] {processor.py:839} INFO - DAG(s) dict_keys(['ganza_dag_v16']) retrieved from /opt/airflow/dags/dag_with_taskflow_api.py
[2023-09-10T19:47:55.246+0000] {logging_mixin.py:151} INFO - [2023-09-10T19:47:55.245+0000] {dag.py:2907} INFO - Sync 1 DAGs
[2023-09-10T19:47:55.306+0000] {logging_mixin.py:151} INFO - [2023-09-10T19:47:55.306+0000] {dag.py:3677} INFO - Setting next_dagrun for ganza_dag_v16 to 2023-09-10T00:00:00+00:00, run_after=2023-09-11T00:00:00+00:00
[2023-09-10T19:47:55.345+0000] {processor.py:179} INFO - Processing /opt/airflow/dags/dag_with_taskflow_api.py took 0.223 seconds
[2023-09-10T19:48:25.760+0000] {processor.py:157} INFO - Started process (PID=494) to work on /opt/airflow/dags/dag_with_taskflow_api.py
[2023-09-10T19:48:25.761+0000] {processor.py:829} INFO - Processing file /opt/airflow/dags/dag_with_taskflow_api.py for tasks to queue
[2023-09-10T19:48:25.762+0000] {logging_mixin.py:151} INFO - [2023-09-10T19:48:25.761+0000] {dagbag.py:539} INFO - Filling up the DagBag from /opt/airflow/dags/dag_with_taskflow_api.py
[2023-09-10T19:48:25.782+0000] {processor.py:839} INFO - DAG(s) dict_keys(['ganza_dag_v16']) retrieved from /opt/airflow/dags/dag_with_taskflow_api.py
[2023-09-10T19:48:25.842+0000] {logging_mixin.py:151} INFO - [2023-09-10T19:48:25.841+0000] {dag.py:2907} INFO - Sync 1 DAGs
[2023-09-10T19:48:25.893+0000] {logging_mixin.py:151} INFO - [2023-09-10T19:48:25.891+0000] {dag.py:3677} INFO - Setting next_dagrun for ganza_dag_v16 to 2023-09-10T00:00:00+00:00, run_after=2023-09-11T00:00:00+00:00
[2023-09-10T19:48:25.928+0000] {processor.py:179} INFO - Processing /opt/airflow/dags/dag_with_taskflow_api.py took 0.175 seconds
[2023-09-10T19:48:56.422+0000] {processor.py:157} INFO - Started process (PID=526) to work on /opt/airflow/dags/dag_with_taskflow_api.py
[2023-09-10T19:48:56.424+0000] {processor.py:829} INFO - Processing file /opt/airflow/dags/dag_with_taskflow_api.py for tasks to queue
[2023-09-10T19:48:56.425+0000] {logging_mixin.py:151} INFO - [2023-09-10T19:48:56.425+0000] {dagbag.py:539} INFO - Filling up the DagBag from /opt/airflow/dags/dag_with_taskflow_api.py
[2023-09-10T19:48:56.453+0000] {processor.py:839} INFO - DAG(s) dict_keys(['ganza_dag_v16']) retrieved from /opt/airflow/dags/dag_with_taskflow_api.py
[2023-09-10T19:48:56.511+0000] {logging_mixin.py:151} INFO - [2023-09-10T19:48:56.510+0000] {dag.py:2907} INFO - Sync 1 DAGs
[2023-09-10T19:48:56.565+0000] {logging_mixin.py:151} INFO - [2023-09-10T19:48:56.564+0000] {dag.py:3677} INFO - Setting next_dagrun for ganza_dag_v16 to 2023-09-10T00:00:00+00:00, run_after=2023-09-11T00:00:00+00:00
[2023-09-10T19:48:56.608+0000] {processor.py:179} INFO - Processing /opt/airflow/dags/dag_with_taskflow_api.py took 0.191 seconds
[2023-09-10T19:49:27.005+0000] {processor.py:157} INFO - Started process (PID=558) to work on /opt/airflow/dags/dag_with_taskflow_api.py
[2023-09-10T19:49:27.007+0000] {processor.py:829} INFO - Processing file /opt/airflow/dags/dag_with_taskflow_api.py for tasks to queue
[2023-09-10T19:49:27.008+0000] {logging_mixin.py:151} INFO - [2023-09-10T19:49:27.008+0000] {dagbag.py:539} INFO - Filling up the DagBag from /opt/airflow/dags/dag_with_taskflow_api.py
[2023-09-10T19:49:27.032+0000] {processor.py:839} INFO - DAG(s) dict_keys(['ganza_dag_v16']) retrieved from /opt/airflow/dags/dag_with_taskflow_api.py
[2023-09-10T19:49:27.084+0000] {logging_mixin.py:151} INFO - [2023-09-10T19:49:27.084+0000] {dag.py:2907} INFO - Sync 1 DAGs
[2023-09-10T19:49:27.132+0000] {logging_mixin.py:151} INFO - [2023-09-10T19:49:27.130+0000] {dag.py:3677} INFO - Setting next_dagrun for ganza_dag_v16 to 2023-09-10T00:00:00+00:00, run_after=2023-09-11T00:00:00+00:00
[2023-09-10T19:49:27.314+0000] {processor.py:179} INFO - Processing /opt/airflow/dags/dag_with_taskflow_api.py took 0.316 seconds
[2023-09-10T19:49:57.890+0000] {processor.py:157} INFO - Started process (PID=590) to work on /opt/airflow/dags/dag_with_taskflow_api.py
[2023-09-10T19:49:57.893+0000] {processor.py:829} INFO - Processing file /opt/airflow/dags/dag_with_taskflow_api.py for tasks to queue
[2023-09-10T19:49:57.895+0000] {logging_mixin.py:151} INFO - [2023-09-10T19:49:57.894+0000] {dagbag.py:539} INFO - Filling up the DagBag from /opt/airflow/dags/dag_with_taskflow_api.py
[2023-09-10T19:49:57.920+0000] {processor.py:839} INFO - DAG(s) dict_keys(['ganza_dag_v16']) retrieved from /opt/airflow/dags/dag_with_taskflow_api.py
[2023-09-10T19:49:57.980+0000] {logging_mixin.py:151} INFO - [2023-09-10T19:49:57.979+0000] {dag.py:2907} INFO - Sync 1 DAGs
[2023-09-10T19:49:58.237+0000] {logging_mixin.py:151} INFO - [2023-09-10T19:49:58.237+0000] {dag.py:3677} INFO - Setting next_dagrun for ganza_dag_v16 to 2023-09-10T00:00:00+00:00, run_after=2023-09-11T00:00:00+00:00
[2023-09-10T19:49:58.269+0000] {processor.py:179} INFO - Processing /opt/airflow/dags/dag_with_taskflow_api.py took 0.384 seconds
[2023-09-10T19:50:28.860+0000] {processor.py:157} INFO - Started process (PID=622) to work on /opt/airflow/dags/dag_with_taskflow_api.py
[2023-09-10T19:50:28.862+0000] {processor.py:829} INFO - Processing file /opt/airflow/dags/dag_with_taskflow_api.py for tasks to queue
[2023-09-10T19:50:28.863+0000] {logging_mixin.py:151} INFO - [2023-09-10T19:50:28.862+0000] {dagbag.py:539} INFO - Filling up the DagBag from /opt/airflow/dags/dag_with_taskflow_api.py
[2023-09-10T19:50:28.888+0000] {processor.py:839} INFO - DAG(s) dict_keys(['ganza_dag_v16']) retrieved from /opt/airflow/dags/dag_with_taskflow_api.py
[2023-09-10T19:50:28.944+0000] {logging_mixin.py:151} INFO - [2023-09-10T19:50:28.944+0000] {dag.py:2907} INFO - Sync 1 DAGs
[2023-09-10T19:50:29.197+0000] {logging_mixin.py:151} INFO - [2023-09-10T19:50:29.196+0000] {dag.py:3677} INFO - Setting next_dagrun for ganza_dag_v16 to 2023-09-10T00:00:00+00:00, run_after=2023-09-11T00:00:00+00:00
[2023-09-10T19:50:29.227+0000] {processor.py:179} INFO - Processing /opt/airflow/dags/dag_with_taskflow_api.py took 0.373 seconds
[2023-09-10T19:50:59.853+0000] {processor.py:157} INFO - Started process (PID=653) to work on /opt/airflow/dags/dag_with_taskflow_api.py
[2023-09-10T19:50:59.858+0000] {processor.py:829} INFO - Processing file /opt/airflow/dags/dag_with_taskflow_api.py for tasks to queue
[2023-09-10T19:50:59.862+0000] {logging_mixin.py:151} INFO - [2023-09-10T19:50:59.861+0000] {dagbag.py:539} INFO - Filling up the DagBag from /opt/airflow/dags/dag_with_taskflow_api.py
[2023-09-10T19:50:59.907+0000] {processor.py:839} INFO - DAG(s) dict_keys(['ganza_dag_v16']) retrieved from /opt/airflow/dags/dag_with_taskflow_api.py
[2023-09-10T19:51:00.107+0000] {logging_mixin.py:151} INFO - [2023-09-10T19:51:00.106+0000] {dag.py:2907} INFO - Sync 1 DAGs
[2023-09-10T19:51:00.146+0000] {logging_mixin.py:151} INFO - [2023-09-10T19:51:00.146+0000] {dag.py:3677} INFO - Setting next_dagrun for ganza_dag_v16 to 2023-09-10T00:00:00+00:00, run_after=2023-09-11T00:00:00+00:00
[2023-09-10T19:51:00.177+0000] {processor.py:179} INFO - Processing /opt/airflow/dags/dag_with_taskflow_api.py took 0.341 seconds
[2023-09-10T19:51:30.832+0000] {processor.py:157} INFO - Started process (PID=685) to work on /opt/airflow/dags/dag_with_taskflow_api.py
[2023-09-10T19:51:30.835+0000] {processor.py:829} INFO - Processing file /opt/airflow/dags/dag_with_taskflow_api.py for tasks to queue
[2023-09-10T19:51:30.837+0000] {logging_mixin.py:151} INFO - [2023-09-10T19:51:30.836+0000] {dagbag.py:539} INFO - Filling up the DagBag from /opt/airflow/dags/dag_with_taskflow_api.py
[2023-09-10T19:51:31.044+0000] {processor.py:839} INFO - DAG(s) dict_keys(['ganza_dag_v16']) retrieved from /opt/airflow/dags/dag_with_taskflow_api.py
[2023-09-10T19:51:31.084+0000] {logging_mixin.py:151} INFO - [2023-09-10T19:51:31.083+0000] {dag.py:2907} INFO - Sync 1 DAGs
[2023-09-10T19:51:31.124+0000] {logging_mixin.py:151} INFO - [2023-09-10T19:51:31.124+0000] {dag.py:3677} INFO - Setting next_dagrun for ganza_dag_v16 to 2023-09-10T00:00:00+00:00, run_after=2023-09-11T00:00:00+00:00
[2023-09-10T19:51:31.155+0000] {processor.py:179} INFO - Processing /opt/airflow/dags/dag_with_taskflow_api.py took 0.329 seconds
[2023-09-10T19:52:02.156+0000] {processor.py:157} INFO - Started process (PID=718) to work on /opt/airflow/dags/dag_with_taskflow_api.py
[2023-09-10T19:52:02.160+0000] {processor.py:829} INFO - Processing file /opt/airflow/dags/dag_with_taskflow_api.py for tasks to queue
[2023-09-10T19:52:02.165+0000] {logging_mixin.py:151} INFO - [2023-09-10T19:52:02.163+0000] {dagbag.py:539} INFO - Filling up the DagBag from /opt/airflow/dags/dag_with_taskflow_api.py
[2023-09-10T19:52:02.212+0000] {processor.py:839} INFO - DAG(s) dict_keys(['ganza_dag_v16']) retrieved from /opt/airflow/dags/dag_with_taskflow_api.py
[2023-09-10T19:52:02.265+0000] {logging_mixin.py:151} INFO - [2023-09-10T19:52:02.264+0000] {dag.py:2907} INFO - Sync 1 DAGs
[2023-09-10T19:52:02.310+0000] {logging_mixin.py:151} INFO - [2023-09-10T19:52:02.309+0000] {dag.py:3677} INFO - Setting next_dagrun for ganza_dag_v16 to 2023-09-10T00:00:00+00:00, run_after=2023-09-11T00:00:00+00:00
[2023-09-10T19:52:02.344+0000] {processor.py:179} INFO - Processing /opt/airflow/dags/dag_with_taskflow_api.py took 0.208 seconds
[2023-09-10T19:52:32.754+0000] {processor.py:157} INFO - Started process (PID=750) to work on /opt/airflow/dags/dag_with_taskflow_api.py
[2023-09-10T19:52:32.757+0000] {processor.py:829} INFO - Processing file /opt/airflow/dags/dag_with_taskflow_api.py for tasks to queue
[2023-09-10T19:52:32.758+0000] {logging_mixin.py:151} INFO - [2023-09-10T19:52:32.758+0000] {dagbag.py:539} INFO - Filling up the DagBag from /opt/airflow/dags/dag_with_taskflow_api.py
[2023-09-10T19:52:32.777+0000] {processor.py:839} INFO - DAG(s) dict_keys(['ganza_dag_v16']) retrieved from /opt/airflow/dags/dag_with_taskflow_api.py
[2023-09-10T19:52:32.823+0000] {logging_mixin.py:151} INFO - [2023-09-10T19:52:32.823+0000] {dag.py:2907} INFO - Sync 1 DAGs
[2023-09-10T19:52:32.869+0000] {logging_mixin.py:151} INFO - [2023-09-10T19:52:32.869+0000] {dag.py:3677} INFO - Setting next_dagrun for ganza_dag_v16 to 2023-09-10T00:00:00+00:00, run_after=2023-09-11T00:00:00+00:00
[2023-09-10T19:52:32.905+0000] {processor.py:179} INFO - Processing /opt/airflow/dags/dag_with_taskflow_api.py took 0.157 seconds
[2023-09-10T19:53:03.464+0000] {processor.py:157} INFO - Started process (PID=782) to work on /opt/airflow/dags/dag_with_taskflow_api.py
[2023-09-10T19:53:03.466+0000] {processor.py:829} INFO - Processing file /opt/airflow/dags/dag_with_taskflow_api.py for tasks to queue
[2023-09-10T19:53:03.469+0000] {logging_mixin.py:151} INFO - [2023-09-10T19:53:03.468+0000] {dagbag.py:539} INFO - Filling up the DagBag from /opt/airflow/dags/dag_with_taskflow_api.py
[2023-09-10T19:53:03.497+0000] {processor.py:839} INFO - DAG(s) dict_keys(['ganza_dag_v16']) retrieved from /opt/airflow/dags/dag_with_taskflow_api.py
[2023-09-10T19:53:03.547+0000] {logging_mixin.py:151} INFO - [2023-09-10T19:53:03.547+0000] {dag.py:2907} INFO - Sync 1 DAGs
[2023-09-10T19:53:03.583+0000] {logging_mixin.py:151} INFO - [2023-09-10T19:53:03.583+0000] {dag.py:3677} INFO - Setting next_dagrun for ganza_dag_v16 to 2023-09-10T00:00:00+00:00, run_after=2023-09-11T00:00:00+00:00
[2023-09-10T19:53:03.612+0000] {processor.py:179} INFO - Processing /opt/airflow/dags/dag_with_taskflow_api.py took 0.164 seconds
[2023-09-10T19:53:34.063+0000] {processor.py:157} INFO - Started process (PID=813) to work on /opt/airflow/dags/dag_with_taskflow_api.py
[2023-09-10T19:53:34.069+0000] {processor.py:829} INFO - Processing file /opt/airflow/dags/dag_with_taskflow_api.py for tasks to queue
[2023-09-10T19:53:34.072+0000] {logging_mixin.py:151} INFO - [2023-09-10T19:53:34.071+0000] {dagbag.py:539} INFO - Filling up the DagBag from /opt/airflow/dags/dag_with_taskflow_api.py
[2023-09-10T19:53:34.109+0000] {processor.py:839} INFO - DAG(s) dict_keys(['ganza_dag_v16']) retrieved from /opt/airflow/dags/dag_with_taskflow_api.py
[2023-09-10T19:53:34.168+0000] {logging_mixin.py:151} INFO - [2023-09-10T19:53:34.167+0000] {dag.py:2907} INFO - Sync 1 DAGs
[2023-09-10T19:53:34.219+0000] {logging_mixin.py:151} INFO - [2023-09-10T19:53:34.218+0000] {dag.py:3677} INFO - Setting next_dagrun for ganza_dag_v16 to 2023-09-10T00:00:00+00:00, run_after=2023-09-11T00:00:00+00:00
[2023-09-10T19:53:34.253+0000] {processor.py:179} INFO - Processing /opt/airflow/dags/dag_with_taskflow_api.py took 0.207 seconds
[2023-09-10T19:54:04.755+0000] {processor.py:157} INFO - Started process (PID=845) to work on /opt/airflow/dags/dag_with_taskflow_api.py
[2023-09-10T19:54:04.757+0000] {processor.py:829} INFO - Processing file /opt/airflow/dags/dag_with_taskflow_api.py for tasks to queue
[2023-09-10T19:54:04.758+0000] {logging_mixin.py:151} INFO - [2023-09-10T19:54:04.758+0000] {dagbag.py:539} INFO - Filling up the DagBag from /opt/airflow/dags/dag_with_taskflow_api.py
[2023-09-10T19:54:04.791+0000] {processor.py:839} INFO - DAG(s) dict_keys(['ganza_dag_v16']) retrieved from /opt/airflow/dags/dag_with_taskflow_api.py
[2023-09-10T19:54:04.849+0000] {logging_mixin.py:151} INFO - [2023-09-10T19:54:04.849+0000] {dag.py:2907} INFO - Sync 1 DAGs
[2023-09-10T19:54:04.906+0000] {logging_mixin.py:151} INFO - [2023-09-10T19:54:04.906+0000] {dag.py:3677} INFO - Setting next_dagrun for ganza_dag_v16 to 2023-09-10T00:00:00+00:00, run_after=2023-09-11T00:00:00+00:00
[2023-09-10T19:54:04.956+0000] {processor.py:179} INFO - Processing /opt/airflow/dags/dag_with_taskflow_api.py took 0.210 seconds
[2023-09-10T19:54:35.300+0000] {processor.py:157} INFO - Started process (PID=877) to work on /opt/airflow/dags/dag_with_taskflow_api.py
[2023-09-10T19:54:35.301+0000] {processor.py:829} INFO - Processing file /opt/airflow/dags/dag_with_taskflow_api.py for tasks to queue
[2023-09-10T19:54:35.302+0000] {logging_mixin.py:151} INFO - [2023-09-10T19:54:35.302+0000] {dagbag.py:539} INFO - Filling up the DagBag from /opt/airflow/dags/dag_with_taskflow_api.py
[2023-09-10T19:54:35.329+0000] {processor.py:839} INFO - DAG(s) dict_keys(['ganza_dag_v16']) retrieved from /opt/airflow/dags/dag_with_taskflow_api.py
[2023-09-10T19:54:35.376+0000] {logging_mixin.py:151} INFO - [2023-09-10T19:54:35.375+0000] {dag.py:2907} INFO - Sync 1 DAGs
[2023-09-10T19:54:35.421+0000] {logging_mixin.py:151} INFO - [2023-09-10T19:54:35.421+0000] {dag.py:3677} INFO - Setting next_dagrun for ganza_dag_v16 to 2023-09-10T00:00:00+00:00, run_after=2023-09-11T00:00:00+00:00
[2023-09-10T19:54:35.455+0000] {processor.py:179} INFO - Processing /opt/airflow/dags/dag_with_taskflow_api.py took 0.166 seconds
[2023-09-10T19:55:06.025+0000] {processor.py:157} INFO - Started process (PID=910) to work on /opt/airflow/dags/dag_with_taskflow_api.py
[2023-09-10T19:55:06.028+0000] {processor.py:829} INFO - Processing file /opt/airflow/dags/dag_with_taskflow_api.py for tasks to queue
[2023-09-10T19:55:06.030+0000] {logging_mixin.py:151} INFO - [2023-09-10T19:55:06.029+0000] {dagbag.py:539} INFO - Filling up the DagBag from /opt/airflow/dags/dag_with_taskflow_api.py
[2023-09-10T19:55:06.048+0000] {processor.py:839} INFO - DAG(s) dict_keys(['ganza_dag_v16']) retrieved from /opt/airflow/dags/dag_with_taskflow_api.py
[2023-09-10T19:55:06.092+0000] {logging_mixin.py:151} INFO - [2023-09-10T19:55:06.092+0000] {dag.py:2907} INFO - Sync 1 DAGs
[2023-09-10T19:55:06.134+0000] {logging_mixin.py:151} INFO - [2023-09-10T19:55:06.133+0000] {dag.py:3677} INFO - Setting next_dagrun for ganza_dag_v16 to 2023-09-10T00:00:00+00:00, run_after=2023-09-11T00:00:00+00:00
[2023-09-10T19:55:06.161+0000] {processor.py:179} INFO - Processing /opt/airflow/dags/dag_with_taskflow_api.py took 0.145 seconds
[2023-09-10T19:55:36.737+0000] {processor.py:157} INFO - Started process (PID=943) to work on /opt/airflow/dags/dag_with_taskflow_api.py
[2023-09-10T19:55:36.740+0000] {processor.py:829} INFO - Processing file /opt/airflow/dags/dag_with_taskflow_api.py for tasks to queue
[2023-09-10T19:55:36.744+0000] {logging_mixin.py:151} INFO - [2023-09-10T19:55:36.743+0000] {dagbag.py:539} INFO - Filling up the DagBag from /opt/airflow/dags/dag_with_taskflow_api.py
[2023-09-10T19:55:36.783+0000] {processor.py:839} INFO - DAG(s) dict_keys(['ganza_dag_v16']) retrieved from /opt/airflow/dags/dag_with_taskflow_api.py
[2023-09-10T19:55:36.825+0000] {logging_mixin.py:151} INFO - [2023-09-10T19:55:36.824+0000] {dag.py:2907} INFO - Sync 1 DAGs
[2023-09-10T19:55:36.867+0000] {logging_mixin.py:151} INFO - [2023-09-10T19:55:36.867+0000] {dag.py:3677} INFO - Setting next_dagrun for ganza_dag_v16 to 2023-09-10T00:00:00+00:00, run_after=2023-09-11T00:00:00+00:00
[2023-09-10T19:55:36.894+0000] {processor.py:179} INFO - Processing /opt/airflow/dags/dag_with_taskflow_api.py took 0.175 seconds
[2023-09-10T19:56:07.364+0000] {processor.py:157} INFO - Started process (PID=975) to work on /opt/airflow/dags/dag_with_taskflow_api.py
[2023-09-10T19:56:07.366+0000] {processor.py:829} INFO - Processing file /opt/airflow/dags/dag_with_taskflow_api.py for tasks to queue
[2023-09-10T19:56:07.367+0000] {logging_mixin.py:151} INFO - [2023-09-10T19:56:07.367+0000] {dagbag.py:539} INFO - Filling up the DagBag from /opt/airflow/dags/dag_with_taskflow_api.py
[2023-09-10T19:56:07.383+0000] {processor.py:839} INFO - DAG(s) dict_keys(['ganza_dag_v16']) retrieved from /opt/airflow/dags/dag_with_taskflow_api.py
[2023-09-10T19:56:07.422+0000] {logging_mixin.py:151} INFO - [2023-09-10T19:56:07.422+0000] {dag.py:2907} INFO - Sync 1 DAGs
[2023-09-10T19:56:07.457+0000] {logging_mixin.py:151} INFO - [2023-09-10T19:56:07.457+0000] {dag.py:3677} INFO - Setting next_dagrun for ganza_dag_v16 to 2023-09-10T00:00:00+00:00, run_after=2023-09-11T00:00:00+00:00
[2023-09-10T19:56:07.486+0000] {processor.py:179} INFO - Processing /opt/airflow/dags/dag_with_taskflow_api.py took 0.131 seconds
