[2023-09-10T19:43:46.825+0000] {processor.py:157} INFO - Started process (PID=169) to work on /opt/airflow/dags/dag_with_catchup_and_backfill.py
[2023-09-10T19:43:46.826+0000] {processor.py:829} INFO - Processing file /opt/airflow/dags/dag_with_catchup_and_backfill.py for tasks to queue
[2023-09-10T19:43:46.829+0000] {logging_mixin.py:151} INFO - [2023-09-10T19:43:46.828+0000] {dagbag.py:539} INFO - Filling up the DagBag from /opt/airflow/dags/dag_with_catchup_and_backfill.py
[2023-09-10T19:43:46.852+0000] {processor.py:839} INFO - DAG(s) dict_keys(['ganza_dag_catchup_backfill_v18']) retrieved from /opt/airflow/dags/dag_with_catchup_and_backfill.py
[2023-09-10T19:43:46.989+0000] {logging_mixin.py:151} INFO - [2023-09-10T19:43:46.988+0000] {dag.py:2907} INFO - Sync 1 DAGs
[2023-09-10T19:43:47.040+0000] {logging_mixin.py:151} INFO - [2023-09-10T19:43:47.040+0000] {dag.py:3677} INFO - Setting next_dagrun for ganza_dag_catchup_backfill_v18 to 2023-09-10T00:00:00+00:00, run_after=2023-09-11T00:00:00+00:00
[2023-09-10T19:43:47.081+0000] {processor.py:179} INFO - Processing /opt/airflow/dags/dag_with_catchup_and_backfill.py took 0.261 seconds
[2023-09-10T19:44:17.584+0000] {processor.py:157} INFO - Started process (PID=228) to work on /opt/airflow/dags/dag_with_catchup_and_backfill.py
[2023-09-10T19:44:17.608+0000] {processor.py:829} INFO - Processing file /opt/airflow/dags/dag_with_catchup_and_backfill.py for tasks to queue
[2023-09-10T19:44:17.610+0000] {logging_mixin.py:151} INFO - [2023-09-10T19:44:17.609+0000] {dagbag.py:539} INFO - Filling up the DagBag from /opt/airflow/dags/dag_with_catchup_and_backfill.py
[2023-09-10T19:44:17.811+0000] {processor.py:839} INFO - DAG(s) dict_keys(['ganza_dag_catchup_backfill_v18']) retrieved from /opt/airflow/dags/dag_with_catchup_and_backfill.py
[2023-09-10T19:44:18.196+0000] {logging_mixin.py:151} INFO - [2023-09-10T19:44:18.195+0000] {dag.py:2907} INFO - Sync 1 DAGs
[2023-09-10T19:44:18.536+0000] {logging_mixin.py:151} INFO - [2023-09-10T19:44:18.535+0000] {dag.py:3677} INFO - Setting next_dagrun for ganza_dag_catchup_backfill_v18 to 2023-09-10T00:00:00+00:00, run_after=2023-09-11T00:00:00+00:00
[2023-09-10T19:44:18.761+0000] {processor.py:179} INFO - Processing /opt/airflow/dags/dag_with_catchup_and_backfill.py took 1.189 seconds
[2023-09-10T19:44:49.227+0000] {processor.py:157} INFO - Started process (PID=260) to work on /opt/airflow/dags/dag_with_catchup_and_backfill.py
[2023-09-10T19:44:49.265+0000] {processor.py:829} INFO - Processing file /opt/airflow/dags/dag_with_catchup_and_backfill.py for tasks to queue
[2023-09-10T19:44:49.267+0000] {logging_mixin.py:151} INFO - [2023-09-10T19:44:49.266+0000] {dagbag.py:539} INFO - Filling up the DagBag from /opt/airflow/dags/dag_with_catchup_and_backfill.py
[2023-09-10T19:44:49.294+0000] {processor.py:839} INFO - DAG(s) dict_keys(['ganza_dag_catchup_backfill_v18']) retrieved from /opt/airflow/dags/dag_with_catchup_and_backfill.py
[2023-09-10T19:44:49.359+0000] {logging_mixin.py:151} INFO - [2023-09-10T19:44:49.359+0000] {dag.py:2907} INFO - Sync 1 DAGs
[2023-09-10T19:44:49.443+0000] {logging_mixin.py:151} INFO - [2023-09-10T19:44:49.443+0000] {dag.py:3677} INFO - Setting next_dagrun for ganza_dag_catchup_backfill_v18 to 2023-09-10T00:00:00+00:00, run_after=2023-09-11T00:00:00+00:00
[2023-09-10T19:44:49.824+0000] {processor.py:179} INFO - Processing /opt/airflow/dags/dag_with_catchup_and_backfill.py took 0.610 seconds
[2023-09-10T19:45:20.577+0000] {processor.py:157} INFO - Started process (PID=292) to work on /opt/airflow/dags/dag_with_catchup_and_backfill.py
[2023-09-10T19:45:20.587+0000] {processor.py:829} INFO - Processing file /opt/airflow/dags/dag_with_catchup_and_backfill.py for tasks to queue
[2023-09-10T19:45:20.595+0000] {logging_mixin.py:151} INFO - [2023-09-10T19:45:20.588+0000] {dagbag.py:539} INFO - Filling up the DagBag from /opt/airflow/dags/dag_with_catchup_and_backfill.py
[2023-09-10T19:45:20.639+0000] {processor.py:839} INFO - DAG(s) dict_keys(['ganza_dag_catchup_backfill_v18']) retrieved from /opt/airflow/dags/dag_with_catchup_and_backfill.py
[2023-09-10T19:45:20.735+0000] {logging_mixin.py:151} INFO - [2023-09-10T19:45:20.735+0000] {dag.py:2907} INFO - Sync 1 DAGs
[2023-09-10T19:45:20.824+0000] {logging_mixin.py:151} INFO - [2023-09-10T19:45:20.823+0000] {dag.py:3677} INFO - Setting next_dagrun for ganza_dag_catchup_backfill_v18 to 2023-09-10T00:00:00+00:00, run_after=2023-09-11T00:00:00+00:00
[2023-09-10T19:45:20.895+0000] {processor.py:179} INFO - Processing /opt/airflow/dags/dag_with_catchup_and_backfill.py took 0.328 seconds
[2023-09-10T19:45:51.248+0000] {processor.py:157} INFO - Started process (PID=324) to work on /opt/airflow/dags/dag_with_catchup_and_backfill.py
[2023-09-10T19:45:51.249+0000] {processor.py:829} INFO - Processing file /opt/airflow/dags/dag_with_catchup_and_backfill.py for tasks to queue
[2023-09-10T19:45:51.250+0000] {logging_mixin.py:151} INFO - [2023-09-10T19:45:51.250+0000] {dagbag.py:539} INFO - Filling up the DagBag from /opt/airflow/dags/dag_with_catchup_and_backfill.py
[2023-09-10T19:45:51.297+0000] {processor.py:839} INFO - DAG(s) dict_keys(['ganza_dag_catchup_backfill_v18']) retrieved from /opt/airflow/dags/dag_with_catchup_and_backfill.py
[2023-09-10T19:45:51.443+0000] {logging_mixin.py:151} INFO - [2023-09-10T19:45:51.442+0000] {dag.py:2907} INFO - Sync 1 DAGs
[2023-09-10T19:45:51.552+0000] {logging_mixin.py:151} INFO - [2023-09-10T19:45:51.552+0000] {dag.py:3677} INFO - Setting next_dagrun for ganza_dag_catchup_backfill_v18 to 2023-09-10T00:00:00+00:00, run_after=2023-09-11T00:00:00+00:00
[2023-09-10T19:45:51.662+0000] {processor.py:179} INFO - Processing /opt/airflow/dags/dag_with_catchup_and_backfill.py took 0.418 seconds
[2023-09-10T19:46:21.803+0000] {processor.py:157} INFO - Started process (PID=356) to work on /opt/airflow/dags/dag_with_catchup_and_backfill.py
[2023-09-10T19:46:21.806+0000] {processor.py:829} INFO - Processing file /opt/airflow/dags/dag_with_catchup_and_backfill.py for tasks to queue
[2023-09-10T19:46:21.808+0000] {logging_mixin.py:151} INFO - [2023-09-10T19:46:21.807+0000] {dagbag.py:539} INFO - Filling up the DagBag from /opt/airflow/dags/dag_with_catchup_and_backfill.py
[2023-09-10T19:46:21.831+0000] {processor.py:839} INFO - DAG(s) dict_keys(['ganza_dag_catchup_backfill_v18']) retrieved from /opt/airflow/dags/dag_with_catchup_and_backfill.py
[2023-09-10T19:46:21.895+0000] {logging_mixin.py:151} INFO - [2023-09-10T19:46:21.895+0000] {dag.py:2907} INFO - Sync 1 DAGs
[2023-09-10T19:46:21.962+0000] {logging_mixin.py:151} INFO - [2023-09-10T19:46:21.960+0000] {dag.py:3677} INFO - Setting next_dagrun for ganza_dag_catchup_backfill_v18 to 2023-09-10T00:00:00+00:00, run_after=2023-09-11T00:00:00+00:00
[2023-09-10T19:46:22.016+0000] {processor.py:179} INFO - Processing /opt/airflow/dags/dag_with_catchup_and_backfill.py took 0.224 seconds
[2023-09-10T19:46:52.515+0000] {processor.py:157} INFO - Started process (PID=389) to work on /opt/airflow/dags/dag_with_catchup_and_backfill.py
[2023-09-10T19:46:52.516+0000] {processor.py:829} INFO - Processing file /opt/airflow/dags/dag_with_catchup_and_backfill.py for tasks to queue
[2023-09-10T19:46:52.518+0000] {logging_mixin.py:151} INFO - [2023-09-10T19:46:52.518+0000] {dagbag.py:539} INFO - Filling up the DagBag from /opt/airflow/dags/dag_with_catchup_and_backfill.py
[2023-09-10T19:46:52.538+0000] {processor.py:839} INFO - DAG(s) dict_keys(['ganza_dag_catchup_backfill_v18']) retrieved from /opt/airflow/dags/dag_with_catchup_and_backfill.py
[2023-09-10T19:46:52.593+0000] {logging_mixin.py:151} INFO - [2023-09-10T19:46:52.593+0000] {dag.py:2907} INFO - Sync 1 DAGs
[2023-09-10T19:46:52.645+0000] {logging_mixin.py:151} INFO - [2023-09-10T19:46:52.645+0000] {dag.py:3677} INFO - Setting next_dagrun for ganza_dag_catchup_backfill_v18 to 2023-09-10T00:00:00+00:00, run_after=2023-09-11T00:00:00+00:00
[2023-09-10T19:46:52.679+0000] {processor.py:179} INFO - Processing /opt/airflow/dags/dag_with_catchup_and_backfill.py took 0.171 seconds
[2023-09-10T19:47:23.114+0000] {processor.py:157} INFO - Started process (PID=421) to work on /opt/airflow/dags/dag_with_catchup_and_backfill.py
[2023-09-10T19:47:23.116+0000] {processor.py:829} INFO - Processing file /opt/airflow/dags/dag_with_catchup_and_backfill.py for tasks to queue
[2023-09-10T19:47:23.116+0000] {logging_mixin.py:151} INFO - [2023-09-10T19:47:23.116+0000] {dagbag.py:539} INFO - Filling up the DagBag from /opt/airflow/dags/dag_with_catchup_and_backfill.py
[2023-09-10T19:47:23.138+0000] {processor.py:839} INFO - DAG(s) dict_keys(['ganza_dag_catchup_backfill_v18']) retrieved from /opt/airflow/dags/dag_with_catchup_and_backfill.py
[2023-09-10T19:47:23.193+0000] {logging_mixin.py:151} INFO - [2023-09-10T19:47:23.192+0000] {dag.py:2907} INFO - Sync 1 DAGs
[2023-09-10T19:47:23.239+0000] {logging_mixin.py:151} INFO - [2023-09-10T19:47:23.238+0000] {dag.py:3677} INFO - Setting next_dagrun for ganza_dag_catchup_backfill_v18 to 2023-09-10T00:00:00+00:00, run_after=2023-09-11T00:00:00+00:00
[2023-09-10T19:47:23.274+0000] {processor.py:179} INFO - Processing /opt/airflow/dags/dag_with_catchup_and_backfill.py took 0.165 seconds
[2023-09-10T19:47:53.800+0000] {processor.py:157} INFO - Started process (PID=453) to work on /opt/airflow/dags/dag_with_catchup_and_backfill.py
[2023-09-10T19:47:53.801+0000] {processor.py:829} INFO - Processing file /opt/airflow/dags/dag_with_catchup_and_backfill.py for tasks to queue
[2023-09-10T19:47:53.802+0000] {logging_mixin.py:151} INFO - [2023-09-10T19:47:53.802+0000] {dagbag.py:539} INFO - Filling up the DagBag from /opt/airflow/dags/dag_with_catchup_and_backfill.py
[2023-09-10T19:47:53.828+0000] {processor.py:839} INFO - DAG(s) dict_keys(['ganza_dag_catchup_backfill_v18']) retrieved from /opt/airflow/dags/dag_with_catchup_and_backfill.py
[2023-09-10T19:47:53.883+0000] {logging_mixin.py:151} INFO - [2023-09-10T19:47:53.882+0000] {dag.py:2907} INFO - Sync 1 DAGs
[2023-09-10T19:47:53.946+0000] {logging_mixin.py:151} INFO - [2023-09-10T19:47:53.942+0000] {dag.py:3677} INFO - Setting next_dagrun for ganza_dag_catchup_backfill_v18 to 2023-09-10T00:00:00+00:00, run_after=2023-09-11T00:00:00+00:00
[2023-09-10T19:47:54.012+0000] {processor.py:179} INFO - Processing /opt/airflow/dags/dag_with_catchup_and_backfill.py took 0.219 seconds
[2023-09-10T19:48:24.548+0000] {processor.py:157} INFO - Started process (PID=484) to work on /opt/airflow/dags/dag_with_catchup_and_backfill.py
[2023-09-10T19:48:24.549+0000] {processor.py:829} INFO - Processing file /opt/airflow/dags/dag_with_catchup_and_backfill.py for tasks to queue
[2023-09-10T19:48:24.551+0000] {logging_mixin.py:151} INFO - [2023-09-10T19:48:24.550+0000] {dagbag.py:539} INFO - Filling up the DagBag from /opt/airflow/dags/dag_with_catchup_and_backfill.py
[2023-09-10T19:48:24.581+0000] {processor.py:839} INFO - DAG(s) dict_keys(['ganza_dag_catchup_backfill_v18']) retrieved from /opt/airflow/dags/dag_with_catchup_and_backfill.py
[2023-09-10T19:48:24.638+0000] {logging_mixin.py:151} INFO - [2023-09-10T19:48:24.638+0000] {dag.py:2907} INFO - Sync 1 DAGs
[2023-09-10T19:48:24.680+0000] {logging_mixin.py:151} INFO - [2023-09-10T19:48:24.680+0000] {dag.py:3677} INFO - Setting next_dagrun for ganza_dag_catchup_backfill_v18 to 2023-09-10T00:00:00+00:00, run_after=2023-09-11T00:00:00+00:00
[2023-09-10T19:48:24.717+0000] {processor.py:179} INFO - Processing /opt/airflow/dags/dag_with_catchup_and_backfill.py took 0.174 seconds
[2023-09-10T19:48:55.196+0000] {processor.py:157} INFO - Started process (PID=516) to work on /opt/airflow/dags/dag_with_catchup_and_backfill.py
[2023-09-10T19:48:55.197+0000] {processor.py:829} INFO - Processing file /opt/airflow/dags/dag_with_catchup_and_backfill.py for tasks to queue
[2023-09-10T19:48:55.198+0000] {logging_mixin.py:151} INFO - [2023-09-10T19:48:55.198+0000] {dagbag.py:539} INFO - Filling up the DagBag from /opt/airflow/dags/dag_with_catchup_and_backfill.py
[2023-09-10T19:48:55.219+0000] {processor.py:839} INFO - DAG(s) dict_keys(['ganza_dag_catchup_backfill_v18']) retrieved from /opt/airflow/dags/dag_with_catchup_and_backfill.py
[2023-09-10T19:48:55.283+0000] {logging_mixin.py:151} INFO - [2023-09-10T19:48:55.283+0000] {dag.py:2907} INFO - Sync 1 DAGs
[2023-09-10T19:48:55.365+0000] {logging_mixin.py:151} INFO - [2023-09-10T19:48:55.363+0000] {dag.py:3677} INFO - Setting next_dagrun for ganza_dag_catchup_backfill_v18 to 2023-09-10T00:00:00+00:00, run_after=2023-09-11T00:00:00+00:00
[2023-09-10T19:48:55.408+0000] {processor.py:179} INFO - Processing /opt/airflow/dags/dag_with_catchup_and_backfill.py took 0.219 seconds
[2023-09-10T19:49:25.833+0000] {processor.py:157} INFO - Started process (PID=548) to work on /opt/airflow/dags/dag_with_catchup_and_backfill.py
[2023-09-10T19:49:25.838+0000] {processor.py:829} INFO - Processing file /opt/airflow/dags/dag_with_catchup_and_backfill.py for tasks to queue
[2023-09-10T19:49:25.840+0000] {logging_mixin.py:151} INFO - [2023-09-10T19:49:25.839+0000] {dagbag.py:539} INFO - Filling up the DagBag from /opt/airflow/dags/dag_with_catchup_and_backfill.py
[2023-09-10T19:49:25.860+0000] {processor.py:839} INFO - DAG(s) dict_keys(['ganza_dag_catchup_backfill_v18']) retrieved from /opt/airflow/dags/dag_with_catchup_and_backfill.py
[2023-09-10T19:49:25.906+0000] {logging_mixin.py:151} INFO - [2023-09-10T19:49:25.906+0000] {dag.py:2907} INFO - Sync 1 DAGs
[2023-09-10T19:49:25.955+0000] {logging_mixin.py:151} INFO - [2023-09-10T19:49:25.954+0000] {dag.py:3677} INFO - Setting next_dagrun for ganza_dag_catchup_backfill_v18 to 2023-09-10T00:00:00+00:00, run_after=2023-09-11T00:00:00+00:00
[2023-09-10T19:49:25.989+0000] {processor.py:179} INFO - Processing /opt/airflow/dags/dag_with_catchup_and_backfill.py took 0.161 seconds
[2023-09-10T19:49:56.521+0000] {processor.py:157} INFO - Started process (PID=580) to work on /opt/airflow/dags/dag_with_catchup_and_backfill.py
[2023-09-10T19:49:56.522+0000] {processor.py:829} INFO - Processing file /opt/airflow/dags/dag_with_catchup_and_backfill.py for tasks to queue
[2023-09-10T19:49:56.524+0000] {logging_mixin.py:151} INFO - [2023-09-10T19:49:56.523+0000] {dagbag.py:539} INFO - Filling up the DagBag from /opt/airflow/dags/dag_with_catchup_and_backfill.py
[2023-09-10T19:49:56.546+0000] {processor.py:839} INFO - DAG(s) dict_keys(['ganza_dag_catchup_backfill_v18']) retrieved from /opt/airflow/dags/dag_with_catchup_and_backfill.py
[2023-09-10T19:49:56.595+0000] {logging_mixin.py:151} INFO - [2023-09-10T19:49:56.594+0000] {dag.py:2907} INFO - Sync 1 DAGs
[2023-09-10T19:49:56.820+0000] {logging_mixin.py:151} INFO - [2023-09-10T19:49:56.819+0000] {dag.py:3677} INFO - Setting next_dagrun for ganza_dag_catchup_backfill_v18 to 2023-09-10T00:00:00+00:00, run_after=2023-09-11T00:00:00+00:00
[2023-09-10T19:49:56.856+0000] {processor.py:179} INFO - Processing /opt/airflow/dags/dag_with_catchup_and_backfill.py took 0.341 seconds
[2023-09-10T19:50:27.471+0000] {processor.py:157} INFO - Started process (PID=612) to work on /opt/airflow/dags/dag_with_catchup_and_backfill.py
[2023-09-10T19:50:27.472+0000] {processor.py:829} INFO - Processing file /opt/airflow/dags/dag_with_catchup_and_backfill.py for tasks to queue
[2023-09-10T19:50:27.473+0000] {logging_mixin.py:151} INFO - [2023-09-10T19:50:27.473+0000] {dagbag.py:539} INFO - Filling up the DagBag from /opt/airflow/dags/dag_with_catchup_and_backfill.py
[2023-09-10T19:50:27.491+0000] {processor.py:839} INFO - DAG(s) dict_keys(['ganza_dag_catchup_backfill_v18']) retrieved from /opt/airflow/dags/dag_with_catchup_and_backfill.py
[2023-09-10T19:50:27.539+0000] {logging_mixin.py:151} INFO - [2023-09-10T19:50:27.538+0000] {dag.py:2907} INFO - Sync 1 DAGs
[2023-09-10T19:50:27.770+0000] {logging_mixin.py:151} INFO - [2023-09-10T19:50:27.765+0000] {dag.py:3677} INFO - Setting next_dagrun for ganza_dag_catchup_backfill_v18 to 2023-09-10T00:00:00+00:00, run_after=2023-09-11T00:00:00+00:00
[2023-09-10T19:50:27.807+0000] {processor.py:179} INFO - Processing /opt/airflow/dags/dag_with_catchup_and_backfill.py took 0.344 seconds
[2023-09-10T19:50:58.468+0000] {processor.py:157} INFO - Started process (PID=643) to work on /opt/airflow/dags/dag_with_catchup_and_backfill.py
[2023-09-10T19:50:58.470+0000] {processor.py:829} INFO - Processing file /opt/airflow/dags/dag_with_catchup_and_backfill.py for tasks to queue
[2023-09-10T19:50:58.471+0000] {logging_mixin.py:151} INFO - [2023-09-10T19:50:58.471+0000] {dagbag.py:539} INFO - Filling up the DagBag from /opt/airflow/dags/dag_with_catchup_and_backfill.py
[2023-09-10T19:50:58.493+0000] {processor.py:839} INFO - DAG(s) dict_keys(['ganza_dag_catchup_backfill_v18']) retrieved from /opt/airflow/dags/dag_with_catchup_and_backfill.py
[2023-09-10T19:50:58.706+0000] {logging_mixin.py:151} INFO - [2023-09-10T19:50:58.706+0000] {dag.py:2907} INFO - Sync 1 DAGs
[2023-09-10T19:50:58.744+0000] {logging_mixin.py:151} INFO - [2023-09-10T19:50:58.744+0000] {dag.py:3677} INFO - Setting next_dagrun for ganza_dag_catchup_backfill_v18 to 2023-09-10T00:00:00+00:00, run_after=2023-09-11T00:00:00+00:00
[2023-09-10T19:50:58.777+0000] {processor.py:179} INFO - Processing /opt/airflow/dags/dag_with_catchup_and_backfill.py took 0.314 seconds
[2023-09-10T19:51:29.465+0000] {processor.py:157} INFO - Started process (PID=675) to work on /opt/airflow/dags/dag_with_catchup_and_backfill.py
[2023-09-10T19:51:29.476+0000] {processor.py:829} INFO - Processing file /opt/airflow/dags/dag_with_catchup_and_backfill.py for tasks to queue
[2023-09-10T19:51:29.492+0000] {logging_mixin.py:151} INFO - [2023-09-10T19:51:29.491+0000] {dagbag.py:539} INFO - Filling up the DagBag from /opt/airflow/dags/dag_with_catchup_and_backfill.py
[2023-09-10T19:51:29.687+0000] {processor.py:839} INFO - DAG(s) dict_keys(['ganza_dag_catchup_backfill_v18']) retrieved from /opt/airflow/dags/dag_with_catchup_and_backfill.py
[2023-09-10T19:51:29.720+0000] {logging_mixin.py:151} INFO - [2023-09-10T19:51:29.719+0000] {dag.py:2907} INFO - Sync 1 DAGs
[2023-09-10T19:51:29.758+0000] {logging_mixin.py:151} INFO - [2023-09-10T19:51:29.758+0000] {dag.py:3677} INFO - Setting next_dagrun for ganza_dag_catchup_backfill_v18 to 2023-09-10T00:00:00+00:00, run_after=2023-09-11T00:00:00+00:00
[2023-09-10T19:51:29.792+0000] {processor.py:179} INFO - Processing /opt/airflow/dags/dag_with_catchup_and_backfill.py took 0.346 seconds
[2023-09-10T19:51:59.909+0000] {processor.py:157} INFO - Started process (PID=708) to work on /opt/airflow/dags/dag_with_catchup_and_backfill.py
[2023-09-10T19:51:59.911+0000] {processor.py:829} INFO - Processing file /opt/airflow/dags/dag_with_catchup_and_backfill.py for tasks to queue
[2023-09-10T19:51:59.913+0000] {logging_mixin.py:151} INFO - [2023-09-10T19:51:59.912+0000] {dagbag.py:539} INFO - Filling up the DagBag from /opt/airflow/dags/dag_with_catchup_and_backfill.py
[2023-09-10T19:51:59.938+0000] {processor.py:839} INFO - DAG(s) dict_keys(['ganza_dag_catchup_backfill_v18']) retrieved from /opt/airflow/dags/dag_with_catchup_and_backfill.py
[2023-09-10T19:51:59.993+0000] {logging_mixin.py:151} INFO - [2023-09-10T19:51:59.993+0000] {dag.py:2907} INFO - Sync 1 DAGs
[2023-09-10T19:52:00.030+0000] {logging_mixin.py:151} INFO - [2023-09-10T19:52:00.030+0000] {dag.py:3677} INFO - Setting next_dagrun for ganza_dag_catchup_backfill_v18 to 2023-09-10T00:00:00+00:00, run_after=2023-09-11T00:00:00+00:00
[2023-09-10T19:52:00.072+0000] {processor.py:179} INFO - Processing /opt/airflow/dags/dag_with_catchup_and_backfill.py took 0.182 seconds
[2023-09-10T19:52:30.628+0000] {processor.py:157} INFO - Started process (PID=740) to work on /opt/airflow/dags/dag_with_catchup_and_backfill.py
[2023-09-10T19:52:30.631+0000] {processor.py:829} INFO - Processing file /opt/airflow/dags/dag_with_catchup_and_backfill.py for tasks to queue
[2023-09-10T19:52:30.634+0000] {logging_mixin.py:151} INFO - [2023-09-10T19:52:30.633+0000] {dagbag.py:539} INFO - Filling up the DagBag from /opt/airflow/dags/dag_with_catchup_and_backfill.py
[2023-09-10T19:52:30.664+0000] {processor.py:839} INFO - DAG(s) dict_keys(['ganza_dag_catchup_backfill_v18']) retrieved from /opt/airflow/dags/dag_with_catchup_and_backfill.py
[2023-09-10T19:52:30.720+0000] {logging_mixin.py:151} INFO - [2023-09-10T19:52:30.720+0000] {dag.py:2907} INFO - Sync 1 DAGs
[2023-09-10T19:52:30.760+0000] {logging_mixin.py:151} INFO - [2023-09-10T19:52:30.760+0000] {dag.py:3677} INFO - Setting next_dagrun for ganza_dag_catchup_backfill_v18 to 2023-09-10T00:00:00+00:00, run_after=2023-09-11T00:00:00+00:00
[2023-09-10T19:52:30.789+0000] {processor.py:179} INFO - Processing /opt/airflow/dags/dag_with_catchup_and_backfill.py took 0.177 seconds
[2023-09-10T19:53:01.232+0000] {processor.py:157} INFO - Started process (PID=772) to work on /opt/airflow/dags/dag_with_catchup_and_backfill.py
[2023-09-10T19:53:01.235+0000] {processor.py:829} INFO - Processing file /opt/airflow/dags/dag_with_catchup_and_backfill.py for tasks to queue
[2023-09-10T19:53:01.238+0000] {logging_mixin.py:151} INFO - [2023-09-10T19:53:01.237+0000] {dagbag.py:539} INFO - Filling up the DagBag from /opt/airflow/dags/dag_with_catchup_and_backfill.py
[2023-09-10T19:53:01.267+0000] {processor.py:839} INFO - DAG(s) dict_keys(['ganza_dag_catchup_backfill_v18']) retrieved from /opt/airflow/dags/dag_with_catchup_and_backfill.py
[2023-09-10T19:53:01.310+0000] {logging_mixin.py:151} INFO - [2023-09-10T19:53:01.310+0000] {dag.py:2907} INFO - Sync 1 DAGs
[2023-09-10T19:53:01.350+0000] {logging_mixin.py:151} INFO - [2023-09-10T19:53:01.350+0000] {dag.py:3677} INFO - Setting next_dagrun for ganza_dag_catchup_backfill_v18 to 2023-09-10T00:00:00+00:00, run_after=2023-09-11T00:00:00+00:00
[2023-09-10T19:53:01.379+0000] {processor.py:179} INFO - Processing /opt/airflow/dags/dag_with_catchup_and_backfill.py took 0.166 seconds
[2023-09-10T19:53:31.918+0000] {processor.py:157} INFO - Started process (PID=803) to work on /opt/airflow/dags/dag_with_catchup_and_backfill.py
[2023-09-10T19:53:31.919+0000] {processor.py:829} INFO - Processing file /opt/airflow/dags/dag_with_catchup_and_backfill.py for tasks to queue
[2023-09-10T19:53:31.920+0000] {logging_mixin.py:151} INFO - [2023-09-10T19:53:31.919+0000] {dagbag.py:539} INFO - Filling up the DagBag from /opt/airflow/dags/dag_with_catchup_and_backfill.py
[2023-09-10T19:53:31.939+0000] {processor.py:839} INFO - DAG(s) dict_keys(['ganza_dag_catchup_backfill_v18']) retrieved from /opt/airflow/dags/dag_with_catchup_and_backfill.py
[2023-09-10T19:53:31.992+0000] {logging_mixin.py:151} INFO - [2023-09-10T19:53:31.991+0000] {dag.py:2907} INFO - Sync 1 DAGs
[2023-09-10T19:53:32.040+0000] {logging_mixin.py:151} INFO - [2023-09-10T19:53:32.039+0000] {dag.py:3677} INFO - Setting next_dagrun for ganza_dag_catchup_backfill_v18 to 2023-09-10T00:00:00+00:00, run_after=2023-09-11T00:00:00+00:00
[2023-09-10T19:53:32.069+0000] {processor.py:179} INFO - Processing /opt/airflow/dags/dag_with_catchup_and_backfill.py took 0.157 seconds
[2023-09-10T19:54:02.647+0000] {processor.py:157} INFO - Started process (PID=835) to work on /opt/airflow/dags/dag_with_catchup_and_backfill.py
[2023-09-10T19:54:02.652+0000] {processor.py:829} INFO - Processing file /opt/airflow/dags/dag_with_catchup_and_backfill.py for tasks to queue
[2023-09-10T19:54:02.656+0000] {logging_mixin.py:151} INFO - [2023-09-10T19:54:02.655+0000] {dagbag.py:539} INFO - Filling up the DagBag from /opt/airflow/dags/dag_with_catchup_and_backfill.py
[2023-09-10T19:54:02.697+0000] {processor.py:839} INFO - DAG(s) dict_keys(['ganza_dag_catchup_backfill_v18']) retrieved from /opt/airflow/dags/dag_with_catchup_and_backfill.py
[2023-09-10T19:54:02.747+0000] {logging_mixin.py:151} INFO - [2023-09-10T19:54:02.747+0000] {dag.py:2907} INFO - Sync 1 DAGs
[2023-09-10T19:54:02.791+0000] {logging_mixin.py:151} INFO - [2023-09-10T19:54:02.791+0000] {dag.py:3677} INFO - Setting next_dagrun for ganza_dag_catchup_backfill_v18 to 2023-09-10T00:00:00+00:00, run_after=2023-09-11T00:00:00+00:00
[2023-09-10T19:54:02.819+0000] {processor.py:179} INFO - Processing /opt/airflow/dags/dag_with_catchup_and_backfill.py took 0.192 seconds
[2023-09-10T19:54:33.225+0000] {processor.py:157} INFO - Started process (PID=867) to work on /opt/airflow/dags/dag_with_catchup_and_backfill.py
[2023-09-10T19:54:33.226+0000] {processor.py:829} INFO - Processing file /opt/airflow/dags/dag_with_catchup_and_backfill.py for tasks to queue
[2023-09-10T19:54:33.227+0000] {logging_mixin.py:151} INFO - [2023-09-10T19:54:33.227+0000] {dagbag.py:539} INFO - Filling up the DagBag from /opt/airflow/dags/dag_with_catchup_and_backfill.py
[2023-09-10T19:54:33.247+0000] {processor.py:839} INFO - DAG(s) dict_keys(['ganza_dag_catchup_backfill_v18']) retrieved from /opt/airflow/dags/dag_with_catchup_and_backfill.py
[2023-09-10T19:54:33.305+0000] {logging_mixin.py:151} INFO - [2023-09-10T19:54:33.304+0000] {dag.py:2907} INFO - Sync 1 DAGs
[2023-09-10T19:54:33.363+0000] {logging_mixin.py:151} INFO - [2023-09-10T19:54:33.362+0000] {dag.py:3677} INFO - Setting next_dagrun for ganza_dag_catchup_backfill_v18 to 2023-09-10T00:00:00+00:00, run_after=2023-09-11T00:00:00+00:00
[2023-09-10T19:54:33.402+0000] {processor.py:179} INFO - Processing /opt/airflow/dags/dag_with_catchup_and_backfill.py took 0.183 seconds
[2023-09-10T19:55:03.745+0000] {processor.py:157} INFO - Started process (PID=900) to work on /opt/airflow/dags/dag_with_catchup_and_backfill.py
[2023-09-10T19:55:03.749+0000] {processor.py:829} INFO - Processing file /opt/airflow/dags/dag_with_catchup_and_backfill.py for tasks to queue
[2023-09-10T19:55:03.754+0000] {logging_mixin.py:151} INFO - [2023-09-10T19:55:03.752+0000] {dagbag.py:539} INFO - Filling up the DagBag from /opt/airflow/dags/dag_with_catchup_and_backfill.py
[2023-09-10T19:55:03.792+0000] {processor.py:839} INFO - DAG(s) dict_keys(['ganza_dag_catchup_backfill_v18']) retrieved from /opt/airflow/dags/dag_with_catchup_and_backfill.py
[2023-09-10T19:55:03.837+0000] {logging_mixin.py:151} INFO - [2023-09-10T19:55:03.837+0000] {dag.py:2907} INFO - Sync 1 DAGs
[2023-09-10T19:55:03.883+0000] {logging_mixin.py:151} INFO - [2023-09-10T19:55:03.882+0000] {dag.py:3677} INFO - Setting next_dagrun for ganza_dag_catchup_backfill_v18 to 2023-09-10T00:00:00+00:00, run_after=2023-09-11T00:00:00+00:00
[2023-09-10T19:55:03.910+0000] {processor.py:179} INFO - Processing /opt/airflow/dags/dag_with_catchup_and_backfill.py took 0.181 seconds
[2023-09-10T19:55:34.492+0000] {processor.py:157} INFO - Started process (PID=933) to work on /opt/airflow/dags/dag_with_catchup_and_backfill.py
[2023-09-10T19:55:34.495+0000] {processor.py:829} INFO - Processing file /opt/airflow/dags/dag_with_catchup_and_backfill.py for tasks to queue
[2023-09-10T19:55:34.497+0000] {logging_mixin.py:151} INFO - [2023-09-10T19:55:34.496+0000] {dagbag.py:539} INFO - Filling up the DagBag from /opt/airflow/dags/dag_with_catchup_and_backfill.py
[2023-09-10T19:55:34.525+0000] {processor.py:839} INFO - DAG(s) dict_keys(['ganza_dag_catchup_backfill_v18']) retrieved from /opt/airflow/dags/dag_with_catchup_and_backfill.py
[2023-09-10T19:55:34.566+0000] {logging_mixin.py:151} INFO - [2023-09-10T19:55:34.566+0000] {dag.py:2907} INFO - Sync 1 DAGs
[2023-09-10T19:55:34.611+0000] {logging_mixin.py:151} INFO - [2023-09-10T19:55:34.610+0000] {dag.py:3677} INFO - Setting next_dagrun for ganza_dag_catchup_backfill_v18 to 2023-09-10T00:00:00+00:00, run_after=2023-09-11T00:00:00+00:00
[2023-09-10T19:55:34.642+0000] {processor.py:179} INFO - Processing /opt/airflow/dags/dag_with_catchup_and_backfill.py took 0.169 seconds
[2023-09-10T19:56:05.185+0000] {processor.py:157} INFO - Started process (PID=965) to work on /opt/airflow/dags/dag_with_catchup_and_backfill.py
[2023-09-10T19:56:05.189+0000] {processor.py:829} INFO - Processing file /opt/airflow/dags/dag_with_catchup_and_backfill.py for tasks to queue
[2023-09-10T19:56:05.190+0000] {logging_mixin.py:151} INFO - [2023-09-10T19:56:05.190+0000] {dagbag.py:539} INFO - Filling up the DagBag from /opt/airflow/dags/dag_with_catchup_and_backfill.py
[2023-09-10T19:56:05.207+0000] {processor.py:839} INFO - DAG(s) dict_keys(['ganza_dag_catchup_backfill_v18']) retrieved from /opt/airflow/dags/dag_with_catchup_and_backfill.py
[2023-09-10T19:56:05.242+0000] {logging_mixin.py:151} INFO - [2023-09-10T19:56:05.242+0000] {dag.py:2907} INFO - Sync 1 DAGs
[2023-09-10T19:56:05.273+0000] {logging_mixin.py:151} INFO - [2023-09-10T19:56:05.273+0000] {dag.py:3677} INFO - Setting next_dagrun for ganza_dag_catchup_backfill_v18 to 2023-09-10T00:00:00+00:00, run_after=2023-09-11T00:00:00+00:00
[2023-09-10T19:56:05.298+0000] {processor.py:179} INFO - Processing /opt/airflow/dags/dag_with_catchup_and_backfill.py took 0.125 seconds
