[2023-09-10T19:43:47.762+0000] {processor.py:157} INFO - Started process (PID=194) to work on /opt/airflow/dags/my_first_dag.py
[2023-09-10T19:43:47.763+0000] {processor.py:829} INFO - Processing file /opt/airflow/dags/my_first_dag.py for tasks to queue
[2023-09-10T19:43:47.767+0000] {logging_mixin.py:151} INFO - [2023-09-10T19:43:47.766+0000] {dagbag.py:539} INFO - Filling up the DagBag from /opt/airflow/dags/my_first_dag.py
[2023-09-10T19:43:47.885+0000] {processor.py:839} INFO - DAG(s) dict_keys(['ganza_dag_v5']) retrieved from /opt/airflow/dags/my_first_dag.py
[2023-09-10T19:43:48.023+0000] {logging_mixin.py:151} INFO - [2023-09-10T19:43:48.023+0000] {dag.py:2907} INFO - Sync 1 DAGs
[2023-09-10T19:43:48.176+0000] {logging_mixin.py:151} INFO - [2023-09-10T19:43:48.175+0000] {dag.py:3677} INFO - Setting next_dagrun for ganza_dag_v5 to 2023-09-10T00:00:00+00:00, run_after=2023-09-11T00:00:00+00:00
[2023-09-10T19:43:48.339+0000] {processor.py:179} INFO - Processing /opt/airflow/dags/my_first_dag.py took 0.587 seconds
[2023-09-10T19:44:19.535+0000] {processor.py:157} INFO - Started process (PID=246) to work on /opt/airflow/dags/my_first_dag.py
[2023-09-10T19:44:19.582+0000] {processor.py:829} INFO - Processing file /opt/airflow/dags/my_first_dag.py for tasks to queue
[2023-09-10T19:44:19.591+0000] {logging_mixin.py:151} INFO - [2023-09-10T19:44:19.583+0000] {dagbag.py:539} INFO - Filling up the DagBag from /opt/airflow/dags/my_first_dag.py
[2023-09-10T19:44:19.642+0000] {processor.py:839} INFO - DAG(s) dict_keys(['ganza_dag_v5']) retrieved from /opt/airflow/dags/my_first_dag.py
[2023-09-10T19:44:19.868+0000] {logging_mixin.py:151} INFO - [2023-09-10T19:44:19.868+0000] {dag.py:2907} INFO - Sync 1 DAGs
[2023-09-10T19:44:20.027+0000] {logging_mixin.py:151} INFO - [2023-09-10T19:44:20.027+0000] {dag.py:3677} INFO - Setting next_dagrun for ganza_dag_v5 to 2023-09-10T00:00:00+00:00, run_after=2023-09-11T00:00:00+00:00
[2023-09-10T19:44:20.141+0000] {processor.py:179} INFO - Processing /opt/airflow/dags/my_first_dag.py took 0.627 seconds
[2023-09-10T19:44:50.379+0000] {processor.py:157} INFO - Started process (PID=278) to work on /opt/airflow/dags/my_first_dag.py
[2023-09-10T19:44:50.432+0000] {processor.py:829} INFO - Processing file /opt/airflow/dags/my_first_dag.py for tasks to queue
[2023-09-10T19:44:50.433+0000] {logging_mixin.py:151} INFO - [2023-09-10T19:44:50.433+0000] {dagbag.py:539} INFO - Filling up the DagBag from /opt/airflow/dags/my_first_dag.py
[2023-09-10T19:44:50.466+0000] {processor.py:839} INFO - DAG(s) dict_keys(['ganza_dag_v5']) retrieved from /opt/airflow/dags/my_first_dag.py
[2023-09-10T19:44:50.538+0000] {logging_mixin.py:151} INFO - [2023-09-10T19:44:50.538+0000] {dag.py:2907} INFO - Sync 1 DAGs
[2023-09-10T19:44:50.757+0000] {logging_mixin.py:151} INFO - [2023-09-10T19:44:50.756+0000] {dag.py:3677} INFO - Setting next_dagrun for ganza_dag_v5 to 2023-09-10T00:00:00+00:00, run_after=2023-09-11T00:00:00+00:00
[2023-09-10T19:44:50.903+0000] {processor.py:179} INFO - Processing /opt/airflow/dags/my_first_dag.py took 0.537 seconds
[2023-09-10T19:45:21.442+0000] {processor.py:157} INFO - Started process (PID=307) to work on /opt/airflow/dags/my_first_dag.py
[2023-09-10T19:45:21.446+0000] {processor.py:829} INFO - Processing file /opt/airflow/dags/my_first_dag.py for tasks to queue
[2023-09-10T19:45:21.448+0000] {logging_mixin.py:151} INFO - [2023-09-10T19:45:21.447+0000] {dagbag.py:539} INFO - Filling up the DagBag from /opt/airflow/dags/my_first_dag.py
[2023-09-10T19:45:21.496+0000] {processor.py:839} INFO - DAG(s) dict_keys(['ganza_dag_v5']) retrieved from /opt/airflow/dags/my_first_dag.py
[2023-09-10T19:45:21.564+0000] {logging_mixin.py:151} INFO - [2023-09-10T19:45:21.564+0000] {dag.py:2907} INFO - Sync 1 DAGs
[2023-09-10T19:45:21.623+0000] {logging_mixin.py:151} INFO - [2023-09-10T19:45:21.622+0000] {dag.py:3677} INFO - Setting next_dagrun for ganza_dag_v5 to 2023-09-10T00:00:00+00:00, run_after=2023-09-11T00:00:00+00:00
[2023-09-10T19:45:21.655+0000] {processor.py:179} INFO - Processing /opt/airflow/dags/my_first_dag.py took 0.222 seconds
[2023-09-10T19:45:51.760+0000] {processor.py:157} INFO - Started process (PID=337) to work on /opt/airflow/dags/my_first_dag.py
[2023-09-10T19:45:51.761+0000] {processor.py:829} INFO - Processing file /opt/airflow/dags/my_first_dag.py for tasks to queue
[2023-09-10T19:45:51.763+0000] {logging_mixin.py:151} INFO - [2023-09-10T19:45:51.762+0000] {dagbag.py:539} INFO - Filling up the DagBag from /opt/airflow/dags/my_first_dag.py
[2023-09-10T19:45:51.798+0000] {processor.py:839} INFO - DAG(s) dict_keys(['ganza_dag_v5']) retrieved from /opt/airflow/dags/my_first_dag.py
[2023-09-10T19:45:51.884+0000] {logging_mixin.py:151} INFO - [2023-09-10T19:45:51.879+0000] {dag.py:2907} INFO - Sync 1 DAGs
[2023-09-10T19:45:51.968+0000] {logging_mixin.py:151} INFO - [2023-09-10T19:45:51.967+0000] {dag.py:3677} INFO - Setting next_dagrun for ganza_dag_v5 to 2023-09-10T00:00:00+00:00, run_after=2023-09-11T00:00:00+00:00
[2023-09-10T19:45:52.049+0000] {processor.py:179} INFO - Processing /opt/airflow/dags/my_first_dag.py took 0.294 seconds
[2023-09-10T19:46:23.337+0000] {processor.py:157} INFO - Started process (PID=376) to work on /opt/airflow/dags/my_first_dag.py
[2023-09-10T19:46:23.339+0000] {processor.py:829} INFO - Processing file /opt/airflow/dags/my_first_dag.py for tasks to queue
[2023-09-10T19:46:23.340+0000] {logging_mixin.py:151} INFO - [2023-09-10T19:46:23.339+0000] {dagbag.py:539} INFO - Filling up the DagBag from /opt/airflow/dags/my_first_dag.py
[2023-09-10T19:46:23.358+0000] {processor.py:839} INFO - DAG(s) dict_keys(['ganza_dag_v5']) retrieved from /opt/airflow/dags/my_first_dag.py
[2023-09-10T19:46:23.403+0000] {logging_mixin.py:151} INFO - [2023-09-10T19:46:23.403+0000] {dag.py:2907} INFO - Sync 1 DAGs
[2023-09-10T19:46:23.450+0000] {logging_mixin.py:151} INFO - [2023-09-10T19:46:23.449+0000] {dag.py:3677} INFO - Setting next_dagrun for ganza_dag_v5 to 2023-09-10T00:00:00+00:00, run_after=2023-09-11T00:00:00+00:00
[2023-09-10T19:46:23.482+0000] {processor.py:179} INFO - Processing /opt/airflow/dags/my_first_dag.py took 0.149 seconds
[2023-09-10T19:46:53.899+0000] {processor.py:157} INFO - Started process (PID=409) to work on /opt/airflow/dags/my_first_dag.py
[2023-09-10T19:46:53.901+0000] {processor.py:829} INFO - Processing file /opt/airflow/dags/my_first_dag.py for tasks to queue
[2023-09-10T19:46:53.902+0000] {logging_mixin.py:151} INFO - [2023-09-10T19:46:53.901+0000] {dagbag.py:539} INFO - Filling up the DagBag from /opt/airflow/dags/my_first_dag.py
[2023-09-10T19:46:53.918+0000] {processor.py:839} INFO - DAG(s) dict_keys(['ganza_dag_v5']) retrieved from /opt/airflow/dags/my_first_dag.py
[2023-09-10T19:46:53.975+0000] {logging_mixin.py:151} INFO - [2023-09-10T19:46:53.974+0000] {dag.py:2907} INFO - Sync 1 DAGs
[2023-09-10T19:46:54.019+0000] {logging_mixin.py:151} INFO - [2023-09-10T19:46:54.019+0000] {dag.py:3677} INFO - Setting next_dagrun for ganza_dag_v5 to 2023-09-10T00:00:00+00:00, run_after=2023-09-11T00:00:00+00:00
[2023-09-10T19:46:54.045+0000] {processor.py:179} INFO - Processing /opt/airflow/dags/my_first_dag.py took 0.150 seconds
[2023-09-10T19:47:24.552+0000] {processor.py:157} INFO - Started process (PID=441) to work on /opt/airflow/dags/my_first_dag.py
[2023-09-10T19:47:24.553+0000] {processor.py:829} INFO - Processing file /opt/airflow/dags/my_first_dag.py for tasks to queue
[2023-09-10T19:47:24.555+0000] {logging_mixin.py:151} INFO - [2023-09-10T19:47:24.555+0000] {dagbag.py:539} INFO - Filling up the DagBag from /opt/airflow/dags/my_first_dag.py
[2023-09-10T19:47:24.575+0000] {processor.py:839} INFO - DAG(s) dict_keys(['ganza_dag_v5']) retrieved from /opt/airflow/dags/my_first_dag.py
[2023-09-10T19:47:24.617+0000] {logging_mixin.py:151} INFO - [2023-09-10T19:47:24.617+0000] {dag.py:2907} INFO - Sync 1 DAGs
[2023-09-10T19:47:24.657+0000] {logging_mixin.py:151} INFO - [2023-09-10T19:47:24.657+0000] {dag.py:3677} INFO - Setting next_dagrun for ganza_dag_v5 to 2023-09-10T00:00:00+00:00, run_after=2023-09-11T00:00:00+00:00
[2023-09-10T19:47:24.685+0000] {processor.py:179} INFO - Processing /opt/airflow/dags/my_first_dag.py took 0.136 seconds
[2023-09-10T19:47:55.370+0000] {processor.py:157} INFO - Started process (PID=472) to work on /opt/airflow/dags/my_first_dag.py
[2023-09-10T19:47:55.372+0000] {processor.py:829} INFO - Processing file /opt/airflow/dags/my_first_dag.py for tasks to queue
[2023-09-10T19:47:55.374+0000] {logging_mixin.py:151} INFO - [2023-09-10T19:47:55.373+0000] {dagbag.py:539} INFO - Filling up the DagBag from /opt/airflow/dags/my_first_dag.py
[2023-09-10T19:47:55.400+0000] {processor.py:839} INFO - DAG(s) dict_keys(['ganza_dag_v5']) retrieved from /opt/airflow/dags/my_first_dag.py
[2023-09-10T19:47:55.456+0000] {logging_mixin.py:151} INFO - [2023-09-10T19:47:55.456+0000] {dag.py:2907} INFO - Sync 1 DAGs
[2023-09-10T19:47:55.506+0000] {logging_mixin.py:151} INFO - [2023-09-10T19:47:55.506+0000] {dag.py:3677} INFO - Setting next_dagrun for ganza_dag_v5 to 2023-09-10T00:00:00+00:00, run_after=2023-09-11T00:00:00+00:00
[2023-09-10T19:47:55.541+0000] {processor.py:179} INFO - Processing /opt/airflow/dags/my_first_dag.py took 0.183 seconds
[2023-09-10T19:48:25.962+0000] {processor.py:157} INFO - Started process (PID=504) to work on /opt/airflow/dags/my_first_dag.py
[2023-09-10T19:48:25.963+0000] {processor.py:829} INFO - Processing file /opt/airflow/dags/my_first_dag.py for tasks to queue
[2023-09-10T19:48:25.964+0000] {logging_mixin.py:151} INFO - [2023-09-10T19:48:25.964+0000] {dagbag.py:539} INFO - Filling up the DagBag from /opt/airflow/dags/my_first_dag.py
[2023-09-10T19:48:25.982+0000] {processor.py:839} INFO - DAG(s) dict_keys(['ganza_dag_v5']) retrieved from /opt/airflow/dags/my_first_dag.py
[2023-09-10T19:48:26.031+0000] {logging_mixin.py:151} INFO - [2023-09-10T19:48:26.031+0000] {dag.py:2907} INFO - Sync 1 DAGs
[2023-09-10T19:48:26.075+0000] {logging_mixin.py:151} INFO - [2023-09-10T19:48:26.075+0000] {dag.py:3677} INFO - Setting next_dagrun for ganza_dag_v5 to 2023-09-10T00:00:00+00:00, run_after=2023-09-11T00:00:00+00:00
[2023-09-10T19:48:26.108+0000] {processor.py:179} INFO - Processing /opt/airflow/dags/my_first_dag.py took 0.151 seconds
[2023-09-10T19:48:56.655+0000] {processor.py:157} INFO - Started process (PID=536) to work on /opt/airflow/dags/my_first_dag.py
[2023-09-10T19:48:56.657+0000] {processor.py:829} INFO - Processing file /opt/airflow/dags/my_first_dag.py for tasks to queue
[2023-09-10T19:48:56.658+0000] {logging_mixin.py:151} INFO - [2023-09-10T19:48:56.657+0000] {dagbag.py:539} INFO - Filling up the DagBag from /opt/airflow/dags/my_first_dag.py
[2023-09-10T19:48:56.675+0000] {processor.py:839} INFO - DAG(s) dict_keys(['ganza_dag_v5']) retrieved from /opt/airflow/dags/my_first_dag.py
[2023-09-10T19:48:56.713+0000] {logging_mixin.py:151} INFO - [2023-09-10T19:48:56.712+0000] {dag.py:2907} INFO - Sync 1 DAGs
[2023-09-10T19:48:56.754+0000] {logging_mixin.py:151} INFO - [2023-09-10T19:48:56.753+0000] {dag.py:3677} INFO - Setting next_dagrun for ganza_dag_v5 to 2023-09-10T00:00:00+00:00, run_after=2023-09-11T00:00:00+00:00
[2023-09-10T19:48:56.781+0000] {processor.py:179} INFO - Processing /opt/airflow/dags/my_first_dag.py took 0.133 seconds
[2023-09-10T19:49:27.209+0000] {processor.py:157} INFO - Started process (PID=566) to work on /opt/airflow/dags/my_first_dag.py
[2023-09-10T19:49:27.210+0000] {processor.py:829} INFO - Processing file /opt/airflow/dags/my_first_dag.py for tasks to queue
[2023-09-10T19:49:27.211+0000] {logging_mixin.py:151} INFO - [2023-09-10T19:49:27.210+0000] {dagbag.py:539} INFO - Filling up the DagBag from /opt/airflow/dags/my_first_dag.py
[2023-09-10T19:49:27.233+0000] {processor.py:839} INFO - DAG(s) dict_keys(['ganza_dag_v5']) retrieved from /opt/airflow/dags/my_first_dag.py
[2023-09-10T19:49:27.284+0000] {logging_mixin.py:151} INFO - [2023-09-10T19:49:27.283+0000] {dag.py:2907} INFO - Sync 1 DAGs
[2023-09-10T19:49:27.339+0000] {logging_mixin.py:151} INFO - [2023-09-10T19:49:27.338+0000] {dag.py:3677} INFO - Setting next_dagrun for ganza_dag_v5 to 2023-09-10T00:00:00+00:00, run_after=2023-09-11T00:00:00+00:00
[2023-09-10T19:49:27.516+0000] {processor.py:179} INFO - Processing /opt/airflow/dags/my_first_dag.py took 0.313 seconds
[2023-09-10T19:49:58.297+0000] {processor.py:157} INFO - Started process (PID=600) to work on /opt/airflow/dags/my_first_dag.py
[2023-09-10T19:49:58.299+0000] {processor.py:829} INFO - Processing file /opt/airflow/dags/my_first_dag.py for tasks to queue
[2023-09-10T19:49:58.301+0000] {logging_mixin.py:151} INFO - [2023-09-10T19:49:58.300+0000] {dagbag.py:539} INFO - Filling up the DagBag from /opt/airflow/dags/my_first_dag.py
[2023-09-10T19:49:58.318+0000] {processor.py:839} INFO - DAG(s) dict_keys(['ganza_dag_v5']) retrieved from /opt/airflow/dags/my_first_dag.py
[2023-09-10T19:49:58.365+0000] {logging_mixin.py:151} INFO - [2023-09-10T19:49:58.364+0000] {dag.py:2907} INFO - Sync 1 DAGs
[2023-09-10T19:49:58.551+0000] {logging_mixin.py:151} INFO - [2023-09-10T19:49:58.551+0000] {dag.py:3677} INFO - Setting next_dagrun for ganza_dag_v5 to 2023-09-10T00:00:00+00:00, run_after=2023-09-11T00:00:00+00:00
[2023-09-10T19:49:58.584+0000] {processor.py:179} INFO - Processing /opt/airflow/dags/my_first_dag.py took 0.292 seconds
[2023-09-10T19:50:29.270+0000] {processor.py:157} INFO - Started process (PID=632) to work on /opt/airflow/dags/my_first_dag.py
[2023-09-10T19:50:29.271+0000] {processor.py:829} INFO - Processing file /opt/airflow/dags/my_first_dag.py for tasks to queue
[2023-09-10T19:50:29.272+0000] {logging_mixin.py:151} INFO - [2023-09-10T19:50:29.272+0000] {dagbag.py:539} INFO - Filling up the DagBag from /opt/airflow/dags/my_first_dag.py
[2023-09-10T19:50:29.287+0000] {processor.py:839} INFO - DAG(s) dict_keys(['ganza_dag_v5']) retrieved from /opt/airflow/dags/my_first_dag.py
[2023-09-10T19:50:29.344+0000] {logging_mixin.py:151} INFO - [2023-09-10T19:50:29.344+0000] {dag.py:2907} INFO - Sync 1 DAGs
[2023-09-10T19:50:29.526+0000] {logging_mixin.py:151} INFO - [2023-09-10T19:50:29.525+0000] {dag.py:3677} INFO - Setting next_dagrun for ganza_dag_v5 to 2023-09-10T00:00:00+00:00, run_after=2023-09-11T00:00:00+00:00
[2023-09-10T19:50:29.557+0000] {processor.py:179} INFO - Processing /opt/airflow/dags/my_first_dag.py took 0.292 seconds
[2023-09-10T19:51:00.203+0000] {processor.py:157} INFO - Started process (PID=663) to work on /opt/airflow/dags/my_first_dag.py
[2023-09-10T19:51:00.205+0000] {processor.py:829} INFO - Processing file /opt/airflow/dags/my_first_dag.py for tasks to queue
[2023-09-10T19:51:00.206+0000] {logging_mixin.py:151} INFO - [2023-09-10T19:51:00.205+0000] {dagbag.py:539} INFO - Filling up the DagBag from /opt/airflow/dags/my_first_dag.py
[2023-09-10T19:51:00.217+0000] {processor.py:839} INFO - DAG(s) dict_keys(['ganza_dag_v5']) retrieved from /opt/airflow/dags/my_first_dag.py
[2023-09-10T19:51:00.382+0000] {logging_mixin.py:151} INFO - [2023-09-10T19:51:00.381+0000] {dag.py:2907} INFO - Sync 1 DAGs
[2023-09-10T19:51:00.412+0000] {logging_mixin.py:151} INFO - [2023-09-10T19:51:00.412+0000] {dag.py:3677} INFO - Setting next_dagrun for ganza_dag_v5 to 2023-09-10T00:00:00+00:00, run_after=2023-09-11T00:00:00+00:00
[2023-09-10T19:51:00.436+0000] {processor.py:179} INFO - Processing /opt/airflow/dags/my_first_dag.py took 0.238 seconds
[2023-09-10T19:51:31.177+0000] {processor.py:157} INFO - Started process (PID=695) to work on /opt/airflow/dags/my_first_dag.py
[2023-09-10T19:51:31.179+0000] {processor.py:829} INFO - Processing file /opt/airflow/dags/my_first_dag.py for tasks to queue
[2023-09-10T19:51:31.180+0000] {logging_mixin.py:151} INFO - [2023-09-10T19:51:31.180+0000] {dagbag.py:539} INFO - Filling up the DagBag from /opt/airflow/dags/my_first_dag.py
[2023-09-10T19:51:31.320+0000] {processor.py:839} INFO - DAG(s) dict_keys(['ganza_dag_v5']) retrieved from /opt/airflow/dags/my_first_dag.py
[2023-09-10T19:51:31.351+0000] {logging_mixin.py:151} INFO - [2023-09-10T19:51:31.351+0000] {dag.py:2907} INFO - Sync 1 DAGs
[2023-09-10T19:51:31.384+0000] {logging_mixin.py:151} INFO - [2023-09-10T19:51:31.384+0000] {dag.py:3677} INFO - Setting next_dagrun for ganza_dag_v5 to 2023-09-10T00:00:00+00:00, run_after=2023-09-11T00:00:00+00:00
[2023-09-10T19:51:31.408+0000] {processor.py:179} INFO - Processing /opt/airflow/dags/my_first_dag.py took 0.237 seconds
[2023-09-10T19:52:02.375+0000] {processor.py:157} INFO - Started process (PID=728) to work on /opt/airflow/dags/my_first_dag.py
[2023-09-10T19:52:02.376+0000] {processor.py:829} INFO - Processing file /opt/airflow/dags/my_first_dag.py for tasks to queue
[2023-09-10T19:52:02.376+0000] {logging_mixin.py:151} INFO - [2023-09-10T19:52:02.376+0000] {dagbag.py:539} INFO - Filling up the DagBag from /opt/airflow/dags/my_first_dag.py
[2023-09-10T19:52:02.391+0000] {processor.py:839} INFO - DAG(s) dict_keys(['ganza_dag_v5']) retrieved from /opt/airflow/dags/my_first_dag.py
[2023-09-10T19:52:02.426+0000] {logging_mixin.py:151} INFO - [2023-09-10T19:52:02.426+0000] {dag.py:2907} INFO - Sync 1 DAGs
[2023-09-10T19:52:02.465+0000] {logging_mixin.py:151} INFO - [2023-09-10T19:52:02.465+0000] {dag.py:3677} INFO - Setting next_dagrun for ganza_dag_v5 to 2023-09-10T00:00:00+00:00, run_after=2023-09-11T00:00:00+00:00
[2023-09-10T19:52:02.494+0000] {processor.py:179} INFO - Processing /opt/airflow/dags/my_first_dag.py took 0.125 seconds
[2023-09-10T19:52:32.942+0000] {processor.py:157} INFO - Started process (PID=760) to work on /opt/airflow/dags/my_first_dag.py
[2023-09-10T19:52:32.943+0000] {processor.py:829} INFO - Processing file /opt/airflow/dags/my_first_dag.py for tasks to queue
[2023-09-10T19:52:32.945+0000] {logging_mixin.py:151} INFO - [2023-09-10T19:52:32.944+0000] {dagbag.py:539} INFO - Filling up the DagBag from /opt/airflow/dags/my_first_dag.py
[2023-09-10T19:52:32.961+0000] {processor.py:839} INFO - DAG(s) dict_keys(['ganza_dag_v5']) retrieved from /opt/airflow/dags/my_first_dag.py
[2023-09-10T19:52:33.001+0000] {logging_mixin.py:151} INFO - [2023-09-10T19:52:33.001+0000] {dag.py:2907} INFO - Sync 1 DAGs
[2023-09-10T19:52:33.033+0000] {logging_mixin.py:151} INFO - [2023-09-10T19:52:33.032+0000] {dag.py:3677} INFO - Setting next_dagrun for ganza_dag_v5 to 2023-09-10T00:00:00+00:00, run_after=2023-09-11T00:00:00+00:00
[2023-09-10T19:52:33.056+0000] {processor.py:179} INFO - Processing /opt/airflow/dags/my_first_dag.py took 0.118 seconds
[2023-09-10T19:53:03.661+0000] {processor.py:157} INFO - Started process (PID=792) to work on /opt/airflow/dags/my_first_dag.py
[2023-09-10T19:53:03.662+0000] {processor.py:829} INFO - Processing file /opt/airflow/dags/my_first_dag.py for tasks to queue
[2023-09-10T19:53:03.663+0000] {logging_mixin.py:151} INFO - [2023-09-10T19:53:03.663+0000] {dagbag.py:539} INFO - Filling up the DagBag from /opt/airflow/dags/my_first_dag.py
[2023-09-10T19:53:03.681+0000] {processor.py:839} INFO - DAG(s) dict_keys(['ganza_dag_v5']) retrieved from /opt/airflow/dags/my_first_dag.py
[2023-09-10T19:53:03.722+0000] {logging_mixin.py:151} INFO - [2023-09-10T19:53:03.722+0000] {dag.py:2907} INFO - Sync 1 DAGs
[2023-09-10T19:53:03.763+0000] {logging_mixin.py:151} INFO - [2023-09-10T19:53:03.763+0000] {dag.py:3677} INFO - Setting next_dagrun for ganza_dag_v5 to 2023-09-10T00:00:00+00:00, run_after=2023-09-11T00:00:00+00:00
[2023-09-10T19:53:03.797+0000] {processor.py:179} INFO - Processing /opt/airflow/dags/my_first_dag.py took 0.142 seconds
[2023-09-10T19:53:34.301+0000] {processor.py:157} INFO - Started process (PID=823) to work on /opt/airflow/dags/my_first_dag.py
[2023-09-10T19:53:34.303+0000] {processor.py:829} INFO - Processing file /opt/airflow/dags/my_first_dag.py for tasks to queue
[2023-09-10T19:53:34.303+0000] {logging_mixin.py:151} INFO - [2023-09-10T19:53:34.303+0000] {dagbag.py:539} INFO - Filling up the DagBag from /opt/airflow/dags/my_first_dag.py
[2023-09-10T19:53:34.323+0000] {processor.py:839} INFO - DAG(s) dict_keys(['ganza_dag_v5']) retrieved from /opt/airflow/dags/my_first_dag.py
[2023-09-10T19:53:34.370+0000] {logging_mixin.py:151} INFO - [2023-09-10T19:53:34.370+0000] {dag.py:2907} INFO - Sync 1 DAGs
[2023-09-10T19:53:34.429+0000] {logging_mixin.py:151} INFO - [2023-09-10T19:53:34.429+0000] {dag.py:3677} INFO - Setting next_dagrun for ganza_dag_v5 to 2023-09-10T00:00:00+00:00, run_after=2023-09-11T00:00:00+00:00
[2023-09-10T19:53:34.468+0000] {processor.py:179} INFO - Processing /opt/airflow/dags/my_first_dag.py took 0.173 seconds
[2023-09-10T19:54:05.002+0000] {processor.py:157} INFO - Started process (PID=855) to work on /opt/airflow/dags/my_first_dag.py
[2023-09-10T19:54:05.004+0000] {processor.py:829} INFO - Processing file /opt/airflow/dags/my_first_dag.py for tasks to queue
[2023-09-10T19:54:05.005+0000] {logging_mixin.py:151} INFO - [2023-09-10T19:54:05.004+0000] {dagbag.py:539} INFO - Filling up the DagBag from /opt/airflow/dags/my_first_dag.py
[2023-09-10T19:54:05.024+0000] {processor.py:839} INFO - DAG(s) dict_keys(['ganza_dag_v5']) retrieved from /opt/airflow/dags/my_first_dag.py
[2023-09-10T19:54:05.086+0000] {logging_mixin.py:151} INFO - [2023-09-10T19:54:05.086+0000] {dag.py:2907} INFO - Sync 1 DAGs
[2023-09-10T19:54:05.143+0000] {logging_mixin.py:151} INFO - [2023-09-10T19:54:05.143+0000] {dag.py:3677} INFO - Setting next_dagrun for ganza_dag_v5 to 2023-09-10T00:00:00+00:00, run_after=2023-09-11T00:00:00+00:00
[2023-09-10T19:54:05.180+0000] {processor.py:179} INFO - Processing /opt/airflow/dags/my_first_dag.py took 0.182 seconds
[2023-09-10T19:54:35.449+0000] {processor.py:157} INFO - Started process (PID=885) to work on /opt/airflow/dags/my_first_dag.py
[2023-09-10T19:54:35.450+0000] {processor.py:829} INFO - Processing file /opt/airflow/dags/my_first_dag.py for tasks to queue
[2023-09-10T19:54:35.451+0000] {logging_mixin.py:151} INFO - [2023-09-10T19:54:35.451+0000] {dagbag.py:539} INFO - Filling up the DagBag from /opt/airflow/dags/my_first_dag.py
[2023-09-10T19:54:35.466+0000] {processor.py:839} INFO - DAG(s) dict_keys(['ganza_dag_v5']) retrieved from /opt/airflow/dags/my_first_dag.py
[2023-09-10T19:54:35.509+0000] {logging_mixin.py:151} INFO - [2023-09-10T19:54:35.509+0000] {dag.py:2907} INFO - Sync 1 DAGs
[2023-09-10T19:54:35.537+0000] {logging_mixin.py:151} INFO - [2023-09-10T19:54:35.537+0000] {dag.py:3677} INFO - Setting next_dagrun for ganza_dag_v5 to 2023-09-10T00:00:00+00:00, run_after=2023-09-11T00:00:00+00:00
[2023-09-10T19:54:35.563+0000] {processor.py:179} INFO - Processing /opt/airflow/dags/my_first_dag.py took 0.118 seconds
[2023-09-10T19:55:06.187+0000] {processor.py:157} INFO - Started process (PID=920) to work on /opt/airflow/dags/my_first_dag.py
[2023-09-10T19:55:06.189+0000] {processor.py:829} INFO - Processing file /opt/airflow/dags/my_first_dag.py for tasks to queue
[2023-09-10T19:55:06.190+0000] {logging_mixin.py:151} INFO - [2023-09-10T19:55:06.189+0000] {dagbag.py:539} INFO - Filling up the DagBag from /opt/airflow/dags/my_first_dag.py
[2023-09-10T19:55:06.206+0000] {processor.py:839} INFO - DAG(s) dict_keys(['ganza_dag_v5']) retrieved from /opt/airflow/dags/my_first_dag.py
[2023-09-10T19:55:06.241+0000] {logging_mixin.py:151} INFO - [2023-09-10T19:55:06.241+0000] {dag.py:2907} INFO - Sync 1 DAGs
[2023-09-10T19:55:06.273+0000] {logging_mixin.py:151} INFO - [2023-09-10T19:55:06.272+0000] {dag.py:3677} INFO - Setting next_dagrun for ganza_dag_v5 to 2023-09-10T00:00:00+00:00, run_after=2023-09-11T00:00:00+00:00
[2023-09-10T19:55:06.295+0000] {processor.py:179} INFO - Processing /opt/airflow/dags/my_first_dag.py took 0.114 seconds
[2023-09-10T19:55:36.928+0000] {processor.py:157} INFO - Started process (PID=953) to work on /opt/airflow/dags/my_first_dag.py
[2023-09-10T19:55:36.929+0000] {processor.py:829} INFO - Processing file /opt/airflow/dags/my_first_dag.py for tasks to queue
[2023-09-10T19:55:36.930+0000] {logging_mixin.py:151} INFO - [2023-09-10T19:55:36.930+0000] {dagbag.py:539} INFO - Filling up the DagBag from /opt/airflow/dags/my_first_dag.py
[2023-09-10T19:55:36.950+0000] {processor.py:839} INFO - DAG(s) dict_keys(['ganza_dag_v5']) retrieved from /opt/airflow/dags/my_first_dag.py
[2023-09-10T19:55:36.986+0000] {logging_mixin.py:151} INFO - [2023-09-10T19:55:36.986+0000] {dag.py:2907} INFO - Sync 1 DAGs
[2023-09-10T19:55:37.015+0000] {logging_mixin.py:151} INFO - [2023-09-10T19:55:37.015+0000] {dag.py:3677} INFO - Setting next_dagrun for ganza_dag_v5 to 2023-09-10T00:00:00+00:00, run_after=2023-09-11T00:00:00+00:00
[2023-09-10T19:55:37.042+0000] {processor.py:179} INFO - Processing /opt/airflow/dags/my_first_dag.py took 0.120 seconds
[2023-09-10T19:56:07.509+0000] {processor.py:157} INFO - Started process (PID=985) to work on /opt/airflow/dags/my_first_dag.py
[2023-09-10T19:56:07.510+0000] {processor.py:829} INFO - Processing file /opt/airflow/dags/my_first_dag.py for tasks to queue
[2023-09-10T19:56:07.511+0000] {logging_mixin.py:151} INFO - [2023-09-10T19:56:07.511+0000] {dagbag.py:539} INFO - Filling up the DagBag from /opt/airflow/dags/my_first_dag.py
[2023-09-10T19:56:07.523+0000] {processor.py:839} INFO - DAG(s) dict_keys(['ganza_dag_v5']) retrieved from /opt/airflow/dags/my_first_dag.py
[2023-09-10T19:56:07.562+0000] {logging_mixin.py:151} INFO - [2023-09-10T19:56:07.561+0000] {dag.py:2907} INFO - Sync 1 DAGs
[2023-09-10T19:56:07.588+0000] {logging_mixin.py:151} INFO - [2023-09-10T19:56:07.588+0000] {dag.py:3677} INFO - Setting next_dagrun for ganza_dag_v5 to 2023-09-10T00:00:00+00:00, run_after=2023-09-11T00:00:00+00:00
[2023-09-10T19:56:07.607+0000] {processor.py:179} INFO - Processing /opt/airflow/dags/my_first_dag.py took 0.102 seconds
