[2023-09-10T19:43:47.719+0000] {processor.py:157} INFO - Started process (PID=192) to work on /opt/airflow/dags/my_second_dag.py
[2023-09-10T19:43:47.724+0000] {processor.py:829} INFO - Processing file /opt/airflow/dags/my_second_dag.py for tasks to queue
[2023-09-10T19:43:47.726+0000] {logging_mixin.py:151} INFO - [2023-09-10T19:43:47.725+0000] {dagbag.py:539} INFO - Filling up the DagBag from /opt/airflow/dags/my_second_dag.py
[2023-09-10T19:43:47.752+0000] {processor.py:839} INFO - DAG(s) dict_keys(['ganza_dag_v13']) retrieved from /opt/airflow/dags/my_second_dag.py
[2023-09-10T19:43:47.865+0000] {logging_mixin.py:151} INFO - [2023-09-10T19:43:47.865+0000] {dag.py:2907} INFO - Sync 1 DAGs
[2023-09-10T19:43:48.010+0000] {logging_mixin.py:151} INFO - [2023-09-10T19:43:48.010+0000] {dag.py:3677} INFO - Setting next_dagrun for ganza_dag_v13 to 2023-09-10T00:00:00+00:00, run_after=2023-09-11T00:00:00+00:00
[2023-09-10T19:43:48.162+0000] {processor.py:179} INFO - Processing /opt/airflow/dags/my_second_dag.py took 0.450 seconds
[2023-09-10T19:44:19.500+0000] {processor.py:157} INFO - Started process (PID=243) to work on /opt/airflow/dags/my_second_dag.py
[2023-09-10T19:44:19.545+0000] {processor.py:829} INFO - Processing file /opt/airflow/dags/my_second_dag.py for tasks to queue
[2023-09-10T19:44:19.547+0000] {logging_mixin.py:151} INFO - [2023-09-10T19:44:19.546+0000] {dagbag.py:539} INFO - Filling up the DagBag from /opt/airflow/dags/my_second_dag.py
[2023-09-10T19:44:19.630+0000] {processor.py:839} INFO - DAG(s) dict_keys(['ganza_dag_v13']) retrieved from /opt/airflow/dags/my_second_dag.py
[2023-09-10T19:44:19.705+0000] {logging_mixin.py:151} INFO - [2023-09-10T19:44:19.704+0000] {dag.py:2907} INFO - Sync 1 DAGs
[2023-09-10T19:44:19.833+0000] {logging_mixin.py:151} INFO - [2023-09-10T19:44:19.832+0000] {dag.py:3677} INFO - Setting next_dagrun for ganza_dag_v13 to 2023-09-10T00:00:00+00:00, run_after=2023-09-11T00:00:00+00:00
[2023-09-10T19:44:19.948+0000] {processor.py:179} INFO - Processing /opt/airflow/dags/my_second_dag.py took 0.476 seconds
[2023-09-10T19:44:50.342+0000] {processor.py:157} INFO - Started process (PID=275) to work on /opt/airflow/dags/my_second_dag.py
[2023-09-10T19:44:50.432+0000] {processor.py:829} INFO - Processing file /opt/airflow/dags/my_second_dag.py for tasks to queue
[2023-09-10T19:44:50.434+0000] {logging_mixin.py:151} INFO - [2023-09-10T19:44:50.433+0000] {dagbag.py:539} INFO - Filling up the DagBag from /opt/airflow/dags/my_second_dag.py
[2023-09-10T19:44:50.463+0000] {processor.py:839} INFO - DAG(s) dict_keys(['ganza_dag_v13']) retrieved from /opt/airflow/dags/my_second_dag.py
[2023-09-10T19:44:50.571+0000] {logging_mixin.py:151} INFO - [2023-09-10T19:44:50.571+0000] {dag.py:2907} INFO - Sync 1 DAGs
[2023-09-10T19:44:50.842+0000] {logging_mixin.py:151} INFO - [2023-09-10T19:44:50.842+0000] {dag.py:3677} INFO - Setting next_dagrun for ganza_dag_v13 to 2023-09-10T00:00:00+00:00, run_after=2023-09-11T00:00:00+00:00
[2023-09-10T19:44:51.538+0000] {processor.py:179} INFO - Processing /opt/airflow/dags/my_second_dag.py took 1.204 seconds
[2023-09-10T19:45:21.750+0000] {processor.py:157} INFO - Started process (PID=312) to work on /opt/airflow/dags/my_second_dag.py
[2023-09-10T19:45:21.752+0000] {processor.py:829} INFO - Processing file /opt/airflow/dags/my_second_dag.py for tasks to queue
[2023-09-10T19:45:21.753+0000] {logging_mixin.py:151} INFO - [2023-09-10T19:45:21.753+0000] {dagbag.py:539} INFO - Filling up the DagBag from /opt/airflow/dags/my_second_dag.py
[2023-09-10T19:45:21.781+0000] {processor.py:839} INFO - DAG(s) dict_keys(['ganza_dag_v13']) retrieved from /opt/airflow/dags/my_second_dag.py
[2023-09-10T19:45:21.869+0000] {logging_mixin.py:151} INFO - [2023-09-10T19:45:21.869+0000] {dag.py:2907} INFO - Sync 1 DAGs
[2023-09-10T19:45:21.932+0000] {logging_mixin.py:151} INFO - [2023-09-10T19:45:21.932+0000] {dag.py:3677} INFO - Setting next_dagrun for ganza_dag_v13 to 2023-09-10T00:00:00+00:00, run_after=2023-09-11T00:00:00+00:00
[2023-09-10T19:45:21.980+0000] {processor.py:179} INFO - Processing /opt/airflow/dags/my_second_dag.py took 0.245 seconds
[2023-09-10T19:45:52.227+0000] {processor.py:157} INFO - Started process (PID=342) to work on /opt/airflow/dags/my_second_dag.py
[2023-09-10T19:45:52.228+0000] {processor.py:829} INFO - Processing file /opt/airflow/dags/my_second_dag.py for tasks to queue
[2023-09-10T19:45:52.230+0000] {logging_mixin.py:151} INFO - [2023-09-10T19:45:52.229+0000] {dagbag.py:539} INFO - Filling up the DagBag from /opt/airflow/dags/my_second_dag.py
[2023-09-10T19:45:52.302+0000] {processor.py:839} INFO - DAG(s) dict_keys(['ganza_dag_v13']) retrieved from /opt/airflow/dags/my_second_dag.py
[2023-09-10T19:45:52.415+0000] {logging_mixin.py:151} INFO - [2023-09-10T19:45:52.414+0000] {dag.py:2907} INFO - Sync 1 DAGs
[2023-09-10T19:45:52.484+0000] {logging_mixin.py:151} INFO - [2023-09-10T19:45:52.484+0000] {dag.py:3677} INFO - Setting next_dagrun for ganza_dag_v13 to 2023-09-10T00:00:00+00:00, run_after=2023-09-11T00:00:00+00:00
[2023-09-10T19:45:52.524+0000] {processor.py:179} INFO - Processing /opt/airflow/dags/my_second_dag.py took 0.301 seconds
[2023-09-10T19:46:23.090+0000] {processor.py:157} INFO - Started process (PID=369) to work on /opt/airflow/dags/my_second_dag.py
[2023-09-10T19:46:23.094+0000] {processor.py:829} INFO - Processing file /opt/airflow/dags/my_second_dag.py for tasks to queue
[2023-09-10T19:46:23.096+0000] {logging_mixin.py:151} INFO - [2023-09-10T19:46:23.096+0000] {dagbag.py:539} INFO - Filling up the DagBag from /opt/airflow/dags/my_second_dag.py
[2023-09-10T19:46:23.137+0000] {processor.py:839} INFO - DAG(s) dict_keys(['ganza_dag_v13']) retrieved from /opt/airflow/dags/my_second_dag.py
[2023-09-10T19:46:23.202+0000] {logging_mixin.py:151} INFO - [2023-09-10T19:46:23.201+0000] {dag.py:2907} INFO - Sync 1 DAGs
[2023-09-10T19:46:23.253+0000] {logging_mixin.py:151} INFO - [2023-09-10T19:46:23.253+0000] {dag.py:3677} INFO - Setting next_dagrun for ganza_dag_v13 to 2023-09-10T00:00:00+00:00, run_after=2023-09-11T00:00:00+00:00
[2023-09-10T19:46:23.299+0000] {processor.py:179} INFO - Processing /opt/airflow/dags/my_second_dag.py took 0.219 seconds
[2023-09-10T19:46:53.714+0000] {processor.py:157} INFO - Started process (PID=402) to work on /opt/airflow/dags/my_second_dag.py
[2023-09-10T19:46:53.717+0000] {processor.py:829} INFO - Processing file /opt/airflow/dags/my_second_dag.py for tasks to queue
[2023-09-10T19:46:53.719+0000] {logging_mixin.py:151} INFO - [2023-09-10T19:46:53.718+0000] {dagbag.py:539} INFO - Filling up the DagBag from /opt/airflow/dags/my_second_dag.py
[2023-09-10T19:46:53.743+0000] {processor.py:839} INFO - DAG(s) dict_keys(['ganza_dag_v13']) retrieved from /opt/airflow/dags/my_second_dag.py
[2023-09-10T19:46:53.789+0000] {logging_mixin.py:151} INFO - [2023-09-10T19:46:53.789+0000] {dag.py:2907} INFO - Sync 1 DAGs
[2023-09-10T19:46:53.834+0000] {logging_mixin.py:151} INFO - [2023-09-10T19:46:53.833+0000] {dag.py:3677} INFO - Setting next_dagrun for ganza_dag_v13 to 2023-09-10T00:00:00+00:00, run_after=2023-09-11T00:00:00+00:00
[2023-09-10T19:46:53.868+0000] {processor.py:179} INFO - Processing /opt/airflow/dags/my_second_dag.py took 0.164 seconds
[2023-09-10T19:47:24.356+0000] {processor.py:157} INFO - Started process (PID=434) to work on /opt/airflow/dags/my_second_dag.py
[2023-09-10T19:47:24.358+0000] {processor.py:829} INFO - Processing file /opt/airflow/dags/my_second_dag.py for tasks to queue
[2023-09-10T19:47:24.359+0000] {logging_mixin.py:151} INFO - [2023-09-10T19:47:24.359+0000] {dagbag.py:539} INFO - Filling up the DagBag from /opt/airflow/dags/my_second_dag.py
[2023-09-10T19:47:24.380+0000] {processor.py:839} INFO - DAG(s) dict_keys(['ganza_dag_v13']) retrieved from /opt/airflow/dags/my_second_dag.py
[2023-09-10T19:47:24.424+0000] {logging_mixin.py:151} INFO - [2023-09-10T19:47:24.424+0000] {dag.py:2907} INFO - Sync 1 DAGs
[2023-09-10T19:47:24.479+0000] {logging_mixin.py:151} INFO - [2023-09-10T19:47:24.479+0000] {dag.py:3677} INFO - Setting next_dagrun for ganza_dag_v13 to 2023-09-10T00:00:00+00:00, run_after=2023-09-11T00:00:00+00:00
[2023-09-10T19:47:24.518+0000] {processor.py:179} INFO - Processing /opt/airflow/dags/my_second_dag.py took 0.166 seconds
[2023-09-10T19:47:55.135+0000] {processor.py:157} INFO - Started process (PID=466) to work on /opt/airflow/dags/my_second_dag.py
[2023-09-10T19:47:55.136+0000] {processor.py:829} INFO - Processing file /opt/airflow/dags/my_second_dag.py for tasks to queue
[2023-09-10T19:47:55.138+0000] {logging_mixin.py:151} INFO - [2023-09-10T19:47:55.137+0000] {dagbag.py:539} INFO - Filling up the DagBag from /opt/airflow/dags/my_second_dag.py
[2023-09-10T19:47:55.160+0000] {processor.py:839} INFO - DAG(s) dict_keys(['ganza_dag_v13']) retrieved from /opt/airflow/dags/my_second_dag.py
[2023-09-10T19:47:55.226+0000] {logging_mixin.py:151} INFO - [2023-09-10T19:47:55.226+0000] {dag.py:2907} INFO - Sync 1 DAGs
[2023-09-10T19:47:55.285+0000] {logging_mixin.py:151} INFO - [2023-09-10T19:47:55.285+0000] {dag.py:3677} INFO - Setting next_dagrun for ganza_dag_v13 to 2023-09-10T00:00:00+00:00, run_after=2023-09-11T00:00:00+00:00
[2023-09-10T19:47:55.330+0000] {processor.py:179} INFO - Processing /opt/airflow/dags/my_second_dag.py took 0.200 seconds
[2023-09-10T19:48:25.769+0000] {processor.py:157} INFO - Started process (PID=497) to work on /opt/airflow/dags/my_second_dag.py
[2023-09-10T19:48:25.770+0000] {processor.py:829} INFO - Processing file /opt/airflow/dags/my_second_dag.py for tasks to queue
[2023-09-10T19:48:25.772+0000] {logging_mixin.py:151} INFO - [2023-09-10T19:48:25.771+0000] {dagbag.py:539} INFO - Filling up the DagBag from /opt/airflow/dags/my_second_dag.py
[2023-09-10T19:48:25.792+0000] {processor.py:839} INFO - DAG(s) dict_keys(['ganza_dag_v13']) retrieved from /opt/airflow/dags/my_second_dag.py
[2023-09-10T19:48:25.843+0000] {logging_mixin.py:151} INFO - [2023-09-10T19:48:25.842+0000] {dag.py:2907} INFO - Sync 1 DAGs
[2023-09-10T19:48:25.890+0000] {logging_mixin.py:151} INFO - [2023-09-10T19:48:25.890+0000] {dag.py:3677} INFO - Setting next_dagrun for ganza_dag_v13 to 2023-09-10T00:00:00+00:00, run_after=2023-09-11T00:00:00+00:00
[2023-09-10T19:48:25.925+0000] {processor.py:179} INFO - Processing /opt/airflow/dags/my_second_dag.py took 0.161 seconds
[2023-09-10T19:48:56.433+0000] {processor.py:157} INFO - Started process (PID=529) to work on /opt/airflow/dags/my_second_dag.py
[2023-09-10T19:48:56.435+0000] {processor.py:829} INFO - Processing file /opt/airflow/dags/my_second_dag.py for tasks to queue
[2023-09-10T19:48:56.435+0000] {logging_mixin.py:151} INFO - [2023-09-10T19:48:56.435+0000] {dagbag.py:539} INFO - Filling up the DagBag from /opt/airflow/dags/my_second_dag.py
[2023-09-10T19:48:56.454+0000] {processor.py:839} INFO - DAG(s) dict_keys(['ganza_dag_v13']) retrieved from /opt/airflow/dags/my_second_dag.py
[2023-09-10T19:48:56.512+0000] {logging_mixin.py:151} INFO - [2023-09-10T19:48:56.511+0000] {dag.py:2907} INFO - Sync 1 DAGs
[2023-09-10T19:48:56.573+0000] {logging_mixin.py:151} INFO - [2023-09-10T19:48:56.573+0000] {dag.py:3677} INFO - Setting next_dagrun for ganza_dag_v13 to 2023-09-10T00:00:00+00:00, run_after=2023-09-11T00:00:00+00:00
[2023-09-10T19:48:56.628+0000] {processor.py:179} INFO - Processing /opt/airflow/dags/my_second_dag.py took 0.201 seconds
[2023-09-10T19:49:27.031+0000] {processor.py:157} INFO - Started process (PID=561) to work on /opt/airflow/dags/my_second_dag.py
[2023-09-10T19:49:27.032+0000] {processor.py:829} INFO - Processing file /opt/airflow/dags/my_second_dag.py for tasks to queue
[2023-09-10T19:49:27.034+0000] {logging_mixin.py:151} INFO - [2023-09-10T19:49:27.034+0000] {dagbag.py:539} INFO - Filling up the DagBag from /opt/airflow/dags/my_second_dag.py
[2023-09-10T19:49:27.055+0000] {processor.py:839} INFO - DAG(s) dict_keys(['ganza_dag_v13']) retrieved from /opt/airflow/dags/my_second_dag.py
[2023-09-10T19:49:27.101+0000] {logging_mixin.py:151} INFO - [2023-09-10T19:49:27.101+0000] {dag.py:2907} INFO - Sync 1 DAGs
[2023-09-10T19:49:27.146+0000] {logging_mixin.py:151} INFO - [2023-09-10T19:49:27.146+0000] {dag.py:3677} INFO - Setting next_dagrun for ganza_dag_v13 to 2023-09-10T00:00:00+00:00, run_after=2023-09-11T00:00:00+00:00
[2023-09-10T19:49:27.176+0000] {processor.py:179} INFO - Processing /opt/airflow/dags/my_second_dag.py took 0.151 seconds
[2023-09-10T19:49:57.902+0000] {processor.py:157} INFO - Started process (PID=593) to work on /opt/airflow/dags/my_second_dag.py
[2023-09-10T19:49:57.904+0000] {processor.py:829} INFO - Processing file /opt/airflow/dags/my_second_dag.py for tasks to queue
[2023-09-10T19:49:57.905+0000] {logging_mixin.py:151} INFO - [2023-09-10T19:49:57.905+0000] {dagbag.py:539} INFO - Filling up the DagBag from /opt/airflow/dags/my_second_dag.py
[2023-09-10T19:49:57.932+0000] {processor.py:839} INFO - DAG(s) dict_keys(['ganza_dag_v13']) retrieved from /opt/airflow/dags/my_second_dag.py
[2023-09-10T19:49:57.986+0000] {logging_mixin.py:151} INFO - [2023-09-10T19:49:57.985+0000] {dag.py:2907} INFO - Sync 1 DAGs
[2023-09-10T19:49:58.218+0000] {logging_mixin.py:151} INFO - [2023-09-10T19:49:58.218+0000] {dag.py:3677} INFO - Setting next_dagrun for ganza_dag_v13 to 2023-09-10T00:00:00+00:00, run_after=2023-09-11T00:00:00+00:00
[2023-09-10T19:49:58.253+0000] {processor.py:179} INFO - Processing /opt/airflow/dags/my_second_dag.py took 0.357 seconds
[2023-09-10T19:50:28.872+0000] {processor.py:157} INFO - Started process (PID=625) to work on /opt/airflow/dags/my_second_dag.py
[2023-09-10T19:50:28.874+0000] {processor.py:829} INFO - Processing file /opt/airflow/dags/my_second_dag.py for tasks to queue
[2023-09-10T19:50:28.875+0000] {logging_mixin.py:151} INFO - [2023-09-10T19:50:28.874+0000] {dagbag.py:539} INFO - Filling up the DagBag from /opt/airflow/dags/my_second_dag.py
[2023-09-10T19:50:28.895+0000] {processor.py:839} INFO - DAG(s) dict_keys(['ganza_dag_v13']) retrieved from /opt/airflow/dags/my_second_dag.py
[2023-09-10T19:50:28.960+0000] {logging_mixin.py:151} INFO - [2023-09-10T19:50:28.959+0000] {dag.py:2907} INFO - Sync 1 DAGs
[2023-09-10T19:50:29.210+0000] {logging_mixin.py:151} INFO - [2023-09-10T19:50:29.209+0000] {dag.py:3677} INFO - Setting next_dagrun for ganza_dag_v13 to 2023-09-10T00:00:00+00:00, run_after=2023-09-11T00:00:00+00:00
[2023-09-10T19:50:29.245+0000] {processor.py:179} INFO - Processing /opt/airflow/dags/my_second_dag.py took 0.378 seconds
[2023-09-10T19:50:59.875+0000] {processor.py:157} INFO - Started process (PID=656) to work on /opt/airflow/dags/my_second_dag.py
[2023-09-10T19:50:59.887+0000] {processor.py:829} INFO - Processing file /opt/airflow/dags/my_second_dag.py for tasks to queue
[2023-09-10T19:50:59.889+0000] {logging_mixin.py:151} INFO - [2023-09-10T19:50:59.889+0000] {dagbag.py:539} INFO - Filling up the DagBag from /opt/airflow/dags/my_second_dag.py
[2023-09-10T19:50:59.913+0000] {processor.py:839} INFO - DAG(s) dict_keys(['ganza_dag_v13']) retrieved from /opt/airflow/dags/my_second_dag.py
[2023-09-10T19:51:00.102+0000] {logging_mixin.py:151} INFO - [2023-09-10T19:51:00.102+0000] {dag.py:2907} INFO - Sync 1 DAGs
[2023-09-10T19:51:00.142+0000] {logging_mixin.py:151} INFO - [2023-09-10T19:51:00.141+0000] {dag.py:3677} INFO - Setting next_dagrun for ganza_dag_v13 to 2023-09-10T00:00:00+00:00, run_after=2023-09-11T00:00:00+00:00
[2023-09-10T19:51:00.166+0000] {processor.py:179} INFO - Processing /opt/airflow/dags/my_second_dag.py took 0.307 seconds
[2023-09-10T19:51:30.845+0000] {processor.py:157} INFO - Started process (PID=688) to work on /opt/airflow/dags/my_second_dag.py
[2023-09-10T19:51:30.846+0000] {processor.py:829} INFO - Processing file /opt/airflow/dags/my_second_dag.py for tasks to queue
[2023-09-10T19:51:30.848+0000] {logging_mixin.py:151} INFO - [2023-09-10T19:51:30.848+0000] {dagbag.py:539} INFO - Filling up the DagBag from /opt/airflow/dags/my_second_dag.py
[2023-09-10T19:51:31.027+0000] {processor.py:839} INFO - DAG(s) dict_keys(['ganza_dag_v13']) retrieved from /opt/airflow/dags/my_second_dag.py
[2023-09-10T19:51:31.068+0000] {logging_mixin.py:151} INFO - [2023-09-10T19:51:31.068+0000] {dag.py:2907} INFO - Sync 1 DAGs
[2023-09-10T19:51:31.107+0000] {logging_mixin.py:151} INFO - [2023-09-10T19:51:31.107+0000] {dag.py:3677} INFO - Setting next_dagrun for ganza_dag_v13 to 2023-09-10T00:00:00+00:00, run_after=2023-09-11T00:00:00+00:00
[2023-09-10T19:51:31.140+0000] {processor.py:179} INFO - Processing /opt/airflow/dags/my_second_dag.py took 0.301 seconds
[2023-09-10T19:52:02.185+0000] {processor.py:157} INFO - Started process (PID=721) to work on /opt/airflow/dags/my_second_dag.py
[2023-09-10T19:52:02.188+0000] {processor.py:829} INFO - Processing file /opt/airflow/dags/my_second_dag.py for tasks to queue
[2023-09-10T19:52:02.190+0000] {logging_mixin.py:151} INFO - [2023-09-10T19:52:02.190+0000] {dagbag.py:539} INFO - Filling up the DagBag from /opt/airflow/dags/my_second_dag.py
[2023-09-10T19:52:02.217+0000] {processor.py:839} INFO - DAG(s) dict_keys(['ganza_dag_v13']) retrieved from /opt/airflow/dags/my_second_dag.py
[2023-09-10T19:52:02.266+0000] {logging_mixin.py:151} INFO - [2023-09-10T19:52:02.266+0000] {dag.py:2907} INFO - Sync 1 DAGs
[2023-09-10T19:52:02.312+0000] {logging_mixin.py:151} INFO - [2023-09-10T19:52:02.311+0000] {dag.py:3677} INFO - Setting next_dagrun for ganza_dag_v13 to 2023-09-10T00:00:00+00:00, run_after=2023-09-11T00:00:00+00:00
[2023-09-10T19:52:02.344+0000] {processor.py:179} INFO - Processing /opt/airflow/dags/my_second_dag.py took 0.176 seconds
[2023-09-10T19:52:32.766+0000] {processor.py:157} INFO - Started process (PID=753) to work on /opt/airflow/dags/my_second_dag.py
[2023-09-10T19:52:32.767+0000] {processor.py:829} INFO - Processing file /opt/airflow/dags/my_second_dag.py for tasks to queue
[2023-09-10T19:52:32.768+0000] {logging_mixin.py:151} INFO - [2023-09-10T19:52:32.768+0000] {dagbag.py:539} INFO - Filling up the DagBag from /opt/airflow/dags/my_second_dag.py
[2023-09-10T19:52:32.786+0000] {processor.py:839} INFO - DAG(s) dict_keys(['ganza_dag_v13']) retrieved from /opt/airflow/dags/my_second_dag.py
[2023-09-10T19:52:32.835+0000] {logging_mixin.py:151} INFO - [2023-09-10T19:52:32.834+0000] {dag.py:2907} INFO - Sync 1 DAGs
[2023-09-10T19:52:32.882+0000] {logging_mixin.py:151} INFO - [2023-09-10T19:52:32.881+0000] {dag.py:3677} INFO - Setting next_dagrun for ganza_dag_v13 to 2023-09-10T00:00:00+00:00, run_after=2023-09-11T00:00:00+00:00
[2023-09-10T19:52:32.915+0000] {processor.py:179} INFO - Processing /opt/airflow/dags/my_second_dag.py took 0.156 seconds
[2023-09-10T19:53:03.489+0000] {processor.py:157} INFO - Started process (PID=785) to work on /opt/airflow/dags/my_second_dag.py
[2023-09-10T19:53:03.490+0000] {processor.py:829} INFO - Processing file /opt/airflow/dags/my_second_dag.py for tasks to queue
[2023-09-10T19:53:03.492+0000] {logging_mixin.py:151} INFO - [2023-09-10T19:53:03.491+0000] {dagbag.py:539} INFO - Filling up the DagBag from /opt/airflow/dags/my_second_dag.py
[2023-09-10T19:53:03.511+0000] {processor.py:839} INFO - DAG(s) dict_keys(['ganza_dag_v13']) retrieved from /opt/airflow/dags/my_second_dag.py
[2023-09-10T19:53:03.562+0000] {logging_mixin.py:151} INFO - [2023-09-10T19:53:03.562+0000] {dag.py:2907} INFO - Sync 1 DAGs
[2023-09-10T19:53:03.598+0000] {logging_mixin.py:151} INFO - [2023-09-10T19:53:03.597+0000] {dag.py:3677} INFO - Setting next_dagrun for ganza_dag_v13 to 2023-09-10T00:00:00+00:00, run_after=2023-09-11T00:00:00+00:00
[2023-09-10T19:53:03.631+0000] {processor.py:179} INFO - Processing /opt/airflow/dags/my_second_dag.py took 0.146 seconds
[2023-09-10T19:53:34.087+0000] {processor.py:157} INFO - Started process (PID=816) to work on /opt/airflow/dags/my_second_dag.py
[2023-09-10T19:53:34.089+0000] {processor.py:829} INFO - Processing file /opt/airflow/dags/my_second_dag.py for tasks to queue
[2023-09-10T19:53:34.091+0000] {logging_mixin.py:151} INFO - [2023-09-10T19:53:34.090+0000] {dagbag.py:539} INFO - Filling up the DagBag from /opt/airflow/dags/my_second_dag.py
[2023-09-10T19:53:34.111+0000] {processor.py:839} INFO - DAG(s) dict_keys(['ganza_dag_v13']) retrieved from /opt/airflow/dags/my_second_dag.py
[2023-09-10T19:53:34.174+0000] {logging_mixin.py:151} INFO - [2023-09-10T19:53:34.173+0000] {dag.py:2907} INFO - Sync 1 DAGs
[2023-09-10T19:53:34.224+0000] {logging_mixin.py:151} INFO - [2023-09-10T19:53:34.224+0000] {dag.py:3677} INFO - Setting next_dagrun for ganza_dag_v13 to 2023-09-10T00:00:00+00:00, run_after=2023-09-11T00:00:00+00:00
[2023-09-10T19:53:34.267+0000] {processor.py:179} INFO - Processing /opt/airflow/dags/my_second_dag.py took 0.191 seconds
[2023-09-10T19:54:04.766+0000] {processor.py:157} INFO - Started process (PID=848) to work on /opt/airflow/dags/my_second_dag.py
[2023-09-10T19:54:04.771+0000] {processor.py:829} INFO - Processing file /opt/airflow/dags/my_second_dag.py for tasks to queue
[2023-09-10T19:54:04.773+0000] {logging_mixin.py:151} INFO - [2023-09-10T19:54:04.772+0000] {dagbag.py:539} INFO - Filling up the DagBag from /opt/airflow/dags/my_second_dag.py
[2023-09-10T19:54:04.807+0000] {processor.py:839} INFO - DAG(s) dict_keys(['ganza_dag_v13']) retrieved from /opt/airflow/dags/my_second_dag.py
[2023-09-10T19:54:04.886+0000] {logging_mixin.py:151} INFO - [2023-09-10T19:54:04.886+0000] {dag.py:2907} INFO - Sync 1 DAGs
[2023-09-10T19:54:04.940+0000] {logging_mixin.py:151} INFO - [2023-09-10T19:54:04.940+0000] {dag.py:3677} INFO - Setting next_dagrun for ganza_dag_v13 to 2023-09-10T00:00:00+00:00, run_after=2023-09-11T00:00:00+00:00
[2023-09-10T19:54:04.973+0000] {processor.py:179} INFO - Processing /opt/airflow/dags/my_second_dag.py took 0.213 seconds
[2023-09-10T19:54:35.288+0000] {processor.py:157} INFO - Started process (PID=879) to work on /opt/airflow/dags/my_second_dag.py
[2023-09-10T19:54:35.289+0000] {processor.py:829} INFO - Processing file /opt/airflow/dags/my_second_dag.py for tasks to queue
[2023-09-10T19:54:35.290+0000] {logging_mixin.py:151} INFO - [2023-09-10T19:54:35.290+0000] {dagbag.py:539} INFO - Filling up the DagBag from /opt/airflow/dags/my_second_dag.py
[2023-09-10T19:54:35.309+0000] {processor.py:839} INFO - DAG(s) dict_keys(['ganza_dag_v13']) retrieved from /opt/airflow/dags/my_second_dag.py
[2023-09-10T19:54:35.352+0000] {logging_mixin.py:151} INFO - [2023-09-10T19:54:35.351+0000] {dag.py:2907} INFO - Sync 1 DAGs
[2023-09-10T19:54:35.391+0000] {logging_mixin.py:151} INFO - [2023-09-10T19:54:35.390+0000] {dag.py:3677} INFO - Setting next_dagrun for ganza_dag_v13 to 2023-09-10T00:00:00+00:00, run_after=2023-09-11T00:00:00+00:00
[2023-09-10T19:54:35.415+0000] {processor.py:179} INFO - Processing /opt/airflow/dags/my_second_dag.py took 0.133 seconds
[2023-09-10T19:55:06.029+0000] {processor.py:157} INFO - Started process (PID=913) to work on /opt/airflow/dags/my_second_dag.py
[2023-09-10T19:55:06.031+0000] {processor.py:829} INFO - Processing file /opt/airflow/dags/my_second_dag.py for tasks to queue
[2023-09-10T19:55:06.032+0000] {logging_mixin.py:151} INFO - [2023-09-10T19:55:06.032+0000] {dagbag.py:539} INFO - Filling up the DagBag from /opt/airflow/dags/my_second_dag.py
[2023-09-10T19:55:06.047+0000] {processor.py:839} INFO - DAG(s) dict_keys(['ganza_dag_v13']) retrieved from /opt/airflow/dags/my_second_dag.py
[2023-09-10T19:55:06.089+0000] {logging_mixin.py:151} INFO - [2023-09-10T19:55:06.089+0000] {dag.py:2907} INFO - Sync 1 DAGs
[2023-09-10T19:55:06.128+0000] {logging_mixin.py:151} INFO - [2023-09-10T19:55:06.128+0000] {dag.py:3677} INFO - Setting next_dagrun for ganza_dag_v13 to 2023-09-10T00:00:00+00:00, run_after=2023-09-11T00:00:00+00:00
[2023-09-10T19:55:06.155+0000] {processor.py:179} INFO - Processing /opt/airflow/dags/my_second_dag.py took 0.133 seconds
[2023-09-10T19:55:36.759+0000] {processor.py:157} INFO - Started process (PID=946) to work on /opt/airflow/dags/my_second_dag.py
[2023-09-10T19:55:36.761+0000] {processor.py:829} INFO - Processing file /opt/airflow/dags/my_second_dag.py for tasks to queue
[2023-09-10T19:55:36.764+0000] {logging_mixin.py:151} INFO - [2023-09-10T19:55:36.763+0000] {dagbag.py:539} INFO - Filling up the DagBag from /opt/airflow/dags/my_second_dag.py
[2023-09-10T19:55:36.787+0000] {processor.py:839} INFO - DAG(s) dict_keys(['ganza_dag_v13']) retrieved from /opt/airflow/dags/my_second_dag.py
[2023-09-10T19:55:36.828+0000] {logging_mixin.py:151} INFO - [2023-09-10T19:55:36.828+0000] {dag.py:2907} INFO - Sync 1 DAGs
[2023-09-10T19:55:36.869+0000] {logging_mixin.py:151} INFO - [2023-09-10T19:55:36.868+0000] {dag.py:3677} INFO - Setting next_dagrun for ganza_dag_v13 to 2023-09-10T00:00:00+00:00, run_after=2023-09-11T00:00:00+00:00
[2023-09-10T19:55:36.896+0000] {processor.py:179} INFO - Processing /opt/airflow/dags/my_second_dag.py took 0.153 seconds
[2023-09-10T19:56:07.369+0000] {processor.py:157} INFO - Started process (PID=978) to work on /opt/airflow/dags/my_second_dag.py
[2023-09-10T19:56:07.371+0000] {processor.py:829} INFO - Processing file /opt/airflow/dags/my_second_dag.py for tasks to queue
[2023-09-10T19:56:07.371+0000] {logging_mixin.py:151} INFO - [2023-09-10T19:56:07.371+0000] {dagbag.py:539} INFO - Filling up the DagBag from /opt/airflow/dags/my_second_dag.py
[2023-09-10T19:56:07.384+0000] {processor.py:839} INFO - DAG(s) dict_keys(['ganza_dag_v13']) retrieved from /opt/airflow/dags/my_second_dag.py
[2023-09-10T19:56:07.421+0000] {logging_mixin.py:151} INFO - [2023-09-10T19:56:07.421+0000] {dag.py:2907} INFO - Sync 1 DAGs
[2023-09-10T19:56:07.453+0000] {logging_mixin.py:151} INFO - [2023-09-10T19:56:07.452+0000] {dag.py:3677} INFO - Setting next_dagrun for ganza_dag_v13 to 2023-09-10T00:00:00+00:00, run_after=2023-09-11T00:00:00+00:00
[2023-09-10T19:56:07.480+0000] {processor.py:179} INFO - Processing /opt/airflow/dags/my_second_dag.py took 0.116 seconds
