[2023-09-08T06:55:33.207+0000] {processor.py:157} INFO - Started process (PID=165) to work on /opt/airflow/dags/dag_with_cron_expression.py
[2023-09-08T06:55:33.213+0000] {processor.py:829} INFO - Processing file /opt/airflow/dags/dag_with_cron_expression.py for tasks to queue
[2023-09-08T06:55:33.214+0000] {logging_mixin.py:151} INFO - [2023-09-08T06:55:33.214+0000] {dagbag.py:539} INFO - Filling up the DagBag from /opt/airflow/dags/dag_with_cron_expression.py
[2023-09-08T06:55:33.246+0000] {processor.py:839} INFO - DAG(s) dict_keys(['ganza_dag_cron_expression_v19']) retrieved from /opt/airflow/dags/dag_with_cron_expression.py
[2023-09-08T06:55:33.313+0000] {logging_mixin.py:151} INFO - [2023-09-08T06:55:33.313+0000] {dag.py:2907} INFO - Sync 1 DAGs
[2023-09-08T06:55:33.385+0000] {logging_mixin.py:151} INFO - [2023-09-08T06:55:33.384+0000] {dag.py:3677} INFO - Setting next_dagrun for ganza_dag_cron_expression_v19 to 2023-09-08T00:00:00+00:00, run_after=2023-09-12T00:00:00+00:00
[2023-09-08T06:55:33.412+0000] {processor.py:179} INFO - Processing /opt/airflow/dags/dag_with_cron_expression.py took 0.210 seconds
[2023-09-08T06:56:03.790+0000] {processor.py:157} INFO - Started process (PID=227) to work on /opt/airflow/dags/dag_with_cron_expression.py
[2023-09-08T06:56:03.791+0000] {processor.py:829} INFO - Processing file /opt/airflow/dags/dag_with_cron_expression.py for tasks to queue
[2023-09-08T06:56:03.792+0000] {logging_mixin.py:151} INFO - [2023-09-08T06:56:03.792+0000] {dagbag.py:539} INFO - Filling up the DagBag from /opt/airflow/dags/dag_with_cron_expression.py
[2023-09-08T06:56:03.804+0000] {processor.py:839} INFO - DAG(s) dict_keys(['ganza_dag_cron_expression_v19']) retrieved from /opt/airflow/dags/dag_with_cron_expression.py
[2023-09-08T06:56:03.835+0000] {logging_mixin.py:151} INFO - [2023-09-08T06:56:03.834+0000] {dag.py:2907} INFO - Sync 1 DAGs
[2023-09-08T06:56:03.865+0000] {logging_mixin.py:151} INFO - [2023-09-08T06:56:03.865+0000] {dag.py:3677} INFO - Setting next_dagrun for ganza_dag_cron_expression_v19 to 2023-09-08T00:00:00+00:00, run_after=2023-09-12T00:00:00+00:00
[2023-09-08T06:56:03.886+0000] {processor.py:179} INFO - Processing /opt/airflow/dags/dag_with_cron_expression.py took 0.101 seconds
[2023-09-08T06:56:34.170+0000] {processor.py:157} INFO - Started process (PID=260) to work on /opt/airflow/dags/dag_with_cron_expression.py
[2023-09-08T06:56:34.171+0000] {processor.py:829} INFO - Processing file /opt/airflow/dags/dag_with_cron_expression.py for tasks to queue
[2023-09-08T06:56:34.172+0000] {logging_mixin.py:151} INFO - [2023-09-08T06:56:34.172+0000] {dagbag.py:539} INFO - Filling up the DagBag from /opt/airflow/dags/dag_with_cron_expression.py
[2023-09-08T06:56:34.185+0000] {processor.py:839} INFO - DAG(s) dict_keys(['ganza_dag_cron_expression_v19']) retrieved from /opt/airflow/dags/dag_with_cron_expression.py
[2023-09-08T06:56:34.217+0000] {logging_mixin.py:151} INFO - [2023-09-08T06:56:34.217+0000] {dag.py:2907} INFO - Sync 1 DAGs
[2023-09-08T06:56:34.250+0000] {logging_mixin.py:151} INFO - [2023-09-08T06:56:34.249+0000] {dag.py:3677} INFO - Setting next_dagrun for ganza_dag_cron_expression_v19 to 2023-09-08T00:00:00+00:00, run_after=2023-09-12T00:00:00+00:00
[2023-09-08T06:56:34.270+0000] {processor.py:179} INFO - Processing /opt/airflow/dags/dag_with_cron_expression.py took 0.105 seconds
[2023-09-08T06:57:04.630+0000] {processor.py:157} INFO - Started process (PID=292) to work on /opt/airflow/dags/dag_with_cron_expression.py
[2023-09-08T06:57:04.632+0000] {processor.py:829} INFO - Processing file /opt/airflow/dags/dag_with_cron_expression.py for tasks to queue
[2023-09-08T06:57:04.633+0000] {logging_mixin.py:151} INFO - [2023-09-08T06:57:04.632+0000] {dagbag.py:539} INFO - Filling up the DagBag from /opt/airflow/dags/dag_with_cron_expression.py
[2023-09-08T06:57:04.649+0000] {processor.py:839} INFO - DAG(s) dict_keys(['ganza_dag_cron_expression_v19']) retrieved from /opt/airflow/dags/dag_with_cron_expression.py
[2023-09-08T06:57:04.683+0000] {logging_mixin.py:151} INFO - [2023-09-08T06:57:04.683+0000] {dag.py:2907} INFO - Sync 1 DAGs
[2023-09-08T06:57:04.715+0000] {logging_mixin.py:151} INFO - [2023-09-08T06:57:04.715+0000] {dag.py:3677} INFO - Setting next_dagrun for ganza_dag_cron_expression_v19 to 2023-09-08T00:00:00+00:00, run_after=2023-09-12T00:00:00+00:00
[2023-09-08T06:57:04.739+0000] {processor.py:179} INFO - Processing /opt/airflow/dags/dag_with_cron_expression.py took 0.116 seconds
[2023-09-08T06:57:35.095+0000] {processor.py:157} INFO - Started process (PID=324) to work on /opt/airflow/dags/dag_with_cron_expression.py
[2023-09-08T06:57:35.095+0000] {processor.py:829} INFO - Processing file /opt/airflow/dags/dag_with_cron_expression.py for tasks to queue
[2023-09-08T06:57:35.096+0000] {logging_mixin.py:151} INFO - [2023-09-08T06:57:35.096+0000] {dagbag.py:539} INFO - Filling up the DagBag from /opt/airflow/dags/dag_with_cron_expression.py
[2023-09-08T06:57:35.113+0000] {processor.py:839} INFO - DAG(s) dict_keys(['ganza_dag_cron_expression_v19']) retrieved from /opt/airflow/dags/dag_with_cron_expression.py
[2023-09-08T06:57:35.144+0000] {logging_mixin.py:151} INFO - [2023-09-08T06:57:35.144+0000] {dag.py:2907} INFO - Sync 1 DAGs
[2023-09-08T06:57:35.177+0000] {logging_mixin.py:151} INFO - [2023-09-08T06:57:35.177+0000] {dag.py:3677} INFO - Setting next_dagrun for ganza_dag_cron_expression_v19 to 2023-09-08T00:00:00+00:00, run_after=2023-09-12T00:00:00+00:00
[2023-09-08T06:57:35.202+0000] {processor.py:179} INFO - Processing /opt/airflow/dags/dag_with_cron_expression.py took 0.111 seconds
[2023-09-08T06:58:05.572+0000] {processor.py:157} INFO - Started process (PID=356) to work on /opt/airflow/dags/dag_with_cron_expression.py
[2023-09-08T06:58:05.573+0000] {processor.py:829} INFO - Processing file /opt/airflow/dags/dag_with_cron_expression.py for tasks to queue
[2023-09-08T06:58:05.574+0000] {logging_mixin.py:151} INFO - [2023-09-08T06:58:05.574+0000] {dagbag.py:539} INFO - Filling up the DagBag from /opt/airflow/dags/dag_with_cron_expression.py
[2023-09-08T06:58:05.587+0000] {processor.py:839} INFO - DAG(s) dict_keys(['ganza_dag_cron_expression_v19']) retrieved from /opt/airflow/dags/dag_with_cron_expression.py
[2023-09-08T06:58:05.618+0000] {logging_mixin.py:151} INFO - [2023-09-08T06:58:05.618+0000] {dag.py:2907} INFO - Sync 1 DAGs
[2023-09-08T06:58:05.649+0000] {logging_mixin.py:151} INFO - [2023-09-08T06:58:05.649+0000] {dag.py:3677} INFO - Setting next_dagrun for ganza_dag_cron_expression_v19 to 2023-09-08T00:00:00+00:00, run_after=2023-09-12T00:00:00+00:00
[2023-09-08T06:58:05.670+0000] {processor.py:179} INFO - Processing /opt/airflow/dags/dag_with_cron_expression.py took 0.102 seconds
[2023-09-08T06:58:36.013+0000] {processor.py:157} INFO - Started process (PID=388) to work on /opt/airflow/dags/dag_with_cron_expression.py
[2023-09-08T06:58:36.013+0000] {processor.py:829} INFO - Processing file /opt/airflow/dags/dag_with_cron_expression.py for tasks to queue
[2023-09-08T06:58:36.014+0000] {logging_mixin.py:151} INFO - [2023-09-08T06:58:36.014+0000] {dagbag.py:539} INFO - Filling up the DagBag from /opt/airflow/dags/dag_with_cron_expression.py
[2023-09-08T06:58:36.028+0000] {processor.py:839} INFO - DAG(s) dict_keys(['ganza_dag_cron_expression_v19']) retrieved from /opt/airflow/dags/dag_with_cron_expression.py
[2023-09-08T06:58:36.061+0000] {logging_mixin.py:151} INFO - [2023-09-08T06:58:36.061+0000] {dag.py:2907} INFO - Sync 1 DAGs
[2023-09-08T06:58:36.090+0000] {logging_mixin.py:151} INFO - [2023-09-08T06:58:36.089+0000] {dag.py:3677} INFO - Setting next_dagrun for ganza_dag_cron_expression_v19 to 2023-09-08T00:00:00+00:00, run_after=2023-09-12T00:00:00+00:00
[2023-09-08T06:58:36.112+0000] {processor.py:179} INFO - Processing /opt/airflow/dags/dag_with_cron_expression.py took 0.103 seconds
[2023-09-08T06:59:06.533+0000] {processor.py:157} INFO - Started process (PID=420) to work on /opt/airflow/dags/dag_with_cron_expression.py
[2023-09-08T06:59:06.535+0000] {processor.py:829} INFO - Processing file /opt/airflow/dags/dag_with_cron_expression.py for tasks to queue
[2023-09-08T06:59:06.536+0000] {logging_mixin.py:151} INFO - [2023-09-08T06:59:06.536+0000] {dagbag.py:539} INFO - Filling up the DagBag from /opt/airflow/dags/dag_with_cron_expression.py
[2023-09-08T06:59:06.552+0000] {processor.py:839} INFO - DAG(s) dict_keys(['ganza_dag_cron_expression_v19']) retrieved from /opt/airflow/dags/dag_with_cron_expression.py
[2023-09-08T06:59:06.583+0000] {logging_mixin.py:151} INFO - [2023-09-08T06:59:06.583+0000] {dag.py:2907} INFO - Sync 1 DAGs
[2023-09-08T06:59:06.613+0000] {logging_mixin.py:151} INFO - [2023-09-08T06:59:06.613+0000] {dag.py:3677} INFO - Setting next_dagrun for ganza_dag_cron_expression_v19 to 2023-09-08T00:00:00+00:00, run_after=2023-09-12T00:00:00+00:00
[2023-09-08T06:59:06.635+0000] {processor.py:179} INFO - Processing /opt/airflow/dags/dag_with_cron_expression.py took 0.108 seconds
[2023-09-08T06:59:36.940+0000] {processor.py:157} INFO - Started process (PID=452) to work on /opt/airflow/dags/dag_with_cron_expression.py
[2023-09-08T06:59:36.941+0000] {processor.py:829} INFO - Processing file /opt/airflow/dags/dag_with_cron_expression.py for tasks to queue
[2023-09-08T06:59:36.942+0000] {logging_mixin.py:151} INFO - [2023-09-08T06:59:36.941+0000] {dagbag.py:539} INFO - Filling up the DagBag from /opt/airflow/dags/dag_with_cron_expression.py
[2023-09-08T06:59:36.956+0000] {processor.py:839} INFO - DAG(s) dict_keys(['ganza_dag_cron_expression_v19']) retrieved from /opt/airflow/dags/dag_with_cron_expression.py
[2023-09-08T06:59:36.988+0000] {logging_mixin.py:151} INFO - [2023-09-08T06:59:36.987+0000] {dag.py:2907} INFO - Sync 1 DAGs
[2023-09-08T06:59:37.022+0000] {logging_mixin.py:151} INFO - [2023-09-08T06:59:37.021+0000] {dag.py:3677} INFO - Setting next_dagrun for ganza_dag_cron_expression_v19 to 2023-09-08T00:00:00+00:00, run_after=2023-09-12T00:00:00+00:00
[2023-09-08T06:59:37.044+0000] {processor.py:179} INFO - Processing /opt/airflow/dags/dag_with_cron_expression.py took 0.108 seconds
[2023-09-08T07:00:07.448+0000] {processor.py:157} INFO - Started process (PID=484) to work on /opt/airflow/dags/dag_with_cron_expression.py
[2023-09-08T07:00:07.449+0000] {processor.py:829} INFO - Processing file /opt/airflow/dags/dag_with_cron_expression.py for tasks to queue
[2023-09-08T07:00:07.450+0000] {logging_mixin.py:151} INFO - [2023-09-08T07:00:07.450+0000] {dagbag.py:539} INFO - Filling up the DagBag from /opt/airflow/dags/dag_with_cron_expression.py
[2023-09-08T07:00:07.463+0000] {processor.py:839} INFO - DAG(s) dict_keys(['ganza_dag_cron_expression_v19']) retrieved from /opt/airflow/dags/dag_with_cron_expression.py
[2023-09-08T07:00:07.496+0000] {logging_mixin.py:151} INFO - [2023-09-08T07:00:07.496+0000] {dag.py:2907} INFO - Sync 1 DAGs
[2023-09-08T07:00:07.525+0000] {logging_mixin.py:151} INFO - [2023-09-08T07:00:07.525+0000] {dag.py:3677} INFO - Setting next_dagrun for ganza_dag_cron_expression_v19 to 2023-09-08T00:00:00+00:00, run_after=2023-09-12T00:00:00+00:00
[2023-09-08T07:00:07.546+0000] {processor.py:179} INFO - Processing /opt/airflow/dags/dag_with_cron_expression.py took 0.103 seconds
[2023-09-08T07:00:37.917+0000] {processor.py:157} INFO - Started process (PID=516) to work on /opt/airflow/dags/dag_with_cron_expression.py
[2023-09-08T07:00:37.918+0000] {processor.py:829} INFO - Processing file /opt/airflow/dags/dag_with_cron_expression.py for tasks to queue
[2023-09-08T07:00:37.919+0000] {logging_mixin.py:151} INFO - [2023-09-08T07:00:37.919+0000] {dagbag.py:539} INFO - Filling up the DagBag from /opt/airflow/dags/dag_with_cron_expression.py
[2023-09-08T07:00:37.932+0000] {processor.py:839} INFO - DAG(s) dict_keys(['ganza_dag_cron_expression_v19']) retrieved from /opt/airflow/dags/dag_with_cron_expression.py
[2023-09-08T07:00:37.969+0000] {logging_mixin.py:151} INFO - [2023-09-08T07:00:37.969+0000] {dag.py:2907} INFO - Sync 1 DAGs
[2023-09-08T07:00:38.006+0000] {logging_mixin.py:151} INFO - [2023-09-08T07:00:38.006+0000] {dag.py:3677} INFO - Setting next_dagrun for ganza_dag_cron_expression_v19 to 2023-09-08T00:00:00+00:00, run_after=2023-09-12T00:00:00+00:00
[2023-09-08T07:00:38.029+0000] {processor.py:179} INFO - Processing /opt/airflow/dags/dag_with_cron_expression.py took 0.116 seconds
[2023-09-08T07:01:08.474+0000] {processor.py:157} INFO - Started process (PID=549) to work on /opt/airflow/dags/dag_with_cron_expression.py
[2023-09-08T07:01:08.475+0000] {processor.py:829} INFO - Processing file /opt/airflow/dags/dag_with_cron_expression.py for tasks to queue
[2023-09-08T07:01:08.476+0000] {logging_mixin.py:151} INFO - [2023-09-08T07:01:08.476+0000] {dagbag.py:539} INFO - Filling up the DagBag from /opt/airflow/dags/dag_with_cron_expression.py
[2023-09-08T07:01:08.490+0000] {processor.py:839} INFO - DAG(s) dict_keys(['ganza_dag_cron_expression_v19']) retrieved from /opt/airflow/dags/dag_with_cron_expression.py
[2023-09-08T07:01:08.524+0000] {logging_mixin.py:151} INFO - [2023-09-08T07:01:08.524+0000] {dag.py:2907} INFO - Sync 1 DAGs
[2023-09-08T07:01:08.561+0000] {logging_mixin.py:151} INFO - [2023-09-08T07:01:08.561+0000] {dag.py:3677} INFO - Setting next_dagrun for ganza_dag_cron_expression_v19 to 2023-09-08T00:00:00+00:00, run_after=2023-09-12T00:00:00+00:00
[2023-09-08T07:01:08.594+0000] {processor.py:179} INFO - Processing /opt/airflow/dags/dag_with_cron_expression.py took 0.125 seconds
[2023-09-08T07:01:39.041+0000] {processor.py:157} INFO - Started process (PID=581) to work on /opt/airflow/dags/dag_with_cron_expression.py
[2023-09-08T07:01:39.042+0000] {processor.py:829} INFO - Processing file /opt/airflow/dags/dag_with_cron_expression.py for tasks to queue
[2023-09-08T07:01:39.043+0000] {logging_mixin.py:151} INFO - [2023-09-08T07:01:39.043+0000] {dagbag.py:539} INFO - Filling up the DagBag from /opt/airflow/dags/dag_with_cron_expression.py
[2023-09-08T07:01:39.062+0000] {processor.py:839} INFO - DAG(s) dict_keys(['ganza_dag_cron_expression_v19']) retrieved from /opt/airflow/dags/dag_with_cron_expression.py
[2023-09-08T07:01:39.104+0000] {logging_mixin.py:151} INFO - [2023-09-08T07:01:39.103+0000] {dag.py:2907} INFO - Sync 1 DAGs
[2023-09-08T07:01:39.143+0000] {logging_mixin.py:151} INFO - [2023-09-08T07:01:39.143+0000] {dag.py:3677} INFO - Setting next_dagrun for ganza_dag_cron_expression_v19 to 2023-09-08T00:00:00+00:00, run_after=2023-09-12T00:00:00+00:00
[2023-09-08T07:01:39.317+0000] {processor.py:179} INFO - Processing /opt/airflow/dags/dag_with_cron_expression.py took 0.281 seconds
[2023-09-08T07:02:09.796+0000] {processor.py:157} INFO - Started process (PID=620) to work on /opt/airflow/dags/dag_with_cron_expression.py
[2023-09-08T07:02:09.797+0000] {processor.py:829} INFO - Processing file /opt/airflow/dags/dag_with_cron_expression.py for tasks to queue
[2023-09-08T07:02:09.798+0000] {logging_mixin.py:151} INFO - [2023-09-08T07:02:09.798+0000] {dagbag.py:539} INFO - Filling up the DagBag from /opt/airflow/dags/dag_with_cron_expression.py
[2023-09-08T07:02:09.814+0000] {processor.py:839} INFO - DAG(s) dict_keys(['ganza_dag_cron_expression_v19']) retrieved from /opt/airflow/dags/dag_with_cron_expression.py
[2023-09-08T07:02:09.855+0000] {logging_mixin.py:151} INFO - [2023-09-08T07:02:09.855+0000] {dag.py:2907} INFO - Sync 1 DAGs
[2023-09-08T07:02:10.031+0000] {logging_mixin.py:151} INFO - [2023-09-08T07:02:10.031+0000] {dag.py:3677} INFO - Setting next_dagrun for ganza_dag_cron_expression_v19 to 2023-09-08T00:00:00+00:00, run_after=2023-09-12T00:00:00+00:00
[2023-09-08T07:02:10.052+0000] {processor.py:179} INFO - Processing /opt/airflow/dags/dag_with_cron_expression.py took 0.261 seconds
[2023-09-08T07:02:40.564+0000] {processor.py:157} INFO - Started process (PID=653) to work on /opt/airflow/dags/dag_with_cron_expression.py
[2023-09-08T07:02:40.565+0000] {processor.py:829} INFO - Processing file /opt/airflow/dags/dag_with_cron_expression.py for tasks to queue
[2023-09-08T07:02:40.567+0000] {logging_mixin.py:151} INFO - [2023-09-08T07:02:40.566+0000] {dagbag.py:539} INFO - Filling up the DagBag from /opt/airflow/dags/dag_with_cron_expression.py
[2023-09-08T07:02:40.588+0000] {processor.py:839} INFO - DAG(s) dict_keys(['ganza_dag_cron_expression_v19']) retrieved from /opt/airflow/dags/dag_with_cron_expression.py
[2023-09-08T07:02:40.795+0000] {logging_mixin.py:151} INFO - [2023-09-08T07:02:40.795+0000] {dag.py:2907} INFO - Sync 1 DAGs
[2023-09-08T07:02:40.836+0000] {logging_mixin.py:151} INFO - [2023-09-08T07:02:40.836+0000] {dag.py:3677} INFO - Setting next_dagrun for ganza_dag_cron_expression_v19 to 2023-09-08T00:00:00+00:00, run_after=2023-09-12T00:00:00+00:00
[2023-09-08T07:02:40.860+0000] {processor.py:179} INFO - Processing /opt/airflow/dags/dag_with_cron_expression.py took 0.303 seconds
[2023-09-08T07:03:11.377+0000] {processor.py:157} INFO - Started process (PID=686) to work on /opt/airflow/dags/dag_with_cron_expression.py
[2023-09-08T07:03:11.378+0000] {processor.py:829} INFO - Processing file /opt/airflow/dags/dag_with_cron_expression.py for tasks to queue
[2023-09-08T07:03:11.381+0000] {logging_mixin.py:151} INFO - [2023-09-08T07:03:11.379+0000] {dagbag.py:539} INFO - Filling up the DagBag from /opt/airflow/dags/dag_with_cron_expression.py
[2023-09-08T07:03:11.405+0000] {processor.py:839} INFO - DAG(s) dict_keys(['ganza_dag_cron_expression_v19']) retrieved from /opt/airflow/dags/dag_with_cron_expression.py
[2023-09-08T07:03:11.590+0000] {logging_mixin.py:151} INFO - [2023-09-08T07:03:11.590+0000] {dag.py:2907} INFO - Sync 1 DAGs
[2023-09-08T07:03:11.634+0000] {logging_mixin.py:151} INFO - [2023-09-08T07:03:11.634+0000] {dag.py:3677} INFO - Setting next_dagrun for ganza_dag_cron_expression_v19 to 2023-09-08T00:00:00+00:00, run_after=2023-09-12T00:00:00+00:00
[2023-09-08T07:03:11.660+0000] {processor.py:179} INFO - Processing /opt/airflow/dags/dag_with_cron_expression.py took 0.295 seconds
[2023-09-08T07:03:42.264+0000] {processor.py:157} INFO - Started process (PID=719) to work on /opt/airflow/dags/dag_with_cron_expression.py
[2023-09-08T07:03:42.265+0000] {processor.py:829} INFO - Processing file /opt/airflow/dags/dag_with_cron_expression.py for tasks to queue
[2023-09-08T07:03:42.266+0000] {logging_mixin.py:151} INFO - [2023-09-08T07:03:42.266+0000] {dagbag.py:539} INFO - Filling up the DagBag from /opt/airflow/dags/dag_with_cron_expression.py
[2023-09-08T07:03:42.288+0000] {processor.py:839} INFO - DAG(s) dict_keys(['ganza_dag_cron_expression_v19']) retrieved from /opt/airflow/dags/dag_with_cron_expression.py
[2023-09-08T07:03:42.330+0000] {logging_mixin.py:151} INFO - [2023-09-08T07:03:42.329+0000] {dag.py:2907} INFO - Sync 1 DAGs
[2023-09-08T07:03:42.365+0000] {logging_mixin.py:151} INFO - [2023-09-08T07:03:42.365+0000] {dag.py:3677} INFO - Setting next_dagrun for ganza_dag_cron_expression_v19 to 2023-09-08T00:00:00+00:00, run_after=2023-09-12T00:00:00+00:00
[2023-09-08T07:03:42.391+0000] {processor.py:179} INFO - Processing /opt/airflow/dags/dag_with_cron_expression.py took 0.134 seconds
[2023-09-08T07:04:12.752+0000] {processor.py:157} INFO - Started process (PID=751) to work on /opt/airflow/dags/dag_with_cron_expression.py
[2023-09-08T07:04:12.754+0000] {processor.py:829} INFO - Processing file /opt/airflow/dags/dag_with_cron_expression.py for tasks to queue
[2023-09-08T07:04:12.756+0000] {logging_mixin.py:151} INFO - [2023-09-08T07:04:12.755+0000] {dagbag.py:539} INFO - Filling up the DagBag from /opt/airflow/dags/dag_with_cron_expression.py
[2023-09-08T07:04:12.781+0000] {processor.py:839} INFO - DAG(s) dict_keys(['ganza_dag_cron_expression_v19']) retrieved from /opt/airflow/dags/dag_with_cron_expression.py
[2023-09-08T07:04:12.841+0000] {logging_mixin.py:151} INFO - [2023-09-08T07:04:12.840+0000] {dag.py:2907} INFO - Sync 1 DAGs
[2023-09-08T07:04:12.878+0000] {logging_mixin.py:151} INFO - [2023-09-08T07:04:12.878+0000] {dag.py:3677} INFO - Setting next_dagrun for ganza_dag_cron_expression_v19 to 2023-09-08T00:00:00+00:00, run_after=2023-09-12T00:00:00+00:00
[2023-09-08T07:04:12.911+0000] {processor.py:179} INFO - Processing /opt/airflow/dags/dag_with_cron_expression.py took 0.166 seconds
[2023-09-08T07:04:43.330+0000] {processor.py:157} INFO - Started process (PID=783) to work on /opt/airflow/dags/dag_with_cron_expression.py
[2023-09-08T07:04:43.331+0000] {processor.py:829} INFO - Processing file /opt/airflow/dags/dag_with_cron_expression.py for tasks to queue
[2023-09-08T07:04:43.333+0000] {logging_mixin.py:151} INFO - [2023-09-08T07:04:43.332+0000] {dagbag.py:539} INFO - Filling up the DagBag from /opt/airflow/dags/dag_with_cron_expression.py
[2023-09-08T07:04:43.349+0000] {processor.py:839} INFO - DAG(s) dict_keys(['ganza_dag_cron_expression_v19']) retrieved from /opt/airflow/dags/dag_with_cron_expression.py
[2023-09-08T07:04:43.381+0000] {logging_mixin.py:151} INFO - [2023-09-08T07:04:43.381+0000] {dag.py:2907} INFO - Sync 1 DAGs
[2023-09-08T07:04:43.411+0000] {logging_mixin.py:151} INFO - [2023-09-08T07:04:43.410+0000] {dag.py:3677} INFO - Setting next_dagrun for ganza_dag_cron_expression_v19 to 2023-09-08T00:00:00+00:00, run_after=2023-09-12T00:00:00+00:00
[2023-09-08T07:04:43.432+0000] {processor.py:179} INFO - Processing /opt/airflow/dags/dag_with_cron_expression.py took 0.111 seconds
[2023-09-08T07:05:13.766+0000] {processor.py:157} INFO - Started process (PID=812) to work on /opt/airflow/dags/dag_with_cron_expression.py
[2023-09-08T07:05:13.769+0000] {processor.py:829} INFO - Processing file /opt/airflow/dags/dag_with_cron_expression.py for tasks to queue
[2023-09-08T07:05:13.771+0000] {logging_mixin.py:151} INFO - [2023-09-08T07:05:13.770+0000] {dagbag.py:539} INFO - Filling up the DagBag from /opt/airflow/dags/dag_with_cron_expression.py
[2023-09-08T07:05:13.803+0000] {processor.py:839} INFO - DAG(s) dict_keys(['ganza_dag_cron_expression_v19']) retrieved from /opt/airflow/dags/dag_with_cron_expression.py
[2023-09-08T07:05:13.886+0000] {logging_mixin.py:151} INFO - [2023-09-08T07:05:13.886+0000] {dag.py:2907} INFO - Sync 1 DAGs
[2023-09-08T07:05:13.964+0000] {logging_mixin.py:151} INFO - [2023-09-08T07:05:13.964+0000] {dag.py:3677} INFO - Setting next_dagrun for ganza_dag_cron_expression_v19 to 2023-09-08T00:00:00+00:00, run_after=2023-09-12T00:00:00+00:00
[2023-09-08T07:05:14.009+0000] {processor.py:179} INFO - Processing /opt/airflow/dags/dag_with_cron_expression.py took 0.252 seconds
[2023-09-08T07:05:44.255+0000] {processor.py:157} INFO - Started process (PID=845) to work on /opt/airflow/dags/dag_with_cron_expression.py
[2023-09-08T07:05:44.256+0000] {processor.py:829} INFO - Processing file /opt/airflow/dags/dag_with_cron_expression.py for tasks to queue
[2023-09-08T07:05:44.257+0000] {logging_mixin.py:151} INFO - [2023-09-08T07:05:44.257+0000] {dagbag.py:539} INFO - Filling up the DagBag from /opt/airflow/dags/dag_with_cron_expression.py
[2023-09-08T07:05:44.276+0000] {processor.py:839} INFO - DAG(s) dict_keys(['ganza_dag_cron_expression_v19']) retrieved from /opt/airflow/dags/dag_with_cron_expression.py
[2023-09-08T07:05:44.320+0000] {logging_mixin.py:151} INFO - [2023-09-08T07:05:44.320+0000] {dag.py:2907} INFO - Sync 1 DAGs
[2023-09-08T07:05:44.370+0000] {logging_mixin.py:151} INFO - [2023-09-08T07:05:44.370+0000] {dag.py:3677} INFO - Setting next_dagrun for ganza_dag_cron_expression_v19 to 2023-09-08T00:00:00+00:00, run_after=2023-09-12T00:00:00+00:00
[2023-09-08T07:05:44.409+0000] {processor.py:179} INFO - Processing /opt/airflow/dags/dag_with_cron_expression.py took 0.160 seconds
[2023-09-08T07:06:15.073+0000] {processor.py:157} INFO - Started process (PID=877) to work on /opt/airflow/dags/dag_with_cron_expression.py
[2023-09-08T07:06:15.087+0000] {processor.py:829} INFO - Processing file /opt/airflow/dags/dag_with_cron_expression.py for tasks to queue
[2023-09-08T07:06:15.089+0000] {logging_mixin.py:151} INFO - [2023-09-08T07:06:15.088+0000] {dagbag.py:539} INFO - Filling up the DagBag from /opt/airflow/dags/dag_with_cron_expression.py
[2023-09-08T07:06:15.105+0000] {processor.py:839} INFO - DAG(s) dict_keys(['ganza_dag_cron_expression_v19']) retrieved from /opt/airflow/dags/dag_with_cron_expression.py
[2023-09-08T07:06:15.146+0000] {logging_mixin.py:151} INFO - [2023-09-08T07:06:15.146+0000] {dag.py:2907} INFO - Sync 1 DAGs
[2023-09-08T07:06:15.192+0000] {logging_mixin.py:151} INFO - [2023-09-08T07:06:15.192+0000] {dag.py:3677} INFO - Setting next_dagrun for ganza_dag_cron_expression_v19 to 2023-09-08T00:00:00+00:00, run_after=2023-09-12T00:00:00+00:00
[2023-09-08T07:06:15.471+0000] {processor.py:179} INFO - Processing /opt/airflow/dags/dag_with_cron_expression.py took 0.402 seconds
[2023-09-08T07:06:46.141+0000] {processor.py:157} INFO - Started process (PID=910) to work on /opt/airflow/dags/dag_with_cron_expression.py
[2023-09-08T07:06:46.143+0000] {processor.py:829} INFO - Processing file /opt/airflow/dags/dag_with_cron_expression.py for tasks to queue
[2023-09-08T07:06:46.144+0000] {logging_mixin.py:151} INFO - [2023-09-08T07:06:46.144+0000] {dagbag.py:539} INFO - Filling up the DagBag from /opt/airflow/dags/dag_with_cron_expression.py
[2023-09-08T07:06:46.159+0000] {processor.py:839} INFO - DAG(s) dict_keys(['ganza_dag_cron_expression_v19']) retrieved from /opt/airflow/dags/dag_with_cron_expression.py
[2023-09-08T07:06:46.197+0000] {logging_mixin.py:151} INFO - [2023-09-08T07:06:46.196+0000] {dag.py:2907} INFO - Sync 1 DAGs
[2023-09-08T07:06:46.227+0000] {logging_mixin.py:151} INFO - [2023-09-08T07:06:46.227+0000] {dag.py:3677} INFO - Setting next_dagrun for ganza_dag_cron_expression_v19 to 2023-09-08T00:00:00+00:00, run_after=2023-09-12T00:00:00+00:00
[2023-09-08T07:06:46.252+0000] {processor.py:179} INFO - Processing /opt/airflow/dags/dag_with_cron_expression.py took 0.116 seconds
[2023-09-08T07:07:16.717+0000] {processor.py:157} INFO - Started process (PID=942) to work on /opt/airflow/dags/dag_with_cron_expression.py
[2023-09-08T07:07:16.718+0000] {processor.py:829} INFO - Processing file /opt/airflow/dags/dag_with_cron_expression.py for tasks to queue
[2023-09-08T07:07:16.720+0000] {logging_mixin.py:151} INFO - [2023-09-08T07:07:16.719+0000] {dagbag.py:539} INFO - Filling up the DagBag from /opt/airflow/dags/dag_with_cron_expression.py
[2023-09-08T07:07:16.738+0000] {processor.py:839} INFO - DAG(s) dict_keys(['ganza_dag_cron_expression_v19']) retrieved from /opt/airflow/dags/dag_with_cron_expression.py
[2023-09-08T07:07:16.790+0000] {logging_mixin.py:151} INFO - [2023-09-08T07:07:16.789+0000] {dag.py:2907} INFO - Sync 1 DAGs
[2023-09-08T07:07:16.834+0000] {logging_mixin.py:151} INFO - [2023-09-08T07:07:16.834+0000] {dag.py:3677} INFO - Setting next_dagrun for ganza_dag_cron_expression_v19 to 2023-09-08T00:00:00+00:00, run_after=2023-09-12T00:00:00+00:00
[2023-09-08T07:07:16.871+0000] {processor.py:179} INFO - Processing /opt/airflow/dags/dag_with_cron_expression.py took 0.160 seconds
[2023-09-08T07:07:47.418+0000] {processor.py:157} INFO - Started process (PID=974) to work on /opt/airflow/dags/dag_with_cron_expression.py
[2023-09-08T07:07:47.420+0000] {processor.py:829} INFO - Processing file /opt/airflow/dags/dag_with_cron_expression.py for tasks to queue
[2023-09-08T07:07:47.421+0000] {logging_mixin.py:151} INFO - [2023-09-08T07:07:47.421+0000] {dagbag.py:539} INFO - Filling up the DagBag from /opt/airflow/dags/dag_with_cron_expression.py
[2023-09-08T07:07:47.438+0000] {processor.py:839} INFO - DAG(s) dict_keys(['ganza_dag_cron_expression_v19']) retrieved from /opt/airflow/dags/dag_with_cron_expression.py
[2023-09-08T07:07:47.471+0000] {logging_mixin.py:151} INFO - [2023-09-08T07:07:47.471+0000] {dag.py:2907} INFO - Sync 1 DAGs
[2023-09-08T07:07:47.509+0000] {logging_mixin.py:151} INFO - [2023-09-08T07:07:47.509+0000] {dag.py:3677} INFO - Setting next_dagrun for ganza_dag_cron_expression_v19 to 2023-09-08T00:00:00+00:00, run_after=2023-09-12T00:00:00+00:00
[2023-09-08T07:07:47.537+0000] {processor.py:179} INFO - Processing /opt/airflow/dags/dag_with_cron_expression.py took 0.126 seconds
[2023-09-08T07:08:18.063+0000] {processor.py:157} INFO - Started process (PID=1007) to work on /opt/airflow/dags/dag_with_cron_expression.py
[2023-09-08T07:08:18.064+0000] {processor.py:829} INFO - Processing file /opt/airflow/dags/dag_with_cron_expression.py for tasks to queue
[2023-09-08T07:08:18.076+0000] {logging_mixin.py:151} INFO - [2023-09-08T07:08:18.065+0000] {dagbag.py:539} INFO - Filling up the DagBag from /opt/airflow/dags/dag_with_cron_expression.py
[2023-09-08T07:08:18.103+0000] {processor.py:839} INFO - DAG(s) dict_keys(['ganza_dag_cron_expression_v19']) retrieved from /opt/airflow/dags/dag_with_cron_expression.py
[2023-09-08T07:08:18.163+0000] {logging_mixin.py:151} INFO - [2023-09-08T07:08:18.162+0000] {dag.py:2907} INFO - Sync 1 DAGs
[2023-09-08T07:08:18.218+0000] {logging_mixin.py:151} INFO - [2023-09-08T07:08:18.218+0000] {dag.py:3677} INFO - Setting next_dagrun for ganza_dag_cron_expression_v19 to 2023-09-08T00:00:00+00:00, run_after=2023-09-12T00:00:00+00:00
[2023-09-08T07:08:18.265+0000] {processor.py:179} INFO - Processing /opt/airflow/dags/dag_with_cron_expression.py took 0.209 seconds
[2023-09-08T07:08:49.034+0000] {processor.py:157} INFO - Started process (PID=1039) to work on /opt/airflow/dags/dag_with_cron_expression.py
[2023-09-08T07:08:49.049+0000] {processor.py:829} INFO - Processing file /opt/airflow/dags/dag_with_cron_expression.py for tasks to queue
[2023-09-08T07:08:49.051+0000] {logging_mixin.py:151} INFO - [2023-09-08T07:08:49.050+0000] {dagbag.py:539} INFO - Filling up the DagBag from /opt/airflow/dags/dag_with_cron_expression.py
[2023-09-08T07:08:49.073+0000] {processor.py:839} INFO - DAG(s) dict_keys(['ganza_dag_cron_expression_v19']) retrieved from /opt/airflow/dags/dag_with_cron_expression.py
[2023-09-08T07:08:49.310+0000] {logging_mixin.py:151} INFO - [2023-09-08T07:08:49.310+0000] {dag.py:2907} INFO - Sync 1 DAGs
[2023-09-08T07:08:49.586+0000] {logging_mixin.py:151} INFO - [2023-09-08T07:08:49.583+0000] {dag.py:3677} INFO - Setting next_dagrun for ganza_dag_cron_expression_v19 to 2023-09-08T00:00:00+00:00, run_after=2023-09-12T00:00:00+00:00
[2023-09-08T07:08:49.632+0000] {processor.py:179} INFO - Processing /opt/airflow/dags/dag_with_cron_expression.py took 0.604 seconds
[2023-09-08T07:09:19.909+0000] {processor.py:157} INFO - Started process (PID=1070) to work on /opt/airflow/dags/dag_with_cron_expression.py
[2023-09-08T07:09:19.920+0000] {processor.py:829} INFO - Processing file /opt/airflow/dags/dag_with_cron_expression.py for tasks to queue
[2023-09-08T07:09:19.921+0000] {logging_mixin.py:151} INFO - [2023-09-08T07:09:19.921+0000] {dagbag.py:539} INFO - Filling up the DagBag from /opt/airflow/dags/dag_with_cron_expression.py
[2023-09-08T07:09:20.025+0000] {processor.py:839} INFO - DAG(s) dict_keys(['ganza_dag_cron_expression_v19']) retrieved from /opt/airflow/dags/dag_with_cron_expression.py
[2023-09-08T07:09:20.181+0000] {logging_mixin.py:151} INFO - [2023-09-08T07:09:20.180+0000] {dag.py:2907} INFO - Sync 1 DAGs
[2023-09-08T07:09:20.340+0000] {logging_mixin.py:151} INFO - [2023-09-08T07:09:20.339+0000] {dag.py:3677} INFO - Setting next_dagrun for ganza_dag_cron_expression_v19 to 2023-09-08T00:00:00+00:00, run_after=2023-09-12T00:00:00+00:00
[2023-09-08T07:09:20.437+0000] {processor.py:179} INFO - Processing /opt/airflow/dags/dag_with_cron_expression.py took 0.540 seconds
[2023-09-08T07:09:50.591+0000] {processor.py:157} INFO - Started process (PID=1100) to work on /opt/airflow/dags/dag_with_cron_expression.py
[2023-09-08T07:09:50.596+0000] {processor.py:829} INFO - Processing file /opt/airflow/dags/dag_with_cron_expression.py for tasks to queue
[2023-09-08T07:09:50.607+0000] {logging_mixin.py:151} INFO - [2023-09-08T07:09:50.599+0000] {dagbag.py:539} INFO - Filling up the DagBag from /opt/airflow/dags/dag_with_cron_expression.py
[2023-09-08T07:09:50.641+0000] {processor.py:839} INFO - DAG(s) dict_keys(['ganza_dag_cron_expression_v19']) retrieved from /opt/airflow/dags/dag_with_cron_expression.py
[2023-09-08T07:09:50.750+0000] {logging_mixin.py:151} INFO - [2023-09-08T07:09:50.750+0000] {dag.py:2907} INFO - Sync 1 DAGs
[2023-09-08T07:09:50.910+0000] {logging_mixin.py:151} INFO - [2023-09-08T07:09:50.909+0000] {dag.py:3677} INFO - Setting next_dagrun for ganza_dag_cron_expression_v19 to 2023-09-08T00:00:00+00:00, run_after=2023-09-12T00:00:00+00:00
[2023-09-08T07:09:50.998+0000] {processor.py:179} INFO - Processing /opt/airflow/dags/dag_with_cron_expression.py took 0.420 seconds
[2023-09-08T07:10:21.190+0000] {processor.py:157} INFO - Started process (PID=1132) to work on /opt/airflow/dags/dag_with_cron_expression.py
[2023-09-08T07:10:21.191+0000] {processor.py:829} INFO - Processing file /opt/airflow/dags/dag_with_cron_expression.py for tasks to queue
[2023-09-08T07:10:21.192+0000] {logging_mixin.py:151} INFO - [2023-09-08T07:10:21.192+0000] {dagbag.py:539} INFO - Filling up the DagBag from /opt/airflow/dags/dag_with_cron_expression.py
[2023-09-08T07:10:21.211+0000] {processor.py:839} INFO - DAG(s) dict_keys(['ganza_dag_cron_expression_v19']) retrieved from /opt/airflow/dags/dag_with_cron_expression.py
[2023-09-08T07:10:21.270+0000] {logging_mixin.py:151} INFO - [2023-09-08T07:10:21.270+0000] {dag.py:2907} INFO - Sync 1 DAGs
[2023-09-08T07:10:21.323+0000] {logging_mixin.py:151} INFO - [2023-09-08T07:10:21.322+0000] {dag.py:3677} INFO - Setting next_dagrun for ganza_dag_cron_expression_v19 to 2023-09-08T00:00:00+00:00, run_after=2023-09-12T00:00:00+00:00
[2023-09-08T07:10:21.402+0000] {processor.py:179} INFO - Processing /opt/airflow/dags/dag_with_cron_expression.py took 0.218 seconds
