[2023-09-08T06:55:33.187+0000] {processor.py:157} INFO - Started process (PID=162) to work on /opt/airflow/dags/dag_with_catchup_and_backfill.py
[2023-09-08T06:55:33.188+0000] {processor.py:829} INFO - Processing file /opt/airflow/dags/dag_with_catchup_and_backfill.py for tasks to queue
[2023-09-08T06:55:33.189+0000] {logging_mixin.py:151} INFO - [2023-09-08T06:55:33.188+0000] {dagbag.py:539} INFO - Filling up the DagBag from /opt/airflow/dags/dag_with_catchup_and_backfill.py
[2023-09-08T06:55:33.208+0000] {processor.py:839} INFO - DAG(s) dict_keys(['ganza_dag_catchup_backfill_v18']) retrieved from /opt/airflow/dags/dag_with_catchup_and_backfill.py
[2023-09-08T06:55:33.289+0000] {logging_mixin.py:151} INFO - [2023-09-08T06:55:33.289+0000] {dag.py:2907} INFO - Sync 1 DAGs
[2023-09-08T06:55:33.334+0000] {logging_mixin.py:151} INFO - [2023-09-08T06:55:33.334+0000] {dag.py:3677} INFO - Setting next_dagrun for ganza_dag_catchup_backfill_v18 to 2023-09-08T00:00:00+00:00, run_after=2023-09-09T00:00:00+00:00
[2023-09-08T06:55:33.365+0000] {processor.py:179} INFO - Processing /opt/airflow/dags/dag_with_catchup_and_backfill.py took 0.183 seconds
[2023-09-08T06:56:03.781+0000] {processor.py:157} INFO - Started process (PID=224) to work on /opt/airflow/dags/dag_with_catchup_and_backfill.py
[2023-09-08T06:56:03.784+0000] {processor.py:829} INFO - Processing file /opt/airflow/dags/dag_with_catchup_and_backfill.py for tasks to queue
[2023-09-08T06:56:03.785+0000] {logging_mixin.py:151} INFO - [2023-09-08T06:56:03.785+0000] {dagbag.py:539} INFO - Filling up the DagBag from /opt/airflow/dags/dag_with_catchup_and_backfill.py
[2023-09-08T06:56:03.801+0000] {processor.py:839} INFO - DAG(s) dict_keys(['ganza_dag_catchup_backfill_v18']) retrieved from /opt/airflow/dags/dag_with_catchup_and_backfill.py
[2023-09-08T06:56:03.831+0000] {logging_mixin.py:151} INFO - [2023-09-08T06:56:03.831+0000] {dag.py:2907} INFO - Sync 1 DAGs
[2023-09-08T06:56:03.862+0000] {logging_mixin.py:151} INFO - [2023-09-08T06:56:03.861+0000] {dag.py:3677} INFO - Setting next_dagrun for ganza_dag_catchup_backfill_v18 to 2023-09-08T00:00:00+00:00, run_after=2023-09-09T00:00:00+00:00
[2023-09-08T06:56:03.882+0000] {processor.py:179} INFO - Processing /opt/airflow/dags/dag_with_catchup_and_backfill.py took 0.111 seconds
[2023-09-08T06:56:34.162+0000] {processor.py:157} INFO - Started process (PID=257) to work on /opt/airflow/dags/dag_with_catchup_and_backfill.py
[2023-09-08T06:56:34.165+0000] {processor.py:829} INFO - Processing file /opt/airflow/dags/dag_with_catchup_and_backfill.py for tasks to queue
[2023-09-08T06:56:34.166+0000] {logging_mixin.py:151} INFO - [2023-09-08T06:56:34.166+0000] {dagbag.py:539} INFO - Filling up the DagBag from /opt/airflow/dags/dag_with_catchup_and_backfill.py
[2023-09-08T06:56:34.180+0000] {processor.py:839} INFO - DAG(s) dict_keys(['ganza_dag_catchup_backfill_v18']) retrieved from /opt/airflow/dags/dag_with_catchup_and_backfill.py
[2023-09-08T06:56:34.214+0000] {logging_mixin.py:151} INFO - [2023-09-08T06:56:34.214+0000] {dag.py:2907} INFO - Sync 1 DAGs
[2023-09-08T06:56:34.248+0000] {logging_mixin.py:151} INFO - [2023-09-08T06:56:34.247+0000] {dag.py:3677} INFO - Setting next_dagrun for ganza_dag_catchup_backfill_v18 to 2023-09-08T00:00:00+00:00, run_after=2023-09-09T00:00:00+00:00
[2023-09-08T06:56:34.269+0000] {processor.py:179} INFO - Processing /opt/airflow/dags/dag_with_catchup_and_backfill.py took 0.118 seconds
[2023-09-08T06:57:04.621+0000] {processor.py:157} INFO - Started process (PID=289) to work on /opt/airflow/dags/dag_with_catchup_and_backfill.py
[2023-09-08T06:57:04.624+0000] {processor.py:829} INFO - Processing file /opt/airflow/dags/dag_with_catchup_and_backfill.py for tasks to queue
[2023-09-08T06:57:04.626+0000] {logging_mixin.py:151} INFO - [2023-09-08T06:57:04.625+0000] {dagbag.py:539} INFO - Filling up the DagBag from /opt/airflow/dags/dag_with_catchup_and_backfill.py
[2023-09-08T06:57:04.644+0000] {processor.py:839} INFO - DAG(s) dict_keys(['ganza_dag_catchup_backfill_v18']) retrieved from /opt/airflow/dags/dag_with_catchup_and_backfill.py
[2023-09-08T06:57:04.679+0000] {logging_mixin.py:151} INFO - [2023-09-08T06:57:04.679+0000] {dag.py:2907} INFO - Sync 1 DAGs
[2023-09-08T06:57:04.711+0000] {logging_mixin.py:151} INFO - [2023-09-08T06:57:04.711+0000] {dag.py:3677} INFO - Setting next_dagrun for ganza_dag_catchup_backfill_v18 to 2023-09-08T00:00:00+00:00, run_after=2023-09-09T00:00:00+00:00
[2023-09-08T06:57:04.735+0000] {processor.py:179} INFO - Processing /opt/airflow/dags/dag_with_catchup_and_backfill.py took 0.124 seconds
[2023-09-08T06:57:35.091+0000] {processor.py:157} INFO - Started process (PID=321) to work on /opt/airflow/dags/dag_with_catchup_and_backfill.py
[2023-09-08T06:57:35.092+0000] {processor.py:829} INFO - Processing file /opt/airflow/dags/dag_with_catchup_and_backfill.py for tasks to queue
[2023-09-08T06:57:35.093+0000] {logging_mixin.py:151} INFO - [2023-09-08T06:57:35.092+0000] {dagbag.py:539} INFO - Filling up the DagBag from /opt/airflow/dags/dag_with_catchup_and_backfill.py
[2023-09-08T06:57:35.106+0000] {processor.py:839} INFO - DAG(s) dict_keys(['ganza_dag_catchup_backfill_v18']) retrieved from /opt/airflow/dags/dag_with_catchup_and_backfill.py
[2023-09-08T06:57:35.139+0000] {logging_mixin.py:151} INFO - [2023-09-08T06:57:35.139+0000] {dag.py:2907} INFO - Sync 1 DAGs
[2023-09-08T06:57:35.169+0000] {logging_mixin.py:151} INFO - [2023-09-08T06:57:35.169+0000] {dag.py:3677} INFO - Setting next_dagrun for ganza_dag_catchup_backfill_v18 to 2023-09-08T00:00:00+00:00, run_after=2023-09-09T00:00:00+00:00
[2023-09-08T06:57:35.192+0000] {processor.py:179} INFO - Processing /opt/airflow/dags/dag_with_catchup_and_backfill.py took 0.107 seconds
[2023-09-08T06:58:05.566+0000] {processor.py:157} INFO - Started process (PID=353) to work on /opt/airflow/dags/dag_with_catchup_and_backfill.py
[2023-09-08T06:58:05.568+0000] {processor.py:829} INFO - Processing file /opt/airflow/dags/dag_with_catchup_and_backfill.py for tasks to queue
[2023-09-08T06:58:05.569+0000] {logging_mixin.py:151} INFO - [2023-09-08T06:58:05.569+0000] {dagbag.py:539} INFO - Filling up the DagBag from /opt/airflow/dags/dag_with_catchup_and_backfill.py
[2023-09-08T06:58:05.584+0000] {processor.py:839} INFO - DAG(s) dict_keys(['ganza_dag_catchup_backfill_v18']) retrieved from /opt/airflow/dags/dag_with_catchup_and_backfill.py
[2023-09-08T06:58:05.615+0000] {logging_mixin.py:151} INFO - [2023-09-08T06:58:05.615+0000] {dag.py:2907} INFO - Sync 1 DAGs
[2023-09-08T06:58:05.644+0000] {logging_mixin.py:151} INFO - [2023-09-08T06:58:05.644+0000] {dag.py:3677} INFO - Setting next_dagrun for ganza_dag_catchup_backfill_v18 to 2023-09-08T00:00:00+00:00, run_after=2023-09-09T00:00:00+00:00
[2023-09-08T06:58:05.667+0000] {processor.py:179} INFO - Processing /opt/airflow/dags/dag_with_catchup_and_backfill.py took 0.106 seconds
[2023-09-08T06:58:36.007+0000] {processor.py:157} INFO - Started process (PID=385) to work on /opt/airflow/dags/dag_with_catchup_and_backfill.py
[2023-09-08T06:58:36.008+0000] {processor.py:829} INFO - Processing file /opt/airflow/dags/dag_with_catchup_and_backfill.py for tasks to queue
[2023-09-08T06:58:36.009+0000] {logging_mixin.py:151} INFO - [2023-09-08T06:58:36.008+0000] {dagbag.py:539} INFO - Filling up the DagBag from /opt/airflow/dags/dag_with_catchup_and_backfill.py
[2023-09-08T06:58:36.023+0000] {processor.py:839} INFO - DAG(s) dict_keys(['ganza_dag_catchup_backfill_v18']) retrieved from /opt/airflow/dags/dag_with_catchup_and_backfill.py
[2023-09-08T06:58:36.058+0000] {logging_mixin.py:151} INFO - [2023-09-08T06:58:36.058+0000] {dag.py:2907} INFO - Sync 1 DAGs
[2023-09-08T06:58:36.090+0000] {logging_mixin.py:151} INFO - [2023-09-08T06:58:36.090+0000] {dag.py:3677} INFO - Setting next_dagrun for ganza_dag_catchup_backfill_v18 to 2023-09-08T00:00:00+00:00, run_after=2023-09-09T00:00:00+00:00
[2023-09-08T06:58:36.114+0000] {processor.py:179} INFO - Processing /opt/airflow/dags/dag_with_catchup_and_backfill.py took 0.112 seconds
[2023-09-08T06:59:06.524+0000] {processor.py:157} INFO - Started process (PID=417) to work on /opt/airflow/dags/dag_with_catchup_and_backfill.py
[2023-09-08T06:59:06.527+0000] {processor.py:829} INFO - Processing file /opt/airflow/dags/dag_with_catchup_and_backfill.py for tasks to queue
[2023-09-08T06:59:06.528+0000] {logging_mixin.py:151} INFO - [2023-09-08T06:59:06.528+0000] {dagbag.py:539} INFO - Filling up the DagBag from /opt/airflow/dags/dag_with_catchup_and_backfill.py
[2023-09-08T06:59:06.547+0000] {processor.py:839} INFO - DAG(s) dict_keys(['ganza_dag_catchup_backfill_v18']) retrieved from /opt/airflow/dags/dag_with_catchup_and_backfill.py
[2023-09-08T06:59:06.583+0000] {logging_mixin.py:151} INFO - [2023-09-08T06:59:06.582+0000] {dag.py:2907} INFO - Sync 1 DAGs
[2023-09-08T06:59:06.613+0000] {logging_mixin.py:151} INFO - [2023-09-08T06:59:06.612+0000] {dag.py:3677} INFO - Setting next_dagrun for ganza_dag_catchup_backfill_v18 to 2023-09-08T00:00:00+00:00, run_after=2023-09-09T00:00:00+00:00
[2023-09-08T06:59:06.634+0000] {processor.py:179} INFO - Processing /opt/airflow/dags/dag_with_catchup_and_backfill.py took 0.120 seconds
[2023-09-08T06:59:36.935+0000] {processor.py:157} INFO - Started process (PID=449) to work on /opt/airflow/dags/dag_with_catchup_and_backfill.py
[2023-09-08T06:59:36.936+0000] {processor.py:829} INFO - Processing file /opt/airflow/dags/dag_with_catchup_and_backfill.py for tasks to queue
[2023-09-08T06:59:36.937+0000] {logging_mixin.py:151} INFO - [2023-09-08T06:59:36.936+0000] {dagbag.py:539} INFO - Filling up the DagBag from /opt/airflow/dags/dag_with_catchup_and_backfill.py
[2023-09-08T06:59:36.950+0000] {processor.py:839} INFO - DAG(s) dict_keys(['ganza_dag_catchup_backfill_v18']) retrieved from /opt/airflow/dags/dag_with_catchup_and_backfill.py
[2023-09-08T06:59:36.984+0000] {logging_mixin.py:151} INFO - [2023-09-08T06:59:36.983+0000] {dag.py:2907} INFO - Sync 1 DAGs
[2023-09-08T06:59:37.017+0000] {logging_mixin.py:151} INFO - [2023-09-08T06:59:37.017+0000] {dag.py:3677} INFO - Setting next_dagrun for ganza_dag_catchup_backfill_v18 to 2023-09-08T00:00:00+00:00, run_after=2023-09-09T00:00:00+00:00
[2023-09-08T06:59:37.039+0000] {processor.py:179} INFO - Processing /opt/airflow/dags/dag_with_catchup_and_backfill.py took 0.110 seconds
[2023-09-08T07:00:07.441+0000] {processor.py:157} INFO - Started process (PID=481) to work on /opt/airflow/dags/dag_with_catchup_and_backfill.py
[2023-09-08T07:00:07.444+0000] {processor.py:829} INFO - Processing file /opt/airflow/dags/dag_with_catchup_and_backfill.py for tasks to queue
[2023-09-08T07:00:07.445+0000] {logging_mixin.py:151} INFO - [2023-09-08T07:00:07.445+0000] {dagbag.py:539} INFO - Filling up the DagBag from /opt/airflow/dags/dag_with_catchup_and_backfill.py
[2023-09-08T07:00:07.459+0000] {processor.py:839} INFO - DAG(s) dict_keys(['ganza_dag_catchup_backfill_v18']) retrieved from /opt/airflow/dags/dag_with_catchup_and_backfill.py
[2023-09-08T07:00:07.494+0000] {logging_mixin.py:151} INFO - [2023-09-08T07:00:07.494+0000] {dag.py:2907} INFO - Sync 1 DAGs
[2023-09-08T07:00:07.526+0000] {logging_mixin.py:151} INFO - [2023-09-08T07:00:07.525+0000] {dag.py:3677} INFO - Setting next_dagrun for ganza_dag_catchup_backfill_v18 to 2023-09-08T00:00:00+00:00, run_after=2023-09-09T00:00:00+00:00
[2023-09-08T07:00:07.546+0000] {processor.py:179} INFO - Processing /opt/airflow/dags/dag_with_catchup_and_backfill.py took 0.115 seconds
[2023-09-08T07:00:37.912+0000] {processor.py:157} INFO - Started process (PID=513) to work on /opt/airflow/dags/dag_with_catchup_and_backfill.py
[2023-09-08T07:00:37.913+0000] {processor.py:829} INFO - Processing file /opt/airflow/dags/dag_with_catchup_and_backfill.py for tasks to queue
[2023-09-08T07:00:37.914+0000] {logging_mixin.py:151} INFO - [2023-09-08T07:00:37.914+0000] {dagbag.py:539} INFO - Filling up the DagBag from /opt/airflow/dags/dag_with_catchup_and_backfill.py
[2023-09-08T07:00:37.926+0000] {processor.py:839} INFO - DAG(s) dict_keys(['ganza_dag_catchup_backfill_v18']) retrieved from /opt/airflow/dags/dag_with_catchup_and_backfill.py
[2023-09-08T07:00:37.964+0000] {logging_mixin.py:151} INFO - [2023-09-08T07:00:37.963+0000] {dag.py:2907} INFO - Sync 1 DAGs
[2023-09-08T07:00:38.002+0000] {logging_mixin.py:151} INFO - [2023-09-08T07:00:38.002+0000] {dag.py:3677} INFO - Setting next_dagrun for ganza_dag_catchup_backfill_v18 to 2023-09-08T00:00:00+00:00, run_after=2023-09-09T00:00:00+00:00
[2023-09-08T07:00:38.025+0000] {processor.py:179} INFO - Processing /opt/airflow/dags/dag_with_catchup_and_backfill.py took 0.118 seconds
[2023-09-08T07:01:08.467+0000] {processor.py:157} INFO - Started process (PID=546) to work on /opt/airflow/dags/dag_with_catchup_and_backfill.py
[2023-09-08T07:01:08.470+0000] {processor.py:829} INFO - Processing file /opt/airflow/dags/dag_with_catchup_and_backfill.py for tasks to queue
[2023-09-08T07:01:08.471+0000] {logging_mixin.py:151} INFO - [2023-09-08T07:01:08.470+0000] {dagbag.py:539} INFO - Filling up the DagBag from /opt/airflow/dags/dag_with_catchup_and_backfill.py
[2023-09-08T07:01:08.485+0000] {processor.py:839} INFO - DAG(s) dict_keys(['ganza_dag_catchup_backfill_v18']) retrieved from /opt/airflow/dags/dag_with_catchup_and_backfill.py
[2023-09-08T07:01:08.520+0000] {logging_mixin.py:151} INFO - [2023-09-08T07:01:08.520+0000] {dag.py:2907} INFO - Sync 1 DAGs
[2023-09-08T07:01:08.553+0000] {logging_mixin.py:151} INFO - [2023-09-08T07:01:08.553+0000] {dag.py:3677} INFO - Setting next_dagrun for ganza_dag_catchup_backfill_v18 to 2023-09-08T00:00:00+00:00, run_after=2023-09-09T00:00:00+00:00
[2023-09-08T07:01:08.582+0000] {processor.py:179} INFO - Processing /opt/airflow/dags/dag_with_catchup_and_backfill.py took 0.124 seconds
[2023-09-08T07:01:39.033+0000] {processor.py:157} INFO - Started process (PID=578) to work on /opt/airflow/dags/dag_with_catchup_and_backfill.py
[2023-09-08T07:01:39.034+0000] {processor.py:829} INFO - Processing file /opt/airflow/dags/dag_with_catchup_and_backfill.py for tasks to queue
[2023-09-08T07:01:39.035+0000] {logging_mixin.py:151} INFO - [2023-09-08T07:01:39.035+0000] {dagbag.py:539} INFO - Filling up the DagBag from /opt/airflow/dags/dag_with_catchup_and_backfill.py
[2023-09-08T07:01:39.048+0000] {processor.py:839} INFO - DAG(s) dict_keys(['ganza_dag_catchup_backfill_v18']) retrieved from /opt/airflow/dags/dag_with_catchup_and_backfill.py
[2023-09-08T07:01:39.089+0000] {logging_mixin.py:151} INFO - [2023-09-08T07:01:39.088+0000] {dag.py:2907} INFO - Sync 1 DAGs
[2023-09-08T07:01:39.129+0000] {logging_mixin.py:151} INFO - [2023-09-08T07:01:39.129+0000] {dag.py:3677} INFO - Setting next_dagrun for ganza_dag_catchup_backfill_v18 to 2023-09-08T00:00:00+00:00, run_after=2023-09-09T00:00:00+00:00
[2023-09-08T07:01:39.303+0000] {processor.py:179} INFO - Processing /opt/airflow/dags/dag_with_catchup_and_backfill.py took 0.277 seconds
[2023-09-08T07:02:09.789+0000] {processor.py:157} INFO - Started process (PID=617) to work on /opt/airflow/dags/dag_with_catchup_and_backfill.py
[2023-09-08T07:02:09.791+0000] {processor.py:829} INFO - Processing file /opt/airflow/dags/dag_with_catchup_and_backfill.py for tasks to queue
[2023-09-08T07:02:09.792+0000] {logging_mixin.py:151} INFO - [2023-09-08T07:02:09.791+0000] {dagbag.py:539} INFO - Filling up the DagBag from /opt/airflow/dags/dag_with_catchup_and_backfill.py
[2023-09-08T07:02:09.804+0000] {processor.py:839} INFO - DAG(s) dict_keys(['ganza_dag_catchup_backfill_v18']) retrieved from /opt/airflow/dags/dag_with_catchup_and_backfill.py
[2023-09-08T07:02:09.838+0000] {logging_mixin.py:151} INFO - [2023-09-08T07:02:09.838+0000] {dag.py:2907} INFO - Sync 1 DAGs
[2023-09-08T07:02:09.979+0000] {logging_mixin.py:151} INFO - [2023-09-08T07:02:09.979+0000] {dag.py:3677} INFO - Setting next_dagrun for ganza_dag_catchup_backfill_v18 to 2023-09-08T00:00:00+00:00, run_after=2023-09-09T00:00:00+00:00
[2023-09-08T07:02:10.000+0000] {processor.py:179} INFO - Processing /opt/airflow/dags/dag_with_catchup_and_backfill.py took 0.217 seconds
[2023-09-08T07:02:40.554+0000] {processor.py:157} INFO - Started process (PID=650) to work on /opt/airflow/dags/dag_with_catchup_and_backfill.py
[2023-09-08T07:02:40.555+0000] {processor.py:829} INFO - Processing file /opt/airflow/dags/dag_with_catchup_and_backfill.py for tasks to queue
[2023-09-08T07:02:40.556+0000] {logging_mixin.py:151} INFO - [2023-09-08T07:02:40.556+0000] {dagbag.py:539} INFO - Filling up the DagBag from /opt/airflow/dags/dag_with_catchup_and_backfill.py
[2023-09-08T07:02:40.578+0000] {processor.py:839} INFO - DAG(s) dict_keys(['ganza_dag_catchup_backfill_v18']) retrieved from /opt/airflow/dags/dag_with_catchup_and_backfill.py
[2023-09-08T07:02:40.771+0000] {logging_mixin.py:151} INFO - [2023-09-08T07:02:40.771+0000] {dag.py:2907} INFO - Sync 1 DAGs
[2023-09-08T07:02:40.801+0000] {logging_mixin.py:151} INFO - [2023-09-08T07:02:40.800+0000] {dag.py:3677} INFO - Setting next_dagrun for ganza_dag_catchup_backfill_v18 to 2023-09-08T00:00:00+00:00, run_after=2023-09-09T00:00:00+00:00
[2023-09-08T07:02:40.824+0000] {processor.py:179} INFO - Processing /opt/airflow/dags/dag_with_catchup_and_backfill.py took 0.277 seconds
[2023-09-08T07:03:11.365+0000] {processor.py:157} INFO - Started process (PID=683) to work on /opt/airflow/dags/dag_with_catchup_and_backfill.py
[2023-09-08T07:03:11.366+0000] {processor.py:829} INFO - Processing file /opt/airflow/dags/dag_with_catchup_and_backfill.py for tasks to queue
[2023-09-08T07:03:11.368+0000] {logging_mixin.py:151} INFO - [2023-09-08T07:03:11.367+0000] {dagbag.py:539} INFO - Filling up the DagBag from /opt/airflow/dags/dag_with_catchup_and_backfill.py
[2023-09-08T07:03:11.386+0000] {processor.py:839} INFO - DAG(s) dict_keys(['ganza_dag_catchup_backfill_v18']) retrieved from /opt/airflow/dags/dag_with_catchup_and_backfill.py
[2023-09-08T07:03:11.577+0000] {logging_mixin.py:151} INFO - [2023-09-08T07:03:11.577+0000] {dag.py:2907} INFO - Sync 1 DAGs
[2023-09-08T07:03:11.617+0000] {logging_mixin.py:151} INFO - [2023-09-08T07:03:11.617+0000] {dag.py:3677} INFO - Setting next_dagrun for ganza_dag_catchup_backfill_v18 to 2023-09-08T00:00:00+00:00, run_after=2023-09-09T00:00:00+00:00
[2023-09-08T07:03:11.645+0000] {processor.py:179} INFO - Processing /opt/airflow/dags/dag_with_catchup_and_backfill.py took 0.285 seconds
[2023-09-08T07:03:42.254+0000] {processor.py:157} INFO - Started process (PID=716) to work on /opt/airflow/dags/dag_with_catchup_and_backfill.py
[2023-09-08T07:03:42.255+0000] {processor.py:829} INFO - Processing file /opt/airflow/dags/dag_with_catchup_and_backfill.py for tasks to queue
[2023-09-08T07:03:42.257+0000] {logging_mixin.py:151} INFO - [2023-09-08T07:03:42.256+0000] {dagbag.py:539} INFO - Filling up the DagBag from /opt/airflow/dags/dag_with_catchup_and_backfill.py
[2023-09-08T07:03:42.271+0000] {processor.py:839} INFO - DAG(s) dict_keys(['ganza_dag_catchup_backfill_v18']) retrieved from /opt/airflow/dags/dag_with_catchup_and_backfill.py
[2023-09-08T07:03:42.309+0000] {logging_mixin.py:151} INFO - [2023-09-08T07:03:42.309+0000] {dag.py:2907} INFO - Sync 1 DAGs
[2023-09-08T07:03:42.344+0000] {logging_mixin.py:151} INFO - [2023-09-08T07:03:42.343+0000] {dag.py:3677} INFO - Setting next_dagrun for ganza_dag_catchup_backfill_v18 to 2023-09-08T00:00:00+00:00, run_after=2023-09-09T00:00:00+00:00
[2023-09-08T07:03:42.371+0000] {processor.py:179} INFO - Processing /opt/airflow/dags/dag_with_catchup_and_backfill.py took 0.122 seconds
[2023-09-08T07:04:12.743+0000] {processor.py:157} INFO - Started process (PID=748) to work on /opt/airflow/dags/dag_with_catchup_and_backfill.py
[2023-09-08T07:04:12.745+0000] {processor.py:829} INFO - Processing file /opt/airflow/dags/dag_with_catchup_and_backfill.py for tasks to queue
[2023-09-08T07:04:12.746+0000] {logging_mixin.py:151} INFO - [2023-09-08T07:04:12.746+0000] {dagbag.py:539} INFO - Filling up the DagBag from /opt/airflow/dags/dag_with_catchup_and_backfill.py
[2023-09-08T07:04:12.773+0000] {processor.py:839} INFO - DAG(s) dict_keys(['ganza_dag_catchup_backfill_v18']) retrieved from /opt/airflow/dags/dag_with_catchup_and_backfill.py
[2023-09-08T07:04:12.839+0000] {logging_mixin.py:151} INFO - [2023-09-08T07:04:12.838+0000] {dag.py:2907} INFO - Sync 1 DAGs
[2023-09-08T07:04:12.878+0000] {logging_mixin.py:151} INFO - [2023-09-08T07:04:12.878+0000] {dag.py:3677} INFO - Setting next_dagrun for ganza_dag_catchup_backfill_v18 to 2023-09-08T00:00:00+00:00, run_after=2023-09-09T00:00:00+00:00
[2023-09-08T07:04:12.912+0000] {processor.py:179} INFO - Processing /opt/airflow/dags/dag_with_catchup_and_backfill.py took 0.176 seconds
[2023-09-08T07:04:43.318+0000] {processor.py:157} INFO - Started process (PID=780) to work on /opt/airflow/dags/dag_with_catchup_and_backfill.py
[2023-09-08T07:04:43.320+0000] {processor.py:829} INFO - Processing file /opt/airflow/dags/dag_with_catchup_and_backfill.py for tasks to queue
[2023-09-08T07:04:43.322+0000] {logging_mixin.py:151} INFO - [2023-09-08T07:04:43.322+0000] {dagbag.py:539} INFO - Filling up the DagBag from /opt/airflow/dags/dag_with_catchup_and_backfill.py
[2023-09-08T07:04:43.344+0000] {processor.py:839} INFO - DAG(s) dict_keys(['ganza_dag_catchup_backfill_v18']) retrieved from /opt/airflow/dags/dag_with_catchup_and_backfill.py
[2023-09-08T07:04:43.379+0000] {logging_mixin.py:151} INFO - [2023-09-08T07:04:43.379+0000] {dag.py:2907} INFO - Sync 1 DAGs
[2023-09-08T07:04:43.410+0000] {logging_mixin.py:151} INFO - [2023-09-08T07:04:43.410+0000] {dag.py:3677} INFO - Setting next_dagrun for ganza_dag_catchup_backfill_v18 to 2023-09-08T00:00:00+00:00, run_after=2023-09-09T00:00:00+00:00
[2023-09-08T07:04:43.431+0000] {processor.py:179} INFO - Processing /opt/airflow/dags/dag_with_catchup_and_backfill.py took 0.122 seconds
[2023-09-08T07:05:13.763+0000] {processor.py:157} INFO - Started process (PID=811) to work on /opt/airflow/dags/dag_with_catchup_and_backfill.py
[2023-09-08T07:05:13.769+0000] {processor.py:829} INFO - Processing file /opt/airflow/dags/dag_with_catchup_and_backfill.py for tasks to queue
[2023-09-08T07:05:13.770+0000] {logging_mixin.py:151} INFO - [2023-09-08T07:05:13.770+0000] {dagbag.py:539} INFO - Filling up the DagBag from /opt/airflow/dags/dag_with_catchup_and_backfill.py
[2023-09-08T07:05:13.806+0000] {processor.py:839} INFO - DAG(s) dict_keys(['ganza_dag_catchup_backfill_v18']) retrieved from /opt/airflow/dags/dag_with_catchup_and_backfill.py
[2023-09-08T07:05:13.905+0000] {logging_mixin.py:151} INFO - [2023-09-08T07:05:13.905+0000] {dag.py:2907} INFO - Sync 1 DAGs
[2023-09-08T07:05:13.973+0000] {logging_mixin.py:151} INFO - [2023-09-08T07:05:13.973+0000] {dag.py:3677} INFO - Setting next_dagrun for ganza_dag_catchup_backfill_v18 to 2023-09-08T00:00:00+00:00, run_after=2023-09-09T00:00:00+00:00
[2023-09-08T07:05:14.009+0000] {processor.py:179} INFO - Processing /opt/airflow/dags/dag_with_catchup_and_backfill.py took 0.251 seconds
[2023-09-08T07:05:44.248+0000] {processor.py:157} INFO - Started process (PID=842) to work on /opt/airflow/dags/dag_with_catchup_and_backfill.py
[2023-09-08T07:05:44.249+0000] {processor.py:829} INFO - Processing file /opt/airflow/dags/dag_with_catchup_and_backfill.py for tasks to queue
[2023-09-08T07:05:44.250+0000] {logging_mixin.py:151} INFO - [2023-09-08T07:05:44.250+0000] {dagbag.py:539} INFO - Filling up the DagBag from /opt/airflow/dags/dag_with_catchup_and_backfill.py
[2023-09-08T07:05:44.269+0000] {processor.py:839} INFO - DAG(s) dict_keys(['ganza_dag_catchup_backfill_v18']) retrieved from /opt/airflow/dags/dag_with_catchup_and_backfill.py
[2023-09-08T07:05:44.318+0000] {logging_mixin.py:151} INFO - [2023-09-08T07:05:44.317+0000] {dag.py:2907} INFO - Sync 1 DAGs
[2023-09-08T07:05:44.367+0000] {logging_mixin.py:151} INFO - [2023-09-08T07:05:44.367+0000] {dag.py:3677} INFO - Setting next_dagrun for ganza_dag_catchup_backfill_v18 to 2023-09-08T00:00:00+00:00, run_after=2023-09-09T00:00:00+00:00
[2023-09-08T07:05:44.400+0000] {processor.py:179} INFO - Processing /opt/airflow/dags/dag_with_catchup_and_backfill.py took 0.158 seconds
[2023-09-08T07:06:15.066+0000] {processor.py:157} INFO - Started process (PID=874) to work on /opt/airflow/dags/dag_with_catchup_and_backfill.py
[2023-09-08T07:06:15.088+0000] {processor.py:829} INFO - Processing file /opt/airflow/dags/dag_with_catchup_and_backfill.py for tasks to queue
[2023-09-08T07:06:15.089+0000] {logging_mixin.py:151} INFO - [2023-09-08T07:06:15.089+0000] {dagbag.py:539} INFO - Filling up the DagBag from /opt/airflow/dags/dag_with_catchup_and_backfill.py
[2023-09-08T07:06:15.106+0000] {processor.py:839} INFO - DAG(s) dict_keys(['ganza_dag_catchup_backfill_v18']) retrieved from /opt/airflow/dags/dag_with_catchup_and_backfill.py
[2023-09-08T07:06:15.141+0000] {logging_mixin.py:151} INFO - [2023-09-08T07:06:15.141+0000] {dag.py:2907} INFO - Sync 1 DAGs
[2023-09-08T07:06:15.188+0000] {logging_mixin.py:151} INFO - [2023-09-08T07:06:15.188+0000] {dag.py:3677} INFO - Setting next_dagrun for ganza_dag_catchup_backfill_v18 to 2023-09-08T00:00:00+00:00, run_after=2023-09-09T00:00:00+00:00
[2023-09-08T07:06:15.470+0000] {processor.py:179} INFO - Processing /opt/airflow/dags/dag_with_catchup_and_backfill.py took 0.409 seconds
[2023-09-08T07:06:46.133+0000] {processor.py:157} INFO - Started process (PID=907) to work on /opt/airflow/dags/dag_with_catchup_and_backfill.py
[2023-09-08T07:06:46.135+0000] {processor.py:829} INFO - Processing file /opt/airflow/dags/dag_with_catchup_and_backfill.py for tasks to queue
[2023-09-08T07:06:46.136+0000] {logging_mixin.py:151} INFO - [2023-09-08T07:06:46.135+0000] {dagbag.py:539} INFO - Filling up the DagBag from /opt/airflow/dags/dag_with_catchup_and_backfill.py
[2023-09-08T07:06:46.152+0000] {processor.py:839} INFO - DAG(s) dict_keys(['ganza_dag_catchup_backfill_v18']) retrieved from /opt/airflow/dags/dag_with_catchup_and_backfill.py
[2023-09-08T07:06:46.188+0000] {logging_mixin.py:151} INFO - [2023-09-08T07:06:46.187+0000] {dag.py:2907} INFO - Sync 1 DAGs
[2023-09-08T07:06:46.228+0000] {logging_mixin.py:151} INFO - [2023-09-08T07:06:46.228+0000] {dag.py:3677} INFO - Setting next_dagrun for ganza_dag_catchup_backfill_v18 to 2023-09-08T00:00:00+00:00, run_after=2023-09-09T00:00:00+00:00
[2023-09-08T07:06:46.257+0000] {processor.py:179} INFO - Processing /opt/airflow/dags/dag_with_catchup_and_backfill.py took 0.131 seconds
[2023-09-08T07:07:16.715+0000] {processor.py:157} INFO - Started process (PID=940) to work on /opt/airflow/dags/dag_with_catchup_and_backfill.py
[2023-09-08T07:07:16.716+0000] {processor.py:829} INFO - Processing file /opt/airflow/dags/dag_with_catchup_and_backfill.py for tasks to queue
[2023-09-08T07:07:16.718+0000] {logging_mixin.py:151} INFO - [2023-09-08T07:07:16.717+0000] {dagbag.py:539} INFO - Filling up the DagBag from /opt/airflow/dags/dag_with_catchup_and_backfill.py
[2023-09-08T07:07:16.739+0000] {processor.py:839} INFO - DAG(s) dict_keys(['ganza_dag_catchup_backfill_v18']) retrieved from /opt/airflow/dags/dag_with_catchup_and_backfill.py
[2023-09-08T07:07:16.793+0000] {logging_mixin.py:151} INFO - [2023-09-08T07:07:16.792+0000] {dag.py:2907} INFO - Sync 1 DAGs
[2023-09-08T07:07:16.856+0000] {logging_mixin.py:151} INFO - [2023-09-08T07:07:16.856+0000] {dag.py:3677} INFO - Setting next_dagrun for ganza_dag_catchup_backfill_v18 to 2023-09-08T00:00:00+00:00, run_after=2023-09-09T00:00:00+00:00
[2023-09-08T07:07:16.889+0000] {processor.py:179} INFO - Processing /opt/airflow/dags/dag_with_catchup_and_backfill.py took 0.180 seconds
[2023-09-08T07:07:47.409+0000] {processor.py:157} INFO - Started process (PID=971) to work on /opt/airflow/dags/dag_with_catchup_and_backfill.py
[2023-09-08T07:07:47.412+0000] {processor.py:829} INFO - Processing file /opt/airflow/dags/dag_with_catchup_and_backfill.py for tasks to queue
[2023-09-08T07:07:47.413+0000] {logging_mixin.py:151} INFO - [2023-09-08T07:07:47.412+0000] {dagbag.py:539} INFO - Filling up the DagBag from /opt/airflow/dags/dag_with_catchup_and_backfill.py
[2023-09-08T07:07:47.433+0000] {processor.py:839} INFO - DAG(s) dict_keys(['ganza_dag_catchup_backfill_v18']) retrieved from /opt/airflow/dags/dag_with_catchup_and_backfill.py
[2023-09-08T07:07:47.473+0000] {logging_mixin.py:151} INFO - [2023-09-08T07:07:47.473+0000] {dag.py:2907} INFO - Sync 1 DAGs
[2023-09-08T07:07:47.513+0000] {logging_mixin.py:151} INFO - [2023-09-08T07:07:47.513+0000] {dag.py:3677} INFO - Setting next_dagrun for ganza_dag_catchup_backfill_v18 to 2023-09-08T00:00:00+00:00, run_after=2023-09-09T00:00:00+00:00
[2023-09-08T07:07:47.539+0000] {processor.py:179} INFO - Processing /opt/airflow/dags/dag_with_catchup_and_backfill.py took 0.142 seconds
[2023-09-08T07:08:18.054+0000] {processor.py:157} INFO - Started process (PID=1004) to work on /opt/airflow/dags/dag_with_catchup_and_backfill.py
[2023-09-08T07:08:18.056+0000] {processor.py:829} INFO - Processing file /opt/airflow/dags/dag_with_catchup_and_backfill.py for tasks to queue
[2023-09-08T07:08:18.057+0000] {logging_mixin.py:151} INFO - [2023-09-08T07:08:18.056+0000] {dagbag.py:539} INFO - Filling up the DagBag from /opt/airflow/dags/dag_with_catchup_and_backfill.py
[2023-09-08T07:08:18.099+0000] {processor.py:839} INFO - DAG(s) dict_keys(['ganza_dag_catchup_backfill_v18']) retrieved from /opt/airflow/dags/dag_with_catchup_and_backfill.py
[2023-09-08T07:08:18.200+0000] {logging_mixin.py:151} INFO - [2023-09-08T07:08:18.199+0000] {dag.py:2907} INFO - Sync 1 DAGs
[2023-09-08T07:08:18.318+0000] {logging_mixin.py:151} INFO - [2023-09-08T07:08:18.317+0000] {dag.py:3677} INFO - Setting next_dagrun for ganza_dag_catchup_backfill_v18 to 2023-09-08T00:00:00+00:00, run_after=2023-09-09T00:00:00+00:00
[2023-09-08T07:08:18.359+0000] {processor.py:179} INFO - Processing /opt/airflow/dags/dag_with_catchup_and_backfill.py took 0.340 seconds
[2023-09-08T07:08:49.020+0000] {processor.py:157} INFO - Started process (PID=1036) to work on /opt/airflow/dags/dag_with_catchup_and_backfill.py
[2023-09-08T07:08:49.025+0000] {processor.py:829} INFO - Processing file /opt/airflow/dags/dag_with_catchup_and_backfill.py for tasks to queue
[2023-09-08T07:08:49.026+0000] {logging_mixin.py:151} INFO - [2023-09-08T07:08:49.026+0000] {dagbag.py:539} INFO - Filling up the DagBag from /opt/airflow/dags/dag_with_catchup_and_backfill.py
[2023-09-08T07:08:49.118+0000] {processor.py:839} INFO - DAG(s) dict_keys(['ganza_dag_catchup_backfill_v18']) retrieved from /opt/airflow/dags/dag_with_catchup_and_backfill.py
[2023-09-08T07:08:49.330+0000] {logging_mixin.py:151} INFO - [2023-09-08T07:08:49.329+0000] {dag.py:2907} INFO - Sync 1 DAGs
[2023-09-08T07:08:49.684+0000] {logging_mixin.py:151} INFO - [2023-09-08T07:08:49.684+0000] {dag.py:3677} INFO - Setting next_dagrun for ganza_dag_catchup_backfill_v18 to 2023-09-08T00:00:00+00:00, run_after=2023-09-09T00:00:00+00:00
[2023-09-08T07:08:49.763+0000] {processor.py:179} INFO - Processing /opt/airflow/dags/dag_with_catchup_and_backfill.py took 0.747 seconds
[2023-09-08T07:09:19.876+0000] {processor.py:157} INFO - Started process (PID=1068) to work on /opt/airflow/dags/dag_with_catchup_and_backfill.py
[2023-09-08T07:09:19.877+0000] {processor.py:829} INFO - Processing file /opt/airflow/dags/dag_with_catchup_and_backfill.py for tasks to queue
[2023-09-08T07:09:19.881+0000] {logging_mixin.py:151} INFO - [2023-09-08T07:09:19.878+0000] {dagbag.py:539} INFO - Filling up the DagBag from /opt/airflow/dags/dag_with_catchup_and_backfill.py
[2023-09-08T07:09:19.998+0000] {processor.py:839} INFO - DAG(s) dict_keys(['ganza_dag_catchup_backfill_v18']) retrieved from /opt/airflow/dags/dag_with_catchup_and_backfill.py
[2023-09-08T07:09:20.278+0000] {logging_mixin.py:151} INFO - [2023-09-08T07:09:20.278+0000] {dag.py:2907} INFO - Sync 1 DAGs
[2023-09-08T07:09:20.534+0000] {logging_mixin.py:151} INFO - [2023-09-08T07:09:20.533+0000] {dag.py:3677} INFO - Setting next_dagrun for ganza_dag_catchup_backfill_v18 to 2023-09-08T00:00:00+00:00, run_after=2023-09-09T00:00:00+00:00
[2023-09-08T07:09:20.629+0000] {processor.py:179} INFO - Processing /opt/airflow/dags/dag_with_catchup_and_backfill.py took 0.768 seconds
[2023-09-08T07:09:50.797+0000] {processor.py:157} INFO - Started process (PID=1103) to work on /opt/airflow/dags/dag_with_catchup_and_backfill.py
[2023-09-08T07:09:50.829+0000] {processor.py:829} INFO - Processing file /opt/airflow/dags/dag_with_catchup_and_backfill.py for tasks to queue
[2023-09-08T07:09:50.831+0000] {logging_mixin.py:151} INFO - [2023-09-08T07:09:50.830+0000] {dagbag.py:539} INFO - Filling up the DagBag from /opt/airflow/dags/dag_with_catchup_and_backfill.py
[2023-09-08T07:09:50.902+0000] {processor.py:839} INFO - DAG(s) dict_keys(['ganza_dag_catchup_backfill_v18']) retrieved from /opt/airflow/dags/dag_with_catchup_and_backfill.py
[2023-09-08T07:09:51.012+0000] {logging_mixin.py:151} INFO - [2023-09-08T07:09:51.012+0000] {dag.py:2907} INFO - Sync 1 DAGs
[2023-09-08T07:09:51.097+0000] {logging_mixin.py:151} INFO - [2023-09-08T07:09:51.097+0000] {dag.py:3677} INFO - Setting next_dagrun for ganza_dag_catchup_backfill_v18 to 2023-09-08T00:00:00+00:00, run_after=2023-09-09T00:00:00+00:00
[2023-09-08T07:09:51.204+0000] {processor.py:179} INFO - Processing /opt/airflow/dags/dag_with_catchup_and_backfill.py took 0.413 seconds
[2023-09-08T07:10:21.446+0000] {processor.py:157} INFO - Started process (PID=1137) to work on /opt/airflow/dags/dag_with_catchup_and_backfill.py
[2023-09-08T07:10:21.448+0000] {processor.py:829} INFO - Processing file /opt/airflow/dags/dag_with_catchup_and_backfill.py for tasks to queue
[2023-09-08T07:10:21.449+0000] {logging_mixin.py:151} INFO - [2023-09-08T07:10:21.449+0000] {dagbag.py:539} INFO - Filling up the DagBag from /opt/airflow/dags/dag_with_catchup_and_backfill.py
[2023-09-08T07:10:21.475+0000] {processor.py:839} INFO - DAG(s) dict_keys(['ganza_dag_catchup_backfill_v18']) retrieved from /opt/airflow/dags/dag_with_catchup_and_backfill.py
[2023-09-08T07:10:21.529+0000] {logging_mixin.py:151} INFO - [2023-09-08T07:10:21.529+0000] {dag.py:2907} INFO - Sync 1 DAGs
[2023-09-08T07:10:21.596+0000] {logging_mixin.py:151} INFO - [2023-09-08T07:10:21.596+0000] {dag.py:3677} INFO - Setting next_dagrun for ganza_dag_catchup_backfill_v18 to 2023-09-08T00:00:00+00:00, run_after=2023-09-09T00:00:00+00:00
[2023-09-08T07:10:21.637+0000] {processor.py:179} INFO - Processing /opt/airflow/dags/dag_with_catchup_and_backfill.py took 0.197 seconds
