[2023-09-08T06:55:34.338+0000] {processor.py:157} INFO - Started process (PID=188) to work on /opt/airflow/dags/my_first_dag.py
[2023-09-08T06:55:34.339+0000] {processor.py:829} INFO - Processing file /opt/airflow/dags/my_first_dag.py for tasks to queue
[2023-09-08T06:55:34.340+0000] {logging_mixin.py:151} INFO - [2023-09-08T06:55:34.340+0000] {dagbag.py:539} INFO - Filling up the DagBag from /opt/airflow/dags/my_first_dag.py
[2023-09-08T06:55:34.374+0000] {processor.py:839} INFO - DAG(s) dict_keys(['ganza_dag_v5']) retrieved from /opt/airflow/dags/my_first_dag.py
[2023-09-08T06:55:34.438+0000] {logging_mixin.py:151} INFO - [2023-09-08T06:55:34.437+0000] {dag.py:2907} INFO - Sync 1 DAGs
[2023-09-08T06:55:34.484+0000] {logging_mixin.py:151} INFO - [2023-09-08T06:55:34.484+0000] {dag.py:3677} INFO - Setting next_dagrun for ganza_dag_v5 to 2023-09-08T00:00:00+00:00, run_after=2023-09-09T00:00:00+00:00
[2023-09-08T06:55:34.519+0000] {processor.py:179} INFO - Processing /opt/airflow/dags/my_first_dag.py took 0.186 seconds
[2023-09-08T06:56:04.960+0000] {processor.py:157} INFO - Started process (PID=244) to work on /opt/airflow/dags/my_first_dag.py
[2023-09-08T06:56:04.962+0000] {processor.py:829} INFO - Processing file /opt/airflow/dags/my_first_dag.py for tasks to queue
[2023-09-08T06:56:04.962+0000] {logging_mixin.py:151} INFO - [2023-09-08T06:56:04.962+0000] {dagbag.py:539} INFO - Filling up the DagBag from /opt/airflow/dags/my_first_dag.py
[2023-09-08T06:56:04.974+0000] {processor.py:839} INFO - DAG(s) dict_keys(['ganza_dag_v5']) retrieved from /opt/airflow/dags/my_first_dag.py
[2023-09-08T06:56:05.004+0000] {logging_mixin.py:151} INFO - [2023-09-08T06:56:05.004+0000] {dag.py:2907} INFO - Sync 1 DAGs
[2023-09-08T06:56:05.028+0000] {logging_mixin.py:151} INFO - [2023-09-08T06:56:05.028+0000] {dag.py:3677} INFO - Setting next_dagrun for ganza_dag_v5 to 2023-09-08T00:00:00+00:00, run_after=2023-09-09T00:00:00+00:00
[2023-09-08T06:56:05.048+0000] {processor.py:179} INFO - Processing /opt/airflow/dags/my_first_dag.py took 0.091 seconds
[2023-09-08T06:56:35.404+0000] {processor.py:157} INFO - Started process (PID=277) to work on /opt/airflow/dags/my_first_dag.py
[2023-09-08T06:56:35.405+0000] {processor.py:829} INFO - Processing file /opt/airflow/dags/my_first_dag.py for tasks to queue
[2023-09-08T06:56:35.406+0000] {logging_mixin.py:151} INFO - [2023-09-08T06:56:35.406+0000] {dagbag.py:539} INFO - Filling up the DagBag from /opt/airflow/dags/my_first_dag.py
[2023-09-08T06:56:35.417+0000] {processor.py:839} INFO - DAG(s) dict_keys(['ganza_dag_v5']) retrieved from /opt/airflow/dags/my_first_dag.py
[2023-09-08T06:56:35.444+0000] {logging_mixin.py:151} INFO - [2023-09-08T06:56:35.444+0000] {dag.py:2907} INFO - Sync 1 DAGs
[2023-09-08T06:56:35.471+0000] {logging_mixin.py:151} INFO - [2023-09-08T06:56:35.470+0000] {dag.py:3677} INFO - Setting next_dagrun for ganza_dag_v5 to 2023-09-08T00:00:00+00:00, run_after=2023-09-09T00:00:00+00:00
[2023-09-08T06:56:35.491+0000] {processor.py:179} INFO - Processing /opt/airflow/dags/my_first_dag.py took 0.090 seconds
[2023-09-08T06:57:05.895+0000] {processor.py:157} INFO - Started process (PID=309) to work on /opt/airflow/dags/my_first_dag.py
[2023-09-08T06:57:05.896+0000] {processor.py:829} INFO - Processing file /opt/airflow/dags/my_first_dag.py for tasks to queue
[2023-09-08T06:57:05.897+0000] {logging_mixin.py:151} INFO - [2023-09-08T06:57:05.897+0000] {dagbag.py:539} INFO - Filling up the DagBag from /opt/airflow/dags/my_first_dag.py
[2023-09-08T06:57:05.908+0000] {processor.py:839} INFO - DAG(s) dict_keys(['ganza_dag_v5']) retrieved from /opt/airflow/dags/my_first_dag.py
[2023-09-08T06:57:05.937+0000] {logging_mixin.py:151} INFO - [2023-09-08T06:57:05.937+0000] {dag.py:2907} INFO - Sync 1 DAGs
[2023-09-08T06:57:05.961+0000] {logging_mixin.py:151} INFO - [2023-09-08T06:57:05.961+0000] {dag.py:3677} INFO - Setting next_dagrun for ganza_dag_v5 to 2023-09-08T00:00:00+00:00, run_after=2023-09-09T00:00:00+00:00
[2023-09-08T06:57:05.980+0000] {processor.py:179} INFO - Processing /opt/airflow/dags/my_first_dag.py took 0.088 seconds
[2023-09-08T06:57:36.368+0000] {processor.py:157} INFO - Started process (PID=341) to work on /opt/airflow/dags/my_first_dag.py
[2023-09-08T06:57:36.369+0000] {processor.py:829} INFO - Processing file /opt/airflow/dags/my_first_dag.py for tasks to queue
[2023-09-08T06:57:36.370+0000] {logging_mixin.py:151} INFO - [2023-09-08T06:57:36.369+0000] {dagbag.py:539} INFO - Filling up the DagBag from /opt/airflow/dags/my_first_dag.py
[2023-09-08T06:57:36.382+0000] {processor.py:839} INFO - DAG(s) dict_keys(['ganza_dag_v5']) retrieved from /opt/airflow/dags/my_first_dag.py
[2023-09-08T06:57:36.409+0000] {logging_mixin.py:151} INFO - [2023-09-08T06:57:36.409+0000] {dag.py:2907} INFO - Sync 1 DAGs
[2023-09-08T06:57:36.432+0000] {logging_mixin.py:151} INFO - [2023-09-08T06:57:36.432+0000] {dag.py:3677} INFO - Setting next_dagrun for ganza_dag_v5 to 2023-09-08T00:00:00+00:00, run_after=2023-09-09T00:00:00+00:00
[2023-09-08T06:57:36.450+0000] {processor.py:179} INFO - Processing /opt/airflow/dags/my_first_dag.py took 0.085 seconds
[2023-09-08T06:58:06.810+0000] {processor.py:157} INFO - Started process (PID=373) to work on /opt/airflow/dags/my_first_dag.py
[2023-09-08T06:58:06.811+0000] {processor.py:829} INFO - Processing file /opt/airflow/dags/my_first_dag.py for tasks to queue
[2023-09-08T06:58:06.812+0000] {logging_mixin.py:151} INFO - [2023-09-08T06:58:06.812+0000] {dagbag.py:539} INFO - Filling up the DagBag from /opt/airflow/dags/my_first_dag.py
[2023-09-08T06:58:06.825+0000] {processor.py:839} INFO - DAG(s) dict_keys(['ganza_dag_v5']) retrieved from /opt/airflow/dags/my_first_dag.py
[2023-09-08T06:58:06.857+0000] {logging_mixin.py:151} INFO - [2023-09-08T06:58:06.857+0000] {dag.py:2907} INFO - Sync 1 DAGs
[2023-09-08T06:58:06.888+0000] {logging_mixin.py:151} INFO - [2023-09-08T06:58:06.888+0000] {dag.py:3677} INFO - Setting next_dagrun for ganza_dag_v5 to 2023-09-08T00:00:00+00:00, run_after=2023-09-09T00:00:00+00:00
[2023-09-08T06:58:06.909+0000] {processor.py:179} INFO - Processing /opt/airflow/dags/my_first_dag.py took 0.102 seconds
[2023-09-08T06:58:37.305+0000] {processor.py:157} INFO - Started process (PID=405) to work on /opt/airflow/dags/my_first_dag.py
[2023-09-08T06:58:37.306+0000] {processor.py:829} INFO - Processing file /opt/airflow/dags/my_first_dag.py for tasks to queue
[2023-09-08T06:58:37.307+0000] {logging_mixin.py:151} INFO - [2023-09-08T06:58:37.306+0000] {dagbag.py:539} INFO - Filling up the DagBag from /opt/airflow/dags/my_first_dag.py
[2023-09-08T06:58:37.318+0000] {processor.py:839} INFO - DAG(s) dict_keys(['ganza_dag_v5']) retrieved from /opt/airflow/dags/my_first_dag.py
[2023-09-08T06:58:37.345+0000] {logging_mixin.py:151} INFO - [2023-09-08T06:58:37.345+0000] {dag.py:2907} INFO - Sync 1 DAGs
[2023-09-08T06:58:37.369+0000] {logging_mixin.py:151} INFO - [2023-09-08T06:58:37.368+0000] {dag.py:3677} INFO - Setting next_dagrun for ganza_dag_v5 to 2023-09-08T00:00:00+00:00, run_after=2023-09-09T00:00:00+00:00
[2023-09-08T06:58:37.389+0000] {processor.py:179} INFO - Processing /opt/airflow/dags/my_first_dag.py took 0.087 seconds
[2023-09-08T06:59:07.740+0000] {processor.py:157} INFO - Started process (PID=437) to work on /opt/airflow/dags/my_first_dag.py
[2023-09-08T06:59:07.741+0000] {processor.py:829} INFO - Processing file /opt/airflow/dags/my_first_dag.py for tasks to queue
[2023-09-08T06:59:07.742+0000] {logging_mixin.py:151} INFO - [2023-09-08T06:59:07.741+0000] {dagbag.py:539} INFO - Filling up the DagBag from /opt/airflow/dags/my_first_dag.py
[2023-09-08T06:59:07.752+0000] {processor.py:839} INFO - DAG(s) dict_keys(['ganza_dag_v5']) retrieved from /opt/airflow/dags/my_first_dag.py
[2023-09-08T06:59:07.781+0000] {logging_mixin.py:151} INFO - [2023-09-08T06:59:07.781+0000] {dag.py:2907} INFO - Sync 1 DAGs
[2023-09-08T06:59:07.806+0000] {logging_mixin.py:151} INFO - [2023-09-08T06:59:07.806+0000] {dag.py:3677} INFO - Setting next_dagrun for ganza_dag_v5 to 2023-09-08T00:00:00+00:00, run_after=2023-09-09T00:00:00+00:00
[2023-09-08T06:59:07.827+0000] {processor.py:179} INFO - Processing /opt/airflow/dags/my_first_dag.py took 0.090 seconds
[2023-09-08T06:59:38.219+0000] {processor.py:157} INFO - Started process (PID=469) to work on /opt/airflow/dags/my_first_dag.py
[2023-09-08T06:59:38.219+0000] {processor.py:829} INFO - Processing file /opt/airflow/dags/my_first_dag.py for tasks to queue
[2023-09-08T06:59:38.220+0000] {logging_mixin.py:151} INFO - [2023-09-08T06:59:38.220+0000] {dagbag.py:539} INFO - Filling up the DagBag from /opt/airflow/dags/my_first_dag.py
[2023-09-08T06:59:38.231+0000] {processor.py:839} INFO - DAG(s) dict_keys(['ganza_dag_v5']) retrieved from /opt/airflow/dags/my_first_dag.py
[2023-09-08T06:59:38.264+0000] {logging_mixin.py:151} INFO - [2023-09-08T06:59:38.264+0000] {dag.py:2907} INFO - Sync 1 DAGs
[2023-09-08T06:59:38.290+0000] {logging_mixin.py:151} INFO - [2023-09-08T06:59:38.290+0000] {dag.py:3677} INFO - Setting next_dagrun for ganza_dag_v5 to 2023-09-08T00:00:00+00:00, run_after=2023-09-09T00:00:00+00:00
[2023-09-08T06:59:38.309+0000] {processor.py:179} INFO - Processing /opt/airflow/dags/my_first_dag.py took 0.093 seconds
[2023-09-08T07:00:08.656+0000] {processor.py:157} INFO - Started process (PID=501) to work on /opt/airflow/dags/my_first_dag.py
[2023-09-08T07:00:08.658+0000] {processor.py:829} INFO - Processing file /opt/airflow/dags/my_first_dag.py for tasks to queue
[2023-09-08T07:00:08.658+0000] {logging_mixin.py:151} INFO - [2023-09-08T07:00:08.658+0000] {dagbag.py:539} INFO - Filling up the DagBag from /opt/airflow/dags/my_first_dag.py
[2023-09-08T07:00:08.669+0000] {processor.py:839} INFO - DAG(s) dict_keys(['ganza_dag_v5']) retrieved from /opt/airflow/dags/my_first_dag.py
[2023-09-08T07:00:08.700+0000] {logging_mixin.py:151} INFO - [2023-09-08T07:00:08.700+0000] {dag.py:2907} INFO - Sync 1 DAGs
[2023-09-08T07:00:08.732+0000] {logging_mixin.py:151} INFO - [2023-09-08T07:00:08.732+0000] {dag.py:3677} INFO - Setting next_dagrun for ganza_dag_v5 to 2023-09-08T00:00:00+00:00, run_after=2023-09-09T00:00:00+00:00
[2023-09-08T07:00:08.757+0000] {processor.py:179} INFO - Processing /opt/airflow/dags/my_first_dag.py took 0.105 seconds
[2023-09-08T07:00:39.251+0000] {processor.py:157} INFO - Started process (PID=541) to work on /opt/airflow/dags/my_first_dag.py
[2023-09-08T07:00:39.252+0000] {processor.py:829} INFO - Processing file /opt/airflow/dags/my_first_dag.py for tasks to queue
[2023-09-08T07:00:39.253+0000] {logging_mixin.py:151} INFO - [2023-09-08T07:00:39.253+0000] {dagbag.py:539} INFO - Filling up the DagBag from /opt/airflow/dags/my_first_dag.py
[2023-09-08T07:00:39.264+0000] {processor.py:839} INFO - DAG(s) dict_keys(['ganza_dag_v5']) retrieved from /opt/airflow/dags/my_first_dag.py
[2023-09-08T07:00:39.290+0000] {logging_mixin.py:151} INFO - [2023-09-08T07:00:39.290+0000] {dag.py:2907} INFO - Sync 1 DAGs
[2023-09-08T07:00:39.314+0000] {logging_mixin.py:151} INFO - [2023-09-08T07:00:39.314+0000] {dag.py:3677} INFO - Setting next_dagrun for ganza_dag_v5 to 2023-09-08T00:00:00+00:00, run_after=2023-09-09T00:00:00+00:00
[2023-09-08T07:00:39.333+0000] {processor.py:179} INFO - Processing /opt/airflow/dags/my_first_dag.py took 0.085 seconds
[2023-09-08T07:01:09.787+0000] {processor.py:157} INFO - Started process (PID=571) to work on /opt/airflow/dags/my_first_dag.py
[2023-09-08T07:01:09.789+0000] {processor.py:829} INFO - Processing file /opt/airflow/dags/my_first_dag.py for tasks to queue
[2023-09-08T07:01:09.790+0000] {logging_mixin.py:151} INFO - [2023-09-08T07:01:09.790+0000] {dagbag.py:539} INFO - Filling up the DagBag from /opt/airflow/dags/my_first_dag.py
[2023-09-08T07:01:09.809+0000] {processor.py:839} INFO - DAG(s) dict_keys(['ganza_dag_v5']) retrieved from /opt/airflow/dags/my_first_dag.py
[2023-09-08T07:01:09.835+0000] {logging_mixin.py:151} INFO - [2023-09-08T07:01:09.835+0000] {dag.py:2907} INFO - Sync 1 DAGs
[2023-09-08T07:01:09.860+0000] {logging_mixin.py:151} INFO - [2023-09-08T07:01:09.860+0000] {dag.py:3677} INFO - Setting next_dagrun for ganza_dag_v5 to 2023-09-08T00:00:00+00:00, run_after=2023-09-09T00:00:00+00:00
[2023-09-08T07:01:09.878+0000] {processor.py:179} INFO - Processing /opt/airflow/dags/my_first_dag.py took 0.095 seconds
[2023-09-08T07:01:40.596+0000] {processor.py:157} INFO - Started process (PID=605) to work on /opt/airflow/dags/my_first_dag.py
[2023-09-08T07:01:40.596+0000] {processor.py:829} INFO - Processing file /opt/airflow/dags/my_first_dag.py for tasks to queue
[2023-09-08T07:01:40.597+0000] {logging_mixin.py:151} INFO - [2023-09-08T07:01:40.597+0000] {dagbag.py:539} INFO - Filling up the DagBag from /opt/airflow/dags/my_first_dag.py
[2023-09-08T07:01:40.609+0000] {processor.py:839} INFO - DAG(s) dict_keys(['ganza_dag_v5']) retrieved from /opt/airflow/dags/my_first_dag.py
[2023-09-08T07:01:40.639+0000] {logging_mixin.py:151} INFO - [2023-09-08T07:01:40.639+0000] {dag.py:2907} INFO - Sync 1 DAGs
[2023-09-08T07:01:40.756+0000] {logging_mixin.py:151} INFO - [2023-09-08T07:01:40.755+0000] {dag.py:3677} INFO - Setting next_dagrun for ganza_dag_v5 to 2023-09-08T00:00:00+00:00, run_after=2023-09-09T00:00:00+00:00
[2023-09-08T07:01:40.776+0000] {processor.py:179} INFO - Processing /opt/airflow/dags/my_first_dag.py took 0.183 seconds
[2023-09-08T07:02:11.369+0000] {processor.py:157} INFO - Started process (PID=637) to work on /opt/airflow/dags/my_first_dag.py
[2023-09-08T07:02:11.372+0000] {processor.py:829} INFO - Processing file /opt/airflow/dags/my_first_dag.py for tasks to queue
[2023-09-08T07:02:11.373+0000] {logging_mixin.py:151} INFO - [2023-09-08T07:02:11.373+0000] {dagbag.py:539} INFO - Filling up the DagBag from /opt/airflow/dags/my_first_dag.py
[2023-09-08T07:02:11.399+0000] {processor.py:839} INFO - DAG(s) dict_keys(['ganza_dag_v5']) retrieved from /opt/airflow/dags/my_first_dag.py
[2023-09-08T07:02:11.444+0000] {logging_mixin.py:151} INFO - [2023-09-08T07:02:11.444+0000] {dag.py:2907} INFO - Sync 1 DAGs
[2023-09-08T07:02:11.593+0000] {logging_mixin.py:151} INFO - [2023-09-08T07:02:11.593+0000] {dag.py:3677} INFO - Setting next_dagrun for ganza_dag_v5 to 2023-09-08T00:00:00+00:00, run_after=2023-09-09T00:00:00+00:00
[2023-09-08T07:02:11.612+0000] {processor.py:179} INFO - Processing /opt/airflow/dags/my_first_dag.py took 0.251 seconds
[2023-09-08T07:02:42.124+0000] {processor.py:157} INFO - Started process (PID=668) to work on /opt/airflow/dags/my_first_dag.py
[2023-09-08T07:02:42.125+0000] {processor.py:829} INFO - Processing file /opt/airflow/dags/my_first_dag.py for tasks to queue
[2023-09-08T07:02:42.126+0000] {logging_mixin.py:151} INFO - [2023-09-08T07:02:42.125+0000] {dagbag.py:539} INFO - Filling up the DagBag from /opt/airflow/dags/my_first_dag.py
[2023-09-08T07:02:42.145+0000] {processor.py:839} INFO - DAG(s) dict_keys(['ganza_dag_v5']) retrieved from /opt/airflow/dags/my_first_dag.py
[2023-09-08T07:02:42.287+0000] {logging_mixin.py:151} INFO - [2023-09-08T07:02:42.286+0000] {dag.py:2907} INFO - Sync 1 DAGs
[2023-09-08T07:02:42.313+0000] {logging_mixin.py:151} INFO - [2023-09-08T07:02:42.313+0000] {dag.py:3677} INFO - Setting next_dagrun for ganza_dag_v5 to 2023-09-08T00:00:00+00:00, run_after=2023-09-09T00:00:00+00:00
[2023-09-08T07:02:42.334+0000] {processor.py:179} INFO - Processing /opt/airflow/dags/my_first_dag.py took 0.215 seconds
[2023-09-08T07:03:12.963+0000] {processor.py:157} INFO - Started process (PID=703) to work on /opt/airflow/dags/my_first_dag.py
[2023-09-08T07:03:12.964+0000] {processor.py:829} INFO - Processing file /opt/airflow/dags/my_first_dag.py for tasks to queue
[2023-09-08T07:03:12.965+0000] {logging_mixin.py:151} INFO - [2023-09-08T07:03:12.965+0000] {dagbag.py:539} INFO - Filling up the DagBag from /opt/airflow/dags/my_first_dag.py
[2023-09-08T07:03:13.115+0000] {processor.py:839} INFO - DAG(s) dict_keys(['ganza_dag_v5']) retrieved from /opt/airflow/dags/my_first_dag.py
[2023-09-08T07:03:13.146+0000] {logging_mixin.py:151} INFO - [2023-09-08T07:03:13.146+0000] {dag.py:2907} INFO - Sync 1 DAGs
[2023-09-08T07:03:13.176+0000] {logging_mixin.py:151} INFO - [2023-09-08T07:03:13.176+0000] {dag.py:3677} INFO - Setting next_dagrun for ganza_dag_v5 to 2023-09-08T00:00:00+00:00, run_after=2023-09-09T00:00:00+00:00
[2023-09-08T07:03:13.201+0000] {processor.py:179} INFO - Processing /opt/airflow/dags/my_first_dag.py took 0.243 seconds
[2023-09-08T07:03:43.552+0000] {processor.py:157} INFO - Started process (PID=736) to work on /opt/airflow/dags/my_first_dag.py
[2023-09-08T07:03:43.553+0000] {processor.py:829} INFO - Processing file /opt/airflow/dags/my_first_dag.py for tasks to queue
[2023-09-08T07:03:43.554+0000] {logging_mixin.py:151} INFO - [2023-09-08T07:03:43.554+0000] {dagbag.py:539} INFO - Filling up the DagBag from /opt/airflow/dags/my_first_dag.py
[2023-09-08T07:03:43.565+0000] {processor.py:839} INFO - DAG(s) dict_keys(['ganza_dag_v5']) retrieved from /opt/airflow/dags/my_first_dag.py
[2023-09-08T07:03:43.593+0000] {logging_mixin.py:151} INFO - [2023-09-08T07:03:43.593+0000] {dag.py:2907} INFO - Sync 1 DAGs
[2023-09-08T07:03:43.618+0000] {logging_mixin.py:151} INFO - [2023-09-08T07:03:43.618+0000] {dag.py:3677} INFO - Setting next_dagrun for ganza_dag_v5 to 2023-09-08T00:00:00+00:00, run_after=2023-09-09T00:00:00+00:00
[2023-09-08T07:03:43.639+0000] {processor.py:179} INFO - Processing /opt/airflow/dags/my_first_dag.py took 0.091 seconds
[2023-09-08T07:04:14.095+0000] {processor.py:157} INFO - Started process (PID=768) to work on /opt/airflow/dags/my_first_dag.py
[2023-09-08T07:04:14.097+0000] {processor.py:829} INFO - Processing file /opt/airflow/dags/my_first_dag.py for tasks to queue
[2023-09-08T07:04:14.097+0000] {logging_mixin.py:151} INFO - [2023-09-08T07:04:14.097+0000] {dagbag.py:539} INFO - Filling up the DagBag from /opt/airflow/dags/my_first_dag.py
[2023-09-08T07:04:14.108+0000] {processor.py:839} INFO - DAG(s) dict_keys(['ganza_dag_v5']) retrieved from /opt/airflow/dags/my_first_dag.py
[2023-09-08T07:04:14.137+0000] {logging_mixin.py:151} INFO - [2023-09-08T07:04:14.137+0000] {dag.py:2907} INFO - Sync 1 DAGs
[2023-09-08T07:04:14.163+0000] {logging_mixin.py:151} INFO - [2023-09-08T07:04:14.163+0000] {dag.py:3677} INFO - Setting next_dagrun for ganza_dag_v5 to 2023-09-08T00:00:00+00:00, run_after=2023-09-09T00:00:00+00:00
[2023-09-08T07:04:14.182+0000] {processor.py:179} INFO - Processing /opt/airflow/dags/my_first_dag.py took 0.090 seconds
[2023-09-08T07:04:44.530+0000] {processor.py:157} INFO - Started process (PID=800) to work on /opt/airflow/dags/my_first_dag.py
[2023-09-08T07:04:44.531+0000] {processor.py:829} INFO - Processing file /opt/airflow/dags/my_first_dag.py for tasks to queue
[2023-09-08T07:04:44.532+0000] {logging_mixin.py:151} INFO - [2023-09-08T07:04:44.532+0000] {dagbag.py:539} INFO - Filling up the DagBag from /opt/airflow/dags/my_first_dag.py
[2023-09-08T07:04:44.543+0000] {processor.py:839} INFO - DAG(s) dict_keys(['ganza_dag_v5']) retrieved from /opt/airflow/dags/my_first_dag.py
[2023-09-08T07:04:44.571+0000] {logging_mixin.py:151} INFO - [2023-09-08T07:04:44.571+0000] {dag.py:2907} INFO - Sync 1 DAGs
[2023-09-08T07:04:44.597+0000] {logging_mixin.py:151} INFO - [2023-09-08T07:04:44.596+0000] {dag.py:3677} INFO - Setting next_dagrun for ganza_dag_v5 to 2023-09-08T00:00:00+00:00, run_after=2023-09-09T00:00:00+00:00
[2023-09-08T07:04:44.615+0000] {processor.py:179} INFO - Processing /opt/airflow/dags/my_first_dag.py took 0.088 seconds
[2023-09-08T07:05:15.030+0000] {processor.py:157} INFO - Started process (PID=829) to work on /opt/airflow/dags/my_first_dag.py
[2023-09-08T07:05:15.034+0000] {processor.py:829} INFO - Processing file /opt/airflow/dags/my_first_dag.py for tasks to queue
[2023-09-08T07:05:15.035+0000] {logging_mixin.py:151} INFO - [2023-09-08T07:05:15.035+0000] {dagbag.py:539} INFO - Filling up the DagBag from /opt/airflow/dags/my_first_dag.py
[2023-09-08T07:05:15.054+0000] {processor.py:839} INFO - DAG(s) dict_keys(['ganza_dag_v5']) retrieved from /opt/airflow/dags/my_first_dag.py
[2023-09-08T07:05:15.101+0000] {logging_mixin.py:151} INFO - [2023-09-08T07:05:15.101+0000] {dag.py:2907} INFO - Sync 1 DAGs
[2023-09-08T07:05:15.129+0000] {logging_mixin.py:151} INFO - [2023-09-08T07:05:15.129+0000] {dag.py:3677} INFO - Setting next_dagrun for ganza_dag_v5 to 2023-09-08T00:00:00+00:00, run_after=2023-09-09T00:00:00+00:00
[2023-09-08T07:05:15.153+0000] {processor.py:179} INFO - Processing /opt/airflow/dags/my_first_dag.py took 0.128 seconds
[2023-09-08T07:05:45.697+0000] {processor.py:157} INFO - Started process (PID=862) to work on /opt/airflow/dags/my_first_dag.py
[2023-09-08T07:05:45.698+0000] {processor.py:829} INFO - Processing file /opt/airflow/dags/my_first_dag.py for tasks to queue
[2023-09-08T07:05:45.699+0000] {logging_mixin.py:151} INFO - [2023-09-08T07:05:45.699+0000] {dagbag.py:539} INFO - Filling up the DagBag from /opt/airflow/dags/my_first_dag.py
[2023-09-08T07:05:45.720+0000] {processor.py:839} INFO - DAG(s) dict_keys(['ganza_dag_v5']) retrieved from /opt/airflow/dags/my_first_dag.py
[2023-09-08T07:05:45.778+0000] {logging_mixin.py:151} INFO - [2023-09-08T07:05:45.777+0000] {dag.py:2907} INFO - Sync 1 DAGs
[2023-09-08T07:05:45.830+0000] {logging_mixin.py:151} INFO - [2023-09-08T07:05:45.829+0000] {dag.py:3677} INFO - Setting next_dagrun for ganza_dag_v5 to 2023-09-08T00:00:00+00:00, run_after=2023-09-09T00:00:00+00:00
[2023-09-08T07:05:45.881+0000] {processor.py:179} INFO - Processing /opt/airflow/dags/my_first_dag.py took 0.189 seconds
[2023-09-08T07:06:16.952+0000] {processor.py:157} INFO - Started process (PID=894) to work on /opt/airflow/dags/my_first_dag.py
[2023-09-08T07:06:16.962+0000] {processor.py:829} INFO - Processing file /opt/airflow/dags/my_first_dag.py for tasks to queue
[2023-09-08T07:06:16.964+0000] {logging_mixin.py:151} INFO - [2023-09-08T07:06:16.963+0000] {dagbag.py:539} INFO - Filling up the DagBag from /opt/airflow/dags/my_first_dag.py
[2023-09-08T07:06:16.993+0000] {processor.py:839} INFO - DAG(s) dict_keys(['ganza_dag_v5']) retrieved from /opt/airflow/dags/my_first_dag.py
[2023-09-08T07:06:17.050+0000] {logging_mixin.py:151} INFO - [2023-09-08T07:06:17.050+0000] {dag.py:2907} INFO - Sync 1 DAGs
[2023-09-08T07:06:17.094+0000] {logging_mixin.py:151} INFO - [2023-09-08T07:06:17.093+0000] {dag.py:3677} INFO - Setting next_dagrun for ganza_dag_v5 to 2023-09-08T00:00:00+00:00, run_after=2023-09-09T00:00:00+00:00
[2023-09-08T07:06:17.256+0000] {processor.py:179} INFO - Processing /opt/airflow/dags/my_first_dag.py took 0.311 seconds
[2023-09-08T07:06:47.553+0000] {processor.py:157} INFO - Started process (PID=927) to work on /opt/airflow/dags/my_first_dag.py
[2023-09-08T07:06:47.555+0000] {processor.py:829} INFO - Processing file /opt/airflow/dags/my_first_dag.py for tasks to queue
[2023-09-08T07:06:47.559+0000] {logging_mixin.py:151} INFO - [2023-09-08T07:06:47.558+0000] {dagbag.py:539} INFO - Filling up the DagBag from /opt/airflow/dags/my_first_dag.py
[2023-09-08T07:06:47.607+0000] {processor.py:839} INFO - DAG(s) dict_keys(['ganza_dag_v5']) retrieved from /opt/airflow/dags/my_first_dag.py
[2023-09-08T07:06:47.643+0000] {logging_mixin.py:151} INFO - [2023-09-08T07:06:47.643+0000] {dag.py:2907} INFO - Sync 1 DAGs
[2023-09-08T07:06:47.670+0000] {logging_mixin.py:151} INFO - [2023-09-08T07:06:47.670+0000] {dag.py:3677} INFO - Setting next_dagrun for ganza_dag_v5 to 2023-09-08T00:00:00+00:00, run_after=2023-09-09T00:00:00+00:00
[2023-09-08T07:06:47.779+0000] {processor.py:179} INFO - Processing /opt/airflow/dags/my_first_dag.py took 0.236 seconds
[2023-09-08T07:07:18.212+0000] {processor.py:157} INFO - Started process (PID=960) to work on /opt/airflow/dags/my_first_dag.py
[2023-09-08T07:07:18.217+0000] {processor.py:829} INFO - Processing file /opt/airflow/dags/my_first_dag.py for tasks to queue
[2023-09-08T07:07:18.218+0000] {logging_mixin.py:151} INFO - [2023-09-08T07:07:18.218+0000] {dagbag.py:539} INFO - Filling up the DagBag from /opt/airflow/dags/my_first_dag.py
[2023-09-08T07:07:18.236+0000] {processor.py:839} INFO - DAG(s) dict_keys(['ganza_dag_v5']) retrieved from /opt/airflow/dags/my_first_dag.py
[2023-09-08T07:07:18.276+0000] {logging_mixin.py:151} INFO - [2023-09-08T07:07:18.275+0000] {dag.py:2907} INFO - Sync 1 DAGs
[2023-09-08T07:07:18.313+0000] {logging_mixin.py:151} INFO - [2023-09-08T07:07:18.312+0000] {dag.py:3677} INFO - Setting next_dagrun for ganza_dag_v5 to 2023-09-08T00:00:00+00:00, run_after=2023-09-09T00:00:00+00:00
[2023-09-08T07:07:18.340+0000] {processor.py:179} INFO - Processing /opt/airflow/dags/my_first_dag.py took 0.132 seconds
[2023-09-08T07:07:48.804+0000] {processor.py:157} INFO - Started process (PID=991) to work on /opt/airflow/dags/my_first_dag.py
[2023-09-08T07:07:48.805+0000] {processor.py:829} INFO - Processing file /opt/airflow/dags/my_first_dag.py for tasks to queue
[2023-09-08T07:07:48.806+0000] {logging_mixin.py:151} INFO - [2023-09-08T07:07:48.806+0000] {dagbag.py:539} INFO - Filling up the DagBag from /opt/airflow/dags/my_first_dag.py
[2023-09-08T07:07:48.825+0000] {processor.py:839} INFO - DAG(s) dict_keys(['ganza_dag_v5']) retrieved from /opt/airflow/dags/my_first_dag.py
[2023-09-08T07:07:48.876+0000] {logging_mixin.py:151} INFO - [2023-09-08T07:07:48.876+0000] {dag.py:2907} INFO - Sync 1 DAGs
[2023-09-08T07:07:48.921+0000] {logging_mixin.py:151} INFO - [2023-09-08T07:07:48.921+0000] {dag.py:3677} INFO - Setting next_dagrun for ganza_dag_v5 to 2023-09-08T00:00:00+00:00, run_after=2023-09-09T00:00:00+00:00
[2023-09-08T07:07:49.014+0000] {processor.py:179} INFO - Processing /opt/airflow/dags/my_first_dag.py took 0.221 seconds
[2023-09-08T07:08:19.707+0000] {processor.py:157} INFO - Started process (PID=1022) to work on /opt/airflow/dags/my_first_dag.py
[2023-09-08T07:08:19.708+0000] {processor.py:829} INFO - Processing file /opt/airflow/dags/my_first_dag.py for tasks to queue
[2023-09-08T07:08:19.715+0000] {logging_mixin.py:151} INFO - [2023-09-08T07:08:19.714+0000] {dagbag.py:539} INFO - Filling up the DagBag from /opt/airflow/dags/my_first_dag.py
[2023-09-08T07:08:19.757+0000] {processor.py:839} INFO - DAG(s) dict_keys(['ganza_dag_v5']) retrieved from /opt/airflow/dags/my_first_dag.py
[2023-09-08T07:08:19.834+0000] {logging_mixin.py:151} INFO - [2023-09-08T07:08:19.834+0000] {dag.py:2907} INFO - Sync 1 DAGs
[2023-09-08T07:08:19.892+0000] {logging_mixin.py:151} INFO - [2023-09-08T07:08:19.891+0000] {dag.py:3677} INFO - Setting next_dagrun for ganza_dag_v5 to 2023-09-08T00:00:00+00:00, run_after=2023-09-09T00:00:00+00:00
[2023-09-08T07:08:19.926+0000] {processor.py:179} INFO - Processing /opt/airflow/dags/my_first_dag.py took 0.225 seconds
[2023-09-08T07:08:50.893+0000] {processor.py:157} INFO - Started process (PID=1054) to work on /opt/airflow/dags/my_first_dag.py
[2023-09-08T07:08:50.908+0000] {processor.py:829} INFO - Processing file /opt/airflow/dags/my_first_dag.py for tasks to queue
[2023-09-08T07:08:50.909+0000] {logging_mixin.py:151} INFO - [2023-09-08T07:08:50.908+0000] {dagbag.py:539} INFO - Filling up the DagBag from /opt/airflow/dags/my_first_dag.py
[2023-09-08T07:08:51.051+0000] {processor.py:839} INFO - DAG(s) dict_keys(['ganza_dag_v5']) retrieved from /opt/airflow/dags/my_first_dag.py
[2023-09-08T07:08:51.202+0000] {logging_mixin.py:151} INFO - [2023-09-08T07:08:51.202+0000] {dag.py:2907} INFO - Sync 1 DAGs
[2023-09-08T07:08:51.355+0000] {logging_mixin.py:151} INFO - [2023-09-08T07:08:51.355+0000] {dag.py:3677} INFO - Setting next_dagrun for ganza_dag_v5 to 2023-09-08T00:00:00+00:00, run_after=2023-09-09T00:00:00+00:00
[2023-09-08T07:08:51.590+0000] {processor.py:179} INFO - Processing /opt/airflow/dags/my_first_dag.py took 0.733 seconds
[2023-09-08T07:09:22.249+0000] {processor.py:157} INFO - Started process (PID=1086) to work on /opt/airflow/dags/my_first_dag.py
[2023-09-08T07:09:22.257+0000] {processor.py:829} INFO - Processing file /opt/airflow/dags/my_first_dag.py for tasks to queue
[2023-09-08T07:09:22.259+0000] {logging_mixin.py:151} INFO - [2023-09-08T07:09:22.258+0000] {dagbag.py:539} INFO - Filling up the DagBag from /opt/airflow/dags/my_first_dag.py
[2023-09-08T07:09:22.305+0000] {processor.py:839} INFO - DAG(s) dict_keys(['ganza_dag_v5']) retrieved from /opt/airflow/dags/my_first_dag.py
[2023-09-08T07:09:22.404+0000] {logging_mixin.py:151} INFO - [2023-09-08T07:09:22.403+0000] {dag.py:2907} INFO - Sync 1 DAGs
[2023-09-08T07:09:22.481+0000] {logging_mixin.py:151} INFO - [2023-09-08T07:09:22.480+0000] {dag.py:3677} INFO - Setting next_dagrun for ganza_dag_v5 to 2023-09-08T00:00:00+00:00, run_after=2023-09-09T00:00:00+00:00
[2023-09-08T07:09:22.548+0000] {processor.py:179} INFO - Processing /opt/airflow/dags/my_first_dag.py took 0.307 seconds
[2023-09-08T07:09:53.004+0000] {processor.py:157} INFO - Started process (PID=1117) to work on /opt/airflow/dags/my_first_dag.py
[2023-09-08T07:09:53.022+0000] {processor.py:829} INFO - Processing file /opt/airflow/dags/my_first_dag.py for tasks to queue
[2023-09-08T07:09:53.026+0000] {logging_mixin.py:151} INFO - [2023-09-08T07:09:53.026+0000] {dagbag.py:539} INFO - Filling up the DagBag from /opt/airflow/dags/my_first_dag.py
[2023-09-08T07:09:53.159+0000] {processor.py:839} INFO - DAG(s) dict_keys(['ganza_dag_v5']) retrieved from /opt/airflow/dags/my_first_dag.py
[2023-09-08T07:09:53.388+0000] {logging_mixin.py:151} INFO - [2023-09-08T07:09:53.387+0000] {dag.py:2907} INFO - Sync 1 DAGs
[2023-09-08T07:09:53.760+0000] {logging_mixin.py:151} INFO - [2023-09-08T07:09:53.759+0000] {dag.py:3677} INFO - Setting next_dagrun for ganza_dag_v5 to 2023-09-08T00:00:00+00:00, run_after=2023-09-09T00:00:00+00:00
[2023-09-08T07:09:54.029+0000] {processor.py:179} INFO - Processing /opt/airflow/dags/my_first_dag.py took 1.049 seconds
[2023-09-08T07:10:24.485+0000] {processor.py:157} INFO - Started process (PID=1150) to work on /opt/airflow/dags/my_first_dag.py
[2023-09-08T07:10:24.486+0000] {processor.py:829} INFO - Processing file /opt/airflow/dags/my_first_dag.py for tasks to queue
[2023-09-08T07:10:24.487+0000] {logging_mixin.py:151} INFO - [2023-09-08T07:10:24.487+0000] {dagbag.py:539} INFO - Filling up the DagBag from /opt/airflow/dags/my_first_dag.py
[2023-09-08T07:10:24.504+0000] {processor.py:839} INFO - DAG(s) dict_keys(['ganza_dag_v5']) retrieved from /opt/airflow/dags/my_first_dag.py
[2023-09-08T07:10:24.549+0000] {logging_mixin.py:151} INFO - [2023-09-08T07:10:24.548+0000] {dag.py:2907} INFO - Sync 1 DAGs
[2023-09-08T07:10:24.600+0000] {logging_mixin.py:151} INFO - [2023-09-08T07:10:24.600+0000] {dag.py:3677} INFO - Setting next_dagrun for ganza_dag_v5 to 2023-09-08T00:00:00+00:00, run_after=2023-09-09T00:00:00+00:00
[2023-09-08T07:10:24.636+0000] {processor.py:179} INFO - Processing /opt/airflow/dags/my_first_dag.py took 0.157 seconds
