[2023-09-08T06:55:34.291+0000] {processor.py:157} INFO - Started process (PID=186) to work on /opt/airflow/dags/my_second_dag.py
[2023-09-08T06:55:34.292+0000] {processor.py:829} INFO - Processing file /opt/airflow/dags/my_second_dag.py for tasks to queue
[2023-09-08T06:55:34.294+0000] {logging_mixin.py:151} INFO - [2023-09-08T06:55:34.293+0000] {dagbag.py:539} INFO - Filling up the DagBag from /opt/airflow/dags/my_second_dag.py
[2023-09-08T06:55:34.341+0000] {processor.py:839} INFO - DAG(s) dict_keys(['ganza_dag_v13']) retrieved from /opt/airflow/dags/my_second_dag.py
[2023-09-08T06:55:34.462+0000] {logging_mixin.py:151} INFO - [2023-09-08T06:55:34.461+0000] {dag.py:2907} INFO - Sync 1 DAGs
[2023-09-08T06:55:34.591+0000] {logging_mixin.py:151} INFO - [2023-09-08T06:55:34.591+0000] {dag.py:3677} INFO - Setting next_dagrun for ganza_dag_v13 to 2023-09-08T00:00:00+00:00, run_after=2023-09-09T00:00:00+00:00
[2023-09-08T06:55:34.694+0000] {processor.py:179} INFO - Processing /opt/airflow/dags/my_second_dag.py took 0.408 seconds
[2023-09-08T06:56:04.837+0000] {processor.py:157} INFO - Started process (PID=237) to work on /opt/airflow/dags/my_second_dag.py
[2023-09-08T06:56:04.838+0000] {processor.py:829} INFO - Processing file /opt/airflow/dags/my_second_dag.py for tasks to queue
[2023-09-08T06:56:04.839+0000] {logging_mixin.py:151} INFO - [2023-09-08T06:56:04.839+0000] {dagbag.py:539} INFO - Filling up the DagBag from /opt/airflow/dags/my_second_dag.py
[2023-09-08T06:56:04.852+0000] {processor.py:839} INFO - DAG(s) dict_keys(['ganza_dag_v13']) retrieved from /opt/airflow/dags/my_second_dag.py
[2023-09-08T06:56:04.884+0000] {logging_mixin.py:151} INFO - [2023-09-08T06:56:04.883+0000] {dag.py:2907} INFO - Sync 1 DAGs
[2023-09-08T06:56:04.915+0000] {logging_mixin.py:151} INFO - [2023-09-08T06:56:04.915+0000] {dag.py:3677} INFO - Setting next_dagrun for ganza_dag_v13 to 2023-09-08T00:00:00+00:00, run_after=2023-09-09T00:00:00+00:00
[2023-09-08T06:56:04.936+0000] {processor.py:179} INFO - Processing /opt/airflow/dags/my_second_dag.py took 0.105 seconds
[2023-09-08T06:56:35.280+0000] {processor.py:157} INFO - Started process (PID=270) to work on /opt/airflow/dags/my_second_dag.py
[2023-09-08T06:56:35.282+0000] {processor.py:829} INFO - Processing file /opt/airflow/dags/my_second_dag.py for tasks to queue
[2023-09-08T06:56:35.283+0000] {logging_mixin.py:151} INFO - [2023-09-08T06:56:35.283+0000] {dagbag.py:539} INFO - Filling up the DagBag from /opt/airflow/dags/my_second_dag.py
[2023-09-08T06:56:35.299+0000] {processor.py:839} INFO - DAG(s) dict_keys(['ganza_dag_v13']) retrieved from /opt/airflow/dags/my_second_dag.py
[2023-09-08T06:56:35.330+0000] {logging_mixin.py:151} INFO - [2023-09-08T06:56:35.330+0000] {dag.py:2907} INFO - Sync 1 DAGs
[2023-09-08T06:56:35.360+0000] {logging_mixin.py:151} INFO - [2023-09-08T06:56:35.360+0000] {dag.py:3677} INFO - Setting next_dagrun for ganza_dag_v13 to 2023-09-08T00:00:00+00:00, run_after=2023-09-09T00:00:00+00:00
[2023-09-08T06:56:35.381+0000] {processor.py:179} INFO - Processing /opt/airflow/dags/my_second_dag.py took 0.108 seconds
[2023-09-08T06:57:05.776+0000] {processor.py:157} INFO - Started process (PID=302) to work on /opt/airflow/dags/my_second_dag.py
[2023-09-08T06:57:05.777+0000] {processor.py:829} INFO - Processing file /opt/airflow/dags/my_second_dag.py for tasks to queue
[2023-09-08T06:57:05.778+0000] {logging_mixin.py:151} INFO - [2023-09-08T06:57:05.778+0000] {dagbag.py:539} INFO - Filling up the DagBag from /opt/airflow/dags/my_second_dag.py
[2023-09-08T06:57:05.791+0000] {processor.py:839} INFO - DAG(s) dict_keys(['ganza_dag_v13']) retrieved from /opt/airflow/dags/my_second_dag.py
[2023-09-08T06:57:05.825+0000] {logging_mixin.py:151} INFO - [2023-09-08T06:57:05.825+0000] {dag.py:2907} INFO - Sync 1 DAGs
[2023-09-08T06:57:05.856+0000] {logging_mixin.py:151} INFO - [2023-09-08T06:57:05.856+0000] {dag.py:3677} INFO - Setting next_dagrun for ganza_dag_v13 to 2023-09-08T00:00:00+00:00, run_after=2023-09-09T00:00:00+00:00
[2023-09-08T06:57:05.878+0000] {processor.py:179} INFO - Processing /opt/airflow/dags/my_second_dag.py took 0.106 seconds
[2023-09-08T06:57:36.239+0000] {processor.py:157} INFO - Started process (PID=334) to work on /opt/airflow/dags/my_second_dag.py
[2023-09-08T06:57:36.240+0000] {processor.py:829} INFO - Processing file /opt/airflow/dags/my_second_dag.py for tasks to queue
[2023-09-08T06:57:36.241+0000] {logging_mixin.py:151} INFO - [2023-09-08T06:57:36.240+0000] {dagbag.py:539} INFO - Filling up the DagBag from /opt/airflow/dags/my_second_dag.py
[2023-09-08T06:57:36.256+0000] {processor.py:839} INFO - DAG(s) dict_keys(['ganza_dag_v13']) retrieved from /opt/airflow/dags/my_second_dag.py
[2023-09-08T06:57:36.289+0000] {logging_mixin.py:151} INFO - [2023-09-08T06:57:36.289+0000] {dag.py:2907} INFO - Sync 1 DAGs
[2023-09-08T06:57:36.320+0000] {logging_mixin.py:151} INFO - [2023-09-08T06:57:36.320+0000] {dag.py:3677} INFO - Setting next_dagrun for ganza_dag_v13 to 2023-09-08T00:00:00+00:00, run_after=2023-09-09T00:00:00+00:00
[2023-09-08T06:57:36.344+0000] {processor.py:179} INFO - Processing /opt/airflow/dags/my_second_dag.py took 0.110 seconds
[2023-09-08T06:58:06.683+0000] {processor.py:157} INFO - Started process (PID=366) to work on /opt/airflow/dags/my_second_dag.py
[2023-09-08T06:58:06.685+0000] {processor.py:829} INFO - Processing file /opt/airflow/dags/my_second_dag.py for tasks to queue
[2023-09-08T06:58:06.686+0000] {logging_mixin.py:151} INFO - [2023-09-08T06:58:06.686+0000] {dagbag.py:539} INFO - Filling up the DagBag from /opt/airflow/dags/my_second_dag.py
[2023-09-08T06:58:06.703+0000] {processor.py:839} INFO - DAG(s) dict_keys(['ganza_dag_v13']) retrieved from /opt/airflow/dags/my_second_dag.py
[2023-09-08T06:58:06.734+0000] {logging_mixin.py:151} INFO - [2023-09-08T06:58:06.734+0000] {dag.py:2907} INFO - Sync 1 DAGs
[2023-09-08T06:58:06.765+0000] {logging_mixin.py:151} INFO - [2023-09-08T06:58:06.765+0000] {dag.py:3677} INFO - Setting next_dagrun for ganza_dag_v13 to 2023-09-08T00:00:00+00:00, run_after=2023-09-09T00:00:00+00:00
[2023-09-08T06:58:06.789+0000] {processor.py:179} INFO - Processing /opt/airflow/dags/my_second_dag.py took 0.114 seconds
[2023-09-08T06:58:37.160+0000] {processor.py:157} INFO - Started process (PID=398) to work on /opt/airflow/dags/my_second_dag.py
[2023-09-08T06:58:37.161+0000] {processor.py:829} INFO - Processing file /opt/airflow/dags/my_second_dag.py for tasks to queue
[2023-09-08T06:58:37.161+0000] {logging_mixin.py:151} INFO - [2023-09-08T06:58:37.161+0000] {dagbag.py:539} INFO - Filling up the DagBag from /opt/airflow/dags/my_second_dag.py
[2023-09-08T06:58:37.174+0000] {processor.py:839} INFO - DAG(s) dict_keys(['ganza_dag_v13']) retrieved from /opt/airflow/dags/my_second_dag.py
[2023-09-08T06:58:37.213+0000] {logging_mixin.py:151} INFO - [2023-09-08T06:58:37.213+0000] {dag.py:2907} INFO - Sync 1 DAGs
[2023-09-08T06:58:37.251+0000] {logging_mixin.py:151} INFO - [2023-09-08T06:58:37.251+0000] {dag.py:3677} INFO - Setting next_dagrun for ganza_dag_v13 to 2023-09-08T00:00:00+00:00, run_after=2023-09-09T00:00:00+00:00
[2023-09-08T06:58:37.280+0000] {processor.py:179} INFO - Processing /opt/airflow/dags/my_second_dag.py took 0.125 seconds
[2023-09-08T06:59:07.606+0000] {processor.py:157} INFO - Started process (PID=430) to work on /opt/airflow/dags/my_second_dag.py
[2023-09-08T06:59:07.608+0000] {processor.py:829} INFO - Processing file /opt/airflow/dags/my_second_dag.py for tasks to queue
[2023-09-08T06:59:07.609+0000] {logging_mixin.py:151} INFO - [2023-09-08T06:59:07.609+0000] {dagbag.py:539} INFO - Filling up the DagBag from /opt/airflow/dags/my_second_dag.py
[2023-09-08T06:59:07.624+0000] {processor.py:839} INFO - DAG(s) dict_keys(['ganza_dag_v13']) retrieved from /opt/airflow/dags/my_second_dag.py
[2023-09-08T06:59:07.659+0000] {logging_mixin.py:151} INFO - [2023-09-08T06:59:07.659+0000] {dag.py:2907} INFO - Sync 1 DAGs
[2023-09-08T06:59:07.693+0000] {logging_mixin.py:151} INFO - [2023-09-08T06:59:07.692+0000] {dag.py:3677} INFO - Setting next_dagrun for ganza_dag_v13 to 2023-09-08T00:00:00+00:00, run_after=2023-09-09T00:00:00+00:00
[2023-09-08T06:59:07.715+0000] {processor.py:179} INFO - Processing /opt/airflow/dags/my_second_dag.py took 0.115 seconds
[2023-09-08T06:59:38.083+0000] {processor.py:157} INFO - Started process (PID=462) to work on /opt/airflow/dags/my_second_dag.py
[2023-09-08T06:59:38.084+0000] {processor.py:829} INFO - Processing file /opt/airflow/dags/my_second_dag.py for tasks to queue
[2023-09-08T06:59:38.085+0000] {logging_mixin.py:151} INFO - [2023-09-08T06:59:38.084+0000] {dagbag.py:539} INFO - Filling up the DagBag from /opt/airflow/dags/my_second_dag.py
[2023-09-08T06:59:38.099+0000] {processor.py:839} INFO - DAG(s) dict_keys(['ganza_dag_v13']) retrieved from /opt/airflow/dags/my_second_dag.py
[2023-09-08T06:59:38.136+0000] {logging_mixin.py:151} INFO - [2023-09-08T06:59:38.136+0000] {dag.py:2907} INFO - Sync 1 DAGs
[2023-09-08T06:59:38.171+0000] {logging_mixin.py:151} INFO - [2023-09-08T06:59:38.171+0000] {dag.py:3677} INFO - Setting next_dagrun for ganza_dag_v13 to 2023-09-08T00:00:00+00:00, run_after=2023-09-09T00:00:00+00:00
[2023-09-08T06:59:38.194+0000] {processor.py:179} INFO - Processing /opt/airflow/dags/my_second_dag.py took 0.116 seconds
[2023-09-08T07:00:08.521+0000] {processor.py:157} INFO - Started process (PID=494) to work on /opt/airflow/dags/my_second_dag.py
[2023-09-08T07:00:08.523+0000] {processor.py:829} INFO - Processing file /opt/airflow/dags/my_second_dag.py for tasks to queue
[2023-09-08T07:00:08.524+0000] {logging_mixin.py:151} INFO - [2023-09-08T07:00:08.524+0000] {dagbag.py:539} INFO - Filling up the DagBag from /opt/airflow/dags/my_second_dag.py
[2023-09-08T07:00:08.539+0000] {processor.py:839} INFO - DAG(s) dict_keys(['ganza_dag_v13']) retrieved from /opt/airflow/dags/my_second_dag.py
[2023-09-08T07:00:08.580+0000] {logging_mixin.py:151} INFO - [2023-09-08T07:00:08.580+0000] {dag.py:2907} INFO - Sync 1 DAGs
[2023-09-08T07:00:08.616+0000] {logging_mixin.py:151} INFO - [2023-09-08T07:00:08.616+0000] {dag.py:3677} INFO - Setting next_dagrun for ganza_dag_v13 to 2023-09-08T00:00:00+00:00, run_after=2023-09-09T00:00:00+00:00
[2023-09-08T07:00:08.642+0000] {processor.py:179} INFO - Processing /opt/airflow/dags/my_second_dag.py took 0.126 seconds
[2023-09-08T07:00:39.102+0000] {processor.py:157} INFO - Started process (PID=534) to work on /opt/airflow/dags/my_second_dag.py
[2023-09-08T07:00:39.104+0000] {processor.py:829} INFO - Processing file /opt/airflow/dags/my_second_dag.py for tasks to queue
[2023-09-08T07:00:39.105+0000] {logging_mixin.py:151} INFO - [2023-09-08T07:00:39.105+0000] {dagbag.py:539} INFO - Filling up the DagBag from /opt/airflow/dags/my_second_dag.py
[2023-09-08T07:00:39.128+0000] {processor.py:839} INFO - DAG(s) dict_keys(['ganza_dag_v13']) retrieved from /opt/airflow/dags/my_second_dag.py
[2023-09-08T07:00:39.165+0000] {logging_mixin.py:151} INFO - [2023-09-08T07:00:39.165+0000] {dag.py:2907} INFO - Sync 1 DAGs
[2023-09-08T07:00:39.200+0000] {logging_mixin.py:151} INFO - [2023-09-08T07:00:39.200+0000] {dag.py:3677} INFO - Setting next_dagrun for ganza_dag_v13 to 2023-09-08T00:00:00+00:00, run_after=2023-09-09T00:00:00+00:00
[2023-09-08T07:00:39.227+0000] {processor.py:179} INFO - Processing /opt/airflow/dags/my_second_dag.py took 0.136 seconds
[2023-09-08T07:01:09.650+0000] {processor.py:157} INFO - Started process (PID=566) to work on /opt/airflow/dags/my_second_dag.py
[2023-09-08T07:01:09.652+0000] {processor.py:829} INFO - Processing file /opt/airflow/dags/my_second_dag.py for tasks to queue
[2023-09-08T07:01:09.653+0000] {logging_mixin.py:151} INFO - [2023-09-08T07:01:09.653+0000] {dagbag.py:539} INFO - Filling up the DagBag from /opt/airflow/dags/my_second_dag.py
[2023-09-08T07:01:09.670+0000] {processor.py:839} INFO - DAG(s) dict_keys(['ganza_dag_v13']) retrieved from /opt/airflow/dags/my_second_dag.py
[2023-09-08T07:01:09.717+0000] {logging_mixin.py:151} INFO - [2023-09-08T07:01:09.717+0000] {dag.py:2907} INFO - Sync 1 DAGs
[2023-09-08T07:01:09.766+0000] {logging_mixin.py:151} INFO - [2023-09-08T07:01:09.765+0000] {dag.py:3677} INFO - Setting next_dagrun for ganza_dag_v13 to 2023-09-08T00:00:00+00:00, run_after=2023-09-09T00:00:00+00:00
[2023-09-08T07:01:09.794+0000] {processor.py:179} INFO - Processing /opt/airflow/dags/my_second_dag.py took 0.153 seconds
[2023-09-08T07:01:40.354+0000] {processor.py:157} INFO - Started process (PID=598) to work on /opt/airflow/dags/my_second_dag.py
[2023-09-08T07:01:40.355+0000] {processor.py:829} INFO - Processing file /opt/airflow/dags/my_second_dag.py for tasks to queue
[2023-09-08T07:01:40.356+0000] {logging_mixin.py:151} INFO - [2023-09-08T07:01:40.355+0000] {dagbag.py:539} INFO - Filling up the DagBag from /opt/airflow/dags/my_second_dag.py
[2023-09-08T07:01:40.368+0000] {processor.py:839} INFO - DAG(s) dict_keys(['ganza_dag_v13']) retrieved from /opt/airflow/dags/my_second_dag.py
[2023-09-08T07:01:40.399+0000] {logging_mixin.py:151} INFO - [2023-09-08T07:01:40.399+0000] {dag.py:2907} INFO - Sync 1 DAGs
[2023-09-08T07:01:40.550+0000] {logging_mixin.py:151} INFO - [2023-09-08T07:01:40.550+0000] {dag.py:3677} INFO - Setting next_dagrun for ganza_dag_v13 to 2023-09-08T00:00:00+00:00, run_after=2023-09-09T00:00:00+00:00
[2023-09-08T07:01:40.570+0000] {processor.py:179} INFO - Processing /opt/airflow/dags/my_second_dag.py took 0.220 seconds
[2023-09-08T07:02:11.055+0000] {processor.py:157} INFO - Started process (PID=630) to work on /opt/airflow/dags/my_second_dag.py
[2023-09-08T07:02:11.057+0000] {processor.py:829} INFO - Processing file /opt/airflow/dags/my_second_dag.py for tasks to queue
[2023-09-08T07:02:11.058+0000] {logging_mixin.py:151} INFO - [2023-09-08T07:02:11.057+0000] {dagbag.py:539} INFO - Filling up the DagBag from /opt/airflow/dags/my_second_dag.py
[2023-09-08T07:02:11.079+0000] {processor.py:839} INFO - DAG(s) dict_keys(['ganza_dag_v13']) retrieved from /opt/airflow/dags/my_second_dag.py
[2023-09-08T07:02:11.126+0000] {logging_mixin.py:151} INFO - [2023-09-08T07:02:11.126+0000] {dag.py:2907} INFO - Sync 1 DAGs
[2023-09-08T07:02:11.295+0000] {logging_mixin.py:151} INFO - [2023-09-08T07:02:11.295+0000] {dag.py:3677} INFO - Setting next_dagrun for ganza_dag_v13 to 2023-09-08T00:00:00+00:00, run_after=2023-09-09T00:00:00+00:00
[2023-09-08T07:02:11.321+0000] {processor.py:179} INFO - Processing /opt/airflow/dags/my_second_dag.py took 0.270 seconds
[2023-09-08T07:02:41.868+0000] {processor.py:157} INFO - Started process (PID=663) to work on /opt/airflow/dags/my_second_dag.py
[2023-09-08T07:02:41.869+0000] {processor.py:829} INFO - Processing file /opt/airflow/dags/my_second_dag.py for tasks to queue
[2023-09-08T07:02:41.870+0000] {logging_mixin.py:151} INFO - [2023-09-08T07:02:41.869+0000] {dagbag.py:539} INFO - Filling up the DagBag from /opt/airflow/dags/my_second_dag.py
[2023-09-08T07:02:41.888+0000] {processor.py:839} INFO - DAG(s) dict_keys(['ganza_dag_v13']) retrieved from /opt/airflow/dags/my_second_dag.py
[2023-09-08T07:02:42.040+0000] {logging_mixin.py:151} INFO - [2023-09-08T07:02:42.040+0000] {dag.py:2907} INFO - Sync 1 DAGs
[2023-09-08T07:02:42.072+0000] {logging_mixin.py:151} INFO - [2023-09-08T07:02:42.072+0000] {dag.py:3677} INFO - Setting next_dagrun for ganza_dag_v13 to 2023-09-08T00:00:00+00:00, run_after=2023-09-09T00:00:00+00:00
[2023-09-08T07:02:42.094+0000] {processor.py:179} INFO - Processing /opt/airflow/dags/my_second_dag.py took 0.232 seconds
[2023-09-08T07:03:12.706+0000] {processor.py:157} INFO - Started process (PID=696) to work on /opt/airflow/dags/my_second_dag.py
[2023-09-08T07:03:12.708+0000] {processor.py:829} INFO - Processing file /opt/airflow/dags/my_second_dag.py for tasks to queue
[2023-09-08T07:03:12.709+0000] {logging_mixin.py:151} INFO - [2023-09-08T07:03:12.708+0000] {dagbag.py:539} INFO - Filling up the DagBag from /opt/airflow/dags/my_second_dag.py
[2023-09-08T07:03:12.721+0000] {processor.py:839} INFO - DAG(s) dict_keys(['ganza_dag_v13']) retrieved from /opt/airflow/dags/my_second_dag.py
[2023-09-08T07:03:12.870+0000] {logging_mixin.py:151} INFO - [2023-09-08T07:03:12.870+0000] {dag.py:2907} INFO - Sync 1 DAGs
[2023-09-08T07:03:12.910+0000] {logging_mixin.py:151} INFO - [2023-09-08T07:03:12.909+0000] {dag.py:3677} INFO - Setting next_dagrun for ganza_dag_v13 to 2023-09-08T00:00:00+00:00, run_after=2023-09-09T00:00:00+00:00
[2023-09-08T07:03:12.932+0000] {processor.py:179} INFO - Processing /opt/airflow/dags/my_second_dag.py took 0.231 seconds
[2023-09-08T07:03:43.415+0000] {processor.py:157} INFO - Started process (PID=729) to work on /opt/airflow/dags/my_second_dag.py
[2023-09-08T07:03:43.417+0000] {processor.py:829} INFO - Processing file /opt/airflow/dags/my_second_dag.py for tasks to queue
[2023-09-08T07:03:43.418+0000] {logging_mixin.py:151} INFO - [2023-09-08T07:03:43.417+0000] {dagbag.py:539} INFO - Filling up the DagBag from /opt/airflow/dags/my_second_dag.py
[2023-09-08T07:03:43.433+0000] {processor.py:839} INFO - DAG(s) dict_keys(['ganza_dag_v13']) retrieved from /opt/airflow/dags/my_second_dag.py
[2023-09-08T07:03:43.469+0000] {logging_mixin.py:151} INFO - [2023-09-08T07:03:43.468+0000] {dag.py:2907} INFO - Sync 1 DAGs
[2023-09-08T07:03:43.501+0000] {logging_mixin.py:151} INFO - [2023-09-08T07:03:43.501+0000] {dag.py:3677} INFO - Setting next_dagrun for ganza_dag_v13 to 2023-09-08T00:00:00+00:00, run_after=2023-09-09T00:00:00+00:00
[2023-09-08T07:03:43.530+0000] {processor.py:179} INFO - Processing /opt/airflow/dags/my_second_dag.py took 0.120 seconds
[2023-09-08T07:04:13.958+0000] {processor.py:157} INFO - Started process (PID=761) to work on /opt/airflow/dags/my_second_dag.py
[2023-09-08T07:04:13.959+0000] {processor.py:829} INFO - Processing file /opt/airflow/dags/my_second_dag.py for tasks to queue
[2023-09-08T07:04:13.959+0000] {logging_mixin.py:151} INFO - [2023-09-08T07:04:13.959+0000] {dagbag.py:539} INFO - Filling up the DagBag from /opt/airflow/dags/my_second_dag.py
[2023-09-08T07:04:13.975+0000] {processor.py:839} INFO - DAG(s) dict_keys(['ganza_dag_v13']) retrieved from /opt/airflow/dags/my_second_dag.py
[2023-09-08T07:04:14.011+0000] {logging_mixin.py:151} INFO - [2023-09-08T07:04:14.010+0000] {dag.py:2907} INFO - Sync 1 DAGs
[2023-09-08T07:04:14.046+0000] {logging_mixin.py:151} INFO - [2023-09-08T07:04:14.046+0000] {dag.py:3677} INFO - Setting next_dagrun for ganza_dag_v13 to 2023-09-08T00:00:00+00:00, run_after=2023-09-09T00:00:00+00:00
[2023-09-08T07:04:14.071+0000] {processor.py:179} INFO - Processing /opt/airflow/dags/my_second_dag.py took 0.118 seconds
[2023-09-08T07:04:44.405+0000] {processor.py:157} INFO - Started process (PID=793) to work on /opt/airflow/dags/my_second_dag.py
[2023-09-08T07:04:44.407+0000] {processor.py:829} INFO - Processing file /opt/airflow/dags/my_second_dag.py for tasks to queue
[2023-09-08T07:04:44.408+0000] {logging_mixin.py:151} INFO - [2023-09-08T07:04:44.408+0000] {dagbag.py:539} INFO - Filling up the DagBag from /opt/airflow/dags/my_second_dag.py
[2023-09-08T07:04:44.424+0000] {processor.py:839} INFO - DAG(s) dict_keys(['ganza_dag_v13']) retrieved from /opt/airflow/dags/my_second_dag.py
[2023-09-08T07:04:44.458+0000] {logging_mixin.py:151} INFO - [2023-09-08T07:04:44.458+0000] {dag.py:2907} INFO - Sync 1 DAGs
[2023-09-08T07:04:44.487+0000] {logging_mixin.py:151} INFO - [2023-09-08T07:04:44.487+0000] {dag.py:3677} INFO - Setting next_dagrun for ganza_dag_v13 to 2023-09-08T00:00:00+00:00, run_after=2023-09-09T00:00:00+00:00
[2023-09-08T07:04:44.507+0000] {processor.py:179} INFO - Processing /opt/airflow/dags/my_second_dag.py took 0.108 seconds
[2023-09-08T07:05:14.842+0000] {processor.py:157} INFO - Started process (PID=824) to work on /opt/airflow/dags/my_second_dag.py
[2023-09-08T07:05:14.843+0000] {processor.py:829} INFO - Processing file /opt/airflow/dags/my_second_dag.py for tasks to queue
[2023-09-08T07:05:14.845+0000] {logging_mixin.py:151} INFO - [2023-09-08T07:05:14.844+0000] {dagbag.py:539} INFO - Filling up the DagBag from /opt/airflow/dags/my_second_dag.py
[2023-09-08T07:05:14.865+0000] {processor.py:839} INFO - DAG(s) dict_keys(['ganza_dag_v13']) retrieved from /opt/airflow/dags/my_second_dag.py
[2023-09-08T07:05:14.920+0000] {logging_mixin.py:151} INFO - [2023-09-08T07:05:14.920+0000] {dag.py:2907} INFO - Sync 1 DAGs
[2023-09-08T07:05:14.971+0000] {logging_mixin.py:151} INFO - [2023-09-08T07:05:14.970+0000] {dag.py:3677} INFO - Setting next_dagrun for ganza_dag_v13 to 2023-09-08T00:00:00+00:00, run_after=2023-09-09T00:00:00+00:00
[2023-09-08T07:05:15.019+0000] {processor.py:179} INFO - Processing /opt/airflow/dags/my_second_dag.py took 0.184 seconds
[2023-09-08T07:05:45.455+0000] {processor.py:157} INFO - Started process (PID=855) to work on /opt/airflow/dags/my_second_dag.py
[2023-09-08T07:05:45.458+0000] {processor.py:829} INFO - Processing file /opt/airflow/dags/my_second_dag.py for tasks to queue
[2023-09-08T07:05:45.460+0000] {logging_mixin.py:151} INFO - [2023-09-08T07:05:45.459+0000] {dagbag.py:539} INFO - Filling up the DagBag from /opt/airflow/dags/my_second_dag.py
[2023-09-08T07:05:45.481+0000] {processor.py:839} INFO - DAG(s) dict_keys(['ganza_dag_v13']) retrieved from /opt/airflow/dags/my_second_dag.py
[2023-09-08T07:05:45.532+0000] {logging_mixin.py:151} INFO - [2023-09-08T07:05:45.532+0000] {dag.py:2907} INFO - Sync 1 DAGs
[2023-09-08T07:05:45.578+0000] {logging_mixin.py:151} INFO - [2023-09-08T07:05:45.578+0000] {dag.py:3677} INFO - Setting next_dagrun for ganza_dag_v13 to 2023-09-08T00:00:00+00:00, run_after=2023-09-09T00:00:00+00:00
[2023-09-08T07:05:45.661+0000] {processor.py:179} INFO - Processing /opt/airflow/dags/my_second_dag.py took 0.212 seconds
[2023-09-08T07:06:16.536+0000] {processor.py:157} INFO - Started process (PID=885) to work on /opt/airflow/dags/my_second_dag.py
[2023-09-08T07:06:16.537+0000] {processor.py:829} INFO - Processing file /opt/airflow/dags/my_second_dag.py for tasks to queue
[2023-09-08T07:06:16.539+0000] {logging_mixin.py:151} INFO - [2023-09-08T07:06:16.538+0000] {dagbag.py:539} INFO - Filling up the DagBag from /opt/airflow/dags/my_second_dag.py
[2023-09-08T07:06:16.561+0000] {processor.py:839} INFO - DAG(s) dict_keys(['ganza_dag_v13']) retrieved from /opt/airflow/dags/my_second_dag.py
[2023-09-08T07:06:16.637+0000] {logging_mixin.py:151} INFO - [2023-09-08T07:06:16.636+0000] {dag.py:2907} INFO - Sync 1 DAGs
[2023-09-08T07:06:16.717+0000] {logging_mixin.py:151} INFO - [2023-09-08T07:06:16.716+0000] {dag.py:3677} INFO - Setting next_dagrun for ganza_dag_v13 to 2023-09-08T00:00:00+00:00, run_after=2023-09-09T00:00:00+00:00
[2023-09-08T07:06:16.790+0000] {processor.py:179} INFO - Processing /opt/airflow/dags/my_second_dag.py took 0.260 seconds
[2023-09-08T07:06:47.182+0000] {processor.py:157} INFO - Started process (PID=920) to work on /opt/airflow/dags/my_second_dag.py
[2023-09-08T07:06:47.279+0000] {processor.py:829} INFO - Processing file /opt/airflow/dags/my_second_dag.py for tasks to queue
[2023-09-08T07:06:47.284+0000] {logging_mixin.py:151} INFO - [2023-09-08T07:06:47.282+0000] {dagbag.py:539} INFO - Filling up the DagBag from /opt/airflow/dags/my_second_dag.py
[2023-09-08T07:06:47.316+0000] {processor.py:839} INFO - DAG(s) dict_keys(['ganza_dag_v13']) retrieved from /opt/airflow/dags/my_second_dag.py
[2023-09-08T07:06:47.361+0000] {logging_mixin.py:151} INFO - [2023-09-08T07:06:47.361+0000] {dag.py:2907} INFO - Sync 1 DAGs
[2023-09-08T07:06:47.396+0000] {logging_mixin.py:151} INFO - [2023-09-08T07:06:47.396+0000] {dag.py:3677} INFO - Setting next_dagrun for ganza_dag_v13 to 2023-09-08T00:00:00+00:00, run_after=2023-09-09T00:00:00+00:00
[2023-09-08T07:06:47.464+0000] {processor.py:179} INFO - Processing /opt/airflow/dags/my_second_dag.py took 0.287 seconds
[2023-09-08T07:07:17.976+0000] {processor.py:157} INFO - Started process (PID=953) to work on /opt/airflow/dags/my_second_dag.py
[2023-09-08T07:07:17.978+0000] {processor.py:829} INFO - Processing file /opt/airflow/dags/my_second_dag.py for tasks to queue
[2023-09-08T07:07:17.980+0000] {logging_mixin.py:151} INFO - [2023-09-08T07:07:17.979+0000] {dagbag.py:539} INFO - Filling up the DagBag from /opt/airflow/dags/my_second_dag.py
[2023-09-08T07:07:18.004+0000] {processor.py:839} INFO - DAG(s) dict_keys(['ganza_dag_v13']) retrieved from /opt/airflow/dags/my_second_dag.py
[2023-09-08T07:07:18.094+0000] {logging_mixin.py:151} INFO - [2023-09-08T07:07:18.094+0000] {dag.py:2907} INFO - Sync 1 DAGs
[2023-09-08T07:07:18.153+0000] {logging_mixin.py:151} INFO - [2023-09-08T07:07:18.153+0000] {dag.py:3677} INFO - Setting next_dagrun for ganza_dag_v13 to 2023-09-08T00:00:00+00:00, run_after=2023-09-09T00:00:00+00:00
[2023-09-08T07:07:18.185+0000] {processor.py:179} INFO - Processing /opt/airflow/dags/my_second_dag.py took 0.219 seconds
[2023-09-08T07:07:48.588+0000] {processor.py:157} INFO - Started process (PID=984) to work on /opt/airflow/dags/my_second_dag.py
[2023-09-08T07:07:48.590+0000] {processor.py:829} INFO - Processing file /opt/airflow/dags/my_second_dag.py for tasks to queue
[2023-09-08T07:07:48.592+0000] {logging_mixin.py:151} INFO - [2023-09-08T07:07:48.591+0000] {dagbag.py:539} INFO - Filling up the DagBag from /opt/airflow/dags/my_second_dag.py
[2023-09-08T07:07:48.612+0000] {processor.py:839} INFO - DAG(s) dict_keys(['ganza_dag_v13']) retrieved from /opt/airflow/dags/my_second_dag.py
[2023-09-08T07:07:48.660+0000] {logging_mixin.py:151} INFO - [2023-09-08T07:07:48.660+0000] {dag.py:2907} INFO - Sync 1 DAGs
[2023-09-08T07:07:48.704+0000] {logging_mixin.py:151} INFO - [2023-09-08T07:07:48.703+0000] {dag.py:3677} INFO - Setting next_dagrun for ganza_dag_v13 to 2023-09-08T00:00:00+00:00, run_after=2023-09-09T00:00:00+00:00
[2023-09-08T07:07:48.737+0000] {processor.py:179} INFO - Processing /opt/airflow/dags/my_second_dag.py took 0.153 seconds
[2023-09-08T07:08:19.392+0000] {processor.py:157} INFO - Started process (PID=1017) to work on /opt/airflow/dags/my_second_dag.py
[2023-09-08T07:08:19.399+0000] {processor.py:829} INFO - Processing file /opt/airflow/dags/my_second_dag.py for tasks to queue
[2023-09-08T07:08:19.400+0000] {logging_mixin.py:151} INFO - [2023-09-08T07:08:19.400+0000] {dagbag.py:539} INFO - Filling up the DagBag from /opt/airflow/dags/my_second_dag.py
[2023-09-08T07:08:19.433+0000] {processor.py:839} INFO - DAG(s) dict_keys(['ganza_dag_v13']) retrieved from /opt/airflow/dags/my_second_dag.py
[2023-09-08T07:08:19.539+0000] {logging_mixin.py:151} INFO - [2023-09-08T07:08:19.538+0000] {dag.py:2907} INFO - Sync 1 DAGs
[2023-09-08T07:08:19.597+0000] {logging_mixin.py:151} INFO - [2023-09-08T07:08:19.596+0000] {dag.py:3677} INFO - Setting next_dagrun for ganza_dag_v13 to 2023-09-08T00:00:00+00:00, run_after=2023-09-09T00:00:00+00:00
[2023-09-08T07:08:19.640+0000] {processor.py:179} INFO - Processing /opt/airflow/dags/my_second_dag.py took 0.261 seconds
[2023-09-08T07:08:49.910+0000] {processor.py:157} INFO - Started process (PID=1048) to work on /opt/airflow/dags/my_second_dag.py
[2023-09-08T07:08:49.916+0000] {processor.py:829} INFO - Processing file /opt/airflow/dags/my_second_dag.py for tasks to queue
[2023-09-08T07:08:49.917+0000] {logging_mixin.py:151} INFO - [2023-09-08T07:08:49.917+0000] {dagbag.py:539} INFO - Filling up the DagBag from /opt/airflow/dags/my_second_dag.py
[2023-09-08T07:08:49.998+0000] {processor.py:839} INFO - DAG(s) dict_keys(['ganza_dag_v13']) retrieved from /opt/airflow/dags/my_second_dag.py
[2023-09-08T07:08:50.228+0000] {logging_mixin.py:151} INFO - [2023-09-08T07:08:50.227+0000] {dag.py:2907} INFO - Sync 1 DAGs
[2023-09-08T07:08:50.517+0000] {logging_mixin.py:151} INFO - [2023-09-08T07:08:50.516+0000] {dag.py:3677} INFO - Setting next_dagrun for ganza_dag_v13 to 2023-09-08T00:00:00+00:00, run_after=2023-09-09T00:00:00+00:00
[2023-09-08T07:08:50.726+0000] {processor.py:179} INFO - Processing /opt/airflow/dags/my_second_dag.py took 0.862 seconds
[2023-09-08T07:09:21.617+0000] {processor.py:157} INFO - Started process (PID=1080) to work on /opt/airflow/dags/my_second_dag.py
[2023-09-08T07:09:21.629+0000] {processor.py:829} INFO - Processing file /opt/airflow/dags/my_second_dag.py for tasks to queue
[2023-09-08T07:09:21.638+0000] {logging_mixin.py:151} INFO - [2023-09-08T07:09:21.638+0000] {dagbag.py:539} INFO - Filling up the DagBag from /opt/airflow/dags/my_second_dag.py
[2023-09-08T07:09:21.818+0000] {processor.py:839} INFO - DAG(s) dict_keys(['ganza_dag_v13']) retrieved from /opt/airflow/dags/my_second_dag.py
[2023-09-08T07:09:22.004+0000] {logging_mixin.py:151} INFO - [2023-09-08T07:09:22.004+0000] {dag.py:2907} INFO - Sync 1 DAGs
[2023-09-08T07:09:22.058+0000] {logging_mixin.py:151} INFO - [2023-09-08T07:09:22.058+0000] {dag.py:3677} INFO - Setting next_dagrun for ganza_dag_v13 to 2023-09-08T00:00:00+00:00, run_after=2023-09-09T00:00:00+00:00
[2023-09-08T07:09:22.268+0000] {processor.py:179} INFO - Processing /opt/airflow/dags/my_second_dag.py took 0.675 seconds
[2023-09-08T07:09:52.917+0000] {processor.py:157} INFO - Started process (PID=1115) to work on /opt/airflow/dags/my_second_dag.py
[2023-09-08T07:09:52.937+0000] {processor.py:829} INFO - Processing file /opt/airflow/dags/my_second_dag.py for tasks to queue
[2023-09-08T07:09:52.948+0000] {logging_mixin.py:151} INFO - [2023-09-08T07:09:52.947+0000] {dagbag.py:539} INFO - Filling up the DagBag from /opt/airflow/dags/my_second_dag.py
[2023-09-08T07:09:53.012+0000] {processor.py:839} INFO - DAG(s) dict_keys(['ganza_dag_v13']) retrieved from /opt/airflow/dags/my_second_dag.py
[2023-09-08T07:09:53.312+0000] {logging_mixin.py:151} INFO - [2023-09-08T07:09:53.312+0000] {dag.py:2907} INFO - Sync 1 DAGs
[2023-09-08T07:09:53.677+0000] {logging_mixin.py:151} INFO - [2023-09-08T07:09:53.677+0000] {dag.py:3677} INFO - Setting next_dagrun for ganza_dag_v13 to 2023-09-08T00:00:00+00:00, run_after=2023-09-09T00:00:00+00:00
[2023-09-08T07:09:53.910+0000] {processor.py:179} INFO - Processing /opt/airflow/dags/my_second_dag.py took 1.005 seconds
[2023-09-08T07:10:24.480+0000] {processor.py:157} INFO - Started process (PID=1147) to work on /opt/airflow/dags/my_second_dag.py
[2023-09-08T07:10:24.481+0000] {processor.py:829} INFO - Processing file /opt/airflow/dags/my_second_dag.py for tasks to queue
[2023-09-08T07:10:24.482+0000] {logging_mixin.py:151} INFO - [2023-09-08T07:10:24.482+0000] {dagbag.py:539} INFO - Filling up the DagBag from /opt/airflow/dags/my_second_dag.py
[2023-09-08T07:10:24.499+0000] {processor.py:839} INFO - DAG(s) dict_keys(['ganza_dag_v13']) retrieved from /opt/airflow/dags/my_second_dag.py
[2023-09-08T07:10:24.546+0000] {logging_mixin.py:151} INFO - [2023-09-08T07:10:24.545+0000] {dag.py:2907} INFO - Sync 1 DAGs
[2023-09-08T07:10:24.595+0000] {logging_mixin.py:151} INFO - [2023-09-08T07:10:24.594+0000] {dag.py:3677} INFO - Setting next_dagrun for ganza_dag_v13 to 2023-09-08T00:00:00+00:00, run_after=2023-09-09T00:00:00+00:00
[2023-09-08T07:10:24.629+0000] {processor.py:179} INFO - Processing /opt/airflow/dags/my_second_dag.py took 0.156 seconds
